<?xml version="1.0" encoding="UTF-8"?>
<!-- Generated by org.testng.reporters.JUnitReportReporter -->
<testsuite hostname="BWCDPH2" failures="0" tests="11" name="Automation.Claims.Claims_Contact_Assist_RunTest" time="198.562" errors="0" timestamp="16 Oct 2018 13:14:53 GMT" skipped="0">
  <testcase classname="Automation.Claims.Claims_Contact_Assist_RunTest" name="RunClaims_Contact_Assist" time="16.367"/>
  <testcase classname="Automation.Claims.Claims_Contact_Assist_RunTest" name="RunClaims_Contact_Assist" time="23.110"/>
  <testcase classname="Automation.Claims.Claims_Contact_Assist_RunTest" name="RunClaims_Contact_Assist" time="16.991"/>
  <testcase classname="Automation.Claims.Claims_Contact_Assist_RunTest" name="RunClaims_Contact_Assist" time="16.001"/>
  <testcase classname="Automation.Claims.Claims_Contact_Assist_RunTest" name="RunClaims_Contact_Assist" time="17.238"/>
  <testcase classname="Automation.Claims.Claims_Contact_Assist_RunTest" name="RunClaims_Contact_Assist" time="20.438"/>
  <testcase classname="Automation.Claims.Claims_Contact_Assist_RunTest" name="RunClaims_Contact_Assist" time="17.180"/>
  <testcase classname="Automation.Claims.Claims_Contact_Assist_RunTest" name="RunClaims_Contact_Assist" time="20.277"/>
  <testcase classname="Automation.Claims.Claims_Contact_Assist_RunTest" name="RunClaims_Contact_Assist" time="21.117"/>
  <testcase classname="Automation.Claims.Claims_Contact_Assist_RunTest" name="RunClaims_Contact_Assist" time="12.463"/>
  <testcase classname="Automation.Claims.Claims_Contact_Assist_RunTest" name="RunClaims_Contact_Assist" time="17.380"/>
</testsuite> <!-- Automation.Claims.Claims_Contact_Assist_RunTest -->
