<?xml version="1.0" encoding="UTF-8"?>
<!-- Generated by org.testng.reporters.JUnitReportReporter -->
<testsuite skipped="0" hostname="BWCDPH2" name="Automation.Claims.Claims_Checks_Cleared_RunTest" tests="3999" failures="0" timestamp="12 Dec 2018 04:25:39 GMT" time="19198.309" errors="0">
  <testcase name="Run_Claims_Checks_Cleared" time="5.668" classname="Automation.Claims.Claims_Checks_Cleared_RunTest"/>
  <testcase name="Run_Claims_Checks_Cleared" time="4.453" classname="Automation.Claims.Claims_Checks_Cleared_RunTest"/>
  <testcase name="Run_Claims_Checks_Cleared" time="4.376" classname="Automation.Claims.Claims_Checks_Cleared_RunTest"/>
  <testcase name="Run_Claims_Checks_Cleared" time="4.490" classname="Automation.Claims.Claims_Checks_Cleared_RunTest"/>
  <testcase name="Run_Claims_Checks_Cleared" time="4.086" classname="Automation.Claims.Claims_Checks_Cleared_RunTest"/>
  <testcase name="Run_Claims_Checks_Cleared" time="5.203" classname="Automation.Claims.Claims_Checks_Cleared_RunTest"/>
  <testcase name="Run_Claims_Checks_Cleared" time="4.386" classname="Automation.Claims.Claims_Checks_Cleared_RunTest"/>
  <testcase name="Run_Claims_Checks_Cleared" time="4.512" classname="Automation.Claims.Claims_Checks_Cleared_RunTest"/>
  <testcase name="Run_Claims_Checks_Cleared" time="4.419" classname="Automation.Claims.Claims_Checks_Cleared_RunTest"/>
  <testcase name="Run_Claims_Checks_Cleared" time="4.423" classname="Automation.Claims.Claims_Checks_Cleared_RunTest"/>
  <testcase name="Run_Claims_Checks_Cleared" time="6.331" classname="Automation.Claims.Claims_Checks_Cleared_RunTest"/>
  <testcase name="Run_Claims_Checks_Cleared" time="4.628" classname="Automation.Claims.Claims_Checks_Cleared_RunTest"/>
  <testcase name="Run_Claims_Checks_Cleared" time="4.266" classname="Automation.Claims.Claims_Checks_Cleared_RunTest"/>
  <testcase name="Run_Claims_Checks_Cleared" time="4.609" classname="Automation.Claims.Claims_Checks_Cleared_RunTest"/>
  <testcase name="Run_Claims_Checks_Cleared" time="4.130" classname="Automation.Claims.Claims_Checks_Cleared_RunTest"/>
  <testcase name="Run_Claims_Checks_Cleared" time="4.207" classname="Automation.Claims.Claims_Checks_Cleared_RunTest"/>
  <testcase name="Run_Claims_Checks_Cleared" time="4.413" classname="Automation.Claims.Claims_Checks_Cleared_RunTest"/>
  <testcase name="Run_Claims_Checks_Cleared" time="5.995" classname="Automation.Claims.Claims_Checks_Cleared_RunTest"/>
  <testcase name="Run_Claims_Checks_Cleared" time="5.176" classname="Automation.Claims.Claims_Checks_Cleared_RunTest"/>
  <testcase name="Run_Claims_Checks_Cleared" time="4.849" classname="Automation.Claims.Claims_Checks_Cleared_RunTest"/>
  <testcase name="Run_Claims_Checks_Cleared" time="4.456" classname="Automation.Claims.Claims_Checks_Cleared_RunTest"/>
  <testcase name="Run_Claims_Checks_Cleared" time="4.672" classname="Automation.Claims.Claims_Checks_Cleared_RunTest"/>
  <testcase name="Run_Claims_Checks_Cleared" time="4.621" classname="Automation.Claims.Claims_Checks_Cleared_RunTest"/>
  <testcase name="Run_Claims_Checks_Cleared" time="4.956" classname="Automation.Claims.Claims_Checks_Cleared_RunTest"/>
  <testcase name="Run_Claims_Checks_Cleared" time="5.017" classname="Automation.Claims.Claims_Checks_Cleared_RunTest"/>
  <testcase name="Run_Claims_Checks_Cleared" time="4.550" classname="Automation.Claims.Claims_Checks_Cleared_RunTest"/>
  <testcase name="Run_Claims_Checks_Cleared" time="5.199" classname="Automation.Claims.Claims_Checks_Cleared_RunTest"/>
  <testcase name="Run_Claims_Checks_Cleared" time="4.547" classname="Automation.Claims.Claims_Checks_Cleared_RunTest"/>
  <testcase name="Run_Claims_Checks_Cleared" time="5.575" classname="Automation.Claims.Claims_Checks_Cleared_RunTest"/>
  <testcase name="Run_Claims_Checks_Cleared" time="4.452" classname="Automation.Claims.Claims_Checks_Cleared_RunTest"/>
  <testcase name="Run_Claims_Checks_Cleared" time="4.969" classname="Automation.Claims.Claims_Checks_Cleared_RunTest"/>
  <testcase name="Run_Claims_Checks_Cleared" time="4.534" classname="Automation.Claims.Claims_Checks_Cleared_RunTest"/>
  <testcase name="Run_Claims_Checks_Cleared" time="5.991" classname="Automation.Claims.Claims_Checks_Cleared_RunTest"/>
  <testcase name="Run_Claims_Checks_Cleared" time="4.815" classname="Automation.Claims.Claims_Checks_Cleared_RunTest"/>
  <testcase name="Run_Claims_Checks_Cleared" time="4.784" classname="Automation.Claims.Claims_Checks_Cleared_RunTest"/>
  <testcase name="Run_Claims_Checks_Cleared" time="4.423" classname="Automation.Claims.Claims_Checks_Cleared_RunTest"/>
  <testcase name="Run_Claims_Checks_Cleared" time="4.393" classname="Automation.Claims.Claims_Checks_Cleared_RunTest"/>
  <testcase name="Run_Claims_Checks_Cleared" time="5.008" classname="Automation.Claims.Claims_Checks_Cleared_RunTest"/>
  <testcase name="Run_Claims_Checks_Cleared" time="6.748" classname="Automation.Claims.Claims_Checks_Cleared_RunTest"/>
  <testcase name="Run_Claims_Checks_Cleared" time="4.642" classname="Automation.Claims.Claims_Checks_Cleared_RunTest"/>
  <testcase name="Run_Claims_Checks_Cleared" time="4.594" classname="Automation.Claims.Claims_Checks_Cleared_RunTest"/>
  <testcase name="Run_Claims_Checks_Cleared" time="4.471" classname="Automation.Claims.Claims_Checks_Cleared_RunTest"/>
  <testcase name="Run_Claims_Checks_Cleared" time="4.238" classname="Automation.Claims.Claims_Checks_Cleared_RunTest"/>
  <testcase name="Run_Claims_Checks_Cleared" time="4.679" classname="Automation.Claims.Claims_Checks_Cleared_RunTest"/>
  <testcase name="Run_Claims_Checks_Cleared" time="4.787" classname="Automation.Claims.Claims_Checks_Cleared_RunTest"/>
  <testcase name="Run_Claims_Checks_Cleared" time="4.739" classname="Automation.Claims.Claims_Checks_Cleared_RunTest"/>
  <testcase name="Run_Claims_Checks_Cleared" time="4.390" classname="Automation.Claims.Claims_Checks_Cleared_RunTest"/>
  <testcase name="Run_Claims_Checks_Cleared" time="4.876" classname="Automation.Claims.Claims_Checks_Cleared_RunTest"/>
  <testcase name="Run_Claims_Checks_Cleared" time="4.475" classname="Automation.Claims.Claims_Checks_Cleared_RunTest"/>
  <testcase name="Run_Claims_Checks_Cleared" time="4.871" classname="Automation.Claims.Claims_Checks_Cleared_RunTest"/>
  <testcase name="Run_Claims_Checks_Cleared" time="4.615" classname="Automation.Claims.Claims_Checks_Cleared_RunTest"/>
  <testcase name="Run_Claims_Checks_Cleared" time="4.222" classname="Automation.Claims.Claims_Checks_Cleared_RunTest"/>
  <testcase name="Run_Claims_Checks_Cleared" time="4.303" classname="Automation.Claims.Claims_Checks_Cleared_RunTest"/>
  <testcase name="Run_Claims_Checks_Cleared" time="4.728" classname="Automation.Claims.Claims_Checks_Cleared_RunTest"/>
  <testcase name="Run_Claims_Checks_Cleared" time="4.332" classname="Automation.Claims.Claims_Checks_Cleared_RunTest"/>
  <testcase name="Run_Claims_Checks_Cleared" time="5.355" classname="Automation.Claims.Claims_Checks_Cleared_RunTest"/>
  <testcase name="Run_Claims_Checks_Cleared" time="4.317" classname="Automation.Claims.Claims_Checks_Cleared_RunTest"/>
  <testcase name="Run_Claims_Checks_Cleared" time="4.384" classname="Automation.Claims.Claims_Checks_Cleared_RunTest"/>
  <testcase name="Run_Claims_Checks_Cleared" time="4.512" classname="Automation.Claims.Claims_Checks_Cleared_RunTest"/>
  <testcase name="Run_Claims_Checks_Cleared" time="4.774" classname="Automation.Claims.Claims_Checks_Cleared_RunTest"/>
  <testcase name="Run_Claims_Checks_Cleared" time="4.603" classname="Automation.Claims.Claims_Checks_Cleared_RunTest"/>
  <testcase name="Run_Claims_Checks_Cleared" time="4.830" classname="Automation.Claims.Claims_Checks_Cleared_RunTest"/>
  <testcase name="Run_Claims_Checks_Cleared" time="4.614" classname="Automation.Claims.Claims_Checks_Cleared_RunTest"/>
  <testcase name="Run_Claims_Checks_Cleared" time="4.623" classname="Automation.Claims.Claims_Checks_Cleared_RunTest"/>
  <testcase name="Run_Claims_Checks_Cleared" time="4.654" classname="Automation.Claims.Claims_Checks_Cleared_RunTest"/>
  <testcase name="Run_Claims_Checks_Cleared" time="4.606" classname="Automation.Claims.Claims_Checks_Cleared_RunTest"/>
  <testcase name="Run_Claims_Checks_Cleared" time="4.613" classname="Automation.Claims.Claims_Checks_Cleared_RunTest"/>
  <testcase name="Run_Claims_Checks_Cleared" time="4.636" classname="Automation.Claims.Claims_Checks_Cleared_RunTest"/>
  <testcase name="Run_Claims_Checks_Cleared" time="4.184" classname="Automation.Claims.Claims_Checks_Cleared_RunTest"/>
  <testcase name="Run_Claims_Checks_Cleared" time="4.607" classname="Automation.Claims.Claims_Checks_Cleared_RunTest"/>
  <testcase name="Run_Claims_Checks_Cleared" time="5.322" classname="Automation.Claims.Claims_Checks_Cleared_RunTest"/>
  <testcase name="Run_Claims_Checks_Cleared" time="4.796" classname="Automation.Claims.Claims_Checks_Cleared_RunTest"/>
  <testcase name="Run_Claims_Checks_Cleared" time="4.326" classname="Automation.Claims.Claims_Checks_Cleared_RunTest"/>
  <testcase name="Run_Claims_Checks_Cleared" time="4.584" classname="Automation.Claims.Claims_Checks_Cleared_RunTest"/>
  <testcase name="Run_Claims_Checks_Cleared" time="4.444" classname="Automation.Claims.Claims_Checks_Cleared_RunTest"/>
  <testcase name="Run_Claims_Checks_Cleared" time="4.581" classname="Automation.Claims.Claims_Checks_Cleared_RunTest"/>
  <testcase name="Run_Claims_Checks_Cleared" time="4.141" classname="Automation.Claims.Claims_Checks_Cleared_RunTest"/>
  <testcase name="Run_Claims_Checks_Cleared" time="4.770" classname="Automation.Claims.Claims_Checks_Cleared_RunTest"/>
  <testcase name="Run_Claims_Checks_Cleared" time="4.615" classname="Automation.Claims.Claims_Checks_Cleared_RunTest"/>
  <testcase name="Run_Claims_Checks_Cleared" time="4.523" classname="Automation.Claims.Claims_Checks_Cleared_RunTest"/>
  <testcase name="Run_Claims_Checks_Cleared" time="4.429" classname="Automation.Claims.Claims_Checks_Cleared_RunTest"/>
  <testcase name="Run_Claims_Checks_Cleared" time="4.692" classname="Automation.Claims.Claims_Checks_Cleared_RunTest"/>
  <testcase name="Run_Claims_Checks_Cleared" time="4.308" classname="Automation.Claims.Claims_Checks_Cleared_RunTest"/>
  <testcase name="Run_Claims_Checks_Cleared" time="4.536" classname="Automation.Claims.Claims_Checks_Cleared_RunTest"/>
  <testcase name="Run_Claims_Checks_Cleared" time="4.465" classname="Automation.Claims.Claims_Checks_Cleared_RunTest"/>
  <testcase name="Run_Claims_Checks_Cleared" time="4.267" classname="Automation.Claims.Claims_Checks_Cleared_RunTest"/>
  <testcase name="Run_Claims_Checks_Cleared" time="4.687" classname="Automation.Claims.Claims_Checks_Cleared_RunTest"/>
  <testcase name="Run_Claims_Checks_Cleared" time="4.622" classname="Automation.Claims.Claims_Checks_Cleared_RunTest"/>
  <testcase name="Run_Claims_Checks_Cleared" time="4.357" classname="Automation.Claims.Claims_Checks_Cleared_RunTest"/>
  <testcase name="Run_Claims_Checks_Cleared" time="4.760" classname="Automation.Claims.Claims_Checks_Cleared_RunTest"/>
  <testcase name="Run_Claims_Checks_Cleared" time="5.230" classname="Automation.Claims.Claims_Checks_Cleared_RunTest"/>
  <testcase name="Run_Claims_Checks_Cleared" time="4.863" classname="Automation.Claims.Claims_Checks_Cleared_RunTest"/>
  <testcase name="Run_Claims_Checks_Cleared" time="4.600" classname="Automation.Claims.Claims_Checks_Cleared_RunTest"/>
  <testcase name="Run_Claims_Checks_Cleared" time="6.096" classname="Automation.Claims.Claims_Checks_Cleared_RunTest"/>
  <testcase name="Run_Claims_Checks_Cleared" time="4.721" classname="Automation.Claims.Claims_Checks_Cleared_RunTest"/>
  <testcase name="Run_Claims_Checks_Cleared" time="5.592" classname="Automation.Claims.Claims_Checks_Cleared_RunTest"/>
  <testcase name="Run_Claims_Checks_Cleared" time="4.344" classname="Automation.Claims.Claims_Checks_Cleared_RunTest"/>
  <testcase name="Run_Claims_Checks_Cleared" time="4.929" classname="Automation.Claims.Claims_Checks_Cleared_RunTest"/>
  <testcase name="Run_Claims_Checks_Cleared" time="4.630" classname="Automation.Claims.Claims_Checks_Cleared_RunTest"/>
  <testcase name="Run_Claims_Checks_Cleared" time="4.476" classname="Automation.Claims.Claims_Checks_Cleared_RunTest"/>
  <testcase name="Run_Claims_Checks_Cleared" time="4.563" classname="Automation.Claims.Claims_Checks_Cleared_RunTest"/>
  <testcase name="Run_Claims_Checks_Cleared" time="4.709" classname="Automation.Claims.Claims_Checks_Cleared_RunTest"/>
  <testcase name="Run_Claims_Checks_Cleared" time="4.506" classname="Automation.Claims.Claims_Checks_Cleared_RunTest"/>
  <testcase name="Run_Claims_Checks_Cleared" time="5.522" classname="Automation.Claims.Claims_Checks_Cleared_RunTest"/>
  <testcase name="Run_Claims_Checks_Cleared" time="4.401" classname="Automation.Claims.Claims_Checks_Cleared_RunTest"/>
  <testcase name="Run_Claims_Checks_Cleared" time="4.114" classname="Automation.Claims.Claims_Checks_Cleared_RunTest"/>
  <testcase name="Run_Claims_Checks_Cleared" time="4.668" classname="Automation.Claims.Claims_Checks_Cleared_RunTest"/>
  <testcase name="Run_Claims_Checks_Cleared" time="5.617" classname="Automation.Claims.Claims_Checks_Cleared_RunTest"/>
  <testcase name="Run_Claims_Checks_Cleared" time="5.599" classname="Automation.Claims.Claims_Checks_Cleared_RunTest"/>
  <testcase name="Run_Claims_Checks_Cleared" time="4.640" classname="Automation.Claims.Claims_Checks_Cleared_RunTest"/>
  <testcase name="Run_Claims_Checks_Cleared" time="4.362" classname="Automation.Claims.Claims_Checks_Cleared_RunTest"/>
  <testcase name="Run_Claims_Checks_Cleared" time="4.666" classname="Automation.Claims.Claims_Checks_Cleared_RunTest"/>
  <testcase name="Run_Claims_Checks_Cleared" time="4.531" classname="Automation.Claims.Claims_Checks_Cleared_RunTest"/>
  <testcase name="Run_Claims_Checks_Cleared" time="4.321" classname="Automation.Claims.Claims_Checks_Cleared_RunTest"/>
  <testcase name="Run_Claims_Checks_Cleared" time="4.646" classname="Automation.Claims.Claims_Checks_Cleared_RunTest"/>
  <testcase name="Run_Claims_Checks_Cleared" time="4.437" classname="Automation.Claims.Claims_Checks_Cleared_RunTest"/>
  <testcase name="Run_Claims_Checks_Cleared" time="5.200" classname="Automation.Claims.Claims_Checks_Cleared_RunTest"/>
  <testcase name="Run_Claims_Checks_Cleared" time="5.375" classname="Automation.Claims.Claims_Checks_Cleared_RunTest"/>
  <testcase name="Run_Claims_Checks_Cleared" time="4.169" classname="Automation.Claims.Claims_Checks_Cleared_RunTest"/>
  <testcase name="Run_Claims_Checks_Cleared" time="4.756" classname="Automation.Claims.Claims_Checks_Cleared_RunTest"/>
  <testcase name="Run_Claims_Checks_Cleared" time="4.521" classname="Automation.Claims.Claims_Checks_Cleared_RunTest"/>
  <testcase name="Run_Claims_Checks_Cleared" time="5.396" classname="Automation.Claims.Claims_Checks_Cleared_RunTest"/>
  <testcase name="Run_Claims_Checks_Cleared" time="4.109" classname="Automation.Claims.Claims_Checks_Cleared_RunTest"/>
  <testcase name="Run_Claims_Checks_Cleared" time="4.426" classname="Automation.Claims.Claims_Checks_Cleared_RunTest"/>
  <testcase name="Run_Claims_Checks_Cleared" time="4.398" classname="Automation.Claims.Claims_Checks_Cleared_RunTest"/>
  <testcase name="Run_Claims_Checks_Cleared" time="4.428" classname="Automation.Claims.Claims_Checks_Cleared_RunTest"/>
  <testcase name="Run_Claims_Checks_Cleared" time="4.595" classname="Automation.Claims.Claims_Checks_Cleared_RunTest"/>
  <testcase name="Run_Claims_Checks_Cleared" time="4.229" classname="Automation.Claims.Claims_Checks_Cleared_RunTest"/>
  <testcase name="Run_Claims_Checks_Cleared" time="4.507" classname="Automation.Claims.Claims_Checks_Cleared_RunTest"/>
  <testcase name="Run_Claims_Checks_Cleared" time="4.300" classname="Automation.Claims.Claims_Checks_Cleared_RunTest"/>
  <testcase name="Run_Claims_Checks_Cleared" time="4.399" classname="Automation.Claims.Claims_Checks_Cleared_RunTest"/>
  <testcase name="Run_Claims_Checks_Cleared" time="4.885" classname="Automation.Claims.Claims_Checks_Cleared_RunTest"/>
  <testcase name="Run_Claims_Checks_Cleared" time="4.601" classname="Automation.Claims.Claims_Checks_Cleared_RunTest"/>
  <testcase name="Run_Claims_Checks_Cleared" time="4.782" classname="Automation.Claims.Claims_Checks_Cleared_RunTest"/>
  <testcase name="Run_Claims_Checks_Cleared" time="6.903" classname="Automation.Claims.Claims_Checks_Cleared_RunTest"/>
  <testcase name="Run_Claims_Checks_Cleared" time="4.670" classname="Automation.Claims.Claims_Checks_Cleared_RunTest"/>
  <testcase name="Run_Claims_Checks_Cleared" time="4.230" classname="Automation.Claims.Claims_Checks_Cleared_RunTest"/>
  <testcase name="Run_Claims_Checks_Cleared" time="4.668" classname="Automation.Claims.Claims_Checks_Cleared_RunTest"/>
  <testcase name="Run_Claims_Checks_Cleared" time="4.219" classname="Automation.Claims.Claims_Checks_Cleared_RunTest"/>
  <testcase name="Run_Claims_Checks_Cleared" time="5.439" classname="Automation.Claims.Claims_Checks_Cleared_RunTest"/>
  <testcase name="Run_Claims_Checks_Cleared" time="4.752" classname="Automation.Claims.Claims_Checks_Cleared_RunTest"/>
  <testcase name="Run_Claims_Checks_Cleared" time="4.342" classname="Automation.Claims.Claims_Checks_Cleared_RunTest"/>
  <testcase name="Run_Claims_Checks_Cleared" time="5.058" classname="Automation.Claims.Claims_Checks_Cleared_RunTest"/>
  <testcase name="Run_Claims_Checks_Cleared" time="4.572" classname="Automation.Claims.Claims_Checks_Cleared_RunTest"/>
  <testcase name="Run_Claims_Checks_Cleared" time="4.408" classname="Automation.Claims.Claims_Checks_Cleared_RunTest"/>
  <testcase name="Run_Claims_Checks_Cleared" time="4.029" classname="Automation.Claims.Claims_Checks_Cleared_RunTest"/>
  <testcase name="Run_Claims_Checks_Cleared" time="6.295" classname="Automation.Claims.Claims_Checks_Cleared_RunTest"/>
  <testcase name="Run_Claims_Checks_Cleared" time="3.780" classname="Automation.Claims.Claims_Checks_Cleared_RunTest"/>
  <testcase name="Run_Claims_Checks_Cleared" time="4.230" classname="Automation.Claims.Claims_Checks_Cleared_RunTest"/>
  <testcase name="Run_Claims_Checks_Cleared" time="4.482" classname="Automation.Claims.Claims_Checks_Cleared_RunTest"/>
  <testcase name="Run_Claims_Checks_Cleared" time="4.390" classname="Automation.Claims.Claims_Checks_Cleared_RunTest"/>
  <testcase name="Run_Claims_Checks_Cleared" time="4.315" classname="Automation.Claims.Claims_Checks_Cleared_RunTest"/>
  <testcase name="Run_Claims_Checks_Cleared" time="4.800" classname="Automation.Claims.Claims_Checks_Cleared_RunTest"/>
  <testcase name="Run_Claims_Checks_Cleared" time="4.079" classname="Automation.Claims.Claims_Checks_Cleared_RunTest"/>
  <testcase name="Run_Claims_Checks_Cleared" time="4.379" classname="Automation.Claims.Claims_Checks_Cleared_RunTest"/>
  <testcase name="Run_Claims_Checks_Cleared" time="4.838" classname="Automation.Claims.Claims_Checks_Cleared_RunTest"/>
  <testcase name="Run_Claims_Checks_Cleared" time="4.859" classname="Automation.Claims.Claims_Checks_Cleared_RunTest"/>
  <testcase name="Run_Claims_Checks_Cleared" time="4.337" classname="Automation.Claims.Claims_Checks_Cleared_RunTest"/>
  <testcase name="Run_Claims_Checks_Cleared" time="5.567" classname="Automation.Claims.Claims_Checks_Cleared_RunTest"/>
  <testcase name="Run_Claims_Checks_Cleared" time="4.934" classname="Automation.Claims.Claims_Checks_Cleared_RunTest"/>
  <testcase name="Run_Claims_Checks_Cleared" time="4.525" classname="Automation.Claims.Claims_Checks_Cleared_RunTest"/>
  <testcase name="Run_Claims_Checks_Cleared" time="4.516" classname="Automation.Claims.Claims_Checks_Cleared_RunTest"/>
  <testcase name="Run_Claims_Checks_Cleared" time="4.721" classname="Automation.Claims.Claims_Checks_Cleared_RunTest"/>
  <testcase name="Run_Claims_Checks_Cleared" time="4.675" classname="Automation.Claims.Claims_Checks_Cleared_RunTest"/>
  <testcase name="Run_Claims_Checks_Cleared" time="4.598" classname="Automation.Claims.Claims_Checks_Cleared_RunTest"/>
  <testcase name="Run_Claims_Checks_Cleared" time="4.551" classname="Automation.Claims.Claims_Checks_Cleared_RunTest"/>
  <testcase name="Run_Claims_Checks_Cleared" time="4.391" classname="Automation.Claims.Claims_Checks_Cleared_RunTest"/>
  <testcase name="Run_Claims_Checks_Cleared" time="6.371" classname="Automation.Claims.Claims_Checks_Cleared_RunTest"/>
  <testcase name="Run_Claims_Checks_Cleared" time="4.566" classname="Automation.Claims.Claims_Checks_Cleared_RunTest"/>
  <testcase name="Run_Claims_Checks_Cleared" time="4.461" classname="Automation.Claims.Claims_Checks_Cleared_RunTest"/>
  <testcase name="Run_Claims_Checks_Cleared" time="5.149" classname="Automation.Claims.Claims_Checks_Cleared_RunTest"/>
  <testcase name="Run_Claims_Checks_Cleared" time="4.301" classname="Automation.Claims.Claims_Checks_Cleared_RunTest"/>
  <testcase name="Run_Claims_Checks_Cleared" time="4.534" classname="Automation.Claims.Claims_Checks_Cleared_RunTest"/>
  <testcase name="Run_Claims_Checks_Cleared" time="4.767" classname="Automation.Claims.Claims_Checks_Cleared_RunTest"/>
  <testcase name="Run_Claims_Checks_Cleared" time="4.349" classname="Automation.Claims.Claims_Checks_Cleared_RunTest"/>
  <testcase name="Run_Claims_Checks_Cleared" time="4.672" classname="Automation.Claims.Claims_Checks_Cleared_RunTest"/>
  <testcase name="Run_Claims_Checks_Cleared" time="4.495" classname="Automation.Claims.Claims_Checks_Cleared_RunTest"/>
  <testcase name="Run_Claims_Checks_Cleared" time="4.967" classname="Automation.Claims.Claims_Checks_Cleared_RunTest"/>
  <testcase name="Run_Claims_Checks_Cleared" time="4.325" classname="Automation.Claims.Claims_Checks_Cleared_RunTest"/>
  <testcase name="Run_Claims_Checks_Cleared" time="4.603" classname="Automation.Claims.Claims_Checks_Cleared_RunTest"/>
  <testcase name="Run_Claims_Checks_Cleared" time="4.657" classname="Automation.Claims.Claims_Checks_Cleared_RunTest"/>
  <testcase name="Run_Claims_Checks_Cleared" time="4.259" classname="Automation.Claims.Claims_Checks_Cleared_RunTest"/>
  <testcase name="Run_Claims_Checks_Cleared" time="5.042" classname="Automation.Claims.Claims_Checks_Cleared_RunTest"/>
  <testcase name="Run_Claims_Checks_Cleared" time="5.508" classname="Automation.Claims.Claims_Checks_Cleared_RunTest"/>
  <testcase name="Run_Claims_Checks_Cleared" time="3.728" classname="Automation.Claims.Claims_Checks_Cleared_RunTest"/>
  <testcase name="Run_Claims_Checks_Cleared" time="4.512" classname="Automation.Claims.Claims_Checks_Cleared_RunTest"/>
  <testcase name="Run_Claims_Checks_Cleared" time="4.333" classname="Automation.Claims.Claims_Checks_Cleared_RunTest"/>
  <testcase name="Run_Claims_Checks_Cleared" time="4.538" classname="Automation.Claims.Claims_Checks_Cleared_RunTest"/>
  <testcase name="Run_Claims_Checks_Cleared" time="4.570" classname="Automation.Claims.Claims_Checks_Cleared_RunTest"/>
  <testcase name="Run_Claims_Checks_Cleared" time="5.011" classname="Automation.Claims.Claims_Checks_Cleared_RunTest"/>
  <testcase name="Run_Claims_Checks_Cleared" time="4.840" classname="Automation.Claims.Claims_Checks_Cleared_RunTest"/>
  <testcase name="Run_Claims_Checks_Cleared" time="4.641" classname="Automation.Claims.Claims_Checks_Cleared_RunTest"/>
  <testcase name="Run_Claims_Checks_Cleared" time="4.604" classname="Automation.Claims.Claims_Checks_Cleared_RunTest"/>
  <testcase name="Run_Claims_Checks_Cleared" time="5.051" classname="Automation.Claims.Claims_Checks_Cleared_RunTest"/>
  <testcase name="Run_Claims_Checks_Cleared" time="4.936" classname="Automation.Claims.Claims_Checks_Cleared_RunTest"/>
  <testcase name="Run_Claims_Checks_Cleared" time="5.869" classname="Automation.Claims.Claims_Checks_Cleared_RunTest"/>
  <testcase name="Run_Claims_Checks_Cleared" time="5.268" classname="Automation.Claims.Claims_Checks_Cleared_RunTest"/>
  <testcase name="Run_Claims_Checks_Cleared" time="4.319" classname="Automation.Claims.Claims_Checks_Cleared_RunTest"/>
  <testcase name="Run_Claims_Checks_Cleared" time="4.455" classname="Automation.Claims.Claims_Checks_Cleared_RunTest"/>
  <testcase name="Run_Claims_Checks_Cleared" time="5.312" classname="Automation.Claims.Claims_Checks_Cleared_RunTest"/>
  <testcase name="Run_Claims_Checks_Cleared" time="4.665" classname="Automation.Claims.Claims_Checks_Cleared_RunTest"/>
  <testcase name="Run_Claims_Checks_Cleared" time="4.749" classname="Automation.Claims.Claims_Checks_Cleared_RunTest"/>
  <testcase name="Run_Claims_Checks_Cleared" time="4.722" classname="Automation.Claims.Claims_Checks_Cleared_RunTest"/>
  <testcase name="Run_Claims_Checks_Cleared" time="4.705" classname="Automation.Claims.Claims_Checks_Cleared_RunTest"/>
  <testcase name="Run_Claims_Checks_Cleared" time="4.650" classname="Automation.Claims.Claims_Checks_Cleared_RunTest"/>
  <testcase name="Run_Claims_Checks_Cleared" time="4.413" classname="Automation.Claims.Claims_Checks_Cleared_RunTest"/>
  <testcase name="Run_Claims_Checks_Cleared" time="4.624" classname="Automation.Claims.Claims_Checks_Cleared_RunTest"/>
  <testcase name="Run_Claims_Checks_Cleared" time="4.367" classname="Automation.Claims.Claims_Checks_Cleared_RunTest"/>
  <testcase name="Run_Claims_Checks_Cleared" time="5.300" classname="Automation.Claims.Claims_Checks_Cleared_RunTest"/>
  <testcase name="Run_Claims_Checks_Cleared" time="6.000" classname="Automation.Claims.Claims_Checks_Cleared_RunTest"/>
  <testcase name="Run_Claims_Checks_Cleared" time="4.677" classname="Automation.Claims.Claims_Checks_Cleared_RunTest"/>
  <testcase name="Run_Claims_Checks_Cleared" time="4.277" classname="Automation.Claims.Claims_Checks_Cleared_RunTest"/>
  <testcase name="Run_Claims_Checks_Cleared" time="4.471" classname="Automation.Claims.Claims_Checks_Cleared_RunTest"/>
  <testcase name="Run_Claims_Checks_Cleared" time="4.362" classname="Automation.Claims.Claims_Checks_Cleared_RunTest"/>
  <testcase name="Run_Claims_Checks_Cleared" time="5.177" classname="Automation.Claims.Claims_Checks_Cleared_RunTest"/>
  <testcase name="Run_Claims_Checks_Cleared" time="4.317" classname="Automation.Claims.Claims_Checks_Cleared_RunTest"/>
  <testcase name="Run_Claims_Checks_Cleared" time="4.605" classname="Automation.Claims.Claims_Checks_Cleared_RunTest"/>
  <testcase name="Run_Claims_Checks_Cleared" time="4.771" classname="Automation.Claims.Claims_Checks_Cleared_RunTest"/>
  <testcase name="Run_Claims_Checks_Cleared" time="4.870" classname="Automation.Claims.Claims_Checks_Cleared_RunTest"/>
  <testcase name="Run_Claims_Checks_Cleared" time="5.373" classname="Automation.Claims.Claims_Checks_Cleared_RunTest"/>
  <testcase name="Run_Claims_Checks_Cleared" time="5.163" classname="Automation.Claims.Claims_Checks_Cleared_RunTest"/>
  <testcase name="Run_Claims_Checks_Cleared" time="4.235" classname="Automation.Claims.Claims_Checks_Cleared_RunTest"/>
  <testcase name="Run_Claims_Checks_Cleared" time="4.505" classname="Automation.Claims.Claims_Checks_Cleared_RunTest"/>
  <testcase name="Run_Claims_Checks_Cleared" time="4.850" classname="Automation.Claims.Claims_Checks_Cleared_RunTest"/>
  <testcase name="Run_Claims_Checks_Cleared" time="4.208" classname="Automation.Claims.Claims_Checks_Cleared_RunTest"/>
  <testcase name="Run_Claims_Checks_Cleared" time="4.207" classname="Automation.Claims.Claims_Checks_Cleared_RunTest"/>
  <testcase name="Run_Claims_Checks_Cleared" time="4.365" classname="Automation.Claims.Claims_Checks_Cleared_RunTest"/>
  <testcase name="Run_Claims_Checks_Cleared" time="4.336" classname="Automation.Claims.Claims_Checks_Cleared_RunTest"/>
  <testcase name="Run_Claims_Checks_Cleared" time="4.896" classname="Automation.Claims.Claims_Checks_Cleared_RunTest"/>
  <testcase name="Run_Claims_Checks_Cleared" time="4.512" classname="Automation.Claims.Claims_Checks_Cleared_RunTest"/>
  <testcase name="Run_Claims_Checks_Cleared" time="4.859" classname="Automation.Claims.Claims_Checks_Cleared_RunTest"/>
  <testcase name="Run_Claims_Checks_Cleared" time="5.534" classname="Automation.Claims.Claims_Checks_Cleared_RunTest"/>
  <testcase name="Run_Claims_Checks_Cleared" time="5.087" classname="Automation.Claims.Claims_Checks_Cleared_RunTest"/>
  <testcase name="Run_Claims_Checks_Cleared" time="4.722" classname="Automation.Claims.Claims_Checks_Cleared_RunTest"/>
  <testcase name="Run_Claims_Checks_Cleared" time="4.587" classname="Automation.Claims.Claims_Checks_Cleared_RunTest"/>
  <testcase name="Run_Claims_Checks_Cleared" time="4.899" classname="Automation.Claims.Claims_Checks_Cleared_RunTest"/>
  <testcase name="Run_Claims_Checks_Cleared" time="4.619" classname="Automation.Claims.Claims_Checks_Cleared_RunTest"/>
  <testcase name="Run_Claims_Checks_Cleared" time="5.402" classname="Automation.Claims.Claims_Checks_Cleared_RunTest"/>
  <testcase name="Run_Claims_Checks_Cleared" time="4.858" classname="Automation.Claims.Claims_Checks_Cleared_RunTest"/>
  <testcase name="Run_Claims_Checks_Cleared" time="4.264" classname="Automation.Claims.Claims_Checks_Cleared_RunTest"/>
  <testcase name="Run_Claims_Checks_Cleared" time="4.239" classname="Automation.Claims.Claims_Checks_Cleared_RunTest"/>
  <testcase name="Run_Claims_Checks_Cleared" time="5.264" classname="Automation.Claims.Claims_Checks_Cleared_RunTest"/>
  <testcase name="Run_Claims_Checks_Cleared" time="4.394" classname="Automation.Claims.Claims_Checks_Cleared_RunTest"/>
  <testcase name="Run_Claims_Checks_Cleared" time="6.216" classname="Automation.Claims.Claims_Checks_Cleared_RunTest"/>
  <testcase name="Run_Claims_Checks_Cleared" time="5.129" classname="Automation.Claims.Claims_Checks_Cleared_RunTest"/>
  <testcase name="Run_Claims_Checks_Cleared" time="4.867" classname="Automation.Claims.Claims_Checks_Cleared_RunTest"/>
  <testcase name="Run_Claims_Checks_Cleared" time="5.162" classname="Automation.Claims.Claims_Checks_Cleared_RunTest"/>
  <testcase name="Run_Claims_Checks_Cleared" time="4.470" classname="Automation.Claims.Claims_Checks_Cleared_RunTest"/>
  <testcase name="Run_Claims_Checks_Cleared" time="5.532" classname="Automation.Claims.Claims_Checks_Cleared_RunTest"/>
  <testcase name="Run_Claims_Checks_Cleared" time="4.520" classname="Automation.Claims.Claims_Checks_Cleared_RunTest"/>
  <testcase name="Run_Claims_Checks_Cleared" time="5.459" classname="Automation.Claims.Claims_Checks_Cleared_RunTest"/>
  <testcase name="Run_Claims_Checks_Cleared" time="4.673" classname="Automation.Claims.Claims_Checks_Cleared_RunTest"/>
  <testcase name="Run_Claims_Checks_Cleared" time="4.344" classname="Automation.Claims.Claims_Checks_Cleared_RunTest"/>
  <testcase name="Run_Claims_Checks_Cleared" time="5.321" classname="Automation.Claims.Claims_Checks_Cleared_RunTest"/>
  <testcase name="Run_Claims_Checks_Cleared" time="4.508" classname="Automation.Claims.Claims_Checks_Cleared_RunTest"/>
  <testcase name="Run_Claims_Checks_Cleared" time="4.670" classname="Automation.Claims.Claims_Checks_Cleared_RunTest"/>
  <testcase name="Run_Claims_Checks_Cleared" time="4.653" classname="Automation.Claims.Claims_Checks_Cleared_RunTest"/>
  <testcase name="Run_Claims_Checks_Cleared" time="4.385" classname="Automation.Claims.Claims_Checks_Cleared_RunTest"/>
  <testcase name="Run_Claims_Checks_Cleared" time="4.231" classname="Automation.Claims.Claims_Checks_Cleared_RunTest"/>
  <testcase name="Run_Claims_Checks_Cleared" time="4.609" classname="Automation.Claims.Claims_Checks_Cleared_RunTest"/>
  <testcase name="Run_Claims_Checks_Cleared" time="4.868" classname="Automation.Claims.Claims_Checks_Cleared_RunTest"/>
  <testcase name="Run_Claims_Checks_Cleared" time="4.515" classname="Automation.Claims.Claims_Checks_Cleared_RunTest"/>
  <testcase name="Run_Claims_Checks_Cleared" time="4.654" classname="Automation.Claims.Claims_Checks_Cleared_RunTest"/>
  <testcase name="Run_Claims_Checks_Cleared" time="4.236" classname="Automation.Claims.Claims_Checks_Cleared_RunTest"/>
  <testcase name="Run_Claims_Checks_Cleared" time="4.901" classname="Automation.Claims.Claims_Checks_Cleared_RunTest"/>
  <testcase name="Run_Claims_Checks_Cleared" time="4.939" classname="Automation.Claims.Claims_Checks_Cleared_RunTest"/>
  <testcase name="Run_Claims_Checks_Cleared" time="4.872" classname="Automation.Claims.Claims_Checks_Cleared_RunTest"/>
  <testcase name="Run_Claims_Checks_Cleared" time="4.757" classname="Automation.Claims.Claims_Checks_Cleared_RunTest"/>
  <testcase name="Run_Claims_Checks_Cleared" time="4.780" classname="Automation.Claims.Claims_Checks_Cleared_RunTest"/>
  <testcase name="Run_Claims_Checks_Cleared" time="4.184" classname="Automation.Claims.Claims_Checks_Cleared_RunTest"/>
  <testcase name="Run_Claims_Checks_Cleared" time="5.836" classname="Automation.Claims.Claims_Checks_Cleared_RunTest"/>
  <testcase name="Run_Claims_Checks_Cleared" time="4.233" classname="Automation.Claims.Claims_Checks_Cleared_RunTest"/>
  <testcase name="Run_Claims_Checks_Cleared" time="4.477" classname="Automation.Claims.Claims_Checks_Cleared_RunTest"/>
  <testcase name="Run_Claims_Checks_Cleared" time="4.234" classname="Automation.Claims.Claims_Checks_Cleared_RunTest"/>
  <testcase name="Run_Claims_Checks_Cleared" time="4.686" classname="Automation.Claims.Claims_Checks_Cleared_RunTest"/>
  <testcase name="Run_Claims_Checks_Cleared" time="4.968" classname="Automation.Claims.Claims_Checks_Cleared_RunTest"/>
  <testcase name="Run_Claims_Checks_Cleared" time="4.767" classname="Automation.Claims.Claims_Checks_Cleared_RunTest"/>
  <testcase name="Run_Claims_Checks_Cleared" time="4.320" classname="Automation.Claims.Claims_Checks_Cleared_RunTest"/>
  <testcase name="Run_Claims_Checks_Cleared" time="4.618" classname="Automation.Claims.Claims_Checks_Cleared_RunTest"/>
  <testcase name="Run_Claims_Checks_Cleared" time="4.374" classname="Automation.Claims.Claims_Checks_Cleared_RunTest"/>
  <testcase name="Run_Claims_Checks_Cleared" time="4.701" classname="Automation.Claims.Claims_Checks_Cleared_RunTest"/>
  <testcase name="Run_Claims_Checks_Cleared" time="4.241" classname="Automation.Claims.Claims_Checks_Cleared_RunTest"/>
  <testcase name="Run_Claims_Checks_Cleared" time="4.392" classname="Automation.Claims.Claims_Checks_Cleared_RunTest"/>
  <testcase name="Run_Claims_Checks_Cleared" time="4.561" classname="Automation.Claims.Claims_Checks_Cleared_RunTest"/>
  <testcase name="Run_Claims_Checks_Cleared" time="5.054" classname="Automation.Claims.Claims_Checks_Cleared_RunTest"/>
  <testcase name="Run_Claims_Checks_Cleared" time="4.614" classname="Automation.Claims.Claims_Checks_Cleared_RunTest"/>
  <testcase name="Run_Claims_Checks_Cleared" time="4.786" classname="Automation.Claims.Claims_Checks_Cleared_RunTest"/>
  <testcase name="Run_Claims_Checks_Cleared" time="4.533" classname="Automation.Claims.Claims_Checks_Cleared_RunTest"/>
  <testcase name="Run_Claims_Checks_Cleared" time="4.698" classname="Automation.Claims.Claims_Checks_Cleared_RunTest"/>
  <testcase name="Run_Claims_Checks_Cleared" time="4.189" classname="Automation.Claims.Claims_Checks_Cleared_RunTest"/>
  <testcase name="Run_Claims_Checks_Cleared" time="4.327" classname="Automation.Claims.Claims_Checks_Cleared_RunTest"/>
  <testcase name="Run_Claims_Checks_Cleared" time="4.354" classname="Automation.Claims.Claims_Checks_Cleared_RunTest"/>
  <testcase name="Run_Claims_Checks_Cleared" time="4.580" classname="Automation.Claims.Claims_Checks_Cleared_RunTest"/>
  <testcase name="Run_Claims_Checks_Cleared" time="4.610" classname="Automation.Claims.Claims_Checks_Cleared_RunTest"/>
  <testcase name="Run_Claims_Checks_Cleared" time="4.516" classname="Automation.Claims.Claims_Checks_Cleared_RunTest"/>
  <testcase name="Run_Claims_Checks_Cleared" time="4.777" classname="Automation.Claims.Claims_Checks_Cleared_RunTest"/>
  <testcase name="Run_Claims_Checks_Cleared" time="4.790" classname="Automation.Claims.Claims_Checks_Cleared_RunTest"/>
  <testcase name="Run_Claims_Checks_Cleared" time="4.679" classname="Automation.Claims.Claims_Checks_Cleared_RunTest"/>
  <testcase name="Run_Claims_Checks_Cleared" time="4.953" classname="Automation.Claims.Claims_Checks_Cleared_RunTest"/>
  <testcase name="Run_Claims_Checks_Cleared" time="4.671" classname="Automation.Claims.Claims_Checks_Cleared_RunTest"/>
  <testcase name="Run_Claims_Checks_Cleared" time="4.284" classname="Automation.Claims.Claims_Checks_Cleared_RunTest"/>
  <testcase name="Run_Claims_Checks_Cleared" time="4.500" classname="Automation.Claims.Claims_Checks_Cleared_RunTest"/>
  <testcase name="Run_Claims_Checks_Cleared" time="4.516" classname="Automation.Claims.Claims_Checks_Cleared_RunTest"/>
  <testcase name="Run_Claims_Checks_Cleared" time="4.446" classname="Automation.Claims.Claims_Checks_Cleared_RunTest"/>
  <testcase name="Run_Claims_Checks_Cleared" time="4.754" classname="Automation.Claims.Claims_Checks_Cleared_RunTest"/>
  <testcase name="Run_Claims_Checks_Cleared" time="4.627" classname="Automation.Claims.Claims_Checks_Cleared_RunTest"/>
  <testcase name="Run_Claims_Checks_Cleared" time="4.900" classname="Automation.Claims.Claims_Checks_Cleared_RunTest"/>
  <testcase name="Run_Claims_Checks_Cleared" time="4.999" classname="Automation.Claims.Claims_Checks_Cleared_RunTest"/>
  <testcase name="Run_Claims_Checks_Cleared" time="4.517" classname="Automation.Claims.Claims_Checks_Cleared_RunTest"/>
  <testcase name="Run_Claims_Checks_Cleared" time="4.108" classname="Automation.Claims.Claims_Checks_Cleared_RunTest"/>
  <testcase name="Run_Claims_Checks_Cleared" time="4.338" classname="Automation.Claims.Claims_Checks_Cleared_RunTest"/>
  <testcase name="Run_Claims_Checks_Cleared" time="5.368" classname="Automation.Claims.Claims_Checks_Cleared_RunTest"/>
  <testcase name="Run_Claims_Checks_Cleared" time="4.893" classname="Automation.Claims.Claims_Checks_Cleared_RunTest"/>
  <testcase name="Run_Claims_Checks_Cleared" time="3.883" classname="Automation.Claims.Claims_Checks_Cleared_RunTest"/>
  <testcase name="Run_Claims_Checks_Cleared" time="4.440" classname="Automation.Claims.Claims_Checks_Cleared_RunTest"/>
  <testcase name="Run_Claims_Checks_Cleared" time="4.373" classname="Automation.Claims.Claims_Checks_Cleared_RunTest"/>
  <testcase name="Run_Claims_Checks_Cleared" time="5.748" classname="Automation.Claims.Claims_Checks_Cleared_RunTest"/>
  <testcase name="Run_Claims_Checks_Cleared" time="4.236" classname="Automation.Claims.Claims_Checks_Cleared_RunTest"/>
  <testcase name="Run_Claims_Checks_Cleared" time="4.716" classname="Automation.Claims.Claims_Checks_Cleared_RunTest"/>
  <testcase name="Run_Claims_Checks_Cleared" time="4.781" classname="Automation.Claims.Claims_Checks_Cleared_RunTest"/>
  <testcase name="Run_Claims_Checks_Cleared" time="4.369" classname="Automation.Claims.Claims_Checks_Cleared_RunTest"/>
  <testcase name="Run_Claims_Checks_Cleared" time="4.693" classname="Automation.Claims.Claims_Checks_Cleared_RunTest"/>
  <testcase name="Run_Claims_Checks_Cleared" time="4.551" classname="Automation.Claims.Claims_Checks_Cleared_RunTest"/>
  <testcase name="Run_Claims_Checks_Cleared" time="4.363" classname="Automation.Claims.Claims_Checks_Cleared_RunTest"/>
  <testcase name="Run_Claims_Checks_Cleared" time="4.906" classname="Automation.Claims.Claims_Checks_Cleared_RunTest"/>
  <testcase name="Run_Claims_Checks_Cleared" time="4.807" classname="Automation.Claims.Claims_Checks_Cleared_RunTest"/>
  <testcase name="Run_Claims_Checks_Cleared" time="4.775" classname="Automation.Claims.Claims_Checks_Cleared_RunTest"/>
  <testcase name="Run_Claims_Checks_Cleared" time="4.589" classname="Automation.Claims.Claims_Checks_Cleared_RunTest"/>
  <testcase name="Run_Claims_Checks_Cleared" time="4.153" classname="Automation.Claims.Claims_Checks_Cleared_RunTest"/>
  <testcase name="Run_Claims_Checks_Cleared" time="4.903" classname="Automation.Claims.Claims_Checks_Cleared_RunTest"/>
  <testcase name="Run_Claims_Checks_Cleared" time="4.786" classname="Automation.Claims.Claims_Checks_Cleared_RunTest"/>
  <testcase name="Run_Claims_Checks_Cleared" time="4.335" classname="Automation.Claims.Claims_Checks_Cleared_RunTest"/>
  <testcase name="Run_Claims_Checks_Cleared" time="4.297" classname="Automation.Claims.Claims_Checks_Cleared_RunTest"/>
  <testcase name="Run_Claims_Checks_Cleared" time="4.168" classname="Automation.Claims.Claims_Checks_Cleared_RunTest"/>
  <testcase name="Run_Claims_Checks_Cleared" time="4.951" classname="Automation.Claims.Claims_Checks_Cleared_RunTest"/>
  <testcase name="Run_Claims_Checks_Cleared" time="4.399" classname="Automation.Claims.Claims_Checks_Cleared_RunTest"/>
  <testcase name="Run_Claims_Checks_Cleared" time="4.976" classname="Automation.Claims.Claims_Checks_Cleared_RunTest"/>
  <testcase name="Run_Claims_Checks_Cleared" time="4.507" classname="Automation.Claims.Claims_Checks_Cleared_RunTest"/>
  <testcase name="Run_Claims_Checks_Cleared" time="4.200" classname="Automation.Claims.Claims_Checks_Cleared_RunTest"/>
  <testcase name="Run_Claims_Checks_Cleared" time="4.969" classname="Automation.Claims.Claims_Checks_Cleared_RunTest"/>
  <testcase name="Run_Claims_Checks_Cleared" time="4.850" classname="Automation.Claims.Claims_Checks_Cleared_RunTest"/>
  <testcase name="Run_Claims_Checks_Cleared" time="4.492" classname="Automation.Claims.Claims_Checks_Cleared_RunTest"/>
  <testcase name="Run_Claims_Checks_Cleared" time="4.266" classname="Automation.Claims.Claims_Checks_Cleared_RunTest"/>
  <testcase name="Run_Claims_Checks_Cleared" time="4.707" classname="Automation.Claims.Claims_Checks_Cleared_RunTest"/>
  <testcase name="Run_Claims_Checks_Cleared" time="4.510" classname="Automation.Claims.Claims_Checks_Cleared_RunTest"/>
  <testcase name="Run_Claims_Checks_Cleared" time="4.210" classname="Automation.Claims.Claims_Checks_Cleared_RunTest"/>
  <testcase name="Run_Claims_Checks_Cleared" time="4.378" classname="Automation.Claims.Claims_Checks_Cleared_RunTest"/>
  <testcase name="Run_Claims_Checks_Cleared" time="4.492" classname="Automation.Claims.Claims_Checks_Cleared_RunTest"/>
  <testcase name="Run_Claims_Checks_Cleared" time="5.293" classname="Automation.Claims.Claims_Checks_Cleared_RunTest"/>
  <testcase name="Run_Claims_Checks_Cleared" time="4.794" classname="Automation.Claims.Claims_Checks_Cleared_RunTest"/>
  <testcase name="Run_Claims_Checks_Cleared" time="4.351" classname="Automation.Claims.Claims_Checks_Cleared_RunTest"/>
  <testcase name="Run_Claims_Checks_Cleared" time="4.626" classname="Automation.Claims.Claims_Checks_Cleared_RunTest"/>
  <testcase name="Run_Claims_Checks_Cleared" time="4.698" classname="Automation.Claims.Claims_Checks_Cleared_RunTest"/>
  <testcase name="Run_Claims_Checks_Cleared" time="5.573" classname="Automation.Claims.Claims_Checks_Cleared_RunTest"/>
  <testcase name="Run_Claims_Checks_Cleared" time="4.535" classname="Automation.Claims.Claims_Checks_Cleared_RunTest"/>
  <testcase name="Run_Claims_Checks_Cleared" time="4.544" classname="Automation.Claims.Claims_Checks_Cleared_RunTest"/>
  <testcase name="Run_Claims_Checks_Cleared" time="4.526" classname="Automation.Claims.Claims_Checks_Cleared_RunTest"/>
  <testcase name="Run_Claims_Checks_Cleared" time="4.658" classname="Automation.Claims.Claims_Checks_Cleared_RunTest"/>
  <testcase name="Run_Claims_Checks_Cleared" time="5.889" classname="Automation.Claims.Claims_Checks_Cleared_RunTest"/>
  <testcase name="Run_Claims_Checks_Cleared" time="4.461" classname="Automation.Claims.Claims_Checks_Cleared_RunTest"/>
  <testcase name="Run_Claims_Checks_Cleared" time="4.830" classname="Automation.Claims.Claims_Checks_Cleared_RunTest"/>
  <testcase name="Run_Claims_Checks_Cleared" time="5.512" classname="Automation.Claims.Claims_Checks_Cleared_RunTest"/>
  <testcase name="Run_Claims_Checks_Cleared" time="4.167" classname="Automation.Claims.Claims_Checks_Cleared_RunTest"/>
  <testcase name="Run_Claims_Checks_Cleared" time="4.891" classname="Automation.Claims.Claims_Checks_Cleared_RunTest"/>
  <testcase name="Run_Claims_Checks_Cleared" time="4.456" classname="Automation.Claims.Claims_Checks_Cleared_RunTest"/>
  <testcase name="Run_Claims_Checks_Cleared" time="4.695" classname="Automation.Claims.Claims_Checks_Cleared_RunTest"/>
  <testcase name="Run_Claims_Checks_Cleared" time="4.739" classname="Automation.Claims.Claims_Checks_Cleared_RunTest"/>
  <testcase name="Run_Claims_Checks_Cleared" time="4.964" classname="Automation.Claims.Claims_Checks_Cleared_RunTest"/>
  <testcase name="Run_Claims_Checks_Cleared" time="5.160" classname="Automation.Claims.Claims_Checks_Cleared_RunTest"/>
  <testcase name="Run_Claims_Checks_Cleared" time="4.381" classname="Automation.Claims.Claims_Checks_Cleared_RunTest"/>
  <testcase name="Run_Claims_Checks_Cleared" time="4.613" classname="Automation.Claims.Claims_Checks_Cleared_RunTest"/>
  <testcase name="Run_Claims_Checks_Cleared" time="4.583" classname="Automation.Claims.Claims_Checks_Cleared_RunTest"/>
  <testcase name="Run_Claims_Checks_Cleared" time="4.186" classname="Automation.Claims.Claims_Checks_Cleared_RunTest"/>
  <testcase name="Run_Claims_Checks_Cleared" time="7.758" classname="Automation.Claims.Claims_Checks_Cleared_RunTest"/>
  <testcase name="Run_Claims_Checks_Cleared" time="4.450" classname="Automation.Claims.Claims_Checks_Cleared_RunTest"/>
  <testcase name="Run_Claims_Checks_Cleared" time="4.150" classname="Automation.Claims.Claims_Checks_Cleared_RunTest"/>
  <testcase name="Run_Claims_Checks_Cleared" time="5.435" classname="Automation.Claims.Claims_Checks_Cleared_RunTest"/>
  <testcase name="Run_Claims_Checks_Cleared" time="4.361" classname="Automation.Claims.Claims_Checks_Cleared_RunTest"/>
  <testcase name="Run_Claims_Checks_Cleared" time="4.468" classname="Automation.Claims.Claims_Checks_Cleared_RunTest"/>
  <testcase name="Run_Claims_Checks_Cleared" time="4.304" classname="Automation.Claims.Claims_Checks_Cleared_RunTest"/>
  <testcase name="Run_Claims_Checks_Cleared" time="4.494" classname="Automation.Claims.Claims_Checks_Cleared_RunTest"/>
  <testcase name="Run_Claims_Checks_Cleared" time="4.554" classname="Automation.Claims.Claims_Checks_Cleared_RunTest"/>
  <testcase name="Run_Claims_Checks_Cleared" time="4.734" classname="Automation.Claims.Claims_Checks_Cleared_RunTest"/>
  <testcase name="Run_Claims_Checks_Cleared" time="5.372" classname="Automation.Claims.Claims_Checks_Cleared_RunTest"/>
  <testcase name="Run_Claims_Checks_Cleared" time="4.481" classname="Automation.Claims.Claims_Checks_Cleared_RunTest"/>
  <testcase name="Run_Claims_Checks_Cleared" time="4.612" classname="Automation.Claims.Claims_Checks_Cleared_RunTest"/>
  <testcase name="Run_Claims_Checks_Cleared" time="4.574" classname="Automation.Claims.Claims_Checks_Cleared_RunTest"/>
  <testcase name="Run_Claims_Checks_Cleared" time="4.450" classname="Automation.Claims.Claims_Checks_Cleared_RunTest"/>
  <testcase name="Run_Claims_Checks_Cleared" time="4.988" classname="Automation.Claims.Claims_Checks_Cleared_RunTest"/>
  <testcase name="Run_Claims_Checks_Cleared" time="4.691" classname="Automation.Claims.Claims_Checks_Cleared_RunTest"/>
  <testcase name="Run_Claims_Checks_Cleared" time="4.694" classname="Automation.Claims.Claims_Checks_Cleared_RunTest"/>
  <testcase name="Run_Claims_Checks_Cleared" time="5.020" classname="Automation.Claims.Claims_Checks_Cleared_RunTest"/>
  <testcase name="Run_Claims_Checks_Cleared" time="4.621" classname="Automation.Claims.Claims_Checks_Cleared_RunTest"/>
  <testcase name="Run_Claims_Checks_Cleared" time="4.504" classname="Automation.Claims.Claims_Checks_Cleared_RunTest"/>
  <testcase name="Run_Claims_Checks_Cleared" time="5.357" classname="Automation.Claims.Claims_Checks_Cleared_RunTest"/>
  <testcase name="Run_Claims_Checks_Cleared" time="5.096" classname="Automation.Claims.Claims_Checks_Cleared_RunTest"/>
  <testcase name="Run_Claims_Checks_Cleared" time="4.642" classname="Automation.Claims.Claims_Checks_Cleared_RunTest"/>
  <testcase name="Run_Claims_Checks_Cleared" time="4.347" classname="Automation.Claims.Claims_Checks_Cleared_RunTest"/>
  <testcase name="Run_Claims_Checks_Cleared" time="4.605" classname="Automation.Claims.Claims_Checks_Cleared_RunTest"/>
  <testcase name="Run_Claims_Checks_Cleared" time="4.735" classname="Automation.Claims.Claims_Checks_Cleared_RunTest"/>
  <testcase name="Run_Claims_Checks_Cleared" time="4.467" classname="Automation.Claims.Claims_Checks_Cleared_RunTest"/>
  <testcase name="Run_Claims_Checks_Cleared" time="5.101" classname="Automation.Claims.Claims_Checks_Cleared_RunTest"/>
  <testcase name="Run_Claims_Checks_Cleared" time="4.317" classname="Automation.Claims.Claims_Checks_Cleared_RunTest"/>
  <testcase name="Run_Claims_Checks_Cleared" time="4.406" classname="Automation.Claims.Claims_Checks_Cleared_RunTest"/>
  <testcase name="Run_Claims_Checks_Cleared" time="4.768" classname="Automation.Claims.Claims_Checks_Cleared_RunTest"/>
  <testcase name="Run_Claims_Checks_Cleared" time="4.290" classname="Automation.Claims.Claims_Checks_Cleared_RunTest"/>
  <testcase name="Run_Claims_Checks_Cleared" time="4.636" classname="Automation.Claims.Claims_Checks_Cleared_RunTest"/>
  <testcase name="Run_Claims_Checks_Cleared" time="4.341" classname="Automation.Claims.Claims_Checks_Cleared_RunTest"/>
  <testcase name="Run_Claims_Checks_Cleared" time="4.349" classname="Automation.Claims.Claims_Checks_Cleared_RunTest"/>
  <testcase name="Run_Claims_Checks_Cleared" time="4.640" classname="Automation.Claims.Claims_Checks_Cleared_RunTest"/>
  <testcase name="Run_Claims_Checks_Cleared" time="4.364" classname="Automation.Claims.Claims_Checks_Cleared_RunTest"/>
  <testcase name="Run_Claims_Checks_Cleared" time="4.640" classname="Automation.Claims.Claims_Checks_Cleared_RunTest"/>
  <testcase name="Run_Claims_Checks_Cleared" time="5.467" classname="Automation.Claims.Claims_Checks_Cleared_RunTest"/>
  <testcase name="Run_Claims_Checks_Cleared" time="4.506" classname="Automation.Claims.Claims_Checks_Cleared_RunTest"/>
  <testcase name="Run_Claims_Checks_Cleared" time="4.723" classname="Automation.Claims.Claims_Checks_Cleared_RunTest"/>
  <testcase name="Run_Claims_Checks_Cleared" time="4.339" classname="Automation.Claims.Claims_Checks_Cleared_RunTest"/>
  <testcase name="Run_Claims_Checks_Cleared" time="4.549" classname="Automation.Claims.Claims_Checks_Cleared_RunTest"/>
  <testcase name="Run_Claims_Checks_Cleared" time="5.298" classname="Automation.Claims.Claims_Checks_Cleared_RunTest"/>
  <testcase name="Run_Claims_Checks_Cleared" time="4.564" classname="Automation.Claims.Claims_Checks_Cleared_RunTest"/>
  <testcase name="Run_Claims_Checks_Cleared" time="4.481" classname="Automation.Claims.Claims_Checks_Cleared_RunTest"/>
  <testcase name="Run_Claims_Checks_Cleared" time="4.590" classname="Automation.Claims.Claims_Checks_Cleared_RunTest"/>
  <testcase name="Run_Claims_Checks_Cleared" time="4.190" classname="Automation.Claims.Claims_Checks_Cleared_RunTest"/>
  <testcase name="Run_Claims_Checks_Cleared" time="4.810" classname="Automation.Claims.Claims_Checks_Cleared_RunTest"/>
  <testcase name="Run_Claims_Checks_Cleared" time="4.849" classname="Automation.Claims.Claims_Checks_Cleared_RunTest"/>
  <testcase name="Run_Claims_Checks_Cleared" time="5.788" classname="Automation.Claims.Claims_Checks_Cleared_RunTest"/>
  <testcase name="Run_Claims_Checks_Cleared" time="5.815" classname="Automation.Claims.Claims_Checks_Cleared_RunTest"/>
  <testcase name="Run_Claims_Checks_Cleared" time="4.742" classname="Automation.Claims.Claims_Checks_Cleared_RunTest"/>
  <testcase name="Run_Claims_Checks_Cleared" time="4.932" classname="Automation.Claims.Claims_Checks_Cleared_RunTest"/>
  <testcase name="Run_Claims_Checks_Cleared" time="5.922" classname="Automation.Claims.Claims_Checks_Cleared_RunTest"/>
  <testcase name="Run_Claims_Checks_Cleared" time="4.451" classname="Automation.Claims.Claims_Checks_Cleared_RunTest"/>
  <testcase name="Run_Claims_Checks_Cleared" time="4.340" classname="Automation.Claims.Claims_Checks_Cleared_RunTest"/>
  <testcase name="Run_Claims_Checks_Cleared" time="3.965" classname="Automation.Claims.Claims_Checks_Cleared_RunTest"/>
  <testcase name="Run_Claims_Checks_Cleared" time="4.331" classname="Automation.Claims.Claims_Checks_Cleared_RunTest"/>
  <testcase name="Run_Claims_Checks_Cleared" time="4.566" classname="Automation.Claims.Claims_Checks_Cleared_RunTest"/>
  <testcase name="Run_Claims_Checks_Cleared" time="4.886" classname="Automation.Claims.Claims_Checks_Cleared_RunTest"/>
  <testcase name="Run_Claims_Checks_Cleared" time="4.933" classname="Automation.Claims.Claims_Checks_Cleared_RunTest"/>
  <testcase name="Run_Claims_Checks_Cleared" time="4.495" classname="Automation.Claims.Claims_Checks_Cleared_RunTest"/>
  <testcase name="Run_Claims_Checks_Cleared" time="4.839" classname="Automation.Claims.Claims_Checks_Cleared_RunTest"/>
  <testcase name="Run_Claims_Checks_Cleared" time="4.845" classname="Automation.Claims.Claims_Checks_Cleared_RunTest"/>
  <testcase name="Run_Claims_Checks_Cleared" time="5.635" classname="Automation.Claims.Claims_Checks_Cleared_RunTest"/>
  <testcase name="Run_Claims_Checks_Cleared" time="4.781" classname="Automation.Claims.Claims_Checks_Cleared_RunTest"/>
  <testcase name="Run_Claims_Checks_Cleared" time="5.210" classname="Automation.Claims.Claims_Checks_Cleared_RunTest"/>
  <testcase name="Run_Claims_Checks_Cleared" time="4.963" classname="Automation.Claims.Claims_Checks_Cleared_RunTest"/>
  <testcase name="Run_Claims_Checks_Cleared" time="4.657" classname="Automation.Claims.Claims_Checks_Cleared_RunTest"/>
  <testcase name="Run_Claims_Checks_Cleared" time="4.839" classname="Automation.Claims.Claims_Checks_Cleared_RunTest"/>
  <testcase name="Run_Claims_Checks_Cleared" time="4.550" classname="Automation.Claims.Claims_Checks_Cleared_RunTest"/>
  <testcase name="Run_Claims_Checks_Cleared" time="4.722" classname="Automation.Claims.Claims_Checks_Cleared_RunTest"/>
  <testcase name="Run_Claims_Checks_Cleared" time="4.285" classname="Automation.Claims.Claims_Checks_Cleared_RunTest"/>
  <testcase name="Run_Claims_Checks_Cleared" time="5.000" classname="Automation.Claims.Claims_Checks_Cleared_RunTest"/>
  <testcase name="Run_Claims_Checks_Cleared" time="4.898" classname="Automation.Claims.Claims_Checks_Cleared_RunTest"/>
  <testcase name="Run_Claims_Checks_Cleared" time="5.248" classname="Automation.Claims.Claims_Checks_Cleared_RunTest"/>
  <testcase name="Run_Claims_Checks_Cleared" time="4.793" classname="Automation.Claims.Claims_Checks_Cleared_RunTest"/>
  <testcase name="Run_Claims_Checks_Cleared" time="4.683" classname="Automation.Claims.Claims_Checks_Cleared_RunTest"/>
  <testcase name="Run_Claims_Checks_Cleared" time="4.525" classname="Automation.Claims.Claims_Checks_Cleared_RunTest"/>
  <testcase name="Run_Claims_Checks_Cleared" time="4.719" classname="Automation.Claims.Claims_Checks_Cleared_RunTest"/>
  <testcase name="Run_Claims_Checks_Cleared" time="5.071" classname="Automation.Claims.Claims_Checks_Cleared_RunTest"/>
  <testcase name="Run_Claims_Checks_Cleared" time="4.418" classname="Automation.Claims.Claims_Checks_Cleared_RunTest"/>
  <testcase name="Run_Claims_Checks_Cleared" time="5.161" classname="Automation.Claims.Claims_Checks_Cleared_RunTest"/>
  <testcase name="Run_Claims_Checks_Cleared" time="4.908" classname="Automation.Claims.Claims_Checks_Cleared_RunTest"/>
  <testcase name="Run_Claims_Checks_Cleared" time="4.966" classname="Automation.Claims.Claims_Checks_Cleared_RunTest"/>
  <testcase name="Run_Claims_Checks_Cleared" time="5.446" classname="Automation.Claims.Claims_Checks_Cleared_RunTest"/>
  <testcase name="Run_Claims_Checks_Cleared" time="4.550" classname="Automation.Claims.Claims_Checks_Cleared_RunTest"/>
  <testcase name="Run_Claims_Checks_Cleared" time="4.532" classname="Automation.Claims.Claims_Checks_Cleared_RunTest"/>
  <testcase name="Run_Claims_Checks_Cleared" time="4.476" classname="Automation.Claims.Claims_Checks_Cleared_RunTest"/>
  <testcase name="Run_Claims_Checks_Cleared" time="4.938" classname="Automation.Claims.Claims_Checks_Cleared_RunTest"/>
  <testcase name="Run_Claims_Checks_Cleared" time="4.425" classname="Automation.Claims.Claims_Checks_Cleared_RunTest"/>
  <testcase name="Run_Claims_Checks_Cleared" time="5.054" classname="Automation.Claims.Claims_Checks_Cleared_RunTest"/>
  <testcase name="Run_Claims_Checks_Cleared" time="5.268" classname="Automation.Claims.Claims_Checks_Cleared_RunTest"/>
  <testcase name="Run_Claims_Checks_Cleared" time="5.135" classname="Automation.Claims.Claims_Checks_Cleared_RunTest"/>
  <testcase name="Run_Claims_Checks_Cleared" time="4.213" classname="Automation.Claims.Claims_Checks_Cleared_RunTest"/>
  <testcase name="Run_Claims_Checks_Cleared" time="4.661" classname="Automation.Claims.Claims_Checks_Cleared_RunTest"/>
  <testcase name="Run_Claims_Checks_Cleared" time="4.286" classname="Automation.Claims.Claims_Checks_Cleared_RunTest"/>
  <testcase name="Run_Claims_Checks_Cleared" time="4.782" classname="Automation.Claims.Claims_Checks_Cleared_RunTest"/>
  <testcase name="Run_Claims_Checks_Cleared" time="4.325" classname="Automation.Claims.Claims_Checks_Cleared_RunTest"/>
  <testcase name="Run_Claims_Checks_Cleared" time="4.682" classname="Automation.Claims.Claims_Checks_Cleared_RunTest"/>
  <testcase name="Run_Claims_Checks_Cleared" time="4.316" classname="Automation.Claims.Claims_Checks_Cleared_RunTest"/>
  <testcase name="Run_Claims_Checks_Cleared" time="4.543" classname="Automation.Claims.Claims_Checks_Cleared_RunTest"/>
  <testcase name="Run_Claims_Checks_Cleared" time="4.399" classname="Automation.Claims.Claims_Checks_Cleared_RunTest"/>
  <testcase name="Run_Claims_Checks_Cleared" time="4.994" classname="Automation.Claims.Claims_Checks_Cleared_RunTest"/>
  <testcase name="Run_Claims_Checks_Cleared" time="5.332" classname="Automation.Claims.Claims_Checks_Cleared_RunTest"/>
  <testcase name="Run_Claims_Checks_Cleared" time="4.989" classname="Automation.Claims.Claims_Checks_Cleared_RunTest"/>
  <testcase name="Run_Claims_Checks_Cleared" time="4.374" classname="Automation.Claims.Claims_Checks_Cleared_RunTest"/>
  <testcase name="Run_Claims_Checks_Cleared" time="4.724" classname="Automation.Claims.Claims_Checks_Cleared_RunTest"/>
  <testcase name="Run_Claims_Checks_Cleared" time="4.433" classname="Automation.Claims.Claims_Checks_Cleared_RunTest"/>
  <testcase name="Run_Claims_Checks_Cleared" time="4.675" classname="Automation.Claims.Claims_Checks_Cleared_RunTest"/>
  <testcase name="Run_Claims_Checks_Cleared" time="4.603" classname="Automation.Claims.Claims_Checks_Cleared_RunTest"/>
  <testcase name="Run_Claims_Checks_Cleared" time="4.306" classname="Automation.Claims.Claims_Checks_Cleared_RunTest"/>
  <testcase name="Run_Claims_Checks_Cleared" time="4.953" classname="Automation.Claims.Claims_Checks_Cleared_RunTest"/>
  <testcase name="Run_Claims_Checks_Cleared" time="4.728" classname="Automation.Claims.Claims_Checks_Cleared_RunTest"/>
  <testcase name="Run_Claims_Checks_Cleared" time="6.279" classname="Automation.Claims.Claims_Checks_Cleared_RunTest"/>
  <testcase name="Run_Claims_Checks_Cleared" time="5.222" classname="Automation.Claims.Claims_Checks_Cleared_RunTest"/>
  <testcase name="Run_Claims_Checks_Cleared" time="4.352" classname="Automation.Claims.Claims_Checks_Cleared_RunTest"/>
  <testcase name="Run_Claims_Checks_Cleared" time="4.656" classname="Automation.Claims.Claims_Checks_Cleared_RunTest"/>
  <testcase name="Run_Claims_Checks_Cleared" time="6.506" classname="Automation.Claims.Claims_Checks_Cleared_RunTest"/>
  <testcase name="Run_Claims_Checks_Cleared" time="4.638" classname="Automation.Claims.Claims_Checks_Cleared_RunTest"/>
  <testcase name="Run_Claims_Checks_Cleared" time="5.058" classname="Automation.Claims.Claims_Checks_Cleared_RunTest"/>
  <testcase name="Run_Claims_Checks_Cleared" time="4.865" classname="Automation.Claims.Claims_Checks_Cleared_RunTest"/>
  <testcase name="Run_Claims_Checks_Cleared" time="4.771" classname="Automation.Claims.Claims_Checks_Cleared_RunTest"/>
  <testcase name="Run_Claims_Checks_Cleared" time="4.740" classname="Automation.Claims.Claims_Checks_Cleared_RunTest"/>
  <testcase name="Run_Claims_Checks_Cleared" time="4.549" classname="Automation.Claims.Claims_Checks_Cleared_RunTest"/>
  <testcase name="Run_Claims_Checks_Cleared" time="4.764" classname="Automation.Claims.Claims_Checks_Cleared_RunTest"/>
  <testcase name="Run_Claims_Checks_Cleared" time="4.781" classname="Automation.Claims.Claims_Checks_Cleared_RunTest"/>
  <testcase name="Run_Claims_Checks_Cleared" time="4.728" classname="Automation.Claims.Claims_Checks_Cleared_RunTest"/>
  <testcase name="Run_Claims_Checks_Cleared" time="4.493" classname="Automation.Claims.Claims_Checks_Cleared_RunTest"/>
  <testcase name="Run_Claims_Checks_Cleared" time="4.570" classname="Automation.Claims.Claims_Checks_Cleared_RunTest"/>
  <testcase name="Run_Claims_Checks_Cleared" time="4.426" classname="Automation.Claims.Claims_Checks_Cleared_RunTest"/>
  <testcase name="Run_Claims_Checks_Cleared" time="4.462" classname="Automation.Claims.Claims_Checks_Cleared_RunTest"/>
  <testcase name="Run_Claims_Checks_Cleared" time="4.431" classname="Automation.Claims.Claims_Checks_Cleared_RunTest"/>
  <testcase name="Run_Claims_Checks_Cleared" time="5.272" classname="Automation.Claims.Claims_Checks_Cleared_RunTest"/>
  <testcase name="Run_Claims_Checks_Cleared" time="4.553" classname="Automation.Claims.Claims_Checks_Cleared_RunTest"/>
  <testcase name="Run_Claims_Checks_Cleared" time="4.556" classname="Automation.Claims.Claims_Checks_Cleared_RunTest"/>
  <testcase name="Run_Claims_Checks_Cleared" time="5.150" classname="Automation.Claims.Claims_Checks_Cleared_RunTest"/>
  <testcase name="Run_Claims_Checks_Cleared" time="4.515" classname="Automation.Claims.Claims_Checks_Cleared_RunTest"/>
  <testcase name="Run_Claims_Checks_Cleared" time="4.645" classname="Automation.Claims.Claims_Checks_Cleared_RunTest"/>
  <testcase name="Run_Claims_Checks_Cleared" time="4.612" classname="Automation.Claims.Claims_Checks_Cleared_RunTest"/>
  <testcase name="Run_Claims_Checks_Cleared" time="4.711" classname="Automation.Claims.Claims_Checks_Cleared_RunTest"/>
  <testcase name="Run_Claims_Checks_Cleared" time="4.973" classname="Automation.Claims.Claims_Checks_Cleared_RunTest"/>
  <testcase name="Run_Claims_Checks_Cleared" time="4.651" classname="Automation.Claims.Claims_Checks_Cleared_RunTest"/>
  <testcase name="Run_Claims_Checks_Cleared" time="6.624" classname="Automation.Claims.Claims_Checks_Cleared_RunTest"/>
  <testcase name="Run_Claims_Checks_Cleared" time="4.437" classname="Automation.Claims.Claims_Checks_Cleared_RunTest"/>
  <testcase name="Run_Claims_Checks_Cleared" time="5.094" classname="Automation.Claims.Claims_Checks_Cleared_RunTest"/>
  <testcase name="Run_Claims_Checks_Cleared" time="4.289" classname="Automation.Claims.Claims_Checks_Cleared_RunTest"/>
  <testcase name="Run_Claims_Checks_Cleared" time="5.510" classname="Automation.Claims.Claims_Checks_Cleared_RunTest"/>
  <testcase name="Run_Claims_Checks_Cleared" time="4.400" classname="Automation.Claims.Claims_Checks_Cleared_RunTest"/>
  <testcase name="Run_Claims_Checks_Cleared" time="4.948" classname="Automation.Claims.Claims_Checks_Cleared_RunTest"/>
  <testcase name="Run_Claims_Checks_Cleared" time="4.839" classname="Automation.Claims.Claims_Checks_Cleared_RunTest"/>
  <testcase name="Run_Claims_Checks_Cleared" time="4.977" classname="Automation.Claims.Claims_Checks_Cleared_RunTest"/>
  <testcase name="Run_Claims_Checks_Cleared" time="4.459" classname="Automation.Claims.Claims_Checks_Cleared_RunTest"/>
  <testcase name="Run_Claims_Checks_Cleared" time="4.615" classname="Automation.Claims.Claims_Checks_Cleared_RunTest"/>
  <testcase name="Run_Claims_Checks_Cleared" time="4.598" classname="Automation.Claims.Claims_Checks_Cleared_RunTest"/>
  <testcase name="Run_Claims_Checks_Cleared" time="4.466" classname="Automation.Claims.Claims_Checks_Cleared_RunTest"/>
  <testcase name="Run_Claims_Checks_Cleared" time="4.466" classname="Automation.Claims.Claims_Checks_Cleared_RunTest"/>
  <testcase name="Run_Claims_Checks_Cleared" time="5.497" classname="Automation.Claims.Claims_Checks_Cleared_RunTest"/>
  <testcase name="Run_Claims_Checks_Cleared" time="4.427" classname="Automation.Claims.Claims_Checks_Cleared_RunTest"/>
  <testcase name="Run_Claims_Checks_Cleared" time="4.360" classname="Automation.Claims.Claims_Checks_Cleared_RunTest"/>
  <testcase name="Run_Claims_Checks_Cleared" time="4.757" classname="Automation.Claims.Claims_Checks_Cleared_RunTest"/>
  <testcase name="Run_Claims_Checks_Cleared" time="5.110" classname="Automation.Claims.Claims_Checks_Cleared_RunTest"/>
  <testcase name="Run_Claims_Checks_Cleared" time="4.671" classname="Automation.Claims.Claims_Checks_Cleared_RunTest"/>
  <testcase name="Run_Claims_Checks_Cleared" time="4.386" classname="Automation.Claims.Claims_Checks_Cleared_RunTest"/>
  <testcase name="Run_Claims_Checks_Cleared" time="4.372" classname="Automation.Claims.Claims_Checks_Cleared_RunTest"/>
  <testcase name="Run_Claims_Checks_Cleared" time="5.214" classname="Automation.Claims.Claims_Checks_Cleared_RunTest"/>
  <testcase name="Run_Claims_Checks_Cleared" time="4.421" classname="Automation.Claims.Claims_Checks_Cleared_RunTest"/>
  <testcase name="Run_Claims_Checks_Cleared" time="4.489" classname="Automation.Claims.Claims_Checks_Cleared_RunTest"/>
  <testcase name="Run_Claims_Checks_Cleared" time="5.190" classname="Automation.Claims.Claims_Checks_Cleared_RunTest"/>
  <testcase name="Run_Claims_Checks_Cleared" time="4.025" classname="Automation.Claims.Claims_Checks_Cleared_RunTest"/>
  <testcase name="Run_Claims_Checks_Cleared" time="4.705" classname="Automation.Claims.Claims_Checks_Cleared_RunTest"/>
  <testcase name="Run_Claims_Checks_Cleared" time="4.641" classname="Automation.Claims.Claims_Checks_Cleared_RunTest"/>
  <testcase name="Run_Claims_Checks_Cleared" time="4.454" classname="Automation.Claims.Claims_Checks_Cleared_RunTest"/>
  <testcase name="Run_Claims_Checks_Cleared" time="4.388" classname="Automation.Claims.Claims_Checks_Cleared_RunTest"/>
  <testcase name="Run_Claims_Checks_Cleared" time="4.841" classname="Automation.Claims.Claims_Checks_Cleared_RunTest"/>
  <testcase name="Run_Claims_Checks_Cleared" time="4.629" classname="Automation.Claims.Claims_Checks_Cleared_RunTest"/>
  <testcase name="Run_Claims_Checks_Cleared" time="4.469" classname="Automation.Claims.Claims_Checks_Cleared_RunTest"/>
  <testcase name="Run_Claims_Checks_Cleared" time="4.570" classname="Automation.Claims.Claims_Checks_Cleared_RunTest"/>
  <testcase name="Run_Claims_Checks_Cleared" time="4.625" classname="Automation.Claims.Claims_Checks_Cleared_RunTest"/>
  <testcase name="Run_Claims_Checks_Cleared" time="4.393" classname="Automation.Claims.Claims_Checks_Cleared_RunTest"/>
  <testcase name="Run_Claims_Checks_Cleared" time="4.251" classname="Automation.Claims.Claims_Checks_Cleared_RunTest"/>
  <testcase name="Run_Claims_Checks_Cleared" time="4.395" classname="Automation.Claims.Claims_Checks_Cleared_RunTest"/>
  <testcase name="Run_Claims_Checks_Cleared" time="4.755" classname="Automation.Claims.Claims_Checks_Cleared_RunTest"/>
  <testcase name="Run_Claims_Checks_Cleared" time="4.379" classname="Automation.Claims.Claims_Checks_Cleared_RunTest"/>
  <testcase name="Run_Claims_Checks_Cleared" time="4.672" classname="Automation.Claims.Claims_Checks_Cleared_RunTest"/>
  <testcase name="Run_Claims_Checks_Cleared" time="4.361" classname="Automation.Claims.Claims_Checks_Cleared_RunTest"/>
  <testcase name="Run_Claims_Checks_Cleared" time="5.444" classname="Automation.Claims.Claims_Checks_Cleared_RunTest"/>
  <testcase name="Run_Claims_Checks_Cleared" time="4.794" classname="Automation.Claims.Claims_Checks_Cleared_RunTest"/>
  <testcase name="Run_Claims_Checks_Cleared" time="4.276" classname="Automation.Claims.Claims_Checks_Cleared_RunTest"/>
  <testcase name="Run_Claims_Checks_Cleared" time="4.475" classname="Automation.Claims.Claims_Checks_Cleared_RunTest"/>
  <testcase name="Run_Claims_Checks_Cleared" time="4.770" classname="Automation.Claims.Claims_Checks_Cleared_RunTest"/>
  <testcase name="Run_Claims_Checks_Cleared" time="4.535" classname="Automation.Claims.Claims_Checks_Cleared_RunTest"/>
  <testcase name="Run_Claims_Checks_Cleared" time="4.641" classname="Automation.Claims.Claims_Checks_Cleared_RunTest"/>
  <testcase name="Run_Claims_Checks_Cleared" time="4.903" classname="Automation.Claims.Claims_Checks_Cleared_RunTest"/>
  <testcase name="Run_Claims_Checks_Cleared" time="4.888" classname="Automation.Claims.Claims_Checks_Cleared_RunTest"/>
  <testcase name="Run_Claims_Checks_Cleared" time="6.386" classname="Automation.Claims.Claims_Checks_Cleared_RunTest"/>
  <testcase name="Run_Claims_Checks_Cleared" time="4.681" classname="Automation.Claims.Claims_Checks_Cleared_RunTest"/>
  <testcase name="Run_Claims_Checks_Cleared" time="4.883" classname="Automation.Claims.Claims_Checks_Cleared_RunTest"/>
  <testcase name="Run_Claims_Checks_Cleared" time="6.041" classname="Automation.Claims.Claims_Checks_Cleared_RunTest"/>
  <testcase name="Run_Claims_Checks_Cleared" time="4.595" classname="Automation.Claims.Claims_Checks_Cleared_RunTest"/>
  <testcase name="Run_Claims_Checks_Cleared" time="4.030" classname="Automation.Claims.Claims_Checks_Cleared_RunTest"/>
  <testcase name="Run_Claims_Checks_Cleared" time="5.238" classname="Automation.Claims.Claims_Checks_Cleared_RunTest"/>
  <testcase name="Run_Claims_Checks_Cleared" time="4.967" classname="Automation.Claims.Claims_Checks_Cleared_RunTest"/>
  <testcase name="Run_Claims_Checks_Cleared" time="4.407" classname="Automation.Claims.Claims_Checks_Cleared_RunTest"/>
  <testcase name="Run_Claims_Checks_Cleared" time="4.792" classname="Automation.Claims.Claims_Checks_Cleared_RunTest"/>
  <testcase name="Run_Claims_Checks_Cleared" time="4.475" classname="Automation.Claims.Claims_Checks_Cleared_RunTest"/>
  <testcase name="Run_Claims_Checks_Cleared" time="4.611" classname="Automation.Claims.Claims_Checks_Cleared_RunTest"/>
  <testcase name="Run_Claims_Checks_Cleared" time="4.626" classname="Automation.Claims.Claims_Checks_Cleared_RunTest"/>
  <testcase name="Run_Claims_Checks_Cleared" time="4.625" classname="Automation.Claims.Claims_Checks_Cleared_RunTest"/>
  <testcase name="Run_Claims_Checks_Cleared" time="4.742" classname="Automation.Claims.Claims_Checks_Cleared_RunTest"/>
  <testcase name="Run_Claims_Checks_Cleared" time="4.838" classname="Automation.Claims.Claims_Checks_Cleared_RunTest"/>
  <testcase name="Run_Claims_Checks_Cleared" time="4.368" classname="Automation.Claims.Claims_Checks_Cleared_RunTest"/>
  <testcase name="Run_Claims_Checks_Cleared" time="4.188" classname="Automation.Claims.Claims_Checks_Cleared_RunTest"/>
  <testcase name="Run_Claims_Checks_Cleared" time="4.440" classname="Automation.Claims.Claims_Checks_Cleared_RunTest"/>
  <testcase name="Run_Claims_Checks_Cleared" time="4.546" classname="Automation.Claims.Claims_Checks_Cleared_RunTest"/>
  <testcase name="Run_Claims_Checks_Cleared" time="5.344" classname="Automation.Claims.Claims_Checks_Cleared_RunTest"/>
  <testcase name="Run_Claims_Checks_Cleared" time="4.576" classname="Automation.Claims.Claims_Checks_Cleared_RunTest"/>
  <testcase name="Run_Claims_Checks_Cleared" time="4.686" classname="Automation.Claims.Claims_Checks_Cleared_RunTest"/>
  <testcase name="Run_Claims_Checks_Cleared" time="4.434" classname="Automation.Claims.Claims_Checks_Cleared_RunTest"/>
  <testcase name="Run_Claims_Checks_Cleared" time="4.638" classname="Automation.Claims.Claims_Checks_Cleared_RunTest"/>
  <testcase name="Run_Claims_Checks_Cleared" time="4.313" classname="Automation.Claims.Claims_Checks_Cleared_RunTest"/>
  <testcase name="Run_Claims_Checks_Cleared" time="4.299" classname="Automation.Claims.Claims_Checks_Cleared_RunTest"/>
  <testcase name="Run_Claims_Checks_Cleared" time="4.795" classname="Automation.Claims.Claims_Checks_Cleared_RunTest"/>
  <testcase name="Run_Claims_Checks_Cleared" time="4.703" classname="Automation.Claims.Claims_Checks_Cleared_RunTest"/>
  <testcase name="Run_Claims_Checks_Cleared" time="4.726" classname="Automation.Claims.Claims_Checks_Cleared_RunTest"/>
  <testcase name="Run_Claims_Checks_Cleared" time="4.541" classname="Automation.Claims.Claims_Checks_Cleared_RunTest"/>
  <testcase name="Run_Claims_Checks_Cleared" time="4.574" classname="Automation.Claims.Claims_Checks_Cleared_RunTest"/>
  <testcase name="Run_Claims_Checks_Cleared" time="4.943" classname="Automation.Claims.Claims_Checks_Cleared_RunTest"/>
  <testcase name="Run_Claims_Checks_Cleared" time="4.768" classname="Automation.Claims.Claims_Checks_Cleared_RunTest"/>
  <testcase name="Run_Claims_Checks_Cleared" time="4.729" classname="Automation.Claims.Claims_Checks_Cleared_RunTest"/>
  <testcase name="Run_Claims_Checks_Cleared" time="4.614" classname="Automation.Claims.Claims_Checks_Cleared_RunTest"/>
  <testcase name="Run_Claims_Checks_Cleared" time="4.249" classname="Automation.Claims.Claims_Checks_Cleared_RunTest"/>
  <testcase name="Run_Claims_Checks_Cleared" time="4.658" classname="Automation.Claims.Claims_Checks_Cleared_RunTest"/>
  <testcase name="Run_Claims_Checks_Cleared" time="5.742" classname="Automation.Claims.Claims_Checks_Cleared_RunTest"/>
  <testcase name="Run_Claims_Checks_Cleared" time="5.269" classname="Automation.Claims.Claims_Checks_Cleared_RunTest"/>
  <testcase name="Run_Claims_Checks_Cleared" time="5.425" classname="Automation.Claims.Claims_Checks_Cleared_RunTest"/>
  <testcase name="Run_Claims_Checks_Cleared" time="5.269" classname="Automation.Claims.Claims_Checks_Cleared_RunTest"/>
  <testcase name="Run_Claims_Checks_Cleared" time="4.681" classname="Automation.Claims.Claims_Checks_Cleared_RunTest"/>
  <testcase name="Run_Claims_Checks_Cleared" time="4.332" classname="Automation.Claims.Claims_Checks_Cleared_RunTest"/>
  <testcase name="Run_Claims_Checks_Cleared" time="4.765" classname="Automation.Claims.Claims_Checks_Cleared_RunTest"/>
  <testcase name="Run_Claims_Checks_Cleared" time="4.672" classname="Automation.Claims.Claims_Checks_Cleared_RunTest"/>
  <testcase name="Run_Claims_Checks_Cleared" time="4.776" classname="Automation.Claims.Claims_Checks_Cleared_RunTest"/>
  <testcase name="Run_Claims_Checks_Cleared" time="4.295" classname="Automation.Claims.Claims_Checks_Cleared_RunTest"/>
  <testcase name="Run_Claims_Checks_Cleared" time="4.346" classname="Automation.Claims.Claims_Checks_Cleared_RunTest"/>
  <testcase name="Run_Claims_Checks_Cleared" time="4.182" classname="Automation.Claims.Claims_Checks_Cleared_RunTest"/>
  <testcase name="Run_Claims_Checks_Cleared" time="4.662" classname="Automation.Claims.Claims_Checks_Cleared_RunTest"/>
  <testcase name="Run_Claims_Checks_Cleared" time="5.092" classname="Automation.Claims.Claims_Checks_Cleared_RunTest"/>
  <testcase name="Run_Claims_Checks_Cleared" time="6.015" classname="Automation.Claims.Claims_Checks_Cleared_RunTest"/>
  <testcase name="Run_Claims_Checks_Cleared" time="4.602" classname="Automation.Claims.Claims_Checks_Cleared_RunTest"/>
  <testcase name="Run_Claims_Checks_Cleared" time="5.956" classname="Automation.Claims.Claims_Checks_Cleared_RunTest"/>
  <testcase name="Run_Claims_Checks_Cleared" time="4.223" classname="Automation.Claims.Claims_Checks_Cleared_RunTest"/>
  <testcase name="Run_Claims_Checks_Cleared" time="4.484" classname="Automation.Claims.Claims_Checks_Cleared_RunTest"/>
  <testcase name="Run_Claims_Checks_Cleared" time="4.383" classname="Automation.Claims.Claims_Checks_Cleared_RunTest"/>
  <testcase name="Run_Claims_Checks_Cleared" time="5.369" classname="Automation.Claims.Claims_Checks_Cleared_RunTest"/>
  <testcase name="Run_Claims_Checks_Cleared" time="4.575" classname="Automation.Claims.Claims_Checks_Cleared_RunTest"/>
  <testcase name="Run_Claims_Checks_Cleared" time="4.851" classname="Automation.Claims.Claims_Checks_Cleared_RunTest"/>
  <testcase name="Run_Claims_Checks_Cleared" time="4.223" classname="Automation.Claims.Claims_Checks_Cleared_RunTest"/>
  <testcase name="Run_Claims_Checks_Cleared" time="4.696" classname="Automation.Claims.Claims_Checks_Cleared_RunTest"/>
  <testcase name="Run_Claims_Checks_Cleared" time="4.281" classname="Automation.Claims.Claims_Checks_Cleared_RunTest"/>
  <testcase name="Run_Claims_Checks_Cleared" time="5.757" classname="Automation.Claims.Claims_Checks_Cleared_RunTest"/>
  <testcase name="Run_Claims_Checks_Cleared" time="4.480" classname="Automation.Claims.Claims_Checks_Cleared_RunTest"/>
  <testcase name="Run_Claims_Checks_Cleared" time="4.832" classname="Automation.Claims.Claims_Checks_Cleared_RunTest"/>
  <testcase name="Run_Claims_Checks_Cleared" time="5.854" classname="Automation.Claims.Claims_Checks_Cleared_RunTest"/>
  <testcase name="Run_Claims_Checks_Cleared" time="6.088" classname="Automation.Claims.Claims_Checks_Cleared_RunTest"/>
  <testcase name="Run_Claims_Checks_Cleared" time="5.104" classname="Automation.Claims.Claims_Checks_Cleared_RunTest"/>
  <testcase name="Run_Claims_Checks_Cleared" time="4.969" classname="Automation.Claims.Claims_Checks_Cleared_RunTest"/>
  <testcase name="Run_Claims_Checks_Cleared" time="4.459" classname="Automation.Claims.Claims_Checks_Cleared_RunTest"/>
  <testcase name="Run_Claims_Checks_Cleared" time="4.432" classname="Automation.Claims.Claims_Checks_Cleared_RunTest"/>
  <testcase name="Run_Claims_Checks_Cleared" time="4.787" classname="Automation.Claims.Claims_Checks_Cleared_RunTest"/>
  <testcase name="Run_Claims_Checks_Cleared" time="4.689" classname="Automation.Claims.Claims_Checks_Cleared_RunTest"/>
  <testcase name="Run_Claims_Checks_Cleared" time="4.218" classname="Automation.Claims.Claims_Checks_Cleared_RunTest"/>
  <testcase name="Run_Claims_Checks_Cleared" time="4.753" classname="Automation.Claims.Claims_Checks_Cleared_RunTest"/>
  <testcase name="Run_Claims_Checks_Cleared" time="6.652" classname="Automation.Claims.Claims_Checks_Cleared_RunTest"/>
  <testcase name="Run_Claims_Checks_Cleared" time="4.377" classname="Automation.Claims.Claims_Checks_Cleared_RunTest"/>
  <testcase name="Run_Claims_Checks_Cleared" time="4.393" classname="Automation.Claims.Claims_Checks_Cleared_RunTest"/>
  <testcase name="Run_Claims_Checks_Cleared" time="5.887" classname="Automation.Claims.Claims_Checks_Cleared_RunTest"/>
  <testcase name="Run_Claims_Checks_Cleared" time="4.683" classname="Automation.Claims.Claims_Checks_Cleared_RunTest"/>
  <testcase name="Run_Claims_Checks_Cleared" time="5.816" classname="Automation.Claims.Claims_Checks_Cleared_RunTest"/>
  <testcase name="Run_Claims_Checks_Cleared" time="4.269" classname="Automation.Claims.Claims_Checks_Cleared_RunTest"/>
  <testcase name="Run_Claims_Checks_Cleared" time="4.418" classname="Automation.Claims.Claims_Checks_Cleared_RunTest"/>
  <testcase name="Run_Claims_Checks_Cleared" time="4.322" classname="Automation.Claims.Claims_Checks_Cleared_RunTest"/>
  <testcase name="Run_Claims_Checks_Cleared" time="4.727" classname="Automation.Claims.Claims_Checks_Cleared_RunTest"/>
  <testcase name="Run_Claims_Checks_Cleared" time="4.833" classname="Automation.Claims.Claims_Checks_Cleared_RunTest"/>
  <testcase name="Run_Claims_Checks_Cleared" time="4.777" classname="Automation.Claims.Claims_Checks_Cleared_RunTest"/>
  <testcase name="Run_Claims_Checks_Cleared" time="4.308" classname="Automation.Claims.Claims_Checks_Cleared_RunTest"/>
  <testcase name="Run_Claims_Checks_Cleared" time="4.218" classname="Automation.Claims.Claims_Checks_Cleared_RunTest"/>
  <testcase name="Run_Claims_Checks_Cleared" time="4.216" classname="Automation.Claims.Claims_Checks_Cleared_RunTest"/>
  <testcase name="Run_Claims_Checks_Cleared" time="4.431" classname="Automation.Claims.Claims_Checks_Cleared_RunTest"/>
  <testcase name="Run_Claims_Checks_Cleared" time="5.519" classname="Automation.Claims.Claims_Checks_Cleared_RunTest"/>
  <testcase name="Run_Claims_Checks_Cleared" time="4.583" classname="Automation.Claims.Claims_Checks_Cleared_RunTest"/>
  <testcase name="Run_Claims_Checks_Cleared" time="4.496" classname="Automation.Claims.Claims_Checks_Cleared_RunTest"/>
  <testcase name="Run_Claims_Checks_Cleared" time="5.285" classname="Automation.Claims.Claims_Checks_Cleared_RunTest"/>
  <testcase name="Run_Claims_Checks_Cleared" time="4.633" classname="Automation.Claims.Claims_Checks_Cleared_RunTest"/>
  <testcase name="Run_Claims_Checks_Cleared" time="4.199" classname="Automation.Claims.Claims_Checks_Cleared_RunTest"/>
  <testcase name="Run_Claims_Checks_Cleared" time="4.362" classname="Automation.Claims.Claims_Checks_Cleared_RunTest"/>
  <testcase name="Run_Claims_Checks_Cleared" time="5.315" classname="Automation.Claims.Claims_Checks_Cleared_RunTest"/>
  <testcase name="Run_Claims_Checks_Cleared" time="4.864" classname="Automation.Claims.Claims_Checks_Cleared_RunTest"/>
  <testcase name="Run_Claims_Checks_Cleared" time="4.412" classname="Automation.Claims.Claims_Checks_Cleared_RunTest"/>
  <testcase name="Run_Claims_Checks_Cleared" time="4.413" classname="Automation.Claims.Claims_Checks_Cleared_RunTest"/>
  <testcase name="Run_Claims_Checks_Cleared" time="5.454" classname="Automation.Claims.Claims_Checks_Cleared_RunTest"/>
  <testcase name="Run_Claims_Checks_Cleared" time="4.591" classname="Automation.Claims.Claims_Checks_Cleared_RunTest"/>
  <testcase name="Run_Claims_Checks_Cleared" time="5.420" classname="Automation.Claims.Claims_Checks_Cleared_RunTest"/>
  <testcase name="Run_Claims_Checks_Cleared" time="5.019" classname="Automation.Claims.Claims_Checks_Cleared_RunTest"/>
  <testcase name="Run_Claims_Checks_Cleared" time="4.147" classname="Automation.Claims.Claims_Checks_Cleared_RunTest"/>
  <testcase name="Run_Claims_Checks_Cleared" time="4.202" classname="Automation.Claims.Claims_Checks_Cleared_RunTest"/>
  <testcase name="Run_Claims_Checks_Cleared" time="4.711" classname="Automation.Claims.Claims_Checks_Cleared_RunTest"/>
  <testcase name="Run_Claims_Checks_Cleared" time="4.441" classname="Automation.Claims.Claims_Checks_Cleared_RunTest"/>
  <testcase name="Run_Claims_Checks_Cleared" time="4.307" classname="Automation.Claims.Claims_Checks_Cleared_RunTest"/>
  <testcase name="Run_Claims_Checks_Cleared" time="4.286" classname="Automation.Claims.Claims_Checks_Cleared_RunTest"/>
  <testcase name="Run_Claims_Checks_Cleared" time="5.341" classname="Automation.Claims.Claims_Checks_Cleared_RunTest"/>
  <testcase name="Run_Claims_Checks_Cleared" time="4.434" classname="Automation.Claims.Claims_Checks_Cleared_RunTest"/>
  <testcase name="Run_Claims_Checks_Cleared" time="4.468" classname="Automation.Claims.Claims_Checks_Cleared_RunTest"/>
  <testcase name="Run_Claims_Checks_Cleared" time="4.865" classname="Automation.Claims.Claims_Checks_Cleared_RunTest"/>
  <testcase name="Run_Claims_Checks_Cleared" time="4.769" classname="Automation.Claims.Claims_Checks_Cleared_RunTest"/>
  <testcase name="Run_Claims_Checks_Cleared" time="4.266" classname="Automation.Claims.Claims_Checks_Cleared_RunTest"/>
  <testcase name="Run_Claims_Checks_Cleared" time="5.019" classname="Automation.Claims.Claims_Checks_Cleared_RunTest"/>
  <testcase name="Run_Claims_Checks_Cleared" time="4.314" classname="Automation.Claims.Claims_Checks_Cleared_RunTest"/>
  <testcase name="Run_Claims_Checks_Cleared" time="4.593" classname="Automation.Claims.Claims_Checks_Cleared_RunTest"/>
  <testcase name="Run_Claims_Checks_Cleared" time="4.361" classname="Automation.Claims.Claims_Checks_Cleared_RunTest"/>
  <testcase name="Run_Claims_Checks_Cleared" time="4.487" classname="Automation.Claims.Claims_Checks_Cleared_RunTest"/>
  <testcase name="Run_Claims_Checks_Cleared" time="4.810" classname="Automation.Claims.Claims_Checks_Cleared_RunTest"/>
  <testcase name="Run_Claims_Checks_Cleared" time="4.357" classname="Automation.Claims.Claims_Checks_Cleared_RunTest"/>
  <testcase name="Run_Claims_Checks_Cleared" time="4.448" classname="Automation.Claims.Claims_Checks_Cleared_RunTest"/>
  <testcase name="Run_Claims_Checks_Cleared" time="4.781" classname="Automation.Claims.Claims_Checks_Cleared_RunTest"/>
  <testcase name="Run_Claims_Checks_Cleared" time="4.292" classname="Automation.Claims.Claims_Checks_Cleared_RunTest"/>
  <testcase name="Run_Claims_Checks_Cleared" time="4.604" classname="Automation.Claims.Claims_Checks_Cleared_RunTest"/>
  <testcase name="Run_Claims_Checks_Cleared" time="4.947" classname="Automation.Claims.Claims_Checks_Cleared_RunTest"/>
  <testcase name="Run_Claims_Checks_Cleared" time="4.747" classname="Automation.Claims.Claims_Checks_Cleared_RunTest"/>
  <testcase name="Run_Claims_Checks_Cleared" time="4.409" classname="Automation.Claims.Claims_Checks_Cleared_RunTest"/>
  <testcase name="Run_Claims_Checks_Cleared" time="5.250" classname="Automation.Claims.Claims_Checks_Cleared_RunTest"/>
  <testcase name="Run_Claims_Checks_Cleared" time="4.411" classname="Automation.Claims.Claims_Checks_Cleared_RunTest"/>
  <testcase name="Run_Claims_Checks_Cleared" time="4.500" classname="Automation.Claims.Claims_Checks_Cleared_RunTest"/>
  <testcase name="Run_Claims_Checks_Cleared" time="4.258" classname="Automation.Claims.Claims_Checks_Cleared_RunTest"/>
  <testcase name="Run_Claims_Checks_Cleared" time="4.356" classname="Automation.Claims.Claims_Checks_Cleared_RunTest"/>
  <testcase name="Run_Claims_Checks_Cleared" time="4.431" classname="Automation.Claims.Claims_Checks_Cleared_RunTest"/>
  <testcase name="Run_Claims_Checks_Cleared" time="4.621" classname="Automation.Claims.Claims_Checks_Cleared_RunTest"/>
  <testcase name="Run_Claims_Checks_Cleared" time="5.225" classname="Automation.Claims.Claims_Checks_Cleared_RunTest"/>
  <testcase name="Run_Claims_Checks_Cleared" time="4.801" classname="Automation.Claims.Claims_Checks_Cleared_RunTest"/>
  <testcase name="Run_Claims_Checks_Cleared" time="4.681" classname="Automation.Claims.Claims_Checks_Cleared_RunTest"/>
  <testcase name="Run_Claims_Checks_Cleared" time="4.990" classname="Automation.Claims.Claims_Checks_Cleared_RunTest"/>
  <testcase name="Run_Claims_Checks_Cleared" time="4.778" classname="Automation.Claims.Claims_Checks_Cleared_RunTest"/>
  <testcase name="Run_Claims_Checks_Cleared" time="4.386" classname="Automation.Claims.Claims_Checks_Cleared_RunTest"/>
  <testcase name="Run_Claims_Checks_Cleared" time="4.825" classname="Automation.Claims.Claims_Checks_Cleared_RunTest"/>
  <testcase name="Run_Claims_Checks_Cleared" time="4.631" classname="Automation.Claims.Claims_Checks_Cleared_RunTest"/>
  <testcase name="Run_Claims_Checks_Cleared" time="4.123" classname="Automation.Claims.Claims_Checks_Cleared_RunTest"/>
  <testcase name="Run_Claims_Checks_Cleared" time="4.309" classname="Automation.Claims.Claims_Checks_Cleared_RunTest"/>
  <testcase name="Run_Claims_Checks_Cleared" time="4.520" classname="Automation.Claims.Claims_Checks_Cleared_RunTest"/>
  <testcase name="Run_Claims_Checks_Cleared" time="4.794" classname="Automation.Claims.Claims_Checks_Cleared_RunTest"/>
  <testcase name="Run_Claims_Checks_Cleared" time="4.517" classname="Automation.Claims.Claims_Checks_Cleared_RunTest"/>
  <testcase name="Run_Claims_Checks_Cleared" time="4.610" classname="Automation.Claims.Claims_Checks_Cleared_RunTest"/>
  <testcase name="Run_Claims_Checks_Cleared" time="4.559" classname="Automation.Claims.Claims_Checks_Cleared_RunTest"/>
  <testcase name="Run_Claims_Checks_Cleared" time="4.611" classname="Automation.Claims.Claims_Checks_Cleared_RunTest"/>
  <testcase name="Run_Claims_Checks_Cleared" time="5.116" classname="Automation.Claims.Claims_Checks_Cleared_RunTest"/>
  <testcase name="Run_Claims_Checks_Cleared" time="4.610" classname="Automation.Claims.Claims_Checks_Cleared_RunTest"/>
  <testcase name="Run_Claims_Checks_Cleared" time="4.805" classname="Automation.Claims.Claims_Checks_Cleared_RunTest"/>
  <testcase name="Run_Claims_Checks_Cleared" time="4.280" classname="Automation.Claims.Claims_Checks_Cleared_RunTest"/>
  <testcase name="Run_Claims_Checks_Cleared" time="5.860" classname="Automation.Claims.Claims_Checks_Cleared_RunTest"/>
  <testcase name="Run_Claims_Checks_Cleared" time="4.499" classname="Automation.Claims.Claims_Checks_Cleared_RunTest"/>
  <testcase name="Run_Claims_Checks_Cleared" time="4.648" classname="Automation.Claims.Claims_Checks_Cleared_RunTest"/>
  <testcase name="Run_Claims_Checks_Cleared" time="4.520" classname="Automation.Claims.Claims_Checks_Cleared_RunTest"/>
  <testcase name="Run_Claims_Checks_Cleared" time="4.594" classname="Automation.Claims.Claims_Checks_Cleared_RunTest"/>
  <testcase name="Run_Claims_Checks_Cleared" time="4.211" classname="Automation.Claims.Claims_Checks_Cleared_RunTest"/>
  <testcase name="Run_Claims_Checks_Cleared" time="4.932" classname="Automation.Claims.Claims_Checks_Cleared_RunTest"/>
  <testcase name="Run_Claims_Checks_Cleared" time="4.404" classname="Automation.Claims.Claims_Checks_Cleared_RunTest"/>
  <testcase name="Run_Claims_Checks_Cleared" time="4.261" classname="Automation.Claims.Claims_Checks_Cleared_RunTest"/>
  <testcase name="Run_Claims_Checks_Cleared" time="4.498" classname="Automation.Claims.Claims_Checks_Cleared_RunTest"/>
  <testcase name="Run_Claims_Checks_Cleared" time="4.500" classname="Automation.Claims.Claims_Checks_Cleared_RunTest"/>
  <testcase name="Run_Claims_Checks_Cleared" time="5.282" classname="Automation.Claims.Claims_Checks_Cleared_RunTest"/>
  <testcase name="Run_Claims_Checks_Cleared" time="4.836" classname="Automation.Claims.Claims_Checks_Cleared_RunTest"/>
  <testcase name="Run_Claims_Checks_Cleared" time="5.520" classname="Automation.Claims.Claims_Checks_Cleared_RunTest"/>
  <testcase name="Run_Claims_Checks_Cleared" time="5.029" classname="Automation.Claims.Claims_Checks_Cleared_RunTest"/>
  <testcase name="Run_Claims_Checks_Cleared" time="4.331" classname="Automation.Claims.Claims_Checks_Cleared_RunTest"/>
  <testcase name="Run_Claims_Checks_Cleared" time="4.799" classname="Automation.Claims.Claims_Checks_Cleared_RunTest"/>
  <testcase name="Run_Claims_Checks_Cleared" time="4.606" classname="Automation.Claims.Claims_Checks_Cleared_RunTest"/>
  <testcase name="Run_Claims_Checks_Cleared" time="5.851" classname="Automation.Claims.Claims_Checks_Cleared_RunTest"/>
  <testcase name="Run_Claims_Checks_Cleared" time="4.299" classname="Automation.Claims.Claims_Checks_Cleared_RunTest"/>
  <testcase name="Run_Claims_Checks_Cleared" time="4.625" classname="Automation.Claims.Claims_Checks_Cleared_RunTest"/>
  <testcase name="Run_Claims_Checks_Cleared" time="5.451" classname="Automation.Claims.Claims_Checks_Cleared_RunTest"/>
  <testcase name="Run_Claims_Checks_Cleared" time="4.662" classname="Automation.Claims.Claims_Checks_Cleared_RunTest"/>
  <testcase name="Run_Claims_Checks_Cleared" time="4.476" classname="Automation.Claims.Claims_Checks_Cleared_RunTest"/>
  <testcase name="Run_Claims_Checks_Cleared" time="5.530" classname="Automation.Claims.Claims_Checks_Cleared_RunTest"/>
  <testcase name="Run_Claims_Checks_Cleared" time="5.312" classname="Automation.Claims.Claims_Checks_Cleared_RunTest"/>
  <testcase name="Run_Claims_Checks_Cleared" time="5.636" classname="Automation.Claims.Claims_Checks_Cleared_RunTest"/>
  <testcase name="Run_Claims_Checks_Cleared" time="4.660" classname="Automation.Claims.Claims_Checks_Cleared_RunTest"/>
  <testcase name="Run_Claims_Checks_Cleared" time="4.456" classname="Automation.Claims.Claims_Checks_Cleared_RunTest"/>
  <testcase name="Run_Claims_Checks_Cleared" time="4.414" classname="Automation.Claims.Claims_Checks_Cleared_RunTest"/>
  <testcase name="Run_Claims_Checks_Cleared" time="4.733" classname="Automation.Claims.Claims_Checks_Cleared_RunTest"/>
  <testcase name="Run_Claims_Checks_Cleared" time="4.937" classname="Automation.Claims.Claims_Checks_Cleared_RunTest"/>
  <testcase name="Run_Claims_Checks_Cleared" time="4.343" classname="Automation.Claims.Claims_Checks_Cleared_RunTest"/>
  <testcase name="Run_Claims_Checks_Cleared" time="4.406" classname="Automation.Claims.Claims_Checks_Cleared_RunTest"/>
  <testcase name="Run_Claims_Checks_Cleared" time="4.661" classname="Automation.Claims.Claims_Checks_Cleared_RunTest"/>
  <testcase name="Run_Claims_Checks_Cleared" time="5.004" classname="Automation.Claims.Claims_Checks_Cleared_RunTest"/>
  <testcase name="Run_Claims_Checks_Cleared" time="4.248" classname="Automation.Claims.Claims_Checks_Cleared_RunTest"/>
  <testcase name="Run_Claims_Checks_Cleared" time="4.587" classname="Automation.Claims.Claims_Checks_Cleared_RunTest"/>
  <testcase name="Run_Claims_Checks_Cleared" time="4.276" classname="Automation.Claims.Claims_Checks_Cleared_RunTest"/>
  <testcase name="Run_Claims_Checks_Cleared" time="4.898" classname="Automation.Claims.Claims_Checks_Cleared_RunTest"/>
  <testcase name="Run_Claims_Checks_Cleared" time="4.076" classname="Automation.Claims.Claims_Checks_Cleared_RunTest"/>
  <testcase name="Run_Claims_Checks_Cleared" time="4.600" classname="Automation.Claims.Claims_Checks_Cleared_RunTest"/>
  <testcase name="Run_Claims_Checks_Cleared" time="4.401" classname="Automation.Claims.Claims_Checks_Cleared_RunTest"/>
  <testcase name="Run_Claims_Checks_Cleared" time="4.598" classname="Automation.Claims.Claims_Checks_Cleared_RunTest"/>
  <testcase name="Run_Claims_Checks_Cleared" time="11.710" classname="Automation.Claims.Claims_Checks_Cleared_RunTest"/>
  <testcase name="Run_Claims_Checks_Cleared" time="4.750" classname="Automation.Claims.Claims_Checks_Cleared_RunTest"/>
  <testcase name="Run_Claims_Checks_Cleared" time="4.788" classname="Automation.Claims.Claims_Checks_Cleared_RunTest"/>
  <testcase name="Run_Claims_Checks_Cleared" time="5.632" classname="Automation.Claims.Claims_Checks_Cleared_RunTest"/>
  <testcase name="Run_Claims_Checks_Cleared" time="4.415" classname="Automation.Claims.Claims_Checks_Cleared_RunTest"/>
  <testcase name="Run_Claims_Checks_Cleared" time="4.480" classname="Automation.Claims.Claims_Checks_Cleared_RunTest"/>
  <testcase name="Run_Claims_Checks_Cleared" time="4.107" classname="Automation.Claims.Claims_Checks_Cleared_RunTest"/>
  <testcase name="Run_Claims_Checks_Cleared" time="4.601" classname="Automation.Claims.Claims_Checks_Cleared_RunTest"/>
  <testcase name="Run_Claims_Checks_Cleared" time="4.333" classname="Automation.Claims.Claims_Checks_Cleared_RunTest"/>
  <testcase name="Run_Claims_Checks_Cleared" time="4.394" classname="Automation.Claims.Claims_Checks_Cleared_RunTest"/>
  <testcase name="Run_Claims_Checks_Cleared" time="4.558" classname="Automation.Claims.Claims_Checks_Cleared_RunTest"/>
  <testcase name="Run_Claims_Checks_Cleared" time="4.792" classname="Automation.Claims.Claims_Checks_Cleared_RunTest"/>
  <testcase name="Run_Claims_Checks_Cleared" time="4.804" classname="Automation.Claims.Claims_Checks_Cleared_RunTest"/>
  <testcase name="Run_Claims_Checks_Cleared" time="4.666" classname="Automation.Claims.Claims_Checks_Cleared_RunTest"/>
  <testcase name="Run_Claims_Checks_Cleared" time="4.598" classname="Automation.Claims.Claims_Checks_Cleared_RunTest"/>
  <testcase name="Run_Claims_Checks_Cleared" time="4.828" classname="Automation.Claims.Claims_Checks_Cleared_RunTest"/>
  <testcase name="Run_Claims_Checks_Cleared" time="4.306" classname="Automation.Claims.Claims_Checks_Cleared_RunTest"/>
  <testcase name="Run_Claims_Checks_Cleared" time="4.792" classname="Automation.Claims.Claims_Checks_Cleared_RunTest"/>
  <testcase name="Run_Claims_Checks_Cleared" time="5.581" classname="Automation.Claims.Claims_Checks_Cleared_RunTest"/>
  <testcase name="Run_Claims_Checks_Cleared" time="5.905" classname="Automation.Claims.Claims_Checks_Cleared_RunTest"/>
  <testcase name="Run_Claims_Checks_Cleared" time="4.697" classname="Automation.Claims.Claims_Checks_Cleared_RunTest"/>
  <testcase name="Run_Claims_Checks_Cleared" time="4.993" classname="Automation.Claims.Claims_Checks_Cleared_RunTest"/>
  <testcase name="Run_Claims_Checks_Cleared" time="7.108" classname="Automation.Claims.Claims_Checks_Cleared_RunTest"/>
  <testcase name="Run_Claims_Checks_Cleared" time="4.363" classname="Automation.Claims.Claims_Checks_Cleared_RunTest"/>
  <testcase name="Run_Claims_Checks_Cleared" time="4.447" classname="Automation.Claims.Claims_Checks_Cleared_RunTest"/>
  <testcase name="Run_Claims_Checks_Cleared" time="4.448" classname="Automation.Claims.Claims_Checks_Cleared_RunTest"/>
  <testcase name="Run_Claims_Checks_Cleared" time="4.294" classname="Automation.Claims.Claims_Checks_Cleared_RunTest"/>
  <testcase name="Run_Claims_Checks_Cleared" time="4.392" classname="Automation.Claims.Claims_Checks_Cleared_RunTest"/>
  <testcase name="Run_Claims_Checks_Cleared" time="4.556" classname="Automation.Claims.Claims_Checks_Cleared_RunTest"/>
  <testcase name="Run_Claims_Checks_Cleared" time="4.536" classname="Automation.Claims.Claims_Checks_Cleared_RunTest"/>
  <testcase name="Run_Claims_Checks_Cleared" time="5.521" classname="Automation.Claims.Claims_Checks_Cleared_RunTest"/>
  <testcase name="Run_Claims_Checks_Cleared" time="4.766" classname="Automation.Claims.Claims_Checks_Cleared_RunTest"/>
  <testcase name="Run_Claims_Checks_Cleared" time="4.715" classname="Automation.Claims.Claims_Checks_Cleared_RunTest"/>
  <testcase name="Run_Claims_Checks_Cleared" time="4.956" classname="Automation.Claims.Claims_Checks_Cleared_RunTest"/>
  <testcase name="Run_Claims_Checks_Cleared" time="4.981" classname="Automation.Claims.Claims_Checks_Cleared_RunTest"/>
  <testcase name="Run_Claims_Checks_Cleared" time="4.398" classname="Automation.Claims.Claims_Checks_Cleared_RunTest"/>
  <testcase name="Run_Claims_Checks_Cleared" time="4.353" classname="Automation.Claims.Claims_Checks_Cleared_RunTest"/>
  <testcase name="Run_Claims_Checks_Cleared" time="5.006" classname="Automation.Claims.Claims_Checks_Cleared_RunTest"/>
  <testcase name="Run_Claims_Checks_Cleared" time="5.046" classname="Automation.Claims.Claims_Checks_Cleared_RunTest"/>
  <testcase name="Run_Claims_Checks_Cleared" time="4.512" classname="Automation.Claims.Claims_Checks_Cleared_RunTest"/>
  <testcase name="Run_Claims_Checks_Cleared" time="5.600" classname="Automation.Claims.Claims_Checks_Cleared_RunTest"/>
  <testcase name="Run_Claims_Checks_Cleared" time="4.716" classname="Automation.Claims.Claims_Checks_Cleared_RunTest"/>
  <testcase name="Run_Claims_Checks_Cleared" time="4.442" classname="Automation.Claims.Claims_Checks_Cleared_RunTest"/>
  <testcase name="Run_Claims_Checks_Cleared" time="5.212" classname="Automation.Claims.Claims_Checks_Cleared_RunTest"/>
  <testcase name="Run_Claims_Checks_Cleared" time="4.700" classname="Automation.Claims.Claims_Checks_Cleared_RunTest"/>
  <testcase name="Run_Claims_Checks_Cleared" time="4.792" classname="Automation.Claims.Claims_Checks_Cleared_RunTest"/>
  <testcase name="Run_Claims_Checks_Cleared" time="4.233" classname="Automation.Claims.Claims_Checks_Cleared_RunTest"/>
  <testcase name="Run_Claims_Checks_Cleared" time="4.980" classname="Automation.Claims.Claims_Checks_Cleared_RunTest"/>
  <testcase name="Run_Claims_Checks_Cleared" time="5.475" classname="Automation.Claims.Claims_Checks_Cleared_RunTest"/>
  <testcase name="Run_Claims_Checks_Cleared" time="4.395" classname="Automation.Claims.Claims_Checks_Cleared_RunTest"/>
  <testcase name="Run_Claims_Checks_Cleared" time="4.538" classname="Automation.Claims.Claims_Checks_Cleared_RunTest"/>
  <testcase name="Run_Claims_Checks_Cleared" time="4.588" classname="Automation.Claims.Claims_Checks_Cleared_RunTest"/>
  <testcase name="Run_Claims_Checks_Cleared" time="4.704" classname="Automation.Claims.Claims_Checks_Cleared_RunTest"/>
  <testcase name="Run_Claims_Checks_Cleared" time="4.685" classname="Automation.Claims.Claims_Checks_Cleared_RunTest"/>
  <testcase name="Run_Claims_Checks_Cleared" time="4.490" classname="Automation.Claims.Claims_Checks_Cleared_RunTest"/>
  <testcase name="Run_Claims_Checks_Cleared" time="4.788" classname="Automation.Claims.Claims_Checks_Cleared_RunTest"/>
  <testcase name="Run_Claims_Checks_Cleared" time="4.560" classname="Automation.Claims.Claims_Checks_Cleared_RunTest"/>
  <testcase name="Run_Claims_Checks_Cleared" time="4.686" classname="Automation.Claims.Claims_Checks_Cleared_RunTest"/>
  <testcase name="Run_Claims_Checks_Cleared" time="5.316" classname="Automation.Claims.Claims_Checks_Cleared_RunTest"/>
  <testcase name="Run_Claims_Checks_Cleared" time="5.592" classname="Automation.Claims.Claims_Checks_Cleared_RunTest"/>
  <testcase name="Run_Claims_Checks_Cleared" time="4.559" classname="Automation.Claims.Claims_Checks_Cleared_RunTest"/>
  <testcase name="Run_Claims_Checks_Cleared" time="4.484" classname="Automation.Claims.Claims_Checks_Cleared_RunTest"/>
  <testcase name="Run_Claims_Checks_Cleared" time="4.751" classname="Automation.Claims.Claims_Checks_Cleared_RunTest"/>
  <testcase name="Run_Claims_Checks_Cleared" time="5.230" classname="Automation.Claims.Claims_Checks_Cleared_RunTest"/>
  <testcase name="Run_Claims_Checks_Cleared" time="4.564" classname="Automation.Claims.Claims_Checks_Cleared_RunTest"/>
  <testcase name="Run_Claims_Checks_Cleared" time="4.214" classname="Automation.Claims.Claims_Checks_Cleared_RunTest"/>
  <testcase name="Run_Claims_Checks_Cleared" time="4.549" classname="Automation.Claims.Claims_Checks_Cleared_RunTest"/>
  <testcase name="Run_Claims_Checks_Cleared" time="4.286" classname="Automation.Claims.Claims_Checks_Cleared_RunTest"/>
  <testcase name="Run_Claims_Checks_Cleared" time="4.584" classname="Automation.Claims.Claims_Checks_Cleared_RunTest"/>
  <testcase name="Run_Claims_Checks_Cleared" time="4.556" classname="Automation.Claims.Claims_Checks_Cleared_RunTest"/>
  <testcase name="Run_Claims_Checks_Cleared" time="4.490" classname="Automation.Claims.Claims_Checks_Cleared_RunTest"/>
  <testcase name="Run_Claims_Checks_Cleared" time="4.653" classname="Automation.Claims.Claims_Checks_Cleared_RunTest"/>
  <testcase name="Run_Claims_Checks_Cleared" time="4.661" classname="Automation.Claims.Claims_Checks_Cleared_RunTest"/>
  <testcase name="Run_Claims_Checks_Cleared" time="4.967" classname="Automation.Claims.Claims_Checks_Cleared_RunTest"/>
  <testcase name="Run_Claims_Checks_Cleared" time="4.427" classname="Automation.Claims.Claims_Checks_Cleared_RunTest"/>
  <testcase name="Run_Claims_Checks_Cleared" time="4.343" classname="Automation.Claims.Claims_Checks_Cleared_RunTest"/>
  <testcase name="Run_Claims_Checks_Cleared" time="4.632" classname="Automation.Claims.Claims_Checks_Cleared_RunTest"/>
  <testcase name="Run_Claims_Checks_Cleared" time="4.248" classname="Automation.Claims.Claims_Checks_Cleared_RunTest"/>
  <testcase name="Run_Claims_Checks_Cleared" time="5.306" classname="Automation.Claims.Claims_Checks_Cleared_RunTest"/>
  <testcase name="Run_Claims_Checks_Cleared" time="4.255" classname="Automation.Claims.Claims_Checks_Cleared_RunTest"/>
  <testcase name="Run_Claims_Checks_Cleared" time="4.779" classname="Automation.Claims.Claims_Checks_Cleared_RunTest"/>
  <testcase name="Run_Claims_Checks_Cleared" time="4.277" classname="Automation.Claims.Claims_Checks_Cleared_RunTest"/>
  <testcase name="Run_Claims_Checks_Cleared" time="4.343" classname="Automation.Claims.Claims_Checks_Cleared_RunTest"/>
  <testcase name="Run_Claims_Checks_Cleared" time="4.609" classname="Automation.Claims.Claims_Checks_Cleared_RunTest"/>
  <testcase name="Run_Claims_Checks_Cleared" time="4.684" classname="Automation.Claims.Claims_Checks_Cleared_RunTest"/>
  <testcase name="Run_Claims_Checks_Cleared" time="4.327" classname="Automation.Claims.Claims_Checks_Cleared_RunTest"/>
  <testcase name="Run_Claims_Checks_Cleared" time="4.783" classname="Automation.Claims.Claims_Checks_Cleared_RunTest"/>
  <testcase name="Run_Claims_Checks_Cleared" time="4.697" classname="Automation.Claims.Claims_Checks_Cleared_RunTest"/>
  <testcase name="Run_Claims_Checks_Cleared" time="4.973" classname="Automation.Claims.Claims_Checks_Cleared_RunTest"/>
  <testcase name="Run_Claims_Checks_Cleared" time="5.608" classname="Automation.Claims.Claims_Checks_Cleared_RunTest"/>
  <testcase name="Run_Claims_Checks_Cleared" time="4.479" classname="Automation.Claims.Claims_Checks_Cleared_RunTest"/>
  <testcase name="Run_Claims_Checks_Cleared" time="4.962" classname="Automation.Claims.Claims_Checks_Cleared_RunTest"/>
  <testcase name="Run_Claims_Checks_Cleared" time="4.787" classname="Automation.Claims.Claims_Checks_Cleared_RunTest"/>
  <testcase name="Run_Claims_Checks_Cleared" time="4.694" classname="Automation.Claims.Claims_Checks_Cleared_RunTest"/>
  <testcase name="Run_Claims_Checks_Cleared" time="4.803" classname="Automation.Claims.Claims_Checks_Cleared_RunTest"/>
  <testcase name="Run_Claims_Checks_Cleared" time="5.246" classname="Automation.Claims.Claims_Checks_Cleared_RunTest"/>
  <testcase name="Run_Claims_Checks_Cleared" time="4.118" classname="Automation.Claims.Claims_Checks_Cleared_RunTest"/>
  <testcase name="Run_Claims_Checks_Cleared" time="4.459" classname="Automation.Claims.Claims_Checks_Cleared_RunTest"/>
  <testcase name="Run_Claims_Checks_Cleared" time="4.318" classname="Automation.Claims.Claims_Checks_Cleared_RunTest"/>
  <testcase name="Run_Claims_Checks_Cleared" time="4.863" classname="Automation.Claims.Claims_Checks_Cleared_RunTest"/>
  <testcase name="Run_Claims_Checks_Cleared" time="4.898" classname="Automation.Claims.Claims_Checks_Cleared_RunTest"/>
  <testcase name="Run_Claims_Checks_Cleared" time="4.521" classname="Automation.Claims.Claims_Checks_Cleared_RunTest"/>
  <testcase name="Run_Claims_Checks_Cleared" time="4.253" classname="Automation.Claims.Claims_Checks_Cleared_RunTest"/>
  <testcase name="Run_Claims_Checks_Cleared" time="5.118" classname="Automation.Claims.Claims_Checks_Cleared_RunTest"/>
  <testcase name="Run_Claims_Checks_Cleared" time="4.617" classname="Automation.Claims.Claims_Checks_Cleared_RunTest"/>
  <testcase name="Run_Claims_Checks_Cleared" time="4.489" classname="Automation.Claims.Claims_Checks_Cleared_RunTest"/>
  <testcase name="Run_Claims_Checks_Cleared" time="4.346" classname="Automation.Claims.Claims_Checks_Cleared_RunTest"/>
  <testcase name="Run_Claims_Checks_Cleared" time="4.415" classname="Automation.Claims.Claims_Checks_Cleared_RunTest"/>
  <testcase name="Run_Claims_Checks_Cleared" time="4.393" classname="Automation.Claims.Claims_Checks_Cleared_RunTest"/>
  <testcase name="Run_Claims_Checks_Cleared" time="4.443" classname="Automation.Claims.Claims_Checks_Cleared_RunTest"/>
  <testcase name="Run_Claims_Checks_Cleared" time="4.983" classname="Automation.Claims.Claims_Checks_Cleared_RunTest"/>
  <testcase name="Run_Claims_Checks_Cleared" time="5.154" classname="Automation.Claims.Claims_Checks_Cleared_RunTest"/>
  <testcase name="Run_Claims_Checks_Cleared" time="5.171" classname="Automation.Claims.Claims_Checks_Cleared_RunTest"/>
  <testcase name="Run_Claims_Checks_Cleared" time="4.214" classname="Automation.Claims.Claims_Checks_Cleared_RunTest"/>
  <testcase name="Run_Claims_Checks_Cleared" time="4.684" classname="Automation.Claims.Claims_Checks_Cleared_RunTest"/>
  <testcase name="Run_Claims_Checks_Cleared" time="4.230" classname="Automation.Claims.Claims_Checks_Cleared_RunTest"/>
  <testcase name="Run_Claims_Checks_Cleared" time="5.083" classname="Automation.Claims.Claims_Checks_Cleared_RunTest"/>
  <testcase name="Run_Claims_Checks_Cleared" time="5.075" classname="Automation.Claims.Claims_Checks_Cleared_RunTest"/>
  <testcase name="Run_Claims_Checks_Cleared" time="4.453" classname="Automation.Claims.Claims_Checks_Cleared_RunTest"/>
  <testcase name="Run_Claims_Checks_Cleared" time="5.186" classname="Automation.Claims.Claims_Checks_Cleared_RunTest"/>
  <testcase name="Run_Claims_Checks_Cleared" time="4.653" classname="Automation.Claims.Claims_Checks_Cleared_RunTest"/>
  <testcase name="Run_Claims_Checks_Cleared" time="5.681" classname="Automation.Claims.Claims_Checks_Cleared_RunTest"/>
  <testcase name="Run_Claims_Checks_Cleared" time="4.582" classname="Automation.Claims.Claims_Checks_Cleared_RunTest"/>
  <testcase name="Run_Claims_Checks_Cleared" time="4.422" classname="Automation.Claims.Claims_Checks_Cleared_RunTest"/>
  <testcase name="Run_Claims_Checks_Cleared" time="4.877" classname="Automation.Claims.Claims_Checks_Cleared_RunTest"/>
  <testcase name="Run_Claims_Checks_Cleared" time="4.356" classname="Automation.Claims.Claims_Checks_Cleared_RunTest"/>
  <testcase name="Run_Claims_Checks_Cleared" time="4.919" classname="Automation.Claims.Claims_Checks_Cleared_RunTest"/>
  <testcase name="Run_Claims_Checks_Cleared" time="4.536" classname="Automation.Claims.Claims_Checks_Cleared_RunTest"/>
  <testcase name="Run_Claims_Checks_Cleared" time="4.355" classname="Automation.Claims.Claims_Checks_Cleared_RunTest"/>
  <testcase name="Run_Claims_Checks_Cleared" time="4.943" classname="Automation.Claims.Claims_Checks_Cleared_RunTest"/>
  <testcase name="Run_Claims_Checks_Cleared" time="4.509" classname="Automation.Claims.Claims_Checks_Cleared_RunTest"/>
  <testcase name="Run_Claims_Checks_Cleared" time="5.381" classname="Automation.Claims.Claims_Checks_Cleared_RunTest"/>
  <testcase name="Run_Claims_Checks_Cleared" time="5.176" classname="Automation.Claims.Claims_Checks_Cleared_RunTest"/>
  <testcase name="Run_Claims_Checks_Cleared" time="4.523" classname="Automation.Claims.Claims_Checks_Cleared_RunTest"/>
  <testcase name="Run_Claims_Checks_Cleared" time="6.263" classname="Automation.Claims.Claims_Checks_Cleared_RunTest"/>
  <testcase name="Run_Claims_Checks_Cleared" time="4.404" classname="Automation.Claims.Claims_Checks_Cleared_RunTest"/>
  <testcase name="Run_Claims_Checks_Cleared" time="4.591" classname="Automation.Claims.Claims_Checks_Cleared_RunTest"/>
  <testcase name="Run_Claims_Checks_Cleared" time="4.485" classname="Automation.Claims.Claims_Checks_Cleared_RunTest"/>
  <testcase name="Run_Claims_Checks_Cleared" time="4.498" classname="Automation.Claims.Claims_Checks_Cleared_RunTest"/>
  <testcase name="Run_Claims_Checks_Cleared" time="4.209" classname="Automation.Claims.Claims_Checks_Cleared_RunTest"/>
  <testcase name="Run_Claims_Checks_Cleared" time="5.013" classname="Automation.Claims.Claims_Checks_Cleared_RunTest"/>
  <testcase name="Run_Claims_Checks_Cleared" time="4.191" classname="Automation.Claims.Claims_Checks_Cleared_RunTest"/>
  <testcase name="Run_Claims_Checks_Cleared" time="4.974" classname="Automation.Claims.Claims_Checks_Cleared_RunTest"/>
  <testcase name="Run_Claims_Checks_Cleared" time="4.549" classname="Automation.Claims.Claims_Checks_Cleared_RunTest"/>
  <testcase name="Run_Claims_Checks_Cleared" time="5.371" classname="Automation.Claims.Claims_Checks_Cleared_RunTest"/>
  <testcase name="Run_Claims_Checks_Cleared" time="4.650" classname="Automation.Claims.Claims_Checks_Cleared_RunTest"/>
  <testcase name="Run_Claims_Checks_Cleared" time="4.264" classname="Automation.Claims.Claims_Checks_Cleared_RunTest"/>
  <testcase name="Run_Claims_Checks_Cleared" time="4.399" classname="Automation.Claims.Claims_Checks_Cleared_RunTest"/>
  <testcase name="Run_Claims_Checks_Cleared" time="4.435" classname="Automation.Claims.Claims_Checks_Cleared_RunTest"/>
  <testcase name="Run_Claims_Checks_Cleared" time="4.435" classname="Automation.Claims.Claims_Checks_Cleared_RunTest"/>
  <testcase name="Run_Claims_Checks_Cleared" time="4.317" classname="Automation.Claims.Claims_Checks_Cleared_RunTest"/>
  <testcase name="Run_Claims_Checks_Cleared" time="4.840" classname="Automation.Claims.Claims_Checks_Cleared_RunTest"/>
  <testcase name="Run_Claims_Checks_Cleared" time="5.468" classname="Automation.Claims.Claims_Checks_Cleared_RunTest"/>
  <testcase name="Run_Claims_Checks_Cleared" time="4.252" classname="Automation.Claims.Claims_Checks_Cleared_RunTest"/>
  <testcase name="Run_Claims_Checks_Cleared" time="4.578" classname="Automation.Claims.Claims_Checks_Cleared_RunTest"/>
  <testcase name="Run_Claims_Checks_Cleared" time="4.449" classname="Automation.Claims.Claims_Checks_Cleared_RunTest"/>
  <testcase name="Run_Claims_Checks_Cleared" time="5.449" classname="Automation.Claims.Claims_Checks_Cleared_RunTest"/>
  <testcase name="Run_Claims_Checks_Cleared" time="4.677" classname="Automation.Claims.Claims_Checks_Cleared_RunTest"/>
  <testcase name="Run_Claims_Checks_Cleared" time="4.576" classname="Automation.Claims.Claims_Checks_Cleared_RunTest"/>
  <testcase name="Run_Claims_Checks_Cleared" time="4.775" classname="Automation.Claims.Claims_Checks_Cleared_RunTest"/>
  <testcase name="Run_Claims_Checks_Cleared" time="4.128" classname="Automation.Claims.Claims_Checks_Cleared_RunTest"/>
  <testcase name="Run_Claims_Checks_Cleared" time="4.743" classname="Automation.Claims.Claims_Checks_Cleared_RunTest"/>
  <testcase name="Run_Claims_Checks_Cleared" time="4.690" classname="Automation.Claims.Claims_Checks_Cleared_RunTest"/>
  <testcase name="Run_Claims_Checks_Cleared" time="4.473" classname="Automation.Claims.Claims_Checks_Cleared_RunTest"/>
  <testcase name="Run_Claims_Checks_Cleared" time="4.383" classname="Automation.Claims.Claims_Checks_Cleared_RunTest"/>
  <testcase name="Run_Claims_Checks_Cleared" time="4.554" classname="Automation.Claims.Claims_Checks_Cleared_RunTest"/>
  <testcase name="Run_Claims_Checks_Cleared" time="4.686" classname="Automation.Claims.Claims_Checks_Cleared_RunTest"/>
  <testcase name="Run_Claims_Checks_Cleared" time="4.730" classname="Automation.Claims.Claims_Checks_Cleared_RunTest"/>
  <testcase name="Run_Claims_Checks_Cleared" time="4.427" classname="Automation.Claims.Claims_Checks_Cleared_RunTest"/>
  <testcase name="Run_Claims_Checks_Cleared" time="4.715" classname="Automation.Claims.Claims_Checks_Cleared_RunTest"/>
  <testcase name="Run_Claims_Checks_Cleared" time="4.685" classname="Automation.Claims.Claims_Checks_Cleared_RunTest"/>
  <testcase name="Run_Claims_Checks_Cleared" time="4.382" classname="Automation.Claims.Claims_Checks_Cleared_RunTest"/>
  <testcase name="Run_Claims_Checks_Cleared" time="5.423" classname="Automation.Claims.Claims_Checks_Cleared_RunTest"/>
  <testcase name="Run_Claims_Checks_Cleared" time="4.489" classname="Automation.Claims.Claims_Checks_Cleared_RunTest"/>
  <testcase name="Run_Claims_Checks_Cleared" time="4.364" classname="Automation.Claims.Claims_Checks_Cleared_RunTest"/>
  <testcase name="Run_Claims_Checks_Cleared" time="5.761" classname="Automation.Claims.Claims_Checks_Cleared_RunTest"/>
  <testcase name="Run_Claims_Checks_Cleared" time="4.346" classname="Automation.Claims.Claims_Checks_Cleared_RunTest"/>
  <testcase name="Run_Claims_Checks_Cleared" time="4.786" classname="Automation.Claims.Claims_Checks_Cleared_RunTest"/>
  <testcase name="Run_Claims_Checks_Cleared" time="4.457" classname="Automation.Claims.Claims_Checks_Cleared_RunTest"/>
  <testcase name="Run_Claims_Checks_Cleared" time="4.522" classname="Automation.Claims.Claims_Checks_Cleared_RunTest"/>
  <testcase name="Run_Claims_Checks_Cleared" time="4.618" classname="Automation.Claims.Claims_Checks_Cleared_RunTest"/>
  <testcase name="Run_Claims_Checks_Cleared" time="5.123" classname="Automation.Claims.Claims_Checks_Cleared_RunTest"/>
  <testcase name="Run_Claims_Checks_Cleared" time="4.593" classname="Automation.Claims.Claims_Checks_Cleared_RunTest"/>
  <testcase name="Run_Claims_Checks_Cleared" time="5.126" classname="Automation.Claims.Claims_Checks_Cleared_RunTest"/>
  <testcase name="Run_Claims_Checks_Cleared" time="4.556" classname="Automation.Claims.Claims_Checks_Cleared_RunTest"/>
  <testcase name="Run_Claims_Checks_Cleared" time="4.207" classname="Automation.Claims.Claims_Checks_Cleared_RunTest"/>
  <testcase name="Run_Claims_Checks_Cleared" time="4.951" classname="Automation.Claims.Claims_Checks_Cleared_RunTest"/>
  <testcase name="Run_Claims_Checks_Cleared" time="4.487" classname="Automation.Claims.Claims_Checks_Cleared_RunTest"/>
  <testcase name="Run_Claims_Checks_Cleared" time="4.830" classname="Automation.Claims.Claims_Checks_Cleared_RunTest"/>
  <testcase name="Run_Claims_Checks_Cleared" time="4.828" classname="Automation.Claims.Claims_Checks_Cleared_RunTest"/>
  <testcase name="Run_Claims_Checks_Cleared" time="4.483" classname="Automation.Claims.Claims_Checks_Cleared_RunTest"/>
  <testcase name="Run_Claims_Checks_Cleared" time="4.428" classname="Automation.Claims.Claims_Checks_Cleared_RunTest"/>
  <testcase name="Run_Claims_Checks_Cleared" time="4.610" classname="Automation.Claims.Claims_Checks_Cleared_RunTest"/>
  <testcase name="Run_Claims_Checks_Cleared" time="5.899" classname="Automation.Claims.Claims_Checks_Cleared_RunTest"/>
  <testcase name="Run_Claims_Checks_Cleared" time="4.118" classname="Automation.Claims.Claims_Checks_Cleared_RunTest"/>
  <testcase name="Run_Claims_Checks_Cleared" time="4.286" classname="Automation.Claims.Claims_Checks_Cleared_RunTest"/>
  <testcase name="Run_Claims_Checks_Cleared" time="4.927" classname="Automation.Claims.Claims_Checks_Cleared_RunTest"/>
  <testcase name="Run_Claims_Checks_Cleared" time="4.457" classname="Automation.Claims.Claims_Checks_Cleared_RunTest"/>
  <testcase name="Run_Claims_Checks_Cleared" time="5.224" classname="Automation.Claims.Claims_Checks_Cleared_RunTest"/>
  <testcase name="Run_Claims_Checks_Cleared" time="4.696" classname="Automation.Claims.Claims_Checks_Cleared_RunTest"/>
  <testcase name="Run_Claims_Checks_Cleared" time="4.601" classname="Automation.Claims.Claims_Checks_Cleared_RunTest"/>
  <testcase name="Run_Claims_Checks_Cleared" time="4.655" classname="Automation.Claims.Claims_Checks_Cleared_RunTest"/>
  <testcase name="Run_Claims_Checks_Cleared" time="4.612" classname="Automation.Claims.Claims_Checks_Cleared_RunTest"/>
  <testcase name="Run_Claims_Checks_Cleared" time="4.145" classname="Automation.Claims.Claims_Checks_Cleared_RunTest"/>
  <testcase name="Run_Claims_Checks_Cleared" time="4.814" classname="Automation.Claims.Claims_Checks_Cleared_RunTest"/>
  <testcase name="Run_Claims_Checks_Cleared" time="4.571" classname="Automation.Claims.Claims_Checks_Cleared_RunTest"/>
  <testcase name="Run_Claims_Checks_Cleared" time="4.491" classname="Automation.Claims.Claims_Checks_Cleared_RunTest"/>
  <testcase name="Run_Claims_Checks_Cleared" time="4.762" classname="Automation.Claims.Claims_Checks_Cleared_RunTest"/>
  <testcase name="Run_Claims_Checks_Cleared" time="4.842" classname="Automation.Claims.Claims_Checks_Cleared_RunTest"/>
  <testcase name="Run_Claims_Checks_Cleared" time="4.545" classname="Automation.Claims.Claims_Checks_Cleared_RunTest"/>
  <testcase name="Run_Claims_Checks_Cleared" time="4.822" classname="Automation.Claims.Claims_Checks_Cleared_RunTest"/>
  <testcase name="Run_Claims_Checks_Cleared" time="4.871" classname="Automation.Claims.Claims_Checks_Cleared_RunTest"/>
  <testcase name="Run_Claims_Checks_Cleared" time="4.906" classname="Automation.Claims.Claims_Checks_Cleared_RunTest"/>
  <testcase name="Run_Claims_Checks_Cleared" time="4.387" classname="Automation.Claims.Claims_Checks_Cleared_RunTest"/>
  <testcase name="Run_Claims_Checks_Cleared" time="4.567" classname="Automation.Claims.Claims_Checks_Cleared_RunTest"/>
  <testcase name="Run_Claims_Checks_Cleared" time="4.568" classname="Automation.Claims.Claims_Checks_Cleared_RunTest"/>
  <testcase name="Run_Claims_Checks_Cleared" time="4.258" classname="Automation.Claims.Claims_Checks_Cleared_RunTest"/>
  <testcase name="Run_Claims_Checks_Cleared" time="5.652" classname="Automation.Claims.Claims_Checks_Cleared_RunTest"/>
  <testcase name="Run_Claims_Checks_Cleared" time="4.643" classname="Automation.Claims.Claims_Checks_Cleared_RunTest"/>
  <testcase name="Run_Claims_Checks_Cleared" time="4.800" classname="Automation.Claims.Claims_Checks_Cleared_RunTest"/>
  <testcase name="Run_Claims_Checks_Cleared" time="4.325" classname="Automation.Claims.Claims_Checks_Cleared_RunTest"/>
  <testcase name="Run_Claims_Checks_Cleared" time="4.766" classname="Automation.Claims.Claims_Checks_Cleared_RunTest"/>
  <testcase name="Run_Claims_Checks_Cleared" time="4.666" classname="Automation.Claims.Claims_Checks_Cleared_RunTest"/>
  <testcase name="Run_Claims_Checks_Cleared" time="5.188" classname="Automation.Claims.Claims_Checks_Cleared_RunTest"/>
  <testcase name="Run_Claims_Checks_Cleared" time="4.435" classname="Automation.Claims.Claims_Checks_Cleared_RunTest"/>
  <testcase name="Run_Claims_Checks_Cleared" time="4.303" classname="Automation.Claims.Claims_Checks_Cleared_RunTest"/>
  <testcase name="Run_Claims_Checks_Cleared" time="4.535" classname="Automation.Claims.Claims_Checks_Cleared_RunTest"/>
  <testcase name="Run_Claims_Checks_Cleared" time="4.278" classname="Automation.Claims.Claims_Checks_Cleared_RunTest"/>
  <testcase name="Run_Claims_Checks_Cleared" time="4.383" classname="Automation.Claims.Claims_Checks_Cleared_RunTest"/>
  <testcase name="Run_Claims_Checks_Cleared" time="4.407" classname="Automation.Claims.Claims_Checks_Cleared_RunTest"/>
  <testcase name="Run_Claims_Checks_Cleared" time="4.608" classname="Automation.Claims.Claims_Checks_Cleared_RunTest"/>
  <testcase name="Run_Claims_Checks_Cleared" time="5.030" classname="Automation.Claims.Claims_Checks_Cleared_RunTest"/>
  <testcase name="Run_Claims_Checks_Cleared" time="4.488" classname="Automation.Claims.Claims_Checks_Cleared_RunTest"/>
  <testcase name="Run_Claims_Checks_Cleared" time="4.644" classname="Automation.Claims.Claims_Checks_Cleared_RunTest"/>
  <testcase name="Run_Claims_Checks_Cleared" time="4.775" classname="Automation.Claims.Claims_Checks_Cleared_RunTest"/>
  <testcase name="Run_Claims_Checks_Cleared" time="4.349" classname="Automation.Claims.Claims_Checks_Cleared_RunTest"/>
  <testcase name="Run_Claims_Checks_Cleared" time="4.862" classname="Automation.Claims.Claims_Checks_Cleared_RunTest"/>
  <testcase name="Run_Claims_Checks_Cleared" time="4.874" classname="Automation.Claims.Claims_Checks_Cleared_RunTest"/>
  <testcase name="Run_Claims_Checks_Cleared" time="4.472" classname="Automation.Claims.Claims_Checks_Cleared_RunTest"/>
  <testcase name="Run_Claims_Checks_Cleared" time="4.415" classname="Automation.Claims.Claims_Checks_Cleared_RunTest"/>
  <testcase name="Run_Claims_Checks_Cleared" time="4.571" classname="Automation.Claims.Claims_Checks_Cleared_RunTest"/>
  <testcase name="Run_Claims_Checks_Cleared" time="4.726" classname="Automation.Claims.Claims_Checks_Cleared_RunTest"/>
  <testcase name="Run_Claims_Checks_Cleared" time="5.985" classname="Automation.Claims.Claims_Checks_Cleared_RunTest"/>
  <testcase name="Run_Claims_Checks_Cleared" time="4.709" classname="Automation.Claims.Claims_Checks_Cleared_RunTest"/>
  <testcase name="Run_Claims_Checks_Cleared" time="4.614" classname="Automation.Claims.Claims_Checks_Cleared_RunTest"/>
  <testcase name="Run_Claims_Checks_Cleared" time="4.566" classname="Automation.Claims.Claims_Checks_Cleared_RunTest"/>
  <testcase name="Run_Claims_Checks_Cleared" time="4.271" classname="Automation.Claims.Claims_Checks_Cleared_RunTest"/>
  <testcase name="Run_Claims_Checks_Cleared" time="4.691" classname="Automation.Claims.Claims_Checks_Cleared_RunTest"/>
  <testcase name="Run_Claims_Checks_Cleared" time="4.105" classname="Automation.Claims.Claims_Checks_Cleared_RunTest"/>
  <testcase name="Run_Claims_Checks_Cleared" time="5.312" classname="Automation.Claims.Claims_Checks_Cleared_RunTest"/>
  <testcase name="Run_Claims_Checks_Cleared" time="5.469" classname="Automation.Claims.Claims_Checks_Cleared_RunTest"/>
  <testcase name="Run_Claims_Checks_Cleared" time="4.287" classname="Automation.Claims.Claims_Checks_Cleared_RunTest"/>
  <testcase name="Run_Claims_Checks_Cleared" time="4.401" classname="Automation.Claims.Claims_Checks_Cleared_RunTest"/>
  <testcase name="Run_Claims_Checks_Cleared" time="4.944" classname="Automation.Claims.Claims_Checks_Cleared_RunTest"/>
  <testcase name="Run_Claims_Checks_Cleared" time="4.793" classname="Automation.Claims.Claims_Checks_Cleared_RunTest"/>
  <testcase name="Run_Claims_Checks_Cleared" time="4.752" classname="Automation.Claims.Claims_Checks_Cleared_RunTest"/>
  <testcase name="Run_Claims_Checks_Cleared" time="4.267" classname="Automation.Claims.Claims_Checks_Cleared_RunTest"/>
  <testcase name="Run_Claims_Checks_Cleared" time="4.544" classname="Automation.Claims.Claims_Checks_Cleared_RunTest"/>
  <testcase name="Run_Claims_Checks_Cleared" time="4.564" classname="Automation.Claims.Claims_Checks_Cleared_RunTest"/>
  <testcase name="Run_Claims_Checks_Cleared" time="4.311" classname="Automation.Claims.Claims_Checks_Cleared_RunTest"/>
  <testcase name="Run_Claims_Checks_Cleared" time="4.391" classname="Automation.Claims.Claims_Checks_Cleared_RunTest"/>
  <testcase name="Run_Claims_Checks_Cleared" time="5.131" classname="Automation.Claims.Claims_Checks_Cleared_RunTest"/>
  <testcase name="Run_Claims_Checks_Cleared" time="4.489" classname="Automation.Claims.Claims_Checks_Cleared_RunTest"/>
  <testcase name="Run_Claims_Checks_Cleared" time="4.822" classname="Automation.Claims.Claims_Checks_Cleared_RunTest"/>
  <testcase name="Run_Claims_Checks_Cleared" time="4.219" classname="Automation.Claims.Claims_Checks_Cleared_RunTest"/>
  <testcase name="Run_Claims_Checks_Cleared" time="4.718" classname="Automation.Claims.Claims_Checks_Cleared_RunTest"/>
  <testcase name="Run_Claims_Checks_Cleared" time="4.811" classname="Automation.Claims.Claims_Checks_Cleared_RunTest"/>
  <testcase name="Run_Claims_Checks_Cleared" time="4.733" classname="Automation.Claims.Claims_Checks_Cleared_RunTest"/>
  <testcase name="Run_Claims_Checks_Cleared" time="5.445" classname="Automation.Claims.Claims_Checks_Cleared_RunTest"/>
  <testcase name="Run_Claims_Checks_Cleared" time="4.550" classname="Automation.Claims.Claims_Checks_Cleared_RunTest"/>
  <testcase name="Run_Claims_Checks_Cleared" time="4.361" classname="Automation.Claims.Claims_Checks_Cleared_RunTest"/>
  <testcase name="Run_Claims_Checks_Cleared" time="4.672" classname="Automation.Claims.Claims_Checks_Cleared_RunTest"/>
  <testcase name="Run_Claims_Checks_Cleared" time="4.618" classname="Automation.Claims.Claims_Checks_Cleared_RunTest"/>
  <testcase name="Run_Claims_Checks_Cleared" time="4.691" classname="Automation.Claims.Claims_Checks_Cleared_RunTest"/>
  <testcase name="Run_Claims_Checks_Cleared" time="4.313" classname="Automation.Claims.Claims_Checks_Cleared_RunTest"/>
  <testcase name="Run_Claims_Checks_Cleared" time="5.643" classname="Automation.Claims.Claims_Checks_Cleared_RunTest"/>
  <testcase name="Run_Claims_Checks_Cleared" time="4.353" classname="Automation.Claims.Claims_Checks_Cleared_RunTest"/>
  <testcase name="Run_Claims_Checks_Cleared" time="5.399" classname="Automation.Claims.Claims_Checks_Cleared_RunTest"/>
  <testcase name="Run_Claims_Checks_Cleared" time="4.499" classname="Automation.Claims.Claims_Checks_Cleared_RunTest"/>
  <testcase name="Run_Claims_Checks_Cleared" time="4.588" classname="Automation.Claims.Claims_Checks_Cleared_RunTest"/>
  <testcase name="Run_Claims_Checks_Cleared" time="4.366" classname="Automation.Claims.Claims_Checks_Cleared_RunTest"/>
  <testcase name="Run_Claims_Checks_Cleared" time="4.459" classname="Automation.Claims.Claims_Checks_Cleared_RunTest"/>
  <testcase name="Run_Claims_Checks_Cleared" time="4.772" classname="Automation.Claims.Claims_Checks_Cleared_RunTest"/>
  <testcase name="Run_Claims_Checks_Cleared" time="4.673" classname="Automation.Claims.Claims_Checks_Cleared_RunTest"/>
  <testcase name="Run_Claims_Checks_Cleared" time="4.445" classname="Automation.Claims.Claims_Checks_Cleared_RunTest"/>
  <testcase name="Run_Claims_Checks_Cleared" time="4.569" classname="Automation.Claims.Claims_Checks_Cleared_RunTest"/>
  <testcase name="Run_Claims_Checks_Cleared" time="4.255" classname="Automation.Claims.Claims_Checks_Cleared_RunTest"/>
  <testcase name="Run_Claims_Checks_Cleared" time="5.552" classname="Automation.Claims.Claims_Checks_Cleared_RunTest"/>
  <testcase name="Run_Claims_Checks_Cleared" time="4.229" classname="Automation.Claims.Claims_Checks_Cleared_RunTest"/>
  <testcase name="Run_Claims_Checks_Cleared" time="4.503" classname="Automation.Claims.Claims_Checks_Cleared_RunTest"/>
  <testcase name="Run_Claims_Checks_Cleared" time="5.092" classname="Automation.Claims.Claims_Checks_Cleared_RunTest"/>
  <testcase name="Run_Claims_Checks_Cleared" time="4.289" classname="Automation.Claims.Claims_Checks_Cleared_RunTest"/>
  <testcase name="Run_Claims_Checks_Cleared" time="4.389" classname="Automation.Claims.Claims_Checks_Cleared_RunTest"/>
  <testcase name="Run_Claims_Checks_Cleared" time="4.367" classname="Automation.Claims.Claims_Checks_Cleared_RunTest"/>
  <testcase name="Run_Claims_Checks_Cleared" time="4.439" classname="Automation.Claims.Claims_Checks_Cleared_RunTest"/>
  <testcase name="Run_Claims_Checks_Cleared" time="4.637" classname="Automation.Claims.Claims_Checks_Cleared_RunTest"/>
  <testcase name="Run_Claims_Checks_Cleared" time="4.602" classname="Automation.Claims.Claims_Checks_Cleared_RunTest"/>
  <testcase name="Run_Claims_Checks_Cleared" time="4.998" classname="Automation.Claims.Claims_Checks_Cleared_RunTest"/>
  <testcase name="Run_Claims_Checks_Cleared" time="4.417" classname="Automation.Claims.Claims_Checks_Cleared_RunTest"/>
  <testcase name="Run_Claims_Checks_Cleared" time="4.720" classname="Automation.Claims.Claims_Checks_Cleared_RunTest"/>
  <testcase name="Run_Claims_Checks_Cleared" time="5.847" classname="Automation.Claims.Claims_Checks_Cleared_RunTest"/>
  <testcase name="Run_Claims_Checks_Cleared" time="5.175" classname="Automation.Claims.Claims_Checks_Cleared_RunTest"/>
  <testcase name="Run_Claims_Checks_Cleared" time="4.818" classname="Automation.Claims.Claims_Checks_Cleared_RunTest"/>
  <testcase name="Run_Claims_Checks_Cleared" time="4.678" classname="Automation.Claims.Claims_Checks_Cleared_RunTest"/>
  <testcase name="Run_Claims_Checks_Cleared" time="5.346" classname="Automation.Claims.Claims_Checks_Cleared_RunTest"/>
  <testcase name="Run_Claims_Checks_Cleared" time="4.313" classname="Automation.Claims.Claims_Checks_Cleared_RunTest"/>
  <testcase name="Run_Claims_Checks_Cleared" time="4.251" classname="Automation.Claims.Claims_Checks_Cleared_RunTest"/>
  <testcase name="Run_Claims_Checks_Cleared" time="5.623" classname="Automation.Claims.Claims_Checks_Cleared_RunTest"/>
  <testcase name="Run_Claims_Checks_Cleared" time="4.497" classname="Automation.Claims.Claims_Checks_Cleared_RunTest"/>
  <testcase name="Run_Claims_Checks_Cleared" time="4.347" classname="Automation.Claims.Claims_Checks_Cleared_RunTest"/>
  <testcase name="Run_Claims_Checks_Cleared" time="4.771" classname="Automation.Claims.Claims_Checks_Cleared_RunTest"/>
  <testcase name="Run_Claims_Checks_Cleared" time="4.465" classname="Automation.Claims.Claims_Checks_Cleared_RunTest"/>
  <testcase name="Run_Claims_Checks_Cleared" time="4.373" classname="Automation.Claims.Claims_Checks_Cleared_RunTest"/>
  <testcase name="Run_Claims_Checks_Cleared" time="4.232" classname="Automation.Claims.Claims_Checks_Cleared_RunTest"/>
  <testcase name="Run_Claims_Checks_Cleared" time="4.858" classname="Automation.Claims.Claims_Checks_Cleared_RunTest"/>
  <testcase name="Run_Claims_Checks_Cleared" time="4.576" classname="Automation.Claims.Claims_Checks_Cleared_RunTest"/>
  <testcase name="Run_Claims_Checks_Cleared" time="5.031" classname="Automation.Claims.Claims_Checks_Cleared_RunTest"/>
  <testcase name="Run_Claims_Checks_Cleared" time="4.512" classname="Automation.Claims.Claims_Checks_Cleared_RunTest"/>
  <testcase name="Run_Claims_Checks_Cleared" time="4.415" classname="Automation.Claims.Claims_Checks_Cleared_RunTest"/>
  <testcase name="Run_Claims_Checks_Cleared" time="4.584" classname="Automation.Claims.Claims_Checks_Cleared_RunTest"/>
  <testcase name="Run_Claims_Checks_Cleared" time="5.189" classname="Automation.Claims.Claims_Checks_Cleared_RunTest"/>
  <testcase name="Run_Claims_Checks_Cleared" time="5.720" classname="Automation.Claims.Claims_Checks_Cleared_RunTest"/>
  <testcase name="Run_Claims_Checks_Cleared" time="4.647" classname="Automation.Claims.Claims_Checks_Cleared_RunTest"/>
  <testcase name="Run_Claims_Checks_Cleared" time="4.900" classname="Automation.Claims.Claims_Checks_Cleared_RunTest"/>
  <testcase name="Run_Claims_Checks_Cleared" time="4.781" classname="Automation.Claims.Claims_Checks_Cleared_RunTest"/>
  <testcase name="Run_Claims_Checks_Cleared" time="4.301" classname="Automation.Claims.Claims_Checks_Cleared_RunTest"/>
  <testcase name="Run_Claims_Checks_Cleared" time="4.402" classname="Automation.Claims.Claims_Checks_Cleared_RunTest"/>
  <testcase name="Run_Claims_Checks_Cleared" time="4.595" classname="Automation.Claims.Claims_Checks_Cleared_RunTest"/>
  <testcase name="Run_Claims_Checks_Cleared" time="5.325" classname="Automation.Claims.Claims_Checks_Cleared_RunTest"/>
  <testcase name="Run_Claims_Checks_Cleared" time="4.527" classname="Automation.Claims.Claims_Checks_Cleared_RunTest"/>
  <testcase name="Run_Claims_Checks_Cleared" time="308.234" classname="Automation.Claims.Claims_Checks_Cleared_RunTest"/>
  <testcase name="Run_Claims_Checks_Cleared" time="4.840" classname="Automation.Claims.Claims_Checks_Cleared_RunTest"/>
  <testcase name="Run_Claims_Checks_Cleared" time="4.883" classname="Automation.Claims.Claims_Checks_Cleared_RunTest"/>
  <testcase name="Run_Claims_Checks_Cleared" time="4.787" classname="Automation.Claims.Claims_Checks_Cleared_RunTest"/>
  <testcase name="Run_Claims_Checks_Cleared" time="4.920" classname="Automation.Claims.Claims_Checks_Cleared_RunTest"/>
  <testcase name="Run_Claims_Checks_Cleared" time="4.213" classname="Automation.Claims.Claims_Checks_Cleared_RunTest"/>
  <testcase name="Run_Claims_Checks_Cleared" time="4.888" classname="Automation.Claims.Claims_Checks_Cleared_RunTest"/>
  <testcase name="Run_Claims_Checks_Cleared" time="4.458" classname="Automation.Claims.Claims_Checks_Cleared_RunTest"/>
  <testcase name="Run_Claims_Checks_Cleared" time="5.849" classname="Automation.Claims.Claims_Checks_Cleared_RunTest"/>
  <testcase name="Run_Claims_Checks_Cleared" time="4.124" classname="Automation.Claims.Claims_Checks_Cleared_RunTest"/>
  <testcase name="Run_Claims_Checks_Cleared" time="4.341" classname="Automation.Claims.Claims_Checks_Cleared_RunTest"/>
  <testcase name="Run_Claims_Checks_Cleared" time="5.843" classname="Automation.Claims.Claims_Checks_Cleared_RunTest"/>
  <testcase name="Run_Claims_Checks_Cleared" time="4.630" classname="Automation.Claims.Claims_Checks_Cleared_RunTest"/>
  <testcase name="Run_Claims_Checks_Cleared" time="4.391" classname="Automation.Claims.Claims_Checks_Cleared_RunTest"/>
  <testcase name="Run_Claims_Checks_Cleared" time="4.803" classname="Automation.Claims.Claims_Checks_Cleared_RunTest"/>
  <testcase name="Run_Claims_Checks_Cleared" time="4.543" classname="Automation.Claims.Claims_Checks_Cleared_RunTest"/>
  <testcase name="Run_Claims_Checks_Cleared" time="4.194" classname="Automation.Claims.Claims_Checks_Cleared_RunTest"/>
  <testcase name="Run_Claims_Checks_Cleared" time="5.723" classname="Automation.Claims.Claims_Checks_Cleared_RunTest"/>
  <testcase name="Run_Claims_Checks_Cleared" time="4.471" classname="Automation.Claims.Claims_Checks_Cleared_RunTest"/>
  <testcase name="Run_Claims_Checks_Cleared" time="6.247" classname="Automation.Claims.Claims_Checks_Cleared_RunTest"/>
  <testcase name="Run_Claims_Checks_Cleared" time="4.821" classname="Automation.Claims.Claims_Checks_Cleared_RunTest"/>
  <testcase name="Run_Claims_Checks_Cleared" time="4.281" classname="Automation.Claims.Claims_Checks_Cleared_RunTest"/>
  <testcase name="Run_Claims_Checks_Cleared" time="4.155" classname="Automation.Claims.Claims_Checks_Cleared_RunTest"/>
  <testcase name="Run_Claims_Checks_Cleared" time="4.149" classname="Automation.Claims.Claims_Checks_Cleared_RunTest"/>
  <testcase name="Run_Claims_Checks_Cleared" time="4.177" classname="Automation.Claims.Claims_Checks_Cleared_RunTest"/>
  <testcase name="Run_Claims_Checks_Cleared" time="4.360" classname="Automation.Claims.Claims_Checks_Cleared_RunTest"/>
  <testcase name="Run_Claims_Checks_Cleared" time="5.832" classname="Automation.Claims.Claims_Checks_Cleared_RunTest"/>
  <testcase name="Run_Claims_Checks_Cleared" time="4.331" classname="Automation.Claims.Claims_Checks_Cleared_RunTest"/>
  <testcase name="Run_Claims_Checks_Cleared" time="4.433" classname="Automation.Claims.Claims_Checks_Cleared_RunTest"/>
  <testcase name="Run_Claims_Checks_Cleared" time="4.425" classname="Automation.Claims.Claims_Checks_Cleared_RunTest"/>
  <testcase name="Run_Claims_Checks_Cleared" time="4.610" classname="Automation.Claims.Claims_Checks_Cleared_RunTest"/>
  <testcase name="Run_Claims_Checks_Cleared" time="5.283" classname="Automation.Claims.Claims_Checks_Cleared_RunTest"/>
  <testcase name="Run_Claims_Checks_Cleared" time="4.832" classname="Automation.Claims.Claims_Checks_Cleared_RunTest"/>
  <testcase name="Run_Claims_Checks_Cleared" time="6.151" classname="Automation.Claims.Claims_Checks_Cleared_RunTest"/>
  <testcase name="Run_Claims_Checks_Cleared" time="4.336" classname="Automation.Claims.Claims_Checks_Cleared_RunTest"/>
  <testcase name="Run_Claims_Checks_Cleared" time="4.801" classname="Automation.Claims.Claims_Checks_Cleared_RunTest"/>
  <testcase name="Run_Claims_Checks_Cleared" time="4.509" classname="Automation.Claims.Claims_Checks_Cleared_RunTest"/>
  <testcase name="Run_Claims_Checks_Cleared" time="4.350" classname="Automation.Claims.Claims_Checks_Cleared_RunTest"/>
  <testcase name="Run_Claims_Checks_Cleared" time="4.422" classname="Automation.Claims.Claims_Checks_Cleared_RunTest"/>
  <testcase name="Run_Claims_Checks_Cleared" time="4.624" classname="Automation.Claims.Claims_Checks_Cleared_RunTest"/>
  <testcase name="Run_Claims_Checks_Cleared" time="5.017" classname="Automation.Claims.Claims_Checks_Cleared_RunTest"/>
  <testcase name="Run_Claims_Checks_Cleared" time="4.644" classname="Automation.Claims.Claims_Checks_Cleared_RunTest"/>
  <testcase name="Run_Claims_Checks_Cleared" time="4.829" classname="Automation.Claims.Claims_Checks_Cleared_RunTest"/>
  <testcase name="Run_Claims_Checks_Cleared" time="4.691" classname="Automation.Claims.Claims_Checks_Cleared_RunTest"/>
  <testcase name="Run_Claims_Checks_Cleared" time="4.525" classname="Automation.Claims.Claims_Checks_Cleared_RunTest"/>
  <testcase name="Run_Claims_Checks_Cleared" time="4.385" classname="Automation.Claims.Claims_Checks_Cleared_RunTest"/>
  <testcase name="Run_Claims_Checks_Cleared" time="4.677" classname="Automation.Claims.Claims_Checks_Cleared_RunTest"/>
  <testcase name="Run_Claims_Checks_Cleared" time="4.826" classname="Automation.Claims.Claims_Checks_Cleared_RunTest"/>
  <testcase name="Run_Claims_Checks_Cleared" time="4.778" classname="Automation.Claims.Claims_Checks_Cleared_RunTest"/>
  <testcase name="Run_Claims_Checks_Cleared" time="4.388" classname="Automation.Claims.Claims_Checks_Cleared_RunTest"/>
  <testcase name="Run_Claims_Checks_Cleared" time="4.473" classname="Automation.Claims.Claims_Checks_Cleared_RunTest"/>
  <testcase name="Run_Claims_Checks_Cleared" time="4.391" classname="Automation.Claims.Claims_Checks_Cleared_RunTest"/>
  <testcase name="Run_Claims_Checks_Cleared" time="4.608" classname="Automation.Claims.Claims_Checks_Cleared_RunTest"/>
  <testcase name="Run_Claims_Checks_Cleared" time="4.948" classname="Automation.Claims.Claims_Checks_Cleared_RunTest"/>
  <testcase name="Run_Claims_Checks_Cleared" time="4.411" classname="Automation.Claims.Claims_Checks_Cleared_RunTest"/>
  <testcase name="Run_Claims_Checks_Cleared" time="4.551" classname="Automation.Claims.Claims_Checks_Cleared_RunTest"/>
  <testcase name="Run_Claims_Checks_Cleared" time="4.304" classname="Automation.Claims.Claims_Checks_Cleared_RunTest"/>
  <testcase name="Run_Claims_Checks_Cleared" time="5.529" classname="Automation.Claims.Claims_Checks_Cleared_RunTest"/>
  <testcase name="Run_Claims_Checks_Cleared" time="4.580" classname="Automation.Claims.Claims_Checks_Cleared_RunTest"/>
  <testcase name="Run_Claims_Checks_Cleared" time="4.425" classname="Automation.Claims.Claims_Checks_Cleared_RunTest"/>
  <testcase name="Run_Claims_Checks_Cleared" time="4.810" classname="Automation.Claims.Claims_Checks_Cleared_RunTest"/>
  <testcase name="Run_Claims_Checks_Cleared" time="4.572" classname="Automation.Claims.Claims_Checks_Cleared_RunTest"/>
  <testcase name="Run_Claims_Checks_Cleared" time="5.129" classname="Automation.Claims.Claims_Checks_Cleared_RunTest"/>
  <testcase name="Run_Claims_Checks_Cleared" time="4.868" classname="Automation.Claims.Claims_Checks_Cleared_RunTest"/>
  <testcase name="Run_Claims_Checks_Cleared" time="4.226" classname="Automation.Claims.Claims_Checks_Cleared_RunTest"/>
  <testcase name="Run_Claims_Checks_Cleared" time="4.710" classname="Automation.Claims.Claims_Checks_Cleared_RunTest"/>
  <testcase name="Run_Claims_Checks_Cleared" time="4.570" classname="Automation.Claims.Claims_Checks_Cleared_RunTest"/>
  <testcase name="Run_Claims_Checks_Cleared" time="4.382" classname="Automation.Claims.Claims_Checks_Cleared_RunTest"/>
  <testcase name="Run_Claims_Checks_Cleared" time="4.679" classname="Automation.Claims.Claims_Checks_Cleared_RunTest"/>
  <testcase name="Run_Claims_Checks_Cleared" time="4.417" classname="Automation.Claims.Claims_Checks_Cleared_RunTest"/>
  <testcase name="Run_Claims_Checks_Cleared" time="4.423" classname="Automation.Claims.Claims_Checks_Cleared_RunTest"/>
  <testcase name="Run_Claims_Checks_Cleared" time="4.585" classname="Automation.Claims.Claims_Checks_Cleared_RunTest"/>
  <testcase name="Run_Claims_Checks_Cleared" time="4.450" classname="Automation.Claims.Claims_Checks_Cleared_RunTest"/>
  <testcase name="Run_Claims_Checks_Cleared" time="4.589" classname="Automation.Claims.Claims_Checks_Cleared_RunTest"/>
  <testcase name="Run_Claims_Checks_Cleared" time="4.236" classname="Automation.Claims.Claims_Checks_Cleared_RunTest"/>
  <testcase name="Run_Claims_Checks_Cleared" time="4.635" classname="Automation.Claims.Claims_Checks_Cleared_RunTest"/>
  <testcase name="Run_Claims_Checks_Cleared" time="4.574" classname="Automation.Claims.Claims_Checks_Cleared_RunTest"/>
  <testcase name="Run_Claims_Checks_Cleared" time="4.466" classname="Automation.Claims.Claims_Checks_Cleared_RunTest"/>
  <testcase name="Run_Claims_Checks_Cleared" time="4.288" classname="Automation.Claims.Claims_Checks_Cleared_RunTest"/>
  <testcase name="Run_Claims_Checks_Cleared" time="5.441" classname="Automation.Claims.Claims_Checks_Cleared_RunTest"/>
  <testcase name="Run_Claims_Checks_Cleared" time="4.345" classname="Automation.Claims.Claims_Checks_Cleared_RunTest"/>
  <testcase name="Run_Claims_Checks_Cleared" time="4.245" classname="Automation.Claims.Claims_Checks_Cleared_RunTest"/>
  <testcase name="Run_Claims_Checks_Cleared" time="4.732" classname="Automation.Claims.Claims_Checks_Cleared_RunTest"/>
  <testcase name="Run_Claims_Checks_Cleared" time="5.976" classname="Automation.Claims.Claims_Checks_Cleared_RunTest"/>
  <testcase name="Run_Claims_Checks_Cleared" time="4.458" classname="Automation.Claims.Claims_Checks_Cleared_RunTest"/>
  <testcase name="Run_Claims_Checks_Cleared" time="4.446" classname="Automation.Claims.Claims_Checks_Cleared_RunTest"/>
  <testcase name="Run_Claims_Checks_Cleared" time="4.624" classname="Automation.Claims.Claims_Checks_Cleared_RunTest"/>
  <testcase name="Run_Claims_Checks_Cleared" time="5.194" classname="Automation.Claims.Claims_Checks_Cleared_RunTest"/>
  <testcase name="Run_Claims_Checks_Cleared" time="4.604" classname="Automation.Claims.Claims_Checks_Cleared_RunTest"/>
  <testcase name="Run_Claims_Checks_Cleared" time="4.489" classname="Automation.Claims.Claims_Checks_Cleared_RunTest"/>
  <testcase name="Run_Claims_Checks_Cleared" time="4.705" classname="Automation.Claims.Claims_Checks_Cleared_RunTest"/>
  <testcase name="Run_Claims_Checks_Cleared" time="4.605" classname="Automation.Claims.Claims_Checks_Cleared_RunTest"/>
  <testcase name="Run_Claims_Checks_Cleared" time="4.249" classname="Automation.Claims.Claims_Checks_Cleared_RunTest"/>
  <testcase name="Run_Claims_Checks_Cleared" time="4.262" classname="Automation.Claims.Claims_Checks_Cleared_RunTest"/>
  <testcase name="Run_Claims_Checks_Cleared" time="5.329" classname="Automation.Claims.Claims_Checks_Cleared_RunTest"/>
  <testcase name="Run_Claims_Checks_Cleared" time="4.280" classname="Automation.Claims.Claims_Checks_Cleared_RunTest"/>
  <testcase name="Run_Claims_Checks_Cleared" time="5.837" classname="Automation.Claims.Claims_Checks_Cleared_RunTest"/>
  <testcase name="Run_Claims_Checks_Cleared" time="4.750" classname="Automation.Claims.Claims_Checks_Cleared_RunTest"/>
  <testcase name="Run_Claims_Checks_Cleared" time="4.464" classname="Automation.Claims.Claims_Checks_Cleared_RunTest"/>
  <testcase name="Run_Claims_Checks_Cleared" time="4.782" classname="Automation.Claims.Claims_Checks_Cleared_RunTest"/>
  <testcase name="Run_Claims_Checks_Cleared" time="4.811" classname="Automation.Claims.Claims_Checks_Cleared_RunTest"/>
  <testcase name="Run_Claims_Checks_Cleared" time="4.700" classname="Automation.Claims.Claims_Checks_Cleared_RunTest"/>
  <testcase name="Run_Claims_Checks_Cleared" time="5.737" classname="Automation.Claims.Claims_Checks_Cleared_RunTest"/>
  <testcase name="Run_Claims_Checks_Cleared" time="4.954" classname="Automation.Claims.Claims_Checks_Cleared_RunTest"/>
  <testcase name="Run_Claims_Checks_Cleared" time="4.613" classname="Automation.Claims.Claims_Checks_Cleared_RunTest"/>
  <testcase name="Run_Claims_Checks_Cleared" time="4.228" classname="Automation.Claims.Claims_Checks_Cleared_RunTest"/>
  <testcase name="Run_Claims_Checks_Cleared" time="4.710" classname="Automation.Claims.Claims_Checks_Cleared_RunTest"/>
  <testcase name="Run_Claims_Checks_Cleared" time="5.291" classname="Automation.Claims.Claims_Checks_Cleared_RunTest"/>
  <testcase name="Run_Claims_Checks_Cleared" time="4.688" classname="Automation.Claims.Claims_Checks_Cleared_RunTest"/>
  <testcase name="Run_Claims_Checks_Cleared" time="4.730" classname="Automation.Claims.Claims_Checks_Cleared_RunTest"/>
  <testcase name="Run_Claims_Checks_Cleared" time="4.520" classname="Automation.Claims.Claims_Checks_Cleared_RunTest"/>
  <testcase name="Run_Claims_Checks_Cleared" time="5.158" classname="Automation.Claims.Claims_Checks_Cleared_RunTest"/>
  <testcase name="Run_Claims_Checks_Cleared" time="4.490" classname="Automation.Claims.Claims_Checks_Cleared_RunTest"/>
  <testcase name="Run_Claims_Checks_Cleared" time="4.426" classname="Automation.Claims.Claims_Checks_Cleared_RunTest"/>
  <testcase name="Run_Claims_Checks_Cleared" time="4.626" classname="Automation.Claims.Claims_Checks_Cleared_RunTest"/>
  <testcase name="Run_Claims_Checks_Cleared" time="4.687" classname="Automation.Claims.Claims_Checks_Cleared_RunTest"/>
  <testcase name="Run_Claims_Checks_Cleared" time="4.062" classname="Automation.Claims.Claims_Checks_Cleared_RunTest"/>
  <testcase name="Run_Claims_Checks_Cleared" time="4.496" classname="Automation.Claims.Claims_Checks_Cleared_RunTest"/>
  <testcase name="Run_Claims_Checks_Cleared" time="4.464" classname="Automation.Claims.Claims_Checks_Cleared_RunTest"/>
  <testcase name="Run_Claims_Checks_Cleared" time="4.541" classname="Automation.Claims.Claims_Checks_Cleared_RunTest"/>
  <testcase name="Run_Claims_Checks_Cleared" time="4.788" classname="Automation.Claims.Claims_Checks_Cleared_RunTest"/>
  <testcase name="Run_Claims_Checks_Cleared" time="4.430" classname="Automation.Claims.Claims_Checks_Cleared_RunTest"/>
  <testcase name="Run_Claims_Checks_Cleared" time="4.485" classname="Automation.Claims.Claims_Checks_Cleared_RunTest"/>
  <testcase name="Run_Claims_Checks_Cleared" time="4.971" classname="Automation.Claims.Claims_Checks_Cleared_RunTest"/>
  <testcase name="Run_Claims_Checks_Cleared" time="3.903" classname="Automation.Claims.Claims_Checks_Cleared_RunTest"/>
  <testcase name="Run_Claims_Checks_Cleared" time="4.518" classname="Automation.Claims.Claims_Checks_Cleared_RunTest"/>
  <testcase name="Run_Claims_Checks_Cleared" time="5.339" classname="Automation.Claims.Claims_Checks_Cleared_RunTest"/>
  <testcase name="Run_Claims_Checks_Cleared" time="4.319" classname="Automation.Claims.Claims_Checks_Cleared_RunTest"/>
  <testcase name="Run_Claims_Checks_Cleared" time="4.250" classname="Automation.Claims.Claims_Checks_Cleared_RunTest"/>
  <testcase name="Run_Claims_Checks_Cleared" time="4.407" classname="Automation.Claims.Claims_Checks_Cleared_RunTest"/>
  <testcase name="Run_Claims_Checks_Cleared" time="4.500" classname="Automation.Claims.Claims_Checks_Cleared_RunTest"/>
  <testcase name="Run_Claims_Checks_Cleared" time="5.076" classname="Automation.Claims.Claims_Checks_Cleared_RunTest"/>
  <testcase name="Run_Claims_Checks_Cleared" time="5.106" classname="Automation.Claims.Claims_Checks_Cleared_RunTest"/>
  <testcase name="Run_Claims_Checks_Cleared" time="4.465" classname="Automation.Claims.Claims_Checks_Cleared_RunTest"/>
  <testcase name="Run_Claims_Checks_Cleared" time="4.605" classname="Automation.Claims.Claims_Checks_Cleared_RunTest"/>
  <testcase name="Run_Claims_Checks_Cleared" time="4.439" classname="Automation.Claims.Claims_Checks_Cleared_RunTest"/>
  <testcase name="Run_Claims_Checks_Cleared" time="4.596" classname="Automation.Claims.Claims_Checks_Cleared_RunTest"/>
  <testcase name="Run_Claims_Checks_Cleared" time="4.223" classname="Automation.Claims.Claims_Checks_Cleared_RunTest"/>
  <testcase name="Run_Claims_Checks_Cleared" time="4.366" classname="Automation.Claims.Claims_Checks_Cleared_RunTest"/>
  <testcase name="Run_Claims_Checks_Cleared" time="4.070" classname="Automation.Claims.Claims_Checks_Cleared_RunTest"/>
  <testcase name="Run_Claims_Checks_Cleared" time="4.927" classname="Automation.Claims.Claims_Checks_Cleared_RunTest"/>
  <testcase name="Run_Claims_Checks_Cleared" time="4.231" classname="Automation.Claims.Claims_Checks_Cleared_RunTest"/>
  <testcase name="Run_Claims_Checks_Cleared" time="4.744" classname="Automation.Claims.Claims_Checks_Cleared_RunTest"/>
  <testcase name="Run_Claims_Checks_Cleared" time="4.491" classname="Automation.Claims.Claims_Checks_Cleared_RunTest"/>
  <testcase name="Run_Claims_Checks_Cleared" time="5.795" classname="Automation.Claims.Claims_Checks_Cleared_RunTest"/>
  <testcase name="Run_Claims_Checks_Cleared" time="4.563" classname="Automation.Claims.Claims_Checks_Cleared_RunTest"/>
  <testcase name="Run_Claims_Checks_Cleared" time="4.736" classname="Automation.Claims.Claims_Checks_Cleared_RunTest"/>
  <testcase name="Run_Claims_Checks_Cleared" time="4.483" classname="Automation.Claims.Claims_Checks_Cleared_RunTest"/>
  <testcase name="Run_Claims_Checks_Cleared" time="4.749" classname="Automation.Claims.Claims_Checks_Cleared_RunTest"/>
  <testcase name="Run_Claims_Checks_Cleared" time="4.424" classname="Automation.Claims.Claims_Checks_Cleared_RunTest"/>
  <testcase name="Run_Claims_Checks_Cleared" time="4.125" classname="Automation.Claims.Claims_Checks_Cleared_RunTest"/>
  <testcase name="Run_Claims_Checks_Cleared" time="4.760" classname="Automation.Claims.Claims_Checks_Cleared_RunTest"/>
  <testcase name="Run_Claims_Checks_Cleared" time="4.919" classname="Automation.Claims.Claims_Checks_Cleared_RunTest"/>
  <testcase name="Run_Claims_Checks_Cleared" time="4.603" classname="Automation.Claims.Claims_Checks_Cleared_RunTest"/>
  <testcase name="Run_Claims_Checks_Cleared" time="4.319" classname="Automation.Claims.Claims_Checks_Cleared_RunTest"/>
  <testcase name="Run_Claims_Checks_Cleared" time="4.262" classname="Automation.Claims.Claims_Checks_Cleared_RunTest"/>
  <testcase name="Run_Claims_Checks_Cleared" time="4.418" classname="Automation.Claims.Claims_Checks_Cleared_RunTest"/>
  <testcase name="Run_Claims_Checks_Cleared" time="4.608" classname="Automation.Claims.Claims_Checks_Cleared_RunTest"/>
  <testcase name="Run_Claims_Checks_Cleared" time="4.742" classname="Automation.Claims.Claims_Checks_Cleared_RunTest"/>
  <testcase name="Run_Claims_Checks_Cleared" time="4.789" classname="Automation.Claims.Claims_Checks_Cleared_RunTest"/>
  <testcase name="Run_Claims_Checks_Cleared" time="4.793" classname="Automation.Claims.Claims_Checks_Cleared_RunTest"/>
  <testcase name="Run_Claims_Checks_Cleared" time="4.714" classname="Automation.Claims.Claims_Checks_Cleared_RunTest"/>
  <testcase name="Run_Claims_Checks_Cleared" time="4.756" classname="Automation.Claims.Claims_Checks_Cleared_RunTest"/>
  <testcase name="Run_Claims_Checks_Cleared" time="4.499" classname="Automation.Claims.Claims_Checks_Cleared_RunTest"/>
  <testcase name="Run_Claims_Checks_Cleared" time="4.587" classname="Automation.Claims.Claims_Checks_Cleared_RunTest"/>
  <testcase name="Run_Claims_Checks_Cleared" time="4.547" classname="Automation.Claims.Claims_Checks_Cleared_RunTest"/>
  <testcase name="Run_Claims_Checks_Cleared" time="4.687" classname="Automation.Claims.Claims_Checks_Cleared_RunTest"/>
  <testcase name="Run_Claims_Checks_Cleared" time="4.626" classname="Automation.Claims.Claims_Checks_Cleared_RunTest"/>
  <testcase name="Run_Claims_Checks_Cleared" time="4.621" classname="Automation.Claims.Claims_Checks_Cleared_RunTest"/>
  <testcase name="Run_Claims_Checks_Cleared" time="4.283" classname="Automation.Claims.Claims_Checks_Cleared_RunTest"/>
  <testcase name="Run_Claims_Checks_Cleared" time="4.945" classname="Automation.Claims.Claims_Checks_Cleared_RunTest"/>
  <testcase name="Run_Claims_Checks_Cleared" time="4.523" classname="Automation.Claims.Claims_Checks_Cleared_RunTest"/>
  <testcase name="Run_Claims_Checks_Cleared" time="4.095" classname="Automation.Claims.Claims_Checks_Cleared_RunTest"/>
  <testcase name="Run_Claims_Checks_Cleared" time="4.217" classname="Automation.Claims.Claims_Checks_Cleared_RunTest"/>
  <testcase name="Run_Claims_Checks_Cleared" time="4.766" classname="Automation.Claims.Claims_Checks_Cleared_RunTest"/>
  <testcase name="Run_Claims_Checks_Cleared" time="4.756" classname="Automation.Claims.Claims_Checks_Cleared_RunTest"/>
  <testcase name="Run_Claims_Checks_Cleared" time="4.272" classname="Automation.Claims.Claims_Checks_Cleared_RunTest"/>
  <testcase name="Run_Claims_Checks_Cleared" time="4.691" classname="Automation.Claims.Claims_Checks_Cleared_RunTest"/>
  <testcase name="Run_Claims_Checks_Cleared" time="4.628" classname="Automation.Claims.Claims_Checks_Cleared_RunTest"/>
  <testcase name="Run_Claims_Checks_Cleared" time="4.633" classname="Automation.Claims.Claims_Checks_Cleared_RunTest"/>
  <testcase name="Run_Claims_Checks_Cleared" time="4.523" classname="Automation.Claims.Claims_Checks_Cleared_RunTest"/>
  <testcase name="Run_Claims_Checks_Cleared" time="5.086" classname="Automation.Claims.Claims_Checks_Cleared_RunTest"/>
  <testcase name="Run_Claims_Checks_Cleared" time="5.021" classname="Automation.Claims.Claims_Checks_Cleared_RunTest"/>
  <testcase name="Run_Claims_Checks_Cleared" time="4.736" classname="Automation.Claims.Claims_Checks_Cleared_RunTest"/>
  <testcase name="Run_Claims_Checks_Cleared" time="5.214" classname="Automation.Claims.Claims_Checks_Cleared_RunTest"/>
  <testcase name="Run_Claims_Checks_Cleared" time="4.088" classname="Automation.Claims.Claims_Checks_Cleared_RunTest"/>
  <testcase name="Run_Claims_Checks_Cleared" time="4.506" classname="Automation.Claims.Claims_Checks_Cleared_RunTest"/>
  <testcase name="Run_Claims_Checks_Cleared" time="4.583" classname="Automation.Claims.Claims_Checks_Cleared_RunTest"/>
  <testcase name="Run_Claims_Checks_Cleared" time="6.216" classname="Automation.Claims.Claims_Checks_Cleared_RunTest"/>
  <testcase name="Run_Claims_Checks_Cleared" time="4.345" classname="Automation.Claims.Claims_Checks_Cleared_RunTest"/>
  <testcase name="Run_Claims_Checks_Cleared" time="5.164" classname="Automation.Claims.Claims_Checks_Cleared_RunTest"/>
  <testcase name="Run_Claims_Checks_Cleared" time="4.519" classname="Automation.Claims.Claims_Checks_Cleared_RunTest"/>
  <testcase name="Run_Claims_Checks_Cleared" time="4.881" classname="Automation.Claims.Claims_Checks_Cleared_RunTest"/>
  <testcase name="Run_Claims_Checks_Cleared" time="4.455" classname="Automation.Claims.Claims_Checks_Cleared_RunTest"/>
  <testcase name="Run_Claims_Checks_Cleared" time="4.544" classname="Automation.Claims.Claims_Checks_Cleared_RunTest"/>
  <testcase name="Run_Claims_Checks_Cleared" time="4.653" classname="Automation.Claims.Claims_Checks_Cleared_RunTest"/>
  <testcase name="Run_Claims_Checks_Cleared" time="3.972" classname="Automation.Claims.Claims_Checks_Cleared_RunTest"/>
  <testcase name="Run_Claims_Checks_Cleared" time="4.283" classname="Automation.Claims.Claims_Checks_Cleared_RunTest"/>
  <testcase name="Run_Claims_Checks_Cleared" time="5.184" classname="Automation.Claims.Claims_Checks_Cleared_RunTest"/>
  <testcase name="Run_Claims_Checks_Cleared" time="5.400" classname="Automation.Claims.Claims_Checks_Cleared_RunTest"/>
  <testcase name="Run_Claims_Checks_Cleared" time="4.470" classname="Automation.Claims.Claims_Checks_Cleared_RunTest"/>
  <testcase name="Run_Claims_Checks_Cleared" time="4.459" classname="Automation.Claims.Claims_Checks_Cleared_RunTest"/>
  <testcase name="Run_Claims_Checks_Cleared" time="5.520" classname="Automation.Claims.Claims_Checks_Cleared_RunTest"/>
  <testcase name="Run_Claims_Checks_Cleared" time="4.611" classname="Automation.Claims.Claims_Checks_Cleared_RunTest"/>
  <testcase name="Run_Claims_Checks_Cleared" time="4.480" classname="Automation.Claims.Claims_Checks_Cleared_RunTest"/>
  <testcase name="Run_Claims_Checks_Cleared" time="4.894" classname="Automation.Claims.Claims_Checks_Cleared_RunTest"/>
  <testcase name="Run_Claims_Checks_Cleared" time="4.566" classname="Automation.Claims.Claims_Checks_Cleared_RunTest"/>
  <testcase name="Run_Claims_Checks_Cleared" time="4.686" classname="Automation.Claims.Claims_Checks_Cleared_RunTest"/>
  <testcase name="Run_Claims_Checks_Cleared" time="4.804" classname="Automation.Claims.Claims_Checks_Cleared_RunTest"/>
  <testcase name="Run_Claims_Checks_Cleared" time="4.941" classname="Automation.Claims.Claims_Checks_Cleared_RunTest"/>
  <testcase name="Run_Claims_Checks_Cleared" time="4.141" classname="Automation.Claims.Claims_Checks_Cleared_RunTest"/>
  <testcase name="Run_Claims_Checks_Cleared" time="5.256" classname="Automation.Claims.Claims_Checks_Cleared_RunTest"/>
  <testcase name="Run_Claims_Checks_Cleared" time="4.835" classname="Automation.Claims.Claims_Checks_Cleared_RunTest"/>
  <testcase name="Run_Claims_Checks_Cleared" time="4.502" classname="Automation.Claims.Claims_Checks_Cleared_RunTest"/>
  <testcase name="Run_Claims_Checks_Cleared" time="4.626" classname="Automation.Claims.Claims_Checks_Cleared_RunTest"/>
  <testcase name="Run_Claims_Checks_Cleared" time="5.211" classname="Automation.Claims.Claims_Checks_Cleared_RunTest"/>
  <testcase name="Run_Claims_Checks_Cleared" time="4.038" classname="Automation.Claims.Claims_Checks_Cleared_RunTest"/>
  <testcase name="Run_Claims_Checks_Cleared" time="4.810" classname="Automation.Claims.Claims_Checks_Cleared_RunTest"/>
  <testcase name="Run_Claims_Checks_Cleared" time="4.545" classname="Automation.Claims.Claims_Checks_Cleared_RunTest"/>
  <testcase name="Run_Claims_Checks_Cleared" time="4.823" classname="Automation.Claims.Claims_Checks_Cleared_RunTest"/>
  <testcase name="Run_Claims_Checks_Cleared" time="5.234" classname="Automation.Claims.Claims_Checks_Cleared_RunTest"/>
  <testcase name="Run_Claims_Checks_Cleared" time="4.460" classname="Automation.Claims.Claims_Checks_Cleared_RunTest"/>
  <testcase name="Run_Claims_Checks_Cleared" time="4.675" classname="Automation.Claims.Claims_Checks_Cleared_RunTest"/>
  <testcase name="Run_Claims_Checks_Cleared" time="5.201" classname="Automation.Claims.Claims_Checks_Cleared_RunTest"/>
  <testcase name="Run_Claims_Checks_Cleared" time="6.252" classname="Automation.Claims.Claims_Checks_Cleared_RunTest"/>
  <testcase name="Run_Claims_Checks_Cleared" time="4.409" classname="Automation.Claims.Claims_Checks_Cleared_RunTest"/>
  <testcase name="Run_Claims_Checks_Cleared" time="4.788" classname="Automation.Claims.Claims_Checks_Cleared_RunTest"/>
  <testcase name="Run_Claims_Checks_Cleared" time="4.559" classname="Automation.Claims.Claims_Checks_Cleared_RunTest"/>
  <testcase name="Run_Claims_Checks_Cleared" time="4.554" classname="Automation.Claims.Claims_Checks_Cleared_RunTest"/>
  <testcase name="Run_Claims_Checks_Cleared" time="4.865" classname="Automation.Claims.Claims_Checks_Cleared_RunTest"/>
  <testcase name="Run_Claims_Checks_Cleared" time="6.012" classname="Automation.Claims.Claims_Checks_Cleared_RunTest"/>
  <testcase name="Run_Claims_Checks_Cleared" time="5.050" classname="Automation.Claims.Claims_Checks_Cleared_RunTest"/>
  <testcase name="Run_Claims_Checks_Cleared" time="4.180" classname="Automation.Claims.Claims_Checks_Cleared_RunTest"/>
  <testcase name="Run_Claims_Checks_Cleared" time="5.499" classname="Automation.Claims.Claims_Checks_Cleared_RunTest"/>
  <testcase name="Run_Claims_Checks_Cleared" time="5.182" classname="Automation.Claims.Claims_Checks_Cleared_RunTest"/>
  <testcase name="Run_Claims_Checks_Cleared" time="4.628" classname="Automation.Claims.Claims_Checks_Cleared_RunTest"/>
  <testcase name="Run_Claims_Checks_Cleared" time="4.402" classname="Automation.Claims.Claims_Checks_Cleared_RunTest"/>
  <testcase name="Run_Claims_Checks_Cleared" time="4.776" classname="Automation.Claims.Claims_Checks_Cleared_RunTest"/>
  <testcase name="Run_Claims_Checks_Cleared" time="4.102" classname="Automation.Claims.Claims_Checks_Cleared_RunTest"/>
  <testcase name="Run_Claims_Checks_Cleared" time="5.604" classname="Automation.Claims.Claims_Checks_Cleared_RunTest"/>
  <testcase name="Run_Claims_Checks_Cleared" time="4.597" classname="Automation.Claims.Claims_Checks_Cleared_RunTest"/>
  <testcase name="Run_Claims_Checks_Cleared" time="4.032" classname="Automation.Claims.Claims_Checks_Cleared_RunTest"/>
  <testcase name="Run_Claims_Checks_Cleared" time="4.517" classname="Automation.Claims.Claims_Checks_Cleared_RunTest"/>
  <testcase name="Run_Claims_Checks_Cleared" time="4.718" classname="Automation.Claims.Claims_Checks_Cleared_RunTest"/>
  <testcase name="Run_Claims_Checks_Cleared" time="4.529" classname="Automation.Claims.Claims_Checks_Cleared_RunTest"/>
  <testcase name="Run_Claims_Checks_Cleared" time="4.577" classname="Automation.Claims.Claims_Checks_Cleared_RunTest"/>
  <testcase name="Run_Claims_Checks_Cleared" time="4.439" classname="Automation.Claims.Claims_Checks_Cleared_RunTest"/>
  <testcase name="Run_Claims_Checks_Cleared" time="4.512" classname="Automation.Claims.Claims_Checks_Cleared_RunTest"/>
  <testcase name="Run_Claims_Checks_Cleared" time="5.825" classname="Automation.Claims.Claims_Checks_Cleared_RunTest"/>
  <testcase name="Run_Claims_Checks_Cleared" time="4.383" classname="Automation.Claims.Claims_Checks_Cleared_RunTest"/>
  <testcase name="Run_Claims_Checks_Cleared" time="4.614" classname="Automation.Claims.Claims_Checks_Cleared_RunTest"/>
  <testcase name="Run_Claims_Checks_Cleared" time="4.181" classname="Automation.Claims.Claims_Checks_Cleared_RunTest"/>
  <testcase name="Run_Claims_Checks_Cleared" time="4.414" classname="Automation.Claims.Claims_Checks_Cleared_RunTest"/>
  <testcase name="Run_Claims_Checks_Cleared" time="4.775" classname="Automation.Claims.Claims_Checks_Cleared_RunTest"/>
  <testcase name="Run_Claims_Checks_Cleared" time="4.721" classname="Automation.Claims.Claims_Checks_Cleared_RunTest"/>
  <testcase name="Run_Claims_Checks_Cleared" time="4.678" classname="Automation.Claims.Claims_Checks_Cleared_RunTest"/>
  <testcase name="Run_Claims_Checks_Cleared" time="4.466" classname="Automation.Claims.Claims_Checks_Cleared_RunTest"/>
  <testcase name="Run_Claims_Checks_Cleared" time="4.484" classname="Automation.Claims.Claims_Checks_Cleared_RunTest"/>
  <testcase name="Run_Claims_Checks_Cleared" time="4.187" classname="Automation.Claims.Claims_Checks_Cleared_RunTest"/>
  <testcase name="Run_Claims_Checks_Cleared" time="4.916" classname="Automation.Claims.Claims_Checks_Cleared_RunTest"/>
  <testcase name="Run_Claims_Checks_Cleared" time="4.169" classname="Automation.Claims.Claims_Checks_Cleared_RunTest"/>
  <testcase name="Run_Claims_Checks_Cleared" time="4.956" classname="Automation.Claims.Claims_Checks_Cleared_RunTest"/>
  <testcase name="Run_Claims_Checks_Cleared" time="4.379" classname="Automation.Claims.Claims_Checks_Cleared_RunTest"/>
  <testcase name="Run_Claims_Checks_Cleared" time="4.614" classname="Automation.Claims.Claims_Checks_Cleared_RunTest"/>
  <testcase name="Run_Claims_Checks_Cleared" time="4.458" classname="Automation.Claims.Claims_Checks_Cleared_RunTest"/>
  <testcase name="Run_Claims_Checks_Cleared" time="4.765" classname="Automation.Claims.Claims_Checks_Cleared_RunTest"/>
  <testcase name="Run_Claims_Checks_Cleared" time="4.426" classname="Automation.Claims.Claims_Checks_Cleared_RunTest"/>
  <testcase name="Run_Claims_Checks_Cleared" time="4.453" classname="Automation.Claims.Claims_Checks_Cleared_RunTest"/>
  <testcase name="Run_Claims_Checks_Cleared" time="4.108" classname="Automation.Claims.Claims_Checks_Cleared_RunTest"/>
  <testcase name="Run_Claims_Checks_Cleared" time="4.856" classname="Automation.Claims.Claims_Checks_Cleared_RunTest"/>
  <testcase name="Run_Claims_Checks_Cleared" time="4.225" classname="Automation.Claims.Claims_Checks_Cleared_RunTest"/>
  <testcase name="Run_Claims_Checks_Cleared" time="4.332" classname="Automation.Claims.Claims_Checks_Cleared_RunTest"/>
  <testcase name="Run_Claims_Checks_Cleared" time="4.503" classname="Automation.Claims.Claims_Checks_Cleared_RunTest"/>
  <testcase name="Run_Claims_Checks_Cleared" time="5.152" classname="Automation.Claims.Claims_Checks_Cleared_RunTest"/>
  <testcase name="Run_Claims_Checks_Cleared" time="4.445" classname="Automation.Claims.Claims_Checks_Cleared_RunTest"/>
  <testcase name="Run_Claims_Checks_Cleared" time="4.121" classname="Automation.Claims.Claims_Checks_Cleared_RunTest"/>
  <testcase name="Run_Claims_Checks_Cleared" time="5.220" classname="Automation.Claims.Claims_Checks_Cleared_RunTest"/>
  <testcase name="Run_Claims_Checks_Cleared" time="4.432" classname="Automation.Claims.Claims_Checks_Cleared_RunTest"/>
  <testcase name="Run_Claims_Checks_Cleared" time="5.562" classname="Automation.Claims.Claims_Checks_Cleared_RunTest"/>
  <testcase name="Run_Claims_Checks_Cleared" time="4.325" classname="Automation.Claims.Claims_Checks_Cleared_RunTest"/>
  <testcase name="Run_Claims_Checks_Cleared" time="5.896" classname="Automation.Claims.Claims_Checks_Cleared_RunTest"/>
  <testcase name="Run_Claims_Checks_Cleared" time="4.702" classname="Automation.Claims.Claims_Checks_Cleared_RunTest"/>
  <testcase name="Run_Claims_Checks_Cleared" time="5.009" classname="Automation.Claims.Claims_Checks_Cleared_RunTest"/>
  <testcase name="Run_Claims_Checks_Cleared" time="4.250" classname="Automation.Claims.Claims_Checks_Cleared_RunTest"/>
  <testcase name="Run_Claims_Checks_Cleared" time="4.634" classname="Automation.Claims.Claims_Checks_Cleared_RunTest"/>
  <testcase name="Run_Claims_Checks_Cleared" time="5.285" classname="Automation.Claims.Claims_Checks_Cleared_RunTest"/>
  <testcase name="Run_Claims_Checks_Cleared" time="4.826" classname="Automation.Claims.Claims_Checks_Cleared_RunTest"/>
  <testcase name="Run_Claims_Checks_Cleared" time="4.710" classname="Automation.Claims.Claims_Checks_Cleared_RunTest"/>
  <testcase name="Run_Claims_Checks_Cleared" time="4.737" classname="Automation.Claims.Claims_Checks_Cleared_RunTest"/>
  <testcase name="Run_Claims_Checks_Cleared" time="4.413" classname="Automation.Claims.Claims_Checks_Cleared_RunTest"/>
  <testcase name="Run_Claims_Checks_Cleared" time="4.313" classname="Automation.Claims.Claims_Checks_Cleared_RunTest"/>
  <testcase name="Run_Claims_Checks_Cleared" time="5.007" classname="Automation.Claims.Claims_Checks_Cleared_RunTest"/>
  <testcase name="Run_Claims_Checks_Cleared" time="4.463" classname="Automation.Claims.Claims_Checks_Cleared_RunTest"/>
  <testcase name="Run_Claims_Checks_Cleared" time="5.559" classname="Automation.Claims.Claims_Checks_Cleared_RunTest"/>
  <testcase name="Run_Claims_Checks_Cleared" time="4.526" classname="Automation.Claims.Claims_Checks_Cleared_RunTest"/>
  <testcase name="Run_Claims_Checks_Cleared" time="4.803" classname="Automation.Claims.Claims_Checks_Cleared_RunTest"/>
  <testcase name="Run_Claims_Checks_Cleared" time="4.915" classname="Automation.Claims.Claims_Checks_Cleared_RunTest"/>
  <testcase name="Run_Claims_Checks_Cleared" time="4.936" classname="Automation.Claims.Claims_Checks_Cleared_RunTest"/>
  <testcase name="Run_Claims_Checks_Cleared" time="4.589" classname="Automation.Claims.Claims_Checks_Cleared_RunTest"/>
  <testcase name="Run_Claims_Checks_Cleared" time="4.514" classname="Automation.Claims.Claims_Checks_Cleared_RunTest"/>
  <testcase name="Run_Claims_Checks_Cleared" time="4.371" classname="Automation.Claims.Claims_Checks_Cleared_RunTest"/>
  <testcase name="Run_Claims_Checks_Cleared" time="4.746" classname="Automation.Claims.Claims_Checks_Cleared_RunTest"/>
  <testcase name="Run_Claims_Checks_Cleared" time="4.755" classname="Automation.Claims.Claims_Checks_Cleared_RunTest"/>
  <testcase name="Run_Claims_Checks_Cleared" time="5.468" classname="Automation.Claims.Claims_Checks_Cleared_RunTest"/>
  <testcase name="Run_Claims_Checks_Cleared" time="4.539" classname="Automation.Claims.Claims_Checks_Cleared_RunTest"/>
  <testcase name="Run_Claims_Checks_Cleared" time="4.644" classname="Automation.Claims.Claims_Checks_Cleared_RunTest"/>
  <testcase name="Run_Claims_Checks_Cleared" time="4.312" classname="Automation.Claims.Claims_Checks_Cleared_RunTest"/>
  <testcase name="Run_Claims_Checks_Cleared" time="4.290" classname="Automation.Claims.Claims_Checks_Cleared_RunTest"/>
  <testcase name="Run_Claims_Checks_Cleared" time="4.014" classname="Automation.Claims.Claims_Checks_Cleared_RunTest"/>
  <testcase name="Run_Claims_Checks_Cleared" time="4.419" classname="Automation.Claims.Claims_Checks_Cleared_RunTest"/>
  <testcase name="Run_Claims_Checks_Cleared" time="4.560" classname="Automation.Claims.Claims_Checks_Cleared_RunTest"/>
  <testcase name="Run_Claims_Checks_Cleared" time="4.819" classname="Automation.Claims.Claims_Checks_Cleared_RunTest"/>
  <testcase name="Run_Claims_Checks_Cleared" time="4.414" classname="Automation.Claims.Claims_Checks_Cleared_RunTest"/>
  <testcase name="Run_Claims_Checks_Cleared" time="4.449" classname="Automation.Claims.Claims_Checks_Cleared_RunTest"/>
  <testcase name="Run_Claims_Checks_Cleared" time="4.567" classname="Automation.Claims.Claims_Checks_Cleared_RunTest"/>
  <testcase name="Run_Claims_Checks_Cleared" time="4.348" classname="Automation.Claims.Claims_Checks_Cleared_RunTest"/>
  <testcase name="Run_Claims_Checks_Cleared" time="4.482" classname="Automation.Claims.Claims_Checks_Cleared_RunTest"/>
  <testcase name="Run_Claims_Checks_Cleared" time="4.607" classname="Automation.Claims.Claims_Checks_Cleared_RunTest"/>
  <testcase name="Run_Claims_Checks_Cleared" time="4.534" classname="Automation.Claims.Claims_Checks_Cleared_RunTest"/>
  <testcase name="Run_Claims_Checks_Cleared" time="4.324" classname="Automation.Claims.Claims_Checks_Cleared_RunTest"/>
  <testcase name="Run_Claims_Checks_Cleared" time="5.204" classname="Automation.Claims.Claims_Checks_Cleared_RunTest"/>
  <testcase name="Run_Claims_Checks_Cleared" time="4.526" classname="Automation.Claims.Claims_Checks_Cleared_RunTest"/>
  <testcase name="Run_Claims_Checks_Cleared" time="4.419" classname="Automation.Claims.Claims_Checks_Cleared_RunTest"/>
  <testcase name="Run_Claims_Checks_Cleared" time="4.517" classname="Automation.Claims.Claims_Checks_Cleared_RunTest"/>
  <testcase name="Run_Claims_Checks_Cleared" time="4.713" classname="Automation.Claims.Claims_Checks_Cleared_RunTest"/>
  <testcase name="Run_Claims_Checks_Cleared" time="5.036" classname="Automation.Claims.Claims_Checks_Cleared_RunTest"/>
  <testcase name="Run_Claims_Checks_Cleared" time="4.442" classname="Automation.Claims.Claims_Checks_Cleared_RunTest"/>
  <testcase name="Run_Claims_Checks_Cleared" time="4.427" classname="Automation.Claims.Claims_Checks_Cleared_RunTest"/>
  <testcase name="Run_Claims_Checks_Cleared" time="4.822" classname="Automation.Claims.Claims_Checks_Cleared_RunTest"/>
  <testcase name="Run_Claims_Checks_Cleared" time="4.254" classname="Automation.Claims.Claims_Checks_Cleared_RunTest"/>
  <testcase name="Run_Claims_Checks_Cleared" time="4.525" classname="Automation.Claims.Claims_Checks_Cleared_RunTest"/>
  <testcase name="Run_Claims_Checks_Cleared" time="4.785" classname="Automation.Claims.Claims_Checks_Cleared_RunTest"/>
  <testcase name="Run_Claims_Checks_Cleared" time="5.540" classname="Automation.Claims.Claims_Checks_Cleared_RunTest"/>
  <testcase name="Run_Claims_Checks_Cleared" time="4.702" classname="Automation.Claims.Claims_Checks_Cleared_RunTest"/>
  <testcase name="Run_Claims_Checks_Cleared" time="4.692" classname="Automation.Claims.Claims_Checks_Cleared_RunTest"/>
  <testcase name="Run_Claims_Checks_Cleared" time="4.645" classname="Automation.Claims.Claims_Checks_Cleared_RunTest"/>
  <testcase name="Run_Claims_Checks_Cleared" time="4.558" classname="Automation.Claims.Claims_Checks_Cleared_RunTest"/>
  <testcase name="Run_Claims_Checks_Cleared" time="4.330" classname="Automation.Claims.Claims_Checks_Cleared_RunTest"/>
  <testcase name="Run_Claims_Checks_Cleared" time="4.637" classname="Automation.Claims.Claims_Checks_Cleared_RunTest"/>
  <testcase name="Run_Claims_Checks_Cleared" time="5.626" classname="Automation.Claims.Claims_Checks_Cleared_RunTest"/>
  <testcase name="Run_Claims_Checks_Cleared" time="5.066" classname="Automation.Claims.Claims_Checks_Cleared_RunTest"/>
  <testcase name="Run_Claims_Checks_Cleared" time="4.526" classname="Automation.Claims.Claims_Checks_Cleared_RunTest"/>
  <testcase name="Run_Claims_Checks_Cleared" time="4.279" classname="Automation.Claims.Claims_Checks_Cleared_RunTest"/>
  <testcase name="Run_Claims_Checks_Cleared" time="7.135" classname="Automation.Claims.Claims_Checks_Cleared_RunTest"/>
  <testcase name="Run_Claims_Checks_Cleared" time="4.403" classname="Automation.Claims.Claims_Checks_Cleared_RunTest"/>
  <testcase name="Run_Claims_Checks_Cleared" time="5.994" classname="Automation.Claims.Claims_Checks_Cleared_RunTest"/>
  <testcase name="Run_Claims_Checks_Cleared" time="4.747" classname="Automation.Claims.Claims_Checks_Cleared_RunTest"/>
  <testcase name="Run_Claims_Checks_Cleared" time="4.637" classname="Automation.Claims.Claims_Checks_Cleared_RunTest"/>
  <testcase name="Run_Claims_Checks_Cleared" time="4.632" classname="Automation.Claims.Claims_Checks_Cleared_RunTest"/>
  <testcase name="Run_Claims_Checks_Cleared" time="5.434" classname="Automation.Claims.Claims_Checks_Cleared_RunTest"/>
  <testcase name="Run_Claims_Checks_Cleared" time="4.270" classname="Automation.Claims.Claims_Checks_Cleared_RunTest"/>
  <testcase name="Run_Claims_Checks_Cleared" time="4.060" classname="Automation.Claims.Claims_Checks_Cleared_RunTest"/>
  <testcase name="Run_Claims_Checks_Cleared" time="4.375" classname="Automation.Claims.Claims_Checks_Cleared_RunTest"/>
  <testcase name="Run_Claims_Checks_Cleared" time="4.507" classname="Automation.Claims.Claims_Checks_Cleared_RunTest"/>
  <testcase name="Run_Claims_Checks_Cleared" time="5.360" classname="Automation.Claims.Claims_Checks_Cleared_RunTest"/>
  <testcase name="Run_Claims_Checks_Cleared" time="4.244" classname="Automation.Claims.Claims_Checks_Cleared_RunTest"/>
  <testcase name="Run_Claims_Checks_Cleared" time="5.142" classname="Automation.Claims.Claims_Checks_Cleared_RunTest"/>
  <testcase name="Run_Claims_Checks_Cleared" time="4.435" classname="Automation.Claims.Claims_Checks_Cleared_RunTest"/>
  <testcase name="Run_Claims_Checks_Cleared" time="5.522" classname="Automation.Claims.Claims_Checks_Cleared_RunTest"/>
  <testcase name="Run_Claims_Checks_Cleared" time="5.002" classname="Automation.Claims.Claims_Checks_Cleared_RunTest"/>
  <testcase name="Run_Claims_Checks_Cleared" time="4.925" classname="Automation.Claims.Claims_Checks_Cleared_RunTest"/>
  <testcase name="Run_Claims_Checks_Cleared" time="4.935" classname="Automation.Claims.Claims_Checks_Cleared_RunTest"/>
  <testcase name="Run_Claims_Checks_Cleared" time="4.676" classname="Automation.Claims.Claims_Checks_Cleared_RunTest"/>
  <testcase name="Run_Claims_Checks_Cleared" time="4.627" classname="Automation.Claims.Claims_Checks_Cleared_RunTest"/>
  <testcase name="Run_Claims_Checks_Cleared" time="4.597" classname="Automation.Claims.Claims_Checks_Cleared_RunTest"/>
  <testcase name="Run_Claims_Checks_Cleared" time="4.568" classname="Automation.Claims.Claims_Checks_Cleared_RunTest"/>
  <testcase name="Run_Claims_Checks_Cleared" time="4.225" classname="Automation.Claims.Claims_Checks_Cleared_RunTest"/>
  <testcase name="Run_Claims_Checks_Cleared" time="4.652" classname="Automation.Claims.Claims_Checks_Cleared_RunTest"/>
  <testcase name="Run_Claims_Checks_Cleared" time="4.471" classname="Automation.Claims.Claims_Checks_Cleared_RunTest"/>
  <testcase name="Run_Claims_Checks_Cleared" time="4.529" classname="Automation.Claims.Claims_Checks_Cleared_RunTest"/>
  <testcase name="Run_Claims_Checks_Cleared" time="4.467" classname="Automation.Claims.Claims_Checks_Cleared_RunTest"/>
  <testcase name="Run_Claims_Checks_Cleared" time="4.470" classname="Automation.Claims.Claims_Checks_Cleared_RunTest"/>
  <testcase name="Run_Claims_Checks_Cleared" time="4.469" classname="Automation.Claims.Claims_Checks_Cleared_RunTest"/>
  <testcase name="Run_Claims_Checks_Cleared" time="5.175" classname="Automation.Claims.Claims_Checks_Cleared_RunTest"/>
  <testcase name="Run_Claims_Checks_Cleared" time="4.646" classname="Automation.Claims.Claims_Checks_Cleared_RunTest"/>
  <testcase name="Run_Claims_Checks_Cleared" time="4.709" classname="Automation.Claims.Claims_Checks_Cleared_RunTest"/>
  <testcase name="Run_Claims_Checks_Cleared" time="4.194" classname="Automation.Claims.Claims_Checks_Cleared_RunTest"/>
  <testcase name="Run_Claims_Checks_Cleared" time="5.176" classname="Automation.Claims.Claims_Checks_Cleared_RunTest"/>
  <testcase name="Run_Claims_Checks_Cleared" time="4.375" classname="Automation.Claims.Claims_Checks_Cleared_RunTest"/>
  <testcase name="Run_Claims_Checks_Cleared" time="4.418" classname="Automation.Claims.Claims_Checks_Cleared_RunTest"/>
  <testcase name="Run_Claims_Checks_Cleared" time="5.285" classname="Automation.Claims.Claims_Checks_Cleared_RunTest"/>
  <testcase name="Run_Claims_Checks_Cleared" time="4.662" classname="Automation.Claims.Claims_Checks_Cleared_RunTest"/>
  <testcase name="Run_Claims_Checks_Cleared" time="4.966" classname="Automation.Claims.Claims_Checks_Cleared_RunTest"/>
  <testcase name="Run_Claims_Checks_Cleared" time="4.597" classname="Automation.Claims.Claims_Checks_Cleared_RunTest"/>
  <testcase name="Run_Claims_Checks_Cleared" time="4.294" classname="Automation.Claims.Claims_Checks_Cleared_RunTest"/>
  <testcase name="Run_Claims_Checks_Cleared" time="4.488" classname="Automation.Claims.Claims_Checks_Cleared_RunTest"/>
  <testcase name="Run_Claims_Checks_Cleared" time="4.571" classname="Automation.Claims.Claims_Checks_Cleared_RunTest"/>
  <testcase name="Run_Claims_Checks_Cleared" time="4.822" classname="Automation.Claims.Claims_Checks_Cleared_RunTest"/>
  <testcase name="Run_Claims_Checks_Cleared" time="4.803" classname="Automation.Claims.Claims_Checks_Cleared_RunTest"/>
  <testcase name="Run_Claims_Checks_Cleared" time="4.446" classname="Automation.Claims.Claims_Checks_Cleared_RunTest"/>
  <testcase name="Run_Claims_Checks_Cleared" time="4.602" classname="Automation.Claims.Claims_Checks_Cleared_RunTest"/>
  <testcase name="Run_Claims_Checks_Cleared" time="4.208" classname="Automation.Claims.Claims_Checks_Cleared_RunTest"/>
  <testcase name="Run_Claims_Checks_Cleared" time="4.432" classname="Automation.Claims.Claims_Checks_Cleared_RunTest"/>
  <testcase name="Run_Claims_Checks_Cleared" time="26.119" classname="Automation.Claims.Claims_Checks_Cleared_RunTest"/>
  <testcase name="Run_Claims_Checks_Cleared" time="4.277" classname="Automation.Claims.Claims_Checks_Cleared_RunTest"/>
  <testcase name="Run_Claims_Checks_Cleared" time="5.102" classname="Automation.Claims.Claims_Checks_Cleared_RunTest"/>
  <testcase name="Run_Claims_Checks_Cleared" time="4.576" classname="Automation.Claims.Claims_Checks_Cleared_RunTest"/>
  <testcase name="Run_Claims_Checks_Cleared" time="4.948" classname="Automation.Claims.Claims_Checks_Cleared_RunTest"/>
  <testcase name="Run_Claims_Checks_Cleared" time="4.650" classname="Automation.Claims.Claims_Checks_Cleared_RunTest"/>
  <testcase name="Run_Claims_Checks_Cleared" time="5.576" classname="Automation.Claims.Claims_Checks_Cleared_RunTest"/>
  <testcase name="Run_Claims_Checks_Cleared" time="4.229" classname="Automation.Claims.Claims_Checks_Cleared_RunTest"/>
  <testcase name="Run_Claims_Checks_Cleared" time="4.628" classname="Automation.Claims.Claims_Checks_Cleared_RunTest"/>
  <testcase name="Run_Claims_Checks_Cleared" time="4.576" classname="Automation.Claims.Claims_Checks_Cleared_RunTest"/>
  <testcase name="Run_Claims_Checks_Cleared" time="4.667" classname="Automation.Claims.Claims_Checks_Cleared_RunTest"/>
  <testcase name="Run_Claims_Checks_Cleared" time="4.748" classname="Automation.Claims.Claims_Checks_Cleared_RunTest"/>
  <testcase name="Run_Claims_Checks_Cleared" time="4.298" classname="Automation.Claims.Claims_Checks_Cleared_RunTest"/>
  <testcase name="Run_Claims_Checks_Cleared" time="4.253" classname="Automation.Claims.Claims_Checks_Cleared_RunTest"/>
  <testcase name="Run_Claims_Checks_Cleared" time="4.673" classname="Automation.Claims.Claims_Checks_Cleared_RunTest"/>
  <testcase name="Run_Claims_Checks_Cleared" time="4.345" classname="Automation.Claims.Claims_Checks_Cleared_RunTest"/>
  <testcase name="Run_Claims_Checks_Cleared" time="5.850" classname="Automation.Claims.Claims_Checks_Cleared_RunTest"/>
  <testcase name="Run_Claims_Checks_Cleared" time="4.595" classname="Automation.Claims.Claims_Checks_Cleared_RunTest"/>
  <testcase name="Run_Claims_Checks_Cleared" time="5.166" classname="Automation.Claims.Claims_Checks_Cleared_RunTest"/>
  <testcase name="Run_Claims_Checks_Cleared" time="4.579" classname="Automation.Claims.Claims_Checks_Cleared_RunTest"/>
  <testcase name="Run_Claims_Checks_Cleared" time="4.424" classname="Automation.Claims.Claims_Checks_Cleared_RunTest"/>
  <testcase name="Run_Claims_Checks_Cleared" time="4.859" classname="Automation.Claims.Claims_Checks_Cleared_RunTest"/>
  <testcase name="Run_Claims_Checks_Cleared" time="4.315" classname="Automation.Claims.Claims_Checks_Cleared_RunTest"/>
  <testcase name="Run_Claims_Checks_Cleared" time="4.692" classname="Automation.Claims.Claims_Checks_Cleared_RunTest"/>
  <testcase name="Run_Claims_Checks_Cleared" time="4.250" classname="Automation.Claims.Claims_Checks_Cleared_RunTest"/>
  <testcase name="Run_Claims_Checks_Cleared" time="4.341" classname="Automation.Claims.Claims_Checks_Cleared_RunTest"/>
  <testcase name="Run_Claims_Checks_Cleared" time="4.314" classname="Automation.Claims.Claims_Checks_Cleared_RunTest"/>
  <testcase name="Run_Claims_Checks_Cleared" time="4.344" classname="Automation.Claims.Claims_Checks_Cleared_RunTest"/>
  <testcase name="Run_Claims_Checks_Cleared" time="4.144" classname="Automation.Claims.Claims_Checks_Cleared_RunTest"/>
  <testcase name="Run_Claims_Checks_Cleared" time="4.585" classname="Automation.Claims.Claims_Checks_Cleared_RunTest"/>
  <testcase name="Run_Claims_Checks_Cleared" time="4.483" classname="Automation.Claims.Claims_Checks_Cleared_RunTest"/>
  <testcase name="Run_Claims_Checks_Cleared" time="5.020" classname="Automation.Claims.Claims_Checks_Cleared_RunTest"/>
  <testcase name="Run_Claims_Checks_Cleared" time="4.161" classname="Automation.Claims.Claims_Checks_Cleared_RunTest"/>
  <testcase name="Run_Claims_Checks_Cleared" time="6.000" classname="Automation.Claims.Claims_Checks_Cleared_RunTest"/>
  <testcase name="Run_Claims_Checks_Cleared" time="4.735" classname="Automation.Claims.Claims_Checks_Cleared_RunTest"/>
  <testcase name="Run_Claims_Checks_Cleared" time="4.586" classname="Automation.Claims.Claims_Checks_Cleared_RunTest"/>
  <testcase name="Run_Claims_Checks_Cleared" time="4.582" classname="Automation.Claims.Claims_Checks_Cleared_RunTest"/>
  <testcase name="Run_Claims_Checks_Cleared" time="4.403" classname="Automation.Claims.Claims_Checks_Cleared_RunTest"/>
  <testcase name="Run_Claims_Checks_Cleared" time="4.488" classname="Automation.Claims.Claims_Checks_Cleared_RunTest"/>
  <testcase name="Run_Claims_Checks_Cleared" time="4.654" classname="Automation.Claims.Claims_Checks_Cleared_RunTest"/>
  <testcase name="Run_Claims_Checks_Cleared" time="4.660" classname="Automation.Claims.Claims_Checks_Cleared_RunTest"/>
  <testcase name="Run_Claims_Checks_Cleared" time="5.069" classname="Automation.Claims.Claims_Checks_Cleared_RunTest"/>
  <testcase name="Run_Claims_Checks_Cleared" time="4.832" classname="Automation.Claims.Claims_Checks_Cleared_RunTest"/>
  <testcase name="Run_Claims_Checks_Cleared" time="4.470" classname="Automation.Claims.Claims_Checks_Cleared_RunTest"/>
  <testcase name="Run_Claims_Checks_Cleared" time="4.558" classname="Automation.Claims.Claims_Checks_Cleared_RunTest"/>
  <testcase name="Run_Claims_Checks_Cleared" time="5.747" classname="Automation.Claims.Claims_Checks_Cleared_RunTest"/>
  <testcase name="Run_Claims_Checks_Cleared" time="4.876" classname="Automation.Claims.Claims_Checks_Cleared_RunTest"/>
  <testcase name="Run_Claims_Checks_Cleared" time="4.254" classname="Automation.Claims.Claims_Checks_Cleared_RunTest"/>
  <testcase name="Run_Claims_Checks_Cleared" time="4.623" classname="Automation.Claims.Claims_Checks_Cleared_RunTest"/>
  <testcase name="Run_Claims_Checks_Cleared" time="4.459" classname="Automation.Claims.Claims_Checks_Cleared_RunTest"/>
  <testcase name="Run_Claims_Checks_Cleared" time="4.507" classname="Automation.Claims.Claims_Checks_Cleared_RunTest"/>
  <testcase name="Run_Claims_Checks_Cleared" time="4.594" classname="Automation.Claims.Claims_Checks_Cleared_RunTest"/>
  <testcase name="Run_Claims_Checks_Cleared" time="4.402" classname="Automation.Claims.Claims_Checks_Cleared_RunTest"/>
  <testcase name="Run_Claims_Checks_Cleared" time="4.600" classname="Automation.Claims.Claims_Checks_Cleared_RunTest"/>
  <testcase name="Run_Claims_Checks_Cleared" time="4.499" classname="Automation.Claims.Claims_Checks_Cleared_RunTest"/>
  <testcase name="Run_Claims_Checks_Cleared" time="4.147" classname="Automation.Claims.Claims_Checks_Cleared_RunTest"/>
  <testcase name="Run_Claims_Checks_Cleared" time="5.077" classname="Automation.Claims.Claims_Checks_Cleared_RunTest"/>
  <testcase name="Run_Claims_Checks_Cleared" time="4.600" classname="Automation.Claims.Claims_Checks_Cleared_RunTest"/>
  <testcase name="Run_Claims_Checks_Cleared" time="4.364" classname="Automation.Claims.Claims_Checks_Cleared_RunTest"/>
  <testcase name="Run_Claims_Checks_Cleared" time="5.091" classname="Automation.Claims.Claims_Checks_Cleared_RunTest"/>
  <testcase name="Run_Claims_Checks_Cleared" time="4.821" classname="Automation.Claims.Claims_Checks_Cleared_RunTest"/>
  <testcase name="Run_Claims_Checks_Cleared" time="4.418" classname="Automation.Claims.Claims_Checks_Cleared_RunTest"/>
  <testcase name="Run_Claims_Checks_Cleared" time="4.286" classname="Automation.Claims.Claims_Checks_Cleared_RunTest"/>
  <testcase name="Run_Claims_Checks_Cleared" time="5.165" classname="Automation.Claims.Claims_Checks_Cleared_RunTest"/>
  <testcase name="Run_Claims_Checks_Cleared" time="4.448" classname="Automation.Claims.Claims_Checks_Cleared_RunTest"/>
  <testcase name="Run_Claims_Checks_Cleared" time="4.393" classname="Automation.Claims.Claims_Checks_Cleared_RunTest"/>
  <testcase name="Run_Claims_Checks_Cleared" time="4.312" classname="Automation.Claims.Claims_Checks_Cleared_RunTest"/>
  <testcase name="Run_Claims_Checks_Cleared" time="4.403" classname="Automation.Claims.Claims_Checks_Cleared_RunTest"/>
  <testcase name="Run_Claims_Checks_Cleared" time="5.022" classname="Automation.Claims.Claims_Checks_Cleared_RunTest"/>
  <testcase name="Run_Claims_Checks_Cleared" time="4.769" classname="Automation.Claims.Claims_Checks_Cleared_RunTest"/>
  <testcase name="Run_Claims_Checks_Cleared" time="5.340" classname="Automation.Claims.Claims_Checks_Cleared_RunTest"/>
  <testcase name="Run_Claims_Checks_Cleared" time="4.537" classname="Automation.Claims.Claims_Checks_Cleared_RunTest"/>
  <testcase name="Run_Claims_Checks_Cleared" time="4.617" classname="Automation.Claims.Claims_Checks_Cleared_RunTest"/>
  <testcase name="Run_Claims_Checks_Cleared" time="4.518" classname="Automation.Claims.Claims_Checks_Cleared_RunTest"/>
  <testcase name="Run_Claims_Checks_Cleared" time="5.569" classname="Automation.Claims.Claims_Checks_Cleared_RunTest"/>
  <testcase name="Run_Claims_Checks_Cleared" time="5.612" classname="Automation.Claims.Claims_Checks_Cleared_RunTest"/>
  <testcase name="Run_Claims_Checks_Cleared" time="5.228" classname="Automation.Claims.Claims_Checks_Cleared_RunTest"/>
  <testcase name="Run_Claims_Checks_Cleared" time="6.861" classname="Automation.Claims.Claims_Checks_Cleared_RunTest"/>
  <testcase name="Run_Claims_Checks_Cleared" time="5.293" classname="Automation.Claims.Claims_Checks_Cleared_RunTest"/>
  <testcase name="Run_Claims_Checks_Cleared" time="4.318" classname="Automation.Claims.Claims_Checks_Cleared_RunTest"/>
  <testcase name="Run_Claims_Checks_Cleared" time="4.522" classname="Automation.Claims.Claims_Checks_Cleared_RunTest"/>
  <testcase name="Run_Claims_Checks_Cleared" time="4.616" classname="Automation.Claims.Claims_Checks_Cleared_RunTest"/>
  <testcase name="Run_Claims_Checks_Cleared" time="4.495" classname="Automation.Claims.Claims_Checks_Cleared_RunTest"/>
  <testcase name="Run_Claims_Checks_Cleared" time="4.556" classname="Automation.Claims.Claims_Checks_Cleared_RunTest"/>
  <testcase name="Run_Claims_Checks_Cleared" time="4.661" classname="Automation.Claims.Claims_Checks_Cleared_RunTest"/>
  <testcase name="Run_Claims_Checks_Cleared" time="4.631" classname="Automation.Claims.Claims_Checks_Cleared_RunTest"/>
  <testcase name="Run_Claims_Checks_Cleared" time="4.452" classname="Automation.Claims.Claims_Checks_Cleared_RunTest"/>
  <testcase name="Run_Claims_Checks_Cleared" time="4.112" classname="Automation.Claims.Claims_Checks_Cleared_RunTest"/>
  <testcase name="Run_Claims_Checks_Cleared" time="4.934" classname="Automation.Claims.Claims_Checks_Cleared_RunTest"/>
  <testcase name="Run_Claims_Checks_Cleared" time="5.244" classname="Automation.Claims.Claims_Checks_Cleared_RunTest"/>
  <testcase name="Run_Claims_Checks_Cleared" time="4.687" classname="Automation.Claims.Claims_Checks_Cleared_RunTest"/>
  <testcase name="Run_Claims_Checks_Cleared" time="4.811" classname="Automation.Claims.Claims_Checks_Cleared_RunTest"/>
  <testcase name="Run_Claims_Checks_Cleared" time="4.873" classname="Automation.Claims.Claims_Checks_Cleared_RunTest"/>
  <testcase name="Run_Claims_Checks_Cleared" time="4.906" classname="Automation.Claims.Claims_Checks_Cleared_RunTest"/>
  <testcase name="Run_Claims_Checks_Cleared" time="5.032" classname="Automation.Claims.Claims_Checks_Cleared_RunTest"/>
  <testcase name="Run_Claims_Checks_Cleared" time="4.462" classname="Automation.Claims.Claims_Checks_Cleared_RunTest"/>
  <testcase name="Run_Claims_Checks_Cleared" time="4.465" classname="Automation.Claims.Claims_Checks_Cleared_RunTest"/>
  <testcase name="Run_Claims_Checks_Cleared" time="4.666" classname="Automation.Claims.Claims_Checks_Cleared_RunTest"/>
  <testcase name="Run_Claims_Checks_Cleared" time="4.228" classname="Automation.Claims.Claims_Checks_Cleared_RunTest"/>
  <testcase name="Run_Claims_Checks_Cleared" time="4.833" classname="Automation.Claims.Claims_Checks_Cleared_RunTest"/>
  <testcase name="Run_Claims_Checks_Cleared" time="4.683" classname="Automation.Claims.Claims_Checks_Cleared_RunTest"/>
  <testcase name="Run_Claims_Checks_Cleared" time="4.148" classname="Automation.Claims.Claims_Checks_Cleared_RunTest"/>
  <testcase name="Run_Claims_Checks_Cleared" time="4.975" classname="Automation.Claims.Claims_Checks_Cleared_RunTest"/>
  <testcase name="Run_Claims_Checks_Cleared" time="5.256" classname="Automation.Claims.Claims_Checks_Cleared_RunTest"/>
  <testcase name="Run_Claims_Checks_Cleared" time="4.960" classname="Automation.Claims.Claims_Checks_Cleared_RunTest"/>
  <testcase name="Run_Claims_Checks_Cleared" time="4.489" classname="Automation.Claims.Claims_Checks_Cleared_RunTest"/>
  <testcase name="Run_Claims_Checks_Cleared" time="4.718" classname="Automation.Claims.Claims_Checks_Cleared_RunTest"/>
  <testcase name="Run_Claims_Checks_Cleared" time="4.310" classname="Automation.Claims.Claims_Checks_Cleared_RunTest"/>
  <testcase name="Run_Claims_Checks_Cleared" time="5.624" classname="Automation.Claims.Claims_Checks_Cleared_RunTest"/>
  <testcase name="Run_Claims_Checks_Cleared" time="4.772" classname="Automation.Claims.Claims_Checks_Cleared_RunTest"/>
  <testcase name="Run_Claims_Checks_Cleared" time="4.992" classname="Automation.Claims.Claims_Checks_Cleared_RunTest"/>
  <testcase name="Run_Claims_Checks_Cleared" time="4.245" classname="Automation.Claims.Claims_Checks_Cleared_RunTest"/>
  <testcase name="Run_Claims_Checks_Cleared" time="5.244" classname="Automation.Claims.Claims_Checks_Cleared_RunTest"/>
  <testcase name="Run_Claims_Checks_Cleared" time="4.199" classname="Automation.Claims.Claims_Checks_Cleared_RunTest"/>
  <testcase name="Run_Claims_Checks_Cleared" time="4.410" classname="Automation.Claims.Claims_Checks_Cleared_RunTest"/>
  <testcase name="Run_Claims_Checks_Cleared" time="4.316" classname="Automation.Claims.Claims_Checks_Cleared_RunTest"/>
  <testcase name="Run_Claims_Checks_Cleared" time="4.157" classname="Automation.Claims.Claims_Checks_Cleared_RunTest"/>
  <testcase name="Run_Claims_Checks_Cleared" time="5.030" classname="Automation.Claims.Claims_Checks_Cleared_RunTest"/>
  <testcase name="Run_Claims_Checks_Cleared" time="4.324" classname="Automation.Claims.Claims_Checks_Cleared_RunTest"/>
  <testcase name="Run_Claims_Checks_Cleared" time="4.268" classname="Automation.Claims.Claims_Checks_Cleared_RunTest"/>
  <testcase name="Run_Claims_Checks_Cleared" time="4.694" classname="Automation.Claims.Claims_Checks_Cleared_RunTest"/>
  <testcase name="Run_Claims_Checks_Cleared" time="4.200" classname="Automation.Claims.Claims_Checks_Cleared_RunTest"/>
  <testcase name="Run_Claims_Checks_Cleared" time="4.659" classname="Automation.Claims.Claims_Checks_Cleared_RunTest"/>
  <testcase name="Run_Claims_Checks_Cleared" time="4.483" classname="Automation.Claims.Claims_Checks_Cleared_RunTest"/>
  <testcase name="Run_Claims_Checks_Cleared" time="4.725" classname="Automation.Claims.Claims_Checks_Cleared_RunTest"/>
  <testcase name="Run_Claims_Checks_Cleared" time="5.075" classname="Automation.Claims.Claims_Checks_Cleared_RunTest"/>
  <testcase name="Run_Claims_Checks_Cleared" time="4.142" classname="Automation.Claims.Claims_Checks_Cleared_RunTest"/>
  <testcase name="Run_Claims_Checks_Cleared" time="4.086" classname="Automation.Claims.Claims_Checks_Cleared_RunTest"/>
  <testcase name="Run_Claims_Checks_Cleared" time="4.450" classname="Automation.Claims.Claims_Checks_Cleared_RunTest"/>
  <testcase name="Run_Claims_Checks_Cleared" time="3.936" classname="Automation.Claims.Claims_Checks_Cleared_RunTest"/>
  <testcase name="Run_Claims_Checks_Cleared" time="4.466" classname="Automation.Claims.Claims_Checks_Cleared_RunTest"/>
  <testcase name="Run_Claims_Checks_Cleared" time="4.601" classname="Automation.Claims.Claims_Checks_Cleared_RunTest"/>
  <testcase name="Run_Claims_Checks_Cleared" time="5.075" classname="Automation.Claims.Claims_Checks_Cleared_RunTest"/>
  <testcase name="Run_Claims_Checks_Cleared" time="5.713" classname="Automation.Claims.Claims_Checks_Cleared_RunTest"/>
  <testcase name="Run_Claims_Checks_Cleared" time="4.802" classname="Automation.Claims.Claims_Checks_Cleared_RunTest"/>
  <testcase name="Run_Claims_Checks_Cleared" time="4.485" classname="Automation.Claims.Claims_Checks_Cleared_RunTest"/>
  <testcase name="Run_Claims_Checks_Cleared" time="4.357" classname="Automation.Claims.Claims_Checks_Cleared_RunTest"/>
  <testcase name="Run_Claims_Checks_Cleared" time="4.868" classname="Automation.Claims.Claims_Checks_Cleared_RunTest"/>
  <testcase name="Run_Claims_Checks_Cleared" time="4.646" classname="Automation.Claims.Claims_Checks_Cleared_RunTest"/>
  <testcase name="Run_Claims_Checks_Cleared" time="4.487" classname="Automation.Claims.Claims_Checks_Cleared_RunTest"/>
  <testcase name="Run_Claims_Checks_Cleared" time="4.598" classname="Automation.Claims.Claims_Checks_Cleared_RunTest"/>
  <testcase name="Run_Claims_Checks_Cleared" time="5.404" classname="Automation.Claims.Claims_Checks_Cleared_RunTest"/>
  <testcase name="Run_Claims_Checks_Cleared" time="4.315" classname="Automation.Claims.Claims_Checks_Cleared_RunTest"/>
  <testcase name="Run_Claims_Checks_Cleared" time="4.623" classname="Automation.Claims.Claims_Checks_Cleared_RunTest"/>
  <testcase name="Run_Claims_Checks_Cleared" time="5.374" classname="Automation.Claims.Claims_Checks_Cleared_RunTest"/>
  <testcase name="Run_Claims_Checks_Cleared" time="4.266" classname="Automation.Claims.Claims_Checks_Cleared_RunTest"/>
  <testcase name="Run_Claims_Checks_Cleared" time="4.636" classname="Automation.Claims.Claims_Checks_Cleared_RunTest"/>
  <testcase name="Run_Claims_Checks_Cleared" time="4.510" classname="Automation.Claims.Claims_Checks_Cleared_RunTest"/>
  <testcase name="Run_Claims_Checks_Cleared" time="4.571" classname="Automation.Claims.Claims_Checks_Cleared_RunTest"/>
  <testcase name="Run_Claims_Checks_Cleared" time="5.284" classname="Automation.Claims.Claims_Checks_Cleared_RunTest"/>
  <testcase name="Run_Claims_Checks_Cleared" time="4.172" classname="Automation.Claims.Claims_Checks_Cleared_RunTest"/>
  <testcase name="Run_Claims_Checks_Cleared" time="5.425" classname="Automation.Claims.Claims_Checks_Cleared_RunTest"/>
  <testcase name="Run_Claims_Checks_Cleared" time="4.797" classname="Automation.Claims.Claims_Checks_Cleared_RunTest"/>
  <testcase name="Run_Claims_Checks_Cleared" time="4.499" classname="Automation.Claims.Claims_Checks_Cleared_RunTest"/>
  <testcase name="Run_Claims_Checks_Cleared" time="5.313" classname="Automation.Claims.Claims_Checks_Cleared_RunTest"/>
  <testcase name="Run_Claims_Checks_Cleared" time="4.613" classname="Automation.Claims.Claims_Checks_Cleared_RunTest"/>
  <testcase name="Run_Claims_Checks_Cleared" time="4.996" classname="Automation.Claims.Claims_Checks_Cleared_RunTest"/>
  <testcase name="Run_Claims_Checks_Cleared" time="4.776" classname="Automation.Claims.Claims_Checks_Cleared_RunTest"/>
  <testcase name="Run_Claims_Checks_Cleared" time="5.111" classname="Automation.Claims.Claims_Checks_Cleared_RunTest"/>
  <testcase name="Run_Claims_Checks_Cleared" time="4.704" classname="Automation.Claims.Claims_Checks_Cleared_RunTest"/>
  <testcase name="Run_Claims_Checks_Cleared" time="4.821" classname="Automation.Claims.Claims_Checks_Cleared_RunTest"/>
  <testcase name="Run_Claims_Checks_Cleared" time="4.523" classname="Automation.Claims.Claims_Checks_Cleared_RunTest"/>
  <testcase name="Run_Claims_Checks_Cleared" time="4.877" classname="Automation.Claims.Claims_Checks_Cleared_RunTest"/>
  <testcase name="Run_Claims_Checks_Cleared" time="6.020" classname="Automation.Claims.Claims_Checks_Cleared_RunTest"/>
  <testcase name="Run_Claims_Checks_Cleared" time="4.961" classname="Automation.Claims.Claims_Checks_Cleared_RunTest"/>
  <testcase name="Run_Claims_Checks_Cleared" time="4.412" classname="Automation.Claims.Claims_Checks_Cleared_RunTest"/>
  <testcase name="Run_Claims_Checks_Cleared" time="4.443" classname="Automation.Claims.Claims_Checks_Cleared_RunTest"/>
  <testcase name="Run_Claims_Checks_Cleared" time="4.512" classname="Automation.Claims.Claims_Checks_Cleared_RunTest"/>
  <testcase name="Run_Claims_Checks_Cleared" time="4.434" classname="Automation.Claims.Claims_Checks_Cleared_RunTest"/>
  <testcase name="Run_Claims_Checks_Cleared" time="4.644" classname="Automation.Claims.Claims_Checks_Cleared_RunTest"/>
  <testcase name="Run_Claims_Checks_Cleared" time="4.361" classname="Automation.Claims.Claims_Checks_Cleared_RunTest"/>
  <testcase name="Run_Claims_Checks_Cleared" time="4.649" classname="Automation.Claims.Claims_Checks_Cleared_RunTest"/>
  <testcase name="Run_Claims_Checks_Cleared" time="4.521" classname="Automation.Claims.Claims_Checks_Cleared_RunTest"/>
  <testcase name="Run_Claims_Checks_Cleared" time="4.826" classname="Automation.Claims.Claims_Checks_Cleared_RunTest"/>
  <testcase name="Run_Claims_Checks_Cleared" time="4.622" classname="Automation.Claims.Claims_Checks_Cleared_RunTest"/>
  <testcase name="Run_Claims_Checks_Cleared" time="5.119" classname="Automation.Claims.Claims_Checks_Cleared_RunTest"/>
  <testcase name="Run_Claims_Checks_Cleared" time="4.416" classname="Automation.Claims.Claims_Checks_Cleared_RunTest"/>
  <testcase name="Run_Claims_Checks_Cleared" time="4.258" classname="Automation.Claims.Claims_Checks_Cleared_RunTest"/>
  <testcase name="Run_Claims_Checks_Cleared" time="4.490" classname="Automation.Claims.Claims_Checks_Cleared_RunTest"/>
  <testcase name="Run_Claims_Checks_Cleared" time="5.403" classname="Automation.Claims.Claims_Checks_Cleared_RunTest"/>
  <testcase name="Run_Claims_Checks_Cleared" time="4.657" classname="Automation.Claims.Claims_Checks_Cleared_RunTest"/>
  <testcase name="Run_Claims_Checks_Cleared" time="4.804" classname="Automation.Claims.Claims_Checks_Cleared_RunTest"/>
  <testcase name="Run_Claims_Checks_Cleared" time="4.343" classname="Automation.Claims.Claims_Checks_Cleared_RunTest"/>
  <testcase name="Run_Claims_Checks_Cleared" time="4.554" classname="Automation.Claims.Claims_Checks_Cleared_RunTest"/>
  <testcase name="Run_Claims_Checks_Cleared" time="4.452" classname="Automation.Claims.Claims_Checks_Cleared_RunTest"/>
  <testcase name="Run_Claims_Checks_Cleared" time="4.586" classname="Automation.Claims.Claims_Checks_Cleared_RunTest"/>
  <testcase name="Run_Claims_Checks_Cleared" time="4.773" classname="Automation.Claims.Claims_Checks_Cleared_RunTest"/>
  <testcase name="Run_Claims_Checks_Cleared" time="4.611" classname="Automation.Claims.Claims_Checks_Cleared_RunTest"/>
  <testcase name="Run_Claims_Checks_Cleared" time="4.703" classname="Automation.Claims.Claims_Checks_Cleared_RunTest"/>
  <testcase name="Run_Claims_Checks_Cleared" time="4.399" classname="Automation.Claims.Claims_Checks_Cleared_RunTest"/>
  <testcase name="Run_Claims_Checks_Cleared" time="5.966" classname="Automation.Claims.Claims_Checks_Cleared_RunTest"/>
  <testcase name="Run_Claims_Checks_Cleared" time="4.549" classname="Automation.Claims.Claims_Checks_Cleared_RunTest"/>
  <testcase name="Run_Claims_Checks_Cleared" time="4.928" classname="Automation.Claims.Claims_Checks_Cleared_RunTest"/>
  <testcase name="Run_Claims_Checks_Cleared" time="4.699" classname="Automation.Claims.Claims_Checks_Cleared_RunTest"/>
  <testcase name="Run_Claims_Checks_Cleared" time="4.665" classname="Automation.Claims.Claims_Checks_Cleared_RunTest"/>
  <testcase name="Run_Claims_Checks_Cleared" time="4.522" classname="Automation.Claims.Claims_Checks_Cleared_RunTest"/>
  <testcase name="Run_Claims_Checks_Cleared" time="4.799" classname="Automation.Claims.Claims_Checks_Cleared_RunTest"/>
  <testcase name="Run_Claims_Checks_Cleared" time="4.446" classname="Automation.Claims.Claims_Checks_Cleared_RunTest"/>
  <testcase name="Run_Claims_Checks_Cleared" time="4.585" classname="Automation.Claims.Claims_Checks_Cleared_RunTest"/>
  <testcase name="Run_Claims_Checks_Cleared" time="4.465" classname="Automation.Claims.Claims_Checks_Cleared_RunTest"/>
  <testcase name="Run_Claims_Checks_Cleared" time="4.487" classname="Automation.Claims.Claims_Checks_Cleared_RunTest"/>
  <testcase name="Run_Claims_Checks_Cleared" time="4.531" classname="Automation.Claims.Claims_Checks_Cleared_RunTest"/>
  <testcase name="Run_Claims_Checks_Cleared" time="4.705" classname="Automation.Claims.Claims_Checks_Cleared_RunTest"/>
  <testcase name="Run_Claims_Checks_Cleared" time="4.616" classname="Automation.Claims.Claims_Checks_Cleared_RunTest"/>
  <testcase name="Run_Claims_Checks_Cleared" time="4.410" classname="Automation.Claims.Claims_Checks_Cleared_RunTest"/>
  <testcase name="Run_Claims_Checks_Cleared" time="4.675" classname="Automation.Claims.Claims_Checks_Cleared_RunTest"/>
  <testcase name="Run_Claims_Checks_Cleared" time="5.809" classname="Automation.Claims.Claims_Checks_Cleared_RunTest"/>
  <testcase name="Run_Claims_Checks_Cleared" time="4.523" classname="Automation.Claims.Claims_Checks_Cleared_RunTest"/>
  <testcase name="Run_Claims_Checks_Cleared" time="4.397" classname="Automation.Claims.Claims_Checks_Cleared_RunTest"/>
  <testcase name="Run_Claims_Checks_Cleared" time="4.408" classname="Automation.Claims.Claims_Checks_Cleared_RunTest"/>
  <testcase name="Run_Claims_Checks_Cleared" time="4.676" classname="Automation.Claims.Claims_Checks_Cleared_RunTest"/>
  <testcase name="Run_Claims_Checks_Cleared" time="5.357" classname="Automation.Claims.Claims_Checks_Cleared_RunTest"/>
  <testcase name="Run_Claims_Checks_Cleared" time="4.888" classname="Automation.Claims.Claims_Checks_Cleared_RunTest"/>
  <testcase name="Run_Claims_Checks_Cleared" time="4.295" classname="Automation.Claims.Claims_Checks_Cleared_RunTest"/>
  <testcase name="Run_Claims_Checks_Cleared" time="4.648" classname="Automation.Claims.Claims_Checks_Cleared_RunTest"/>
  <testcase name="Run_Claims_Checks_Cleared" time="4.595" classname="Automation.Claims.Claims_Checks_Cleared_RunTest"/>
  <testcase name="Run_Claims_Checks_Cleared" time="5.759" classname="Automation.Claims.Claims_Checks_Cleared_RunTest"/>
  <testcase name="Run_Claims_Checks_Cleared" time="4.786" classname="Automation.Claims.Claims_Checks_Cleared_RunTest"/>
  <testcase name="Run_Claims_Checks_Cleared" time="4.441" classname="Automation.Claims.Claims_Checks_Cleared_RunTest"/>
  <testcase name="Run_Claims_Checks_Cleared" time="5.411" classname="Automation.Claims.Claims_Checks_Cleared_RunTest"/>
  <testcase name="Run_Claims_Checks_Cleared" time="4.566" classname="Automation.Claims.Claims_Checks_Cleared_RunTest"/>
  <testcase name="Run_Claims_Checks_Cleared" time="4.474" classname="Automation.Claims.Claims_Checks_Cleared_RunTest"/>
  <testcase name="Run_Claims_Checks_Cleared" time="4.748" classname="Automation.Claims.Claims_Checks_Cleared_RunTest"/>
  <testcase name="Run_Claims_Checks_Cleared" time="4.889" classname="Automation.Claims.Claims_Checks_Cleared_RunTest"/>
  <testcase name="Run_Claims_Checks_Cleared" time="4.744" classname="Automation.Claims.Claims_Checks_Cleared_RunTest"/>
  <testcase name="Run_Claims_Checks_Cleared" time="4.839" classname="Automation.Claims.Claims_Checks_Cleared_RunTest"/>
  <testcase name="Run_Claims_Checks_Cleared" time="4.526" classname="Automation.Claims.Claims_Checks_Cleared_RunTest"/>
  <testcase name="Run_Claims_Checks_Cleared" time="4.933" classname="Automation.Claims.Claims_Checks_Cleared_RunTest"/>
  <testcase name="Run_Claims_Checks_Cleared" time="4.641" classname="Automation.Claims.Claims_Checks_Cleared_RunTest"/>
  <testcase name="Run_Claims_Checks_Cleared" time="4.583" classname="Automation.Claims.Claims_Checks_Cleared_RunTest"/>
  <testcase name="Run_Claims_Checks_Cleared" time="4.617" classname="Automation.Claims.Claims_Checks_Cleared_RunTest"/>
  <testcase name="Run_Claims_Checks_Cleared" time="4.452" classname="Automation.Claims.Claims_Checks_Cleared_RunTest"/>
  <testcase name="Run_Claims_Checks_Cleared" time="4.414" classname="Automation.Claims.Claims_Checks_Cleared_RunTest"/>
  <testcase name="Run_Claims_Checks_Cleared" time="4.500" classname="Automation.Claims.Claims_Checks_Cleared_RunTest"/>
  <testcase name="Run_Claims_Checks_Cleared" time="4.278" classname="Automation.Claims.Claims_Checks_Cleared_RunTest"/>
  <testcase name="Run_Claims_Checks_Cleared" time="4.551" classname="Automation.Claims.Claims_Checks_Cleared_RunTest"/>
  <testcase name="Run_Claims_Checks_Cleared" time="4.556" classname="Automation.Claims.Claims_Checks_Cleared_RunTest"/>
  <testcase name="Run_Claims_Checks_Cleared" time="4.507" classname="Automation.Claims.Claims_Checks_Cleared_RunTest"/>
  <testcase name="Run_Claims_Checks_Cleared" time="4.849" classname="Automation.Claims.Claims_Checks_Cleared_RunTest"/>
  <testcase name="Run_Claims_Checks_Cleared" time="4.475" classname="Automation.Claims.Claims_Checks_Cleared_RunTest"/>
  <testcase name="Run_Claims_Checks_Cleared" time="4.744" classname="Automation.Claims.Claims_Checks_Cleared_RunTest"/>
  <testcase name="Run_Claims_Checks_Cleared" time="4.603" classname="Automation.Claims.Claims_Checks_Cleared_RunTest"/>
  <testcase name="Run_Claims_Checks_Cleared" time="5.336" classname="Automation.Claims.Claims_Checks_Cleared_RunTest"/>
  <testcase name="Run_Claims_Checks_Cleared" time="4.735" classname="Automation.Claims.Claims_Checks_Cleared_RunTest"/>
  <testcase name="Run_Claims_Checks_Cleared" time="4.960" classname="Automation.Claims.Claims_Checks_Cleared_RunTest"/>
  <testcase name="Run_Claims_Checks_Cleared" time="4.516" classname="Automation.Claims.Claims_Checks_Cleared_RunTest"/>
  <testcase name="Run_Claims_Checks_Cleared" time="4.493" classname="Automation.Claims.Claims_Checks_Cleared_RunTest"/>
  <testcase name="Run_Claims_Checks_Cleared" time="4.768" classname="Automation.Claims.Claims_Checks_Cleared_RunTest"/>
  <testcase name="Run_Claims_Checks_Cleared" time="4.379" classname="Automation.Claims.Claims_Checks_Cleared_RunTest"/>
  <testcase name="Run_Claims_Checks_Cleared" time="4.688" classname="Automation.Claims.Claims_Checks_Cleared_RunTest"/>
  <testcase name="Run_Claims_Checks_Cleared" time="4.697" classname="Automation.Claims.Claims_Checks_Cleared_RunTest"/>
  <testcase name="Run_Claims_Checks_Cleared" time="4.932" classname="Automation.Claims.Claims_Checks_Cleared_RunTest"/>
  <testcase name="Run_Claims_Checks_Cleared" time="4.395" classname="Automation.Claims.Claims_Checks_Cleared_RunTest"/>
  <testcase name="Run_Claims_Checks_Cleared" time="4.730" classname="Automation.Claims.Claims_Checks_Cleared_RunTest"/>
  <testcase name="Run_Claims_Checks_Cleared" time="4.548" classname="Automation.Claims.Claims_Checks_Cleared_RunTest"/>
  <testcase name="Run_Claims_Checks_Cleared" time="4.246" classname="Automation.Claims.Claims_Checks_Cleared_RunTest"/>
  <testcase name="Run_Claims_Checks_Cleared" time="4.791" classname="Automation.Claims.Claims_Checks_Cleared_RunTest"/>
  <testcase name="Run_Claims_Checks_Cleared" time="5.817" classname="Automation.Claims.Claims_Checks_Cleared_RunTest"/>
  <testcase name="Run_Claims_Checks_Cleared" time="4.397" classname="Automation.Claims.Claims_Checks_Cleared_RunTest"/>
  <testcase name="Run_Claims_Checks_Cleared" time="5.078" classname="Automation.Claims.Claims_Checks_Cleared_RunTest"/>
  <testcase name="Run_Claims_Checks_Cleared" time="4.064" classname="Automation.Claims.Claims_Checks_Cleared_RunTest"/>
  <testcase name="Run_Claims_Checks_Cleared" time="4.607" classname="Automation.Claims.Claims_Checks_Cleared_RunTest"/>
  <testcase name="Run_Claims_Checks_Cleared" time="4.842" classname="Automation.Claims.Claims_Checks_Cleared_RunTest"/>
  <testcase name="Run_Claims_Checks_Cleared" time="4.623" classname="Automation.Claims.Claims_Checks_Cleared_RunTest"/>
  <testcase name="Run_Claims_Checks_Cleared" time="5.103" classname="Automation.Claims.Claims_Checks_Cleared_RunTest"/>
  <testcase name="Run_Claims_Checks_Cleared" time="4.519" classname="Automation.Claims.Claims_Checks_Cleared_RunTest"/>
  <testcase name="Run_Claims_Checks_Cleared" time="4.493" classname="Automation.Claims.Claims_Checks_Cleared_RunTest"/>
  <testcase name="Run_Claims_Checks_Cleared" time="4.454" classname="Automation.Claims.Claims_Checks_Cleared_RunTest"/>
  <testcase name="Run_Claims_Checks_Cleared" time="4.693" classname="Automation.Claims.Claims_Checks_Cleared_RunTest"/>
  <testcase name="Run_Claims_Checks_Cleared" time="5.461" classname="Automation.Claims.Claims_Checks_Cleared_RunTest"/>
  <testcase name="Run_Claims_Checks_Cleared" time="4.549" classname="Automation.Claims.Claims_Checks_Cleared_RunTest"/>
  <testcase name="Run_Claims_Checks_Cleared" time="4.422" classname="Automation.Claims.Claims_Checks_Cleared_RunTest"/>
  <testcase name="Run_Claims_Checks_Cleared" time="5.282" classname="Automation.Claims.Claims_Checks_Cleared_RunTest"/>
  <testcase name="Run_Claims_Checks_Cleared" time="3.867" classname="Automation.Claims.Claims_Checks_Cleared_RunTest"/>
  <testcase name="Run_Claims_Checks_Cleared" time="4.359" classname="Automation.Claims.Claims_Checks_Cleared_RunTest"/>
  <testcase name="Run_Claims_Checks_Cleared" time="4.307" classname="Automation.Claims.Claims_Checks_Cleared_RunTest"/>
  <testcase name="Run_Claims_Checks_Cleared" time="4.584" classname="Automation.Claims.Claims_Checks_Cleared_RunTest"/>
  <testcase name="Run_Claims_Checks_Cleared" time="5.694" classname="Automation.Claims.Claims_Checks_Cleared_RunTest"/>
  <testcase name="Run_Claims_Checks_Cleared" time="4.465" classname="Automation.Claims.Claims_Checks_Cleared_RunTest"/>
  <testcase name="Run_Claims_Checks_Cleared" time="4.346" classname="Automation.Claims.Claims_Checks_Cleared_RunTest"/>
  <testcase name="Run_Claims_Checks_Cleared" time="5.177" classname="Automation.Claims.Claims_Checks_Cleared_RunTest"/>
  <testcase name="Run_Claims_Checks_Cleared" time="4.526" classname="Automation.Claims.Claims_Checks_Cleared_RunTest"/>
  <testcase name="Run_Claims_Checks_Cleared" time="4.776" classname="Automation.Claims.Claims_Checks_Cleared_RunTest"/>
  <testcase name="Run_Claims_Checks_Cleared" time="4.458" classname="Automation.Claims.Claims_Checks_Cleared_RunTest"/>
  <testcase name="Run_Claims_Checks_Cleared" time="5.342" classname="Automation.Claims.Claims_Checks_Cleared_RunTest"/>
  <testcase name="Run_Claims_Checks_Cleared" time="4.581" classname="Automation.Claims.Claims_Checks_Cleared_RunTest"/>
  <testcase name="Run_Claims_Checks_Cleared" time="5.543" classname="Automation.Claims.Claims_Checks_Cleared_RunTest"/>
  <testcase name="Run_Claims_Checks_Cleared" time="5.228" classname="Automation.Claims.Claims_Checks_Cleared_RunTest"/>
  <testcase name="Run_Claims_Checks_Cleared" time="4.295" classname="Automation.Claims.Claims_Checks_Cleared_RunTest"/>
  <testcase name="Run_Claims_Checks_Cleared" time="4.552" classname="Automation.Claims.Claims_Checks_Cleared_RunTest"/>
  <testcase name="Run_Claims_Checks_Cleared" time="5.648" classname="Automation.Claims.Claims_Checks_Cleared_RunTest"/>
  <testcase name="Run_Claims_Checks_Cleared" time="4.943" classname="Automation.Claims.Claims_Checks_Cleared_RunTest"/>
  <testcase name="Run_Claims_Checks_Cleared" time="4.718" classname="Automation.Claims.Claims_Checks_Cleared_RunTest"/>
  <testcase name="Run_Claims_Checks_Cleared" time="4.526" classname="Automation.Claims.Claims_Checks_Cleared_RunTest"/>
  <testcase name="Run_Claims_Checks_Cleared" time="4.607" classname="Automation.Claims.Claims_Checks_Cleared_RunTest"/>
  <testcase name="Run_Claims_Checks_Cleared" time="4.536" classname="Automation.Claims.Claims_Checks_Cleared_RunTest"/>
  <testcase name="Run_Claims_Checks_Cleared" time="5.688" classname="Automation.Claims.Claims_Checks_Cleared_RunTest"/>
  <testcase name="Run_Claims_Checks_Cleared" time="4.532" classname="Automation.Claims.Claims_Checks_Cleared_RunTest"/>
  <testcase name="Run_Claims_Checks_Cleared" time="4.505" classname="Automation.Claims.Claims_Checks_Cleared_RunTest"/>
  <testcase name="Run_Claims_Checks_Cleared" time="4.639" classname="Automation.Claims.Claims_Checks_Cleared_RunTest"/>
  <testcase name="Run_Claims_Checks_Cleared" time="4.254" classname="Automation.Claims.Claims_Checks_Cleared_RunTest"/>
  <testcase name="Run_Claims_Checks_Cleared" time="4.705" classname="Automation.Claims.Claims_Checks_Cleared_RunTest"/>
  <testcase name="Run_Claims_Checks_Cleared" time="4.732" classname="Automation.Claims.Claims_Checks_Cleared_RunTest"/>
  <testcase name="Run_Claims_Checks_Cleared" time="4.726" classname="Automation.Claims.Claims_Checks_Cleared_RunTest"/>
  <testcase name="Run_Claims_Checks_Cleared" time="5.347" classname="Automation.Claims.Claims_Checks_Cleared_RunTest"/>
  <testcase name="Run_Claims_Checks_Cleared" time="4.425" classname="Automation.Claims.Claims_Checks_Cleared_RunTest"/>
  <testcase name="Run_Claims_Checks_Cleared" time="4.407" classname="Automation.Claims.Claims_Checks_Cleared_RunTest"/>
  <testcase name="Run_Claims_Checks_Cleared" time="4.480" classname="Automation.Claims.Claims_Checks_Cleared_RunTest"/>
  <testcase name="Run_Claims_Checks_Cleared" time="4.557" classname="Automation.Claims.Claims_Checks_Cleared_RunTest"/>
  <testcase name="Run_Claims_Checks_Cleared" time="5.509" classname="Automation.Claims.Claims_Checks_Cleared_RunTest"/>
  <testcase name="Run_Claims_Checks_Cleared" time="4.995" classname="Automation.Claims.Claims_Checks_Cleared_RunTest"/>
  <testcase name="Run_Claims_Checks_Cleared" time="4.377" classname="Automation.Claims.Claims_Checks_Cleared_RunTest"/>
  <testcase name="Run_Claims_Checks_Cleared" time="4.739" classname="Automation.Claims.Claims_Checks_Cleared_RunTest"/>
  <testcase name="Run_Claims_Checks_Cleared" time="5.286" classname="Automation.Claims.Claims_Checks_Cleared_RunTest"/>
  <testcase name="Run_Claims_Checks_Cleared" time="4.677" classname="Automation.Claims.Claims_Checks_Cleared_RunTest"/>
  <testcase name="Run_Claims_Checks_Cleared" time="4.446" classname="Automation.Claims.Claims_Checks_Cleared_RunTest"/>
  <testcase name="Run_Claims_Checks_Cleared" time="4.704" classname="Automation.Claims.Claims_Checks_Cleared_RunTest"/>
  <testcase name="Run_Claims_Checks_Cleared" time="3.994" classname="Automation.Claims.Claims_Checks_Cleared_RunTest"/>
  <testcase name="Run_Claims_Checks_Cleared" time="4.322" classname="Automation.Claims.Claims_Checks_Cleared_RunTest"/>
  <testcase name="Run_Claims_Checks_Cleared" time="4.604" classname="Automation.Claims.Claims_Checks_Cleared_RunTest"/>
  <testcase name="Run_Claims_Checks_Cleared" time="5.276" classname="Automation.Claims.Claims_Checks_Cleared_RunTest"/>
  <testcase name="Run_Claims_Checks_Cleared" time="4.702" classname="Automation.Claims.Claims_Checks_Cleared_RunTest"/>
  <testcase name="Run_Claims_Checks_Cleared" time="4.716" classname="Automation.Claims.Claims_Checks_Cleared_RunTest"/>
  <testcase name="Run_Claims_Checks_Cleared" time="4.689" classname="Automation.Claims.Claims_Checks_Cleared_RunTest"/>
  <testcase name="Run_Claims_Checks_Cleared" time="4.727" classname="Automation.Claims.Claims_Checks_Cleared_RunTest"/>
  <testcase name="Run_Claims_Checks_Cleared" time="4.802" classname="Automation.Claims.Claims_Checks_Cleared_RunTest"/>
  <testcase name="Run_Claims_Checks_Cleared" time="4.599" classname="Automation.Claims.Claims_Checks_Cleared_RunTest"/>
  <testcase name="Run_Claims_Checks_Cleared" time="5.738" classname="Automation.Claims.Claims_Checks_Cleared_RunTest"/>
  <testcase name="Run_Claims_Checks_Cleared" time="4.763" classname="Automation.Claims.Claims_Checks_Cleared_RunTest"/>
  <testcase name="Run_Claims_Checks_Cleared" time="5.697" classname="Automation.Claims.Claims_Checks_Cleared_RunTest"/>
  <testcase name="Run_Claims_Checks_Cleared" time="4.597" classname="Automation.Claims.Claims_Checks_Cleared_RunTest"/>
  <testcase name="Run_Claims_Checks_Cleared" time="4.424" classname="Automation.Claims.Claims_Checks_Cleared_RunTest"/>
  <testcase name="Run_Claims_Checks_Cleared" time="4.658" classname="Automation.Claims.Claims_Checks_Cleared_RunTest"/>
  <testcase name="Run_Claims_Checks_Cleared" time="4.367" classname="Automation.Claims.Claims_Checks_Cleared_RunTest"/>
  <testcase name="Run_Claims_Checks_Cleared" time="4.366" classname="Automation.Claims.Claims_Checks_Cleared_RunTest"/>
  <testcase name="Run_Claims_Checks_Cleared" time="4.631" classname="Automation.Claims.Claims_Checks_Cleared_RunTest"/>
  <testcase name="Run_Claims_Checks_Cleared" time="4.478" classname="Automation.Claims.Claims_Checks_Cleared_RunTest"/>
  <testcase name="Run_Claims_Checks_Cleared" time="4.386" classname="Automation.Claims.Claims_Checks_Cleared_RunTest"/>
  <testcase name="Run_Claims_Checks_Cleared" time="4.229" classname="Automation.Claims.Claims_Checks_Cleared_RunTest"/>
  <testcase name="Run_Claims_Checks_Cleared" time="4.273" classname="Automation.Claims.Claims_Checks_Cleared_RunTest"/>
  <testcase name="Run_Claims_Checks_Cleared" time="4.588" classname="Automation.Claims.Claims_Checks_Cleared_RunTest"/>
  <testcase name="Run_Claims_Checks_Cleared" time="4.427" classname="Automation.Claims.Claims_Checks_Cleared_RunTest"/>
  <testcase name="Run_Claims_Checks_Cleared" time="4.882" classname="Automation.Claims.Claims_Checks_Cleared_RunTest"/>
  <testcase name="Run_Claims_Checks_Cleared" time="4.775" classname="Automation.Claims.Claims_Checks_Cleared_RunTest"/>
  <testcase name="Run_Claims_Checks_Cleared" time="4.900" classname="Automation.Claims.Claims_Checks_Cleared_RunTest"/>
  <testcase name="Run_Claims_Checks_Cleared" time="4.588" classname="Automation.Claims.Claims_Checks_Cleared_RunTest"/>
  <testcase name="Run_Claims_Checks_Cleared" time="4.355" classname="Automation.Claims.Claims_Checks_Cleared_RunTest"/>
  <testcase name="Run_Claims_Checks_Cleared" time="4.414" classname="Automation.Claims.Claims_Checks_Cleared_RunTest"/>
  <testcase name="Run_Claims_Checks_Cleared" time="5.609" classname="Automation.Claims.Claims_Checks_Cleared_RunTest"/>
  <testcase name="Run_Claims_Checks_Cleared" time="5.200" classname="Automation.Claims.Claims_Checks_Cleared_RunTest"/>
  <testcase name="Run_Claims_Checks_Cleared" time="4.028" classname="Automation.Claims.Claims_Checks_Cleared_RunTest"/>
  <testcase name="Run_Claims_Checks_Cleared" time="4.504" classname="Automation.Claims.Claims_Checks_Cleared_RunTest"/>
  <testcase name="Run_Claims_Checks_Cleared" time="4.914" classname="Automation.Claims.Claims_Checks_Cleared_RunTest"/>
  <testcase name="Run_Claims_Checks_Cleared" time="4.549" classname="Automation.Claims.Claims_Checks_Cleared_RunTest"/>
  <testcase name="Run_Claims_Checks_Cleared" time="5.047" classname="Automation.Claims.Claims_Checks_Cleared_RunTest"/>
  <testcase name="Run_Claims_Checks_Cleared" time="5.721" classname="Automation.Claims.Claims_Checks_Cleared_RunTest"/>
  <testcase name="Run_Claims_Checks_Cleared" time="4.508" classname="Automation.Claims.Claims_Checks_Cleared_RunTest"/>
  <testcase name="Run_Claims_Checks_Cleared" time="4.631" classname="Automation.Claims.Claims_Checks_Cleared_RunTest"/>
  <testcase name="Run_Claims_Checks_Cleared" time="4.528" classname="Automation.Claims.Claims_Checks_Cleared_RunTest"/>
  <testcase name="Run_Claims_Checks_Cleared" time="5.562" classname="Automation.Claims.Claims_Checks_Cleared_RunTest"/>
  <testcase name="Run_Claims_Checks_Cleared" time="4.672" classname="Automation.Claims.Claims_Checks_Cleared_RunTest"/>
  <testcase name="Run_Claims_Checks_Cleared" time="4.354" classname="Automation.Claims.Claims_Checks_Cleared_RunTest"/>
  <testcase name="Run_Claims_Checks_Cleared" time="4.463" classname="Automation.Claims.Claims_Checks_Cleared_RunTest"/>
  <testcase name="Run_Claims_Checks_Cleared" time="4.758" classname="Automation.Claims.Claims_Checks_Cleared_RunTest"/>
  <testcase name="Run_Claims_Checks_Cleared" time="4.571" classname="Automation.Claims.Claims_Checks_Cleared_RunTest"/>
  <testcase name="Run_Claims_Checks_Cleared" time="5.980" classname="Automation.Claims.Claims_Checks_Cleared_RunTest"/>
  <testcase name="Run_Claims_Checks_Cleared" time="4.882" classname="Automation.Claims.Claims_Checks_Cleared_RunTest"/>
  <testcase name="Run_Claims_Checks_Cleared" time="4.017" classname="Automation.Claims.Claims_Checks_Cleared_RunTest"/>
  <testcase name="Run_Claims_Checks_Cleared" time="5.201" classname="Automation.Claims.Claims_Checks_Cleared_RunTest"/>
  <testcase name="Run_Claims_Checks_Cleared" time="4.119" classname="Automation.Claims.Claims_Checks_Cleared_RunTest"/>
  <testcase name="Run_Claims_Checks_Cleared" time="4.792" classname="Automation.Claims.Claims_Checks_Cleared_RunTest"/>
  <testcase name="Run_Claims_Checks_Cleared" time="4.749" classname="Automation.Claims.Claims_Checks_Cleared_RunTest"/>
  <testcase name="Run_Claims_Checks_Cleared" time="4.197" classname="Automation.Claims.Claims_Checks_Cleared_RunTest"/>
  <testcase name="Run_Claims_Checks_Cleared" time="5.120" classname="Automation.Claims.Claims_Checks_Cleared_RunTest"/>
  <testcase name="Run_Claims_Checks_Cleared" time="4.326" classname="Automation.Claims.Claims_Checks_Cleared_RunTest"/>
  <testcase name="Run_Claims_Checks_Cleared" time="4.495" classname="Automation.Claims.Claims_Checks_Cleared_RunTest"/>
  <testcase name="Run_Claims_Checks_Cleared" time="5.110" classname="Automation.Claims.Claims_Checks_Cleared_RunTest"/>
  <testcase name="Run_Claims_Checks_Cleared" time="4.330" classname="Automation.Claims.Claims_Checks_Cleared_RunTest"/>
  <testcase name="Run_Claims_Checks_Cleared" time="4.695" classname="Automation.Claims.Claims_Checks_Cleared_RunTest"/>
  <testcase name="Run_Claims_Checks_Cleared" time="4.576" classname="Automation.Claims.Claims_Checks_Cleared_RunTest"/>
  <testcase name="Run_Claims_Checks_Cleared" time="5.060" classname="Automation.Claims.Claims_Checks_Cleared_RunTest"/>
  <testcase name="Run_Claims_Checks_Cleared" time="4.718" classname="Automation.Claims.Claims_Checks_Cleared_RunTest"/>
  <testcase name="Run_Claims_Checks_Cleared" time="4.701" classname="Automation.Claims.Claims_Checks_Cleared_RunTest"/>
  <testcase name="Run_Claims_Checks_Cleared" time="4.859" classname="Automation.Claims.Claims_Checks_Cleared_RunTest"/>
  <testcase name="Run_Claims_Checks_Cleared" time="4.832" classname="Automation.Claims.Claims_Checks_Cleared_RunTest"/>
  <testcase name="Run_Claims_Checks_Cleared" time="4.342" classname="Automation.Claims.Claims_Checks_Cleared_RunTest"/>
  <testcase name="Run_Claims_Checks_Cleared" time="4.189" classname="Automation.Claims.Claims_Checks_Cleared_RunTest"/>
  <testcase name="Run_Claims_Checks_Cleared" time="4.262" classname="Automation.Claims.Claims_Checks_Cleared_RunTest"/>
  <testcase name="Run_Claims_Checks_Cleared" time="4.220" classname="Automation.Claims.Claims_Checks_Cleared_RunTest"/>
  <testcase name="Run_Claims_Checks_Cleared" time="4.522" classname="Automation.Claims.Claims_Checks_Cleared_RunTest"/>
  <testcase name="Run_Claims_Checks_Cleared" time="4.511" classname="Automation.Claims.Claims_Checks_Cleared_RunTest"/>
  <testcase name="Run_Claims_Checks_Cleared" time="4.708" classname="Automation.Claims.Claims_Checks_Cleared_RunTest"/>
  <testcase name="Run_Claims_Checks_Cleared" time="4.919" classname="Automation.Claims.Claims_Checks_Cleared_RunTest"/>
  <testcase name="Run_Claims_Checks_Cleared" time="5.217" classname="Automation.Claims.Claims_Checks_Cleared_RunTest"/>
  <testcase name="Run_Claims_Checks_Cleared" time="5.174" classname="Automation.Claims.Claims_Checks_Cleared_RunTest"/>
  <testcase name="Run_Claims_Checks_Cleared" time="4.448" classname="Automation.Claims.Claims_Checks_Cleared_RunTest"/>
  <testcase name="Run_Claims_Checks_Cleared" time="4.609" classname="Automation.Claims.Claims_Checks_Cleared_RunTest"/>
  <testcase name="Run_Claims_Checks_Cleared" time="4.591" classname="Automation.Claims.Claims_Checks_Cleared_RunTest"/>
  <testcase name="Run_Claims_Checks_Cleared" time="5.319" classname="Automation.Claims.Claims_Checks_Cleared_RunTest"/>
  <testcase name="Run_Claims_Checks_Cleared" time="4.733" classname="Automation.Claims.Claims_Checks_Cleared_RunTest"/>
  <testcase name="Run_Claims_Checks_Cleared" time="4.623" classname="Automation.Claims.Claims_Checks_Cleared_RunTest"/>
  <testcase name="Run_Claims_Checks_Cleared" time="4.826" classname="Automation.Claims.Claims_Checks_Cleared_RunTest"/>
  <testcase name="Run_Claims_Checks_Cleared" time="4.141" classname="Automation.Claims.Claims_Checks_Cleared_RunTest"/>
  <testcase name="Run_Claims_Checks_Cleared" time="4.703" classname="Automation.Claims.Claims_Checks_Cleared_RunTest"/>
  <testcase name="Run_Claims_Checks_Cleared" time="5.178" classname="Automation.Claims.Claims_Checks_Cleared_RunTest"/>
  <testcase name="Run_Claims_Checks_Cleared" time="4.360" classname="Automation.Claims.Claims_Checks_Cleared_RunTest"/>
  <testcase name="Run_Claims_Checks_Cleared" time="4.635" classname="Automation.Claims.Claims_Checks_Cleared_RunTest"/>
  <testcase name="Run_Claims_Checks_Cleared" time="4.404" classname="Automation.Claims.Claims_Checks_Cleared_RunTest"/>
  <testcase name="Run_Claims_Checks_Cleared" time="4.694" classname="Automation.Claims.Claims_Checks_Cleared_RunTest"/>
  <testcase name="Run_Claims_Checks_Cleared" time="5.369" classname="Automation.Claims.Claims_Checks_Cleared_RunTest"/>
  <testcase name="Run_Claims_Checks_Cleared" time="4.519" classname="Automation.Claims.Claims_Checks_Cleared_RunTest"/>
  <testcase name="Run_Claims_Checks_Cleared" time="4.392" classname="Automation.Claims.Claims_Checks_Cleared_RunTest"/>
  <testcase name="Run_Claims_Checks_Cleared" time="4.383" classname="Automation.Claims.Claims_Checks_Cleared_RunTest"/>
  <testcase name="Run_Claims_Checks_Cleared" time="4.549" classname="Automation.Claims.Claims_Checks_Cleared_RunTest"/>
  <testcase name="Run_Claims_Checks_Cleared" time="4.449" classname="Automation.Claims.Claims_Checks_Cleared_RunTest"/>
  <testcase name="Run_Claims_Checks_Cleared" time="4.587" classname="Automation.Claims.Claims_Checks_Cleared_RunTest"/>
  <testcase name="Run_Claims_Checks_Cleared" time="4.450" classname="Automation.Claims.Claims_Checks_Cleared_RunTest"/>
  <testcase name="Run_Claims_Checks_Cleared" time="4.563" classname="Automation.Claims.Claims_Checks_Cleared_RunTest"/>
  <testcase name="Run_Claims_Checks_Cleared" time="4.567" classname="Automation.Claims.Claims_Checks_Cleared_RunTest"/>
  <testcase name="Run_Claims_Checks_Cleared" time="4.927" classname="Automation.Claims.Claims_Checks_Cleared_RunTest"/>
  <testcase name="Run_Claims_Checks_Cleared" time="4.688" classname="Automation.Claims.Claims_Checks_Cleared_RunTest"/>
  <testcase name="Run_Claims_Checks_Cleared" time="4.985" classname="Automation.Claims.Claims_Checks_Cleared_RunTest"/>
  <testcase name="Run_Claims_Checks_Cleared" time="4.312" classname="Automation.Claims.Claims_Checks_Cleared_RunTest"/>
  <testcase name="Run_Claims_Checks_Cleared" time="4.516" classname="Automation.Claims.Claims_Checks_Cleared_RunTest"/>
  <testcase name="Run_Claims_Checks_Cleared" time="4.209" classname="Automation.Claims.Claims_Checks_Cleared_RunTest"/>
  <testcase name="Run_Claims_Checks_Cleared" time="4.626" classname="Automation.Claims.Claims_Checks_Cleared_RunTest"/>
  <testcase name="Run_Claims_Checks_Cleared" time="4.205" classname="Automation.Claims.Claims_Checks_Cleared_RunTest"/>
  <testcase name="Run_Claims_Checks_Cleared" time="4.468" classname="Automation.Claims.Claims_Checks_Cleared_RunTest"/>
  <testcase name="Run_Claims_Checks_Cleared" time="4.833" classname="Automation.Claims.Claims_Checks_Cleared_RunTest"/>
  <testcase name="Run_Claims_Checks_Cleared" time="4.232" classname="Automation.Claims.Claims_Checks_Cleared_RunTest"/>
  <testcase name="Run_Claims_Checks_Cleared" time="5.442" classname="Automation.Claims.Claims_Checks_Cleared_RunTest"/>
  <testcase name="Run_Claims_Checks_Cleared" time="4.748" classname="Automation.Claims.Claims_Checks_Cleared_RunTest"/>
  <testcase name="Run_Claims_Checks_Cleared" time="4.200" classname="Automation.Claims.Claims_Checks_Cleared_RunTest"/>
  <testcase name="Run_Claims_Checks_Cleared" time="4.543" classname="Automation.Claims.Claims_Checks_Cleared_RunTest"/>
  <testcase name="Run_Claims_Checks_Cleared" time="4.718" classname="Automation.Claims.Claims_Checks_Cleared_RunTest"/>
  <testcase name="Run_Claims_Checks_Cleared" time="4.949" classname="Automation.Claims.Claims_Checks_Cleared_RunTest"/>
  <testcase name="Run_Claims_Checks_Cleared" time="5.839" classname="Automation.Claims.Claims_Checks_Cleared_RunTest"/>
  <testcase name="Run_Claims_Checks_Cleared" time="4.667" classname="Automation.Claims.Claims_Checks_Cleared_RunTest"/>
  <testcase name="Run_Claims_Checks_Cleared" time="4.447" classname="Automation.Claims.Claims_Checks_Cleared_RunTest"/>
  <testcase name="Run_Claims_Checks_Cleared" time="5.936" classname="Automation.Claims.Claims_Checks_Cleared_RunTest"/>
  <testcase name="Run_Claims_Checks_Cleared" time="5.805" classname="Automation.Claims.Claims_Checks_Cleared_RunTest"/>
  <testcase name="Run_Claims_Checks_Cleared" time="4.287" classname="Automation.Claims.Claims_Checks_Cleared_RunTest"/>
  <testcase name="Run_Claims_Checks_Cleared" time="4.452" classname="Automation.Claims.Claims_Checks_Cleared_RunTest"/>
  <testcase name="Run_Claims_Checks_Cleared" time="6.013" classname="Automation.Claims.Claims_Checks_Cleared_RunTest"/>
  <testcase name="Run_Claims_Checks_Cleared" time="4.718" classname="Automation.Claims.Claims_Checks_Cleared_RunTest"/>
  <testcase name="Run_Claims_Checks_Cleared" time="4.535" classname="Automation.Claims.Claims_Checks_Cleared_RunTest"/>
  <testcase name="Run_Claims_Checks_Cleared" time="4.605" classname="Automation.Claims.Claims_Checks_Cleared_RunTest"/>
  <testcase name="Run_Claims_Checks_Cleared" time="4.723" classname="Automation.Claims.Claims_Checks_Cleared_RunTest"/>
  <testcase name="Run_Claims_Checks_Cleared" time="4.508" classname="Automation.Claims.Claims_Checks_Cleared_RunTest"/>
  <testcase name="Run_Claims_Checks_Cleared" time="4.619" classname="Automation.Claims.Claims_Checks_Cleared_RunTest"/>
  <testcase name="Run_Claims_Checks_Cleared" time="4.680" classname="Automation.Claims.Claims_Checks_Cleared_RunTest"/>
  <testcase name="Run_Claims_Checks_Cleared" time="4.684" classname="Automation.Claims.Claims_Checks_Cleared_RunTest"/>
  <testcase name="Run_Claims_Checks_Cleared" time="4.740" classname="Automation.Claims.Claims_Checks_Cleared_RunTest"/>
  <testcase name="Run_Claims_Checks_Cleared" time="4.477" classname="Automation.Claims.Claims_Checks_Cleared_RunTest"/>
  <testcase name="Run_Claims_Checks_Cleared" time="5.418" classname="Automation.Claims.Claims_Checks_Cleared_RunTest"/>
  <testcase name="Run_Claims_Checks_Cleared" time="4.674" classname="Automation.Claims.Claims_Checks_Cleared_RunTest"/>
  <testcase name="Run_Claims_Checks_Cleared" time="4.690" classname="Automation.Claims.Claims_Checks_Cleared_RunTest"/>
  <testcase name="Run_Claims_Checks_Cleared" time="4.152" classname="Automation.Claims.Claims_Checks_Cleared_RunTest"/>
  <testcase name="Run_Claims_Checks_Cleared" time="4.912" classname="Automation.Claims.Claims_Checks_Cleared_RunTest"/>
  <testcase name="Run_Claims_Checks_Cleared" time="5.707" classname="Automation.Claims.Claims_Checks_Cleared_RunTest"/>
  <testcase name="Run_Claims_Checks_Cleared" time="4.573" classname="Automation.Claims.Claims_Checks_Cleared_RunTest"/>
  <testcase name="Run_Claims_Checks_Cleared" time="4.527" classname="Automation.Claims.Claims_Checks_Cleared_RunTest"/>
  <testcase name="Run_Claims_Checks_Cleared" time="4.234" classname="Automation.Claims.Claims_Checks_Cleared_RunTest"/>
  <testcase name="Run_Claims_Checks_Cleared" time="5.261" classname="Automation.Claims.Claims_Checks_Cleared_RunTest"/>
  <testcase name="Run_Claims_Checks_Cleared" time="4.990" classname="Automation.Claims.Claims_Checks_Cleared_RunTest"/>
  <testcase name="Run_Claims_Checks_Cleared" time="4.715" classname="Automation.Claims.Claims_Checks_Cleared_RunTest"/>
  <testcase name="Run_Claims_Checks_Cleared" time="4.535" classname="Automation.Claims.Claims_Checks_Cleared_RunTest"/>
  <testcase name="Run_Claims_Checks_Cleared" time="5.429" classname="Automation.Claims.Claims_Checks_Cleared_RunTest"/>
  <testcase name="Run_Claims_Checks_Cleared" time="4.524" classname="Automation.Claims.Claims_Checks_Cleared_RunTest"/>
  <testcase name="Run_Claims_Checks_Cleared" time="4.469" classname="Automation.Claims.Claims_Checks_Cleared_RunTest"/>
  <testcase name="Run_Claims_Checks_Cleared" time="4.412" classname="Automation.Claims.Claims_Checks_Cleared_RunTest"/>
  <testcase name="Run_Claims_Checks_Cleared" time="4.725" classname="Automation.Claims.Claims_Checks_Cleared_RunTest"/>
  <testcase name="Run_Claims_Checks_Cleared" time="4.791" classname="Automation.Claims.Claims_Checks_Cleared_RunTest"/>
  <testcase name="Run_Claims_Checks_Cleared" time="4.470" classname="Automation.Claims.Claims_Checks_Cleared_RunTest"/>
  <testcase name="Run_Claims_Checks_Cleared" time="5.091" classname="Automation.Claims.Claims_Checks_Cleared_RunTest"/>
  <testcase name="Run_Claims_Checks_Cleared" time="5.619" classname="Automation.Claims.Claims_Checks_Cleared_RunTest"/>
  <testcase name="Run_Claims_Checks_Cleared" time="5.991" classname="Automation.Claims.Claims_Checks_Cleared_RunTest"/>
  <testcase name="Run_Claims_Checks_Cleared" time="4.254" classname="Automation.Claims.Claims_Checks_Cleared_RunTest"/>
  <testcase name="Run_Claims_Checks_Cleared" time="4.669" classname="Automation.Claims.Claims_Checks_Cleared_RunTest"/>
  <testcase name="Run_Claims_Checks_Cleared" time="4.638" classname="Automation.Claims.Claims_Checks_Cleared_RunTest"/>
  <testcase name="Run_Claims_Checks_Cleared" time="4.731" classname="Automation.Claims.Claims_Checks_Cleared_RunTest"/>
  <testcase name="Run_Claims_Checks_Cleared" time="3.975" classname="Automation.Claims.Claims_Checks_Cleared_RunTest"/>
  <testcase name="Run_Claims_Checks_Cleared" time="4.353" classname="Automation.Claims.Claims_Checks_Cleared_RunTest"/>
  <testcase name="Run_Claims_Checks_Cleared" time="4.337" classname="Automation.Claims.Claims_Checks_Cleared_RunTest"/>
  <testcase name="Run_Claims_Checks_Cleared" time="4.275" classname="Automation.Claims.Claims_Checks_Cleared_RunTest"/>
  <testcase name="Run_Claims_Checks_Cleared" time="4.363" classname="Automation.Claims.Claims_Checks_Cleared_RunTest"/>
  <testcase name="Run_Claims_Checks_Cleared" time="4.482" classname="Automation.Claims.Claims_Checks_Cleared_RunTest"/>
  <testcase name="Run_Claims_Checks_Cleared" time="4.112" classname="Automation.Claims.Claims_Checks_Cleared_RunTest"/>
  <testcase name="Run_Claims_Checks_Cleared" time="4.675" classname="Automation.Claims.Claims_Checks_Cleared_RunTest"/>
  <testcase name="Run_Claims_Checks_Cleared" time="4.663" classname="Automation.Claims.Claims_Checks_Cleared_RunTest"/>
  <testcase name="Run_Claims_Checks_Cleared" time="4.963" classname="Automation.Claims.Claims_Checks_Cleared_RunTest"/>
  <testcase name="Run_Claims_Checks_Cleared" time="4.596" classname="Automation.Claims.Claims_Checks_Cleared_RunTest"/>
  <testcase name="Run_Claims_Checks_Cleared" time="4.731" classname="Automation.Claims.Claims_Checks_Cleared_RunTest"/>
  <testcase name="Run_Claims_Checks_Cleared" time="3.869" classname="Automation.Claims.Claims_Checks_Cleared_RunTest"/>
  <testcase name="Run_Claims_Checks_Cleared" time="4.305" classname="Automation.Claims.Claims_Checks_Cleared_RunTest"/>
  <testcase name="Run_Claims_Checks_Cleared" time="5.916" classname="Automation.Claims.Claims_Checks_Cleared_RunTest"/>
  <testcase name="Run_Claims_Checks_Cleared" time="5.099" classname="Automation.Claims.Claims_Checks_Cleared_RunTest"/>
  <testcase name="Run_Claims_Checks_Cleared" time="5.492" classname="Automation.Claims.Claims_Checks_Cleared_RunTest"/>
  <testcase name="Run_Claims_Checks_Cleared" time="4.496" classname="Automation.Claims.Claims_Checks_Cleared_RunTest"/>
  <testcase name="Run_Claims_Checks_Cleared" time="4.594" classname="Automation.Claims.Claims_Checks_Cleared_RunTest"/>
  <testcase name="Run_Claims_Checks_Cleared" time="4.544" classname="Automation.Claims.Claims_Checks_Cleared_RunTest"/>
  <testcase name="Run_Claims_Checks_Cleared" time="4.650" classname="Automation.Claims.Claims_Checks_Cleared_RunTest"/>
  <testcase name="Run_Claims_Checks_Cleared" time="5.128" classname="Automation.Claims.Claims_Checks_Cleared_RunTest"/>
  <testcase name="Run_Claims_Checks_Cleared" time="4.389" classname="Automation.Claims.Claims_Checks_Cleared_RunTest"/>
  <testcase name="Run_Claims_Checks_Cleared" time="4.691" classname="Automation.Claims.Claims_Checks_Cleared_RunTest"/>
  <testcase name="Run_Claims_Checks_Cleared" time="4.547" classname="Automation.Claims.Claims_Checks_Cleared_RunTest"/>
  <testcase name="Run_Claims_Checks_Cleared" time="4.545" classname="Automation.Claims.Claims_Checks_Cleared_RunTest"/>
  <testcase name="Run_Claims_Checks_Cleared" time="5.593" classname="Automation.Claims.Claims_Checks_Cleared_RunTest"/>
  <testcase name="Run_Claims_Checks_Cleared" time="4.496" classname="Automation.Claims.Claims_Checks_Cleared_RunTest"/>
  <testcase name="Run_Claims_Checks_Cleared" time="5.533" classname="Automation.Claims.Claims_Checks_Cleared_RunTest"/>
  <testcase name="Run_Claims_Checks_Cleared" time="4.183" classname="Automation.Claims.Claims_Checks_Cleared_RunTest"/>
  <testcase name="Run_Claims_Checks_Cleared" time="4.463" classname="Automation.Claims.Claims_Checks_Cleared_RunTest"/>
  <testcase name="Run_Claims_Checks_Cleared" time="5.851" classname="Automation.Claims.Claims_Checks_Cleared_RunTest"/>
  <testcase name="Run_Claims_Checks_Cleared" time="4.738" classname="Automation.Claims.Claims_Checks_Cleared_RunTest"/>
  <testcase name="Run_Claims_Checks_Cleared" time="4.706" classname="Automation.Claims.Claims_Checks_Cleared_RunTest"/>
  <testcase name="Run_Claims_Checks_Cleared" time="4.485" classname="Automation.Claims.Claims_Checks_Cleared_RunTest"/>
  <testcase name="Run_Claims_Checks_Cleared" time="4.563" classname="Automation.Claims.Claims_Checks_Cleared_RunTest"/>
  <testcase name="Run_Claims_Checks_Cleared" time="4.695" classname="Automation.Claims.Claims_Checks_Cleared_RunTest"/>
  <testcase name="Run_Claims_Checks_Cleared" time="4.760" classname="Automation.Claims.Claims_Checks_Cleared_RunTest"/>
  <testcase name="Run_Claims_Checks_Cleared" time="4.572" classname="Automation.Claims.Claims_Checks_Cleared_RunTest"/>
  <testcase name="Run_Claims_Checks_Cleared" time="4.484" classname="Automation.Claims.Claims_Checks_Cleared_RunTest"/>
  <testcase name="Run_Claims_Checks_Cleared" time="4.108" classname="Automation.Claims.Claims_Checks_Cleared_RunTest"/>
  <testcase name="Run_Claims_Checks_Cleared" time="4.582" classname="Automation.Claims.Claims_Checks_Cleared_RunTest"/>
  <testcase name="Run_Claims_Checks_Cleared" time="4.801" classname="Automation.Claims.Claims_Checks_Cleared_RunTest"/>
  <testcase name="Run_Claims_Checks_Cleared" time="4.783" classname="Automation.Claims.Claims_Checks_Cleared_RunTest"/>
  <testcase name="Run_Claims_Checks_Cleared" time="4.651" classname="Automation.Claims.Claims_Checks_Cleared_RunTest"/>
  <testcase name="Run_Claims_Checks_Cleared" time="4.439" classname="Automation.Claims.Claims_Checks_Cleared_RunTest"/>
  <testcase name="Run_Claims_Checks_Cleared" time="4.508" classname="Automation.Claims.Claims_Checks_Cleared_RunTest"/>
  <testcase name="Run_Claims_Checks_Cleared" time="5.361" classname="Automation.Claims.Claims_Checks_Cleared_RunTest"/>
  <testcase name="Run_Claims_Checks_Cleared" time="4.463" classname="Automation.Claims.Claims_Checks_Cleared_RunTest"/>
  <testcase name="Run_Claims_Checks_Cleared" time="4.391" classname="Automation.Claims.Claims_Checks_Cleared_RunTest"/>
  <testcase name="Run_Claims_Checks_Cleared" time="4.366" classname="Automation.Claims.Claims_Checks_Cleared_RunTest"/>
  <testcase name="Run_Claims_Checks_Cleared" time="4.665" classname="Automation.Claims.Claims_Checks_Cleared_RunTest"/>
  <testcase name="Run_Claims_Checks_Cleared" time="4.651" classname="Automation.Claims.Claims_Checks_Cleared_RunTest"/>
  <testcase name="Run_Claims_Checks_Cleared" time="4.466" classname="Automation.Claims.Claims_Checks_Cleared_RunTest"/>
  <testcase name="Run_Claims_Checks_Cleared" time="4.644" classname="Automation.Claims.Claims_Checks_Cleared_RunTest"/>
  <testcase name="Run_Claims_Checks_Cleared" time="4.705" classname="Automation.Claims.Claims_Checks_Cleared_RunTest"/>
  <testcase name="Run_Claims_Checks_Cleared" time="4.521" classname="Automation.Claims.Claims_Checks_Cleared_RunTest"/>
  <testcase name="Run_Claims_Checks_Cleared" time="5.339" classname="Automation.Claims.Claims_Checks_Cleared_RunTest"/>
  <testcase name="Run_Claims_Checks_Cleared" time="4.339" classname="Automation.Claims.Claims_Checks_Cleared_RunTest"/>
  <testcase name="Run_Claims_Checks_Cleared" time="4.730" classname="Automation.Claims.Claims_Checks_Cleared_RunTest"/>
  <testcase name="Run_Claims_Checks_Cleared" time="4.349" classname="Automation.Claims.Claims_Checks_Cleared_RunTest"/>
  <testcase name="Run_Claims_Checks_Cleared" time="4.962" classname="Automation.Claims.Claims_Checks_Cleared_RunTest"/>
  <testcase name="Run_Claims_Checks_Cleared" time="4.479" classname="Automation.Claims.Claims_Checks_Cleared_RunTest"/>
  <testcase name="Run_Claims_Checks_Cleared" time="5.769" classname="Automation.Claims.Claims_Checks_Cleared_RunTest"/>
  <testcase name="Run_Claims_Checks_Cleared" time="4.331" classname="Automation.Claims.Claims_Checks_Cleared_RunTest"/>
  <testcase name="Run_Claims_Checks_Cleared" time="4.802" classname="Automation.Claims.Claims_Checks_Cleared_RunTest"/>
  <testcase name="Run_Claims_Checks_Cleared" time="4.555" classname="Automation.Claims.Claims_Checks_Cleared_RunTest"/>
  <testcase name="Run_Claims_Checks_Cleared" time="4.892" classname="Automation.Claims.Claims_Checks_Cleared_RunTest"/>
  <testcase name="Run_Claims_Checks_Cleared" time="4.608" classname="Automation.Claims.Claims_Checks_Cleared_RunTest"/>
  <testcase name="Run_Claims_Checks_Cleared" time="4.539" classname="Automation.Claims.Claims_Checks_Cleared_RunTest"/>
  <testcase name="Run_Claims_Checks_Cleared" time="4.884" classname="Automation.Claims.Claims_Checks_Cleared_RunTest"/>
  <testcase name="Run_Claims_Checks_Cleared" time="4.423" classname="Automation.Claims.Claims_Checks_Cleared_RunTest"/>
  <testcase name="Run_Claims_Checks_Cleared" time="4.544" classname="Automation.Claims.Claims_Checks_Cleared_RunTest"/>
  <testcase name="Run_Claims_Checks_Cleared" time="4.266" classname="Automation.Claims.Claims_Checks_Cleared_RunTest"/>
  <testcase name="Run_Claims_Checks_Cleared" time="4.414" classname="Automation.Claims.Claims_Checks_Cleared_RunTest"/>
  <testcase name="Run_Claims_Checks_Cleared" time="4.168" classname="Automation.Claims.Claims_Checks_Cleared_RunTest"/>
  <testcase name="Run_Claims_Checks_Cleared" time="4.660" classname="Automation.Claims.Claims_Checks_Cleared_RunTest"/>
  <testcase name="Run_Claims_Checks_Cleared" time="5.754" classname="Automation.Claims.Claims_Checks_Cleared_RunTest"/>
  <testcase name="Run_Claims_Checks_Cleared" time="4.176" classname="Automation.Claims.Claims_Checks_Cleared_RunTest"/>
  <testcase name="Run_Claims_Checks_Cleared" time="5.893" classname="Automation.Claims.Claims_Checks_Cleared_RunTest"/>
  <testcase name="Run_Claims_Checks_Cleared" time="4.262" classname="Automation.Claims.Claims_Checks_Cleared_RunTest"/>
  <testcase name="Run_Claims_Checks_Cleared" time="4.462" classname="Automation.Claims.Claims_Checks_Cleared_RunTest"/>
  <testcase name="Run_Claims_Checks_Cleared" time="4.595" classname="Automation.Claims.Claims_Checks_Cleared_RunTest"/>
  <testcase name="Run_Claims_Checks_Cleared" time="4.365" classname="Automation.Claims.Claims_Checks_Cleared_RunTest"/>
  <testcase name="Run_Claims_Checks_Cleared" time="4.613" classname="Automation.Claims.Claims_Checks_Cleared_RunTest"/>
  <testcase name="Run_Claims_Checks_Cleared" time="4.597" classname="Automation.Claims.Claims_Checks_Cleared_RunTest"/>
  <testcase name="Run_Claims_Checks_Cleared" time="4.838" classname="Automation.Claims.Claims_Checks_Cleared_RunTest"/>
  <testcase name="Run_Claims_Checks_Cleared" time="5.517" classname="Automation.Claims.Claims_Checks_Cleared_RunTest"/>
  <testcase name="Run_Claims_Checks_Cleared" time="4.684" classname="Automation.Claims.Claims_Checks_Cleared_RunTest"/>
  <testcase name="Run_Claims_Checks_Cleared" time="4.792" classname="Automation.Claims.Claims_Checks_Cleared_RunTest"/>
  <testcase name="Run_Claims_Checks_Cleared" time="4.379" classname="Automation.Claims.Claims_Checks_Cleared_RunTest"/>
  <testcase name="Run_Claims_Checks_Cleared" time="4.562" classname="Automation.Claims.Claims_Checks_Cleared_RunTest"/>
  <testcase name="Run_Claims_Checks_Cleared" time="4.352" classname="Automation.Claims.Claims_Checks_Cleared_RunTest"/>
  <testcase name="Run_Claims_Checks_Cleared" time="5.387" classname="Automation.Claims.Claims_Checks_Cleared_RunTest"/>
  <testcase name="Run_Claims_Checks_Cleared" time="4.576" classname="Automation.Claims.Claims_Checks_Cleared_RunTest"/>
  <testcase name="Run_Claims_Checks_Cleared" time="5.696" classname="Automation.Claims.Claims_Checks_Cleared_RunTest"/>
  <testcase name="Run_Claims_Checks_Cleared" time="4.768" classname="Automation.Claims.Claims_Checks_Cleared_RunTest"/>
  <testcase name="Run_Claims_Checks_Cleared" time="4.578" classname="Automation.Claims.Claims_Checks_Cleared_RunTest"/>
  <testcase name="Run_Claims_Checks_Cleared" time="4.347" classname="Automation.Claims.Claims_Checks_Cleared_RunTest"/>
  <testcase name="Run_Claims_Checks_Cleared" time="4.177" classname="Automation.Claims.Claims_Checks_Cleared_RunTest"/>
  <testcase name="Run_Claims_Checks_Cleared" time="4.751" classname="Automation.Claims.Claims_Checks_Cleared_RunTest"/>
  <testcase name="Run_Claims_Checks_Cleared" time="5.839" classname="Automation.Claims.Claims_Checks_Cleared_RunTest"/>
  <testcase name="Run_Claims_Checks_Cleared" time="5.554" classname="Automation.Claims.Claims_Checks_Cleared_RunTest"/>
  <testcase name="Run_Claims_Checks_Cleared" time="4.141" classname="Automation.Claims.Claims_Checks_Cleared_RunTest"/>
  <testcase name="Run_Claims_Checks_Cleared" time="4.653" classname="Automation.Claims.Claims_Checks_Cleared_RunTest"/>
  <testcase name="Run_Claims_Checks_Cleared" time="4.636" classname="Automation.Claims.Claims_Checks_Cleared_RunTest"/>
  <testcase name="Run_Claims_Checks_Cleared" time="4.619" classname="Automation.Claims.Claims_Checks_Cleared_RunTest"/>
  <testcase name="Run_Claims_Checks_Cleared" time="4.805" classname="Automation.Claims.Claims_Checks_Cleared_RunTest"/>
  <testcase name="Run_Claims_Checks_Cleared" time="4.371" classname="Automation.Claims.Claims_Checks_Cleared_RunTest"/>
  <testcase name="Run_Claims_Checks_Cleared" time="4.366" classname="Automation.Claims.Claims_Checks_Cleared_RunTest"/>
  <testcase name="Run_Claims_Checks_Cleared" time="4.308" classname="Automation.Claims.Claims_Checks_Cleared_RunTest"/>
  <testcase name="Run_Claims_Checks_Cleared" time="4.602" classname="Automation.Claims.Claims_Checks_Cleared_RunTest"/>
  <testcase name="Run_Claims_Checks_Cleared" time="4.544" classname="Automation.Claims.Claims_Checks_Cleared_RunTest"/>
  <testcase name="Run_Claims_Checks_Cleared" time="4.921" classname="Automation.Claims.Claims_Checks_Cleared_RunTest"/>
  <testcase name="Run_Claims_Checks_Cleared" time="4.319" classname="Automation.Claims.Claims_Checks_Cleared_RunTest"/>
  <testcase name="Run_Claims_Checks_Cleared" time="4.339" classname="Automation.Claims.Claims_Checks_Cleared_RunTest"/>
  <testcase name="Run_Claims_Checks_Cleared" time="4.259" classname="Automation.Claims.Claims_Checks_Cleared_RunTest"/>
  <testcase name="Run_Claims_Checks_Cleared" time="4.710" classname="Automation.Claims.Claims_Checks_Cleared_RunTest"/>
  <testcase name="Run_Claims_Checks_Cleared" time="4.893" classname="Automation.Claims.Claims_Checks_Cleared_RunTest"/>
  <testcase name="Run_Claims_Checks_Cleared" time="4.495" classname="Automation.Claims.Claims_Checks_Cleared_RunTest"/>
  <testcase name="Run_Claims_Checks_Cleared" time="4.619" classname="Automation.Claims.Claims_Checks_Cleared_RunTest"/>
  <testcase name="Run_Claims_Checks_Cleared" time="4.992" classname="Automation.Claims.Claims_Checks_Cleared_RunTest"/>
  <testcase name="Run_Claims_Checks_Cleared" time="4.217" classname="Automation.Claims.Claims_Checks_Cleared_RunTest"/>
  <testcase name="Run_Claims_Checks_Cleared" time="4.540" classname="Automation.Claims.Claims_Checks_Cleared_RunTest"/>
  <testcase name="Run_Claims_Checks_Cleared" time="5.699" classname="Automation.Claims.Claims_Checks_Cleared_RunTest"/>
  <testcase name="Run_Claims_Checks_Cleared" time="4.604" classname="Automation.Claims.Claims_Checks_Cleared_RunTest"/>
  <testcase name="Run_Claims_Checks_Cleared" time="5.705" classname="Automation.Claims.Claims_Checks_Cleared_RunTest"/>
  <testcase name="Run_Claims_Checks_Cleared" time="4.073" classname="Automation.Claims.Claims_Checks_Cleared_RunTest"/>
  <testcase name="Run_Claims_Checks_Cleared" time="4.684" classname="Automation.Claims.Claims_Checks_Cleared_RunTest"/>
  <testcase name="Run_Claims_Checks_Cleared" time="4.599" classname="Automation.Claims.Claims_Checks_Cleared_RunTest"/>
  <testcase name="Run_Claims_Checks_Cleared" time="4.689" classname="Automation.Claims.Claims_Checks_Cleared_RunTest"/>
  <testcase name="Run_Claims_Checks_Cleared" time="4.321" classname="Automation.Claims.Claims_Checks_Cleared_RunTest"/>
  <testcase name="Run_Claims_Checks_Cleared" time="4.489" classname="Automation.Claims.Claims_Checks_Cleared_RunTest"/>
  <testcase name="Run_Claims_Checks_Cleared" time="4.484" classname="Automation.Claims.Claims_Checks_Cleared_RunTest"/>
  <testcase name="Run_Claims_Checks_Cleared" time="4.199" classname="Automation.Claims.Claims_Checks_Cleared_RunTest"/>
  <testcase name="Run_Claims_Checks_Cleared" time="4.660" classname="Automation.Claims.Claims_Checks_Cleared_RunTest"/>
  <testcase name="Run_Claims_Checks_Cleared" time="4.631" classname="Automation.Claims.Claims_Checks_Cleared_RunTest"/>
  <testcase name="Run_Claims_Checks_Cleared" time="5.036" classname="Automation.Claims.Claims_Checks_Cleared_RunTest"/>
  <testcase name="Run_Claims_Checks_Cleared" time="4.421" classname="Automation.Claims.Claims_Checks_Cleared_RunTest"/>
  <testcase name="Run_Claims_Checks_Cleared" time="4.549" classname="Automation.Claims.Claims_Checks_Cleared_RunTest"/>
  <testcase name="Run_Claims_Checks_Cleared" time="4.802" classname="Automation.Claims.Claims_Checks_Cleared_RunTest"/>
  <testcase name="Run_Claims_Checks_Cleared" time="4.481" classname="Automation.Claims.Claims_Checks_Cleared_RunTest"/>
  <testcase name="Run_Claims_Checks_Cleared" time="4.240" classname="Automation.Claims.Claims_Checks_Cleared_RunTest"/>
  <testcase name="Run_Claims_Checks_Cleared" time="4.154" classname="Automation.Claims.Claims_Checks_Cleared_RunTest"/>
  <testcase name="Run_Claims_Checks_Cleared" time="5.264" classname="Automation.Claims.Claims_Checks_Cleared_RunTest"/>
  <testcase name="Run_Claims_Checks_Cleared" time="4.332" classname="Automation.Claims.Claims_Checks_Cleared_RunTest"/>
  <testcase name="Run_Claims_Checks_Cleared" time="4.796" classname="Automation.Claims.Claims_Checks_Cleared_RunTest"/>
  <testcase name="Run_Claims_Checks_Cleared" time="4.970" classname="Automation.Claims.Claims_Checks_Cleared_RunTest"/>
  <testcase name="Run_Claims_Checks_Cleared" time="5.141" classname="Automation.Claims.Claims_Checks_Cleared_RunTest"/>
  <testcase name="Run_Claims_Checks_Cleared" time="4.659" classname="Automation.Claims.Claims_Checks_Cleared_RunTest"/>
  <testcase name="Run_Claims_Checks_Cleared" time="4.834" classname="Automation.Claims.Claims_Checks_Cleared_RunTest"/>
  <testcase name="Run_Claims_Checks_Cleared" time="4.653" classname="Automation.Claims.Claims_Checks_Cleared_RunTest"/>
  <testcase name="Run_Claims_Checks_Cleared" time="4.447" classname="Automation.Claims.Claims_Checks_Cleared_RunTest"/>
  <testcase name="Run_Claims_Checks_Cleared" time="4.673" classname="Automation.Claims.Claims_Checks_Cleared_RunTest"/>
  <testcase name="Run_Claims_Checks_Cleared" time="4.606" classname="Automation.Claims.Claims_Checks_Cleared_RunTest"/>
  <testcase name="Run_Claims_Checks_Cleared" time="4.840" classname="Automation.Claims.Claims_Checks_Cleared_RunTest"/>
  <testcase name="Run_Claims_Checks_Cleared" time="4.538" classname="Automation.Claims.Claims_Checks_Cleared_RunTest"/>
  <testcase name="Run_Claims_Checks_Cleared" time="4.667" classname="Automation.Claims.Claims_Checks_Cleared_RunTest"/>
  <testcase name="Run_Claims_Checks_Cleared" time="4.597" classname="Automation.Claims.Claims_Checks_Cleared_RunTest"/>
  <testcase name="Run_Claims_Checks_Cleared" time="4.767" classname="Automation.Claims.Claims_Checks_Cleared_RunTest"/>
  <testcase name="Run_Claims_Checks_Cleared" time="4.537" classname="Automation.Claims.Claims_Checks_Cleared_RunTest"/>
  <testcase name="Run_Claims_Checks_Cleared" time="4.501" classname="Automation.Claims.Claims_Checks_Cleared_RunTest"/>
  <testcase name="Run_Claims_Checks_Cleared" time="4.518" classname="Automation.Claims.Claims_Checks_Cleared_RunTest"/>
  <testcase name="Run_Claims_Checks_Cleared" time="4.196" classname="Automation.Claims.Claims_Checks_Cleared_RunTest"/>
  <testcase name="Run_Claims_Checks_Cleared" time="4.471" classname="Automation.Claims.Claims_Checks_Cleared_RunTest"/>
  <testcase name="Run_Claims_Checks_Cleared" time="4.486" classname="Automation.Claims.Claims_Checks_Cleared_RunTest"/>
  <testcase name="Run_Claims_Checks_Cleared" time="4.800" classname="Automation.Claims.Claims_Checks_Cleared_RunTest"/>
  <testcase name="Run_Claims_Checks_Cleared" time="4.462" classname="Automation.Claims.Claims_Checks_Cleared_RunTest"/>
  <testcase name="Run_Claims_Checks_Cleared" time="4.120" classname="Automation.Claims.Claims_Checks_Cleared_RunTest"/>
  <testcase name="Run_Claims_Checks_Cleared" time="5.775" classname="Automation.Claims.Claims_Checks_Cleared_RunTest"/>
  <testcase name="Run_Claims_Checks_Cleared" time="4.419" classname="Automation.Claims.Claims_Checks_Cleared_RunTest"/>
  <testcase name="Run_Claims_Checks_Cleared" time="4.718" classname="Automation.Claims.Claims_Checks_Cleared_RunTest"/>
  <testcase name="Run_Claims_Checks_Cleared" time="4.703" classname="Automation.Claims.Claims_Checks_Cleared_RunTest"/>
  <testcase name="Run_Claims_Checks_Cleared" time="4.488" classname="Automation.Claims.Claims_Checks_Cleared_RunTest"/>
  <testcase name="Run_Claims_Checks_Cleared" time="4.667" classname="Automation.Claims.Claims_Checks_Cleared_RunTest"/>
  <testcase name="Run_Claims_Checks_Cleared" time="4.655" classname="Automation.Claims.Claims_Checks_Cleared_RunTest"/>
  <testcase name="Run_Claims_Checks_Cleared" time="5.146" classname="Automation.Claims.Claims_Checks_Cleared_RunTest"/>
  <testcase name="Run_Claims_Checks_Cleared" time="4.334" classname="Automation.Claims.Claims_Checks_Cleared_RunTest"/>
  <testcase name="Run_Claims_Checks_Cleared" time="4.857" classname="Automation.Claims.Claims_Checks_Cleared_RunTest"/>
  <testcase name="Run_Claims_Checks_Cleared" time="5.579" classname="Automation.Claims.Claims_Checks_Cleared_RunTest"/>
  <testcase name="Run_Claims_Checks_Cleared" time="4.624" classname="Automation.Claims.Claims_Checks_Cleared_RunTest"/>
  <testcase name="Run_Claims_Checks_Cleared" time="5.049" classname="Automation.Claims.Claims_Checks_Cleared_RunTest"/>
  <testcase name="Run_Claims_Checks_Cleared" time="4.651" classname="Automation.Claims.Claims_Checks_Cleared_RunTest"/>
  <testcase name="Run_Claims_Checks_Cleared" time="4.540" classname="Automation.Claims.Claims_Checks_Cleared_RunTest"/>
  <testcase name="Run_Claims_Checks_Cleared" time="4.146" classname="Automation.Claims.Claims_Checks_Cleared_RunTest"/>
  <testcase name="Run_Claims_Checks_Cleared" time="6.579" classname="Automation.Claims.Claims_Checks_Cleared_RunTest"/>
  <testcase name="Run_Claims_Checks_Cleared" time="4.321" classname="Automation.Claims.Claims_Checks_Cleared_RunTest"/>
  <testcase name="Run_Claims_Checks_Cleared" time="4.710" classname="Automation.Claims.Claims_Checks_Cleared_RunTest"/>
  <testcase name="Run_Claims_Checks_Cleared" time="6.039" classname="Automation.Claims.Claims_Checks_Cleared_RunTest"/>
  <testcase name="Run_Claims_Checks_Cleared" time="4.398" classname="Automation.Claims.Claims_Checks_Cleared_RunTest"/>
  <testcase name="Run_Claims_Checks_Cleared" time="4.183" classname="Automation.Claims.Claims_Checks_Cleared_RunTest"/>
  <testcase name="Run_Claims_Checks_Cleared" time="4.505" classname="Automation.Claims.Claims_Checks_Cleared_RunTest"/>
  <testcase name="Run_Claims_Checks_Cleared" time="4.216" classname="Automation.Claims.Claims_Checks_Cleared_RunTest"/>
  <testcase name="Run_Claims_Checks_Cleared" time="5.862" classname="Automation.Claims.Claims_Checks_Cleared_RunTest"/>
  <testcase name="Run_Claims_Checks_Cleared" time="4.473" classname="Automation.Claims.Claims_Checks_Cleared_RunTest"/>
  <testcase name="Run_Claims_Checks_Cleared" time="4.829" classname="Automation.Claims.Claims_Checks_Cleared_RunTest"/>
  <testcase name="Run_Claims_Checks_Cleared" time="4.274" classname="Automation.Claims.Claims_Checks_Cleared_RunTest"/>
  <testcase name="Run_Claims_Checks_Cleared" time="4.519" classname="Automation.Claims.Claims_Checks_Cleared_RunTest"/>
  <testcase name="Run_Claims_Checks_Cleared" time="4.885" classname="Automation.Claims.Claims_Checks_Cleared_RunTest"/>
  <testcase name="Run_Claims_Checks_Cleared" time="11.810" classname="Automation.Claims.Claims_Checks_Cleared_RunTest"/>
  <testcase name="Run_Claims_Checks_Cleared" time="4.623" classname="Automation.Claims.Claims_Checks_Cleared_RunTest"/>
  <testcase name="Run_Claims_Checks_Cleared" time="5.634" classname="Automation.Claims.Claims_Checks_Cleared_RunTest"/>
  <testcase name="Run_Claims_Checks_Cleared" time="4.688" classname="Automation.Claims.Claims_Checks_Cleared_RunTest"/>
  <testcase name="Run_Claims_Checks_Cleared" time="4.124" classname="Automation.Claims.Claims_Checks_Cleared_RunTest"/>
  <testcase name="Run_Claims_Checks_Cleared" time="5.579" classname="Automation.Claims.Claims_Checks_Cleared_RunTest"/>
  <testcase name="Run_Claims_Checks_Cleared" time="4.863" classname="Automation.Claims.Claims_Checks_Cleared_RunTest"/>
  <testcase name="Run_Claims_Checks_Cleared" time="5.753" classname="Automation.Claims.Claims_Checks_Cleared_RunTest"/>
  <testcase name="Run_Claims_Checks_Cleared" time="4.727" classname="Automation.Claims.Claims_Checks_Cleared_RunTest"/>
  <testcase name="Run_Claims_Checks_Cleared" time="4.549" classname="Automation.Claims.Claims_Checks_Cleared_RunTest"/>
  <testcase name="Run_Claims_Checks_Cleared" time="4.855" classname="Automation.Claims.Claims_Checks_Cleared_RunTest"/>
  <testcase name="Run_Claims_Checks_Cleared" time="4.578" classname="Automation.Claims.Claims_Checks_Cleared_RunTest"/>
  <testcase name="Run_Claims_Checks_Cleared" time="4.334" classname="Automation.Claims.Claims_Checks_Cleared_RunTest"/>
  <testcase name="Run_Claims_Checks_Cleared" time="4.711" classname="Automation.Claims.Claims_Checks_Cleared_RunTest"/>
  <testcase name="Run_Claims_Checks_Cleared" time="4.968" classname="Automation.Claims.Claims_Checks_Cleared_RunTest"/>
  <testcase name="Run_Claims_Checks_Cleared" time="5.156" classname="Automation.Claims.Claims_Checks_Cleared_RunTest"/>
  <testcase name="Run_Claims_Checks_Cleared" time="4.792" classname="Automation.Claims.Claims_Checks_Cleared_RunTest"/>
  <testcase name="Run_Claims_Checks_Cleared" time="4.672" classname="Automation.Claims.Claims_Checks_Cleared_RunTest"/>
  <testcase name="Run_Claims_Checks_Cleared" time="4.787" classname="Automation.Claims.Claims_Checks_Cleared_RunTest"/>
  <testcase name="Run_Claims_Checks_Cleared" time="4.449" classname="Automation.Claims.Claims_Checks_Cleared_RunTest"/>
  <testcase name="Run_Claims_Checks_Cleared" time="5.135" classname="Automation.Claims.Claims_Checks_Cleared_RunTest"/>
  <testcase name="Run_Claims_Checks_Cleared" time="4.590" classname="Automation.Claims.Claims_Checks_Cleared_RunTest"/>
  <testcase name="Run_Claims_Checks_Cleared" time="4.451" classname="Automation.Claims.Claims_Checks_Cleared_RunTest"/>
  <testcase name="Run_Claims_Checks_Cleared" time="4.466" classname="Automation.Claims.Claims_Checks_Cleared_RunTest"/>
  <testcase name="Run_Claims_Checks_Cleared" time="4.631" classname="Automation.Claims.Claims_Checks_Cleared_RunTest"/>
  <testcase name="Run_Claims_Checks_Cleared" time="4.568" classname="Automation.Claims.Claims_Checks_Cleared_RunTest"/>
  <testcase name="Run_Claims_Checks_Cleared" time="4.307" classname="Automation.Claims.Claims_Checks_Cleared_RunTest"/>
  <testcase name="Run_Claims_Checks_Cleared" time="4.713" classname="Automation.Claims.Claims_Checks_Cleared_RunTest"/>
  <testcase name="Run_Claims_Checks_Cleared" time="4.526" classname="Automation.Claims.Claims_Checks_Cleared_RunTest"/>
  <testcase name="Run_Claims_Checks_Cleared" time="4.396" classname="Automation.Claims.Claims_Checks_Cleared_RunTest"/>
  <testcase name="Run_Claims_Checks_Cleared" time="4.489" classname="Automation.Claims.Claims_Checks_Cleared_RunTest"/>
  <testcase name="Run_Claims_Checks_Cleared" time="4.550" classname="Automation.Claims.Claims_Checks_Cleared_RunTest"/>
  <testcase name="Run_Claims_Checks_Cleared" time="4.585" classname="Automation.Claims.Claims_Checks_Cleared_RunTest"/>
  <testcase name="Run_Claims_Checks_Cleared" time="4.662" classname="Automation.Claims.Claims_Checks_Cleared_RunTest"/>
  <testcase name="Run_Claims_Checks_Cleared" time="4.825" classname="Automation.Claims.Claims_Checks_Cleared_RunTest"/>
  <testcase name="Run_Claims_Checks_Cleared" time="4.866" classname="Automation.Claims.Claims_Checks_Cleared_RunTest"/>
  <testcase name="Run_Claims_Checks_Cleared" time="4.241" classname="Automation.Claims.Claims_Checks_Cleared_RunTest"/>
  <testcase name="Run_Claims_Checks_Cleared" time="5.087" classname="Automation.Claims.Claims_Checks_Cleared_RunTest"/>
  <testcase name="Run_Claims_Checks_Cleared" time="4.504" classname="Automation.Claims.Claims_Checks_Cleared_RunTest"/>
  <testcase name="Run_Claims_Checks_Cleared" time="4.443" classname="Automation.Claims.Claims_Checks_Cleared_RunTest"/>
  <testcase name="Run_Claims_Checks_Cleared" time="4.419" classname="Automation.Claims.Claims_Checks_Cleared_RunTest"/>
  <testcase name="Run_Claims_Checks_Cleared" time="4.738" classname="Automation.Claims.Claims_Checks_Cleared_RunTest"/>
  <testcase name="Run_Claims_Checks_Cleared" time="4.271" classname="Automation.Claims.Claims_Checks_Cleared_RunTest"/>
  <testcase name="Run_Claims_Checks_Cleared" time="4.542" classname="Automation.Claims.Claims_Checks_Cleared_RunTest"/>
  <testcase name="Run_Claims_Checks_Cleared" time="4.404" classname="Automation.Claims.Claims_Checks_Cleared_RunTest"/>
  <testcase name="Run_Claims_Checks_Cleared" time="4.761" classname="Automation.Claims.Claims_Checks_Cleared_RunTest"/>
  <testcase name="Run_Claims_Checks_Cleared" time="4.536" classname="Automation.Claims.Claims_Checks_Cleared_RunTest"/>
  <testcase name="Run_Claims_Checks_Cleared" time="4.628" classname="Automation.Claims.Claims_Checks_Cleared_RunTest"/>
  <testcase name="Run_Claims_Checks_Cleared" time="4.453" classname="Automation.Claims.Claims_Checks_Cleared_RunTest"/>
  <testcase name="Run_Claims_Checks_Cleared" time="4.624" classname="Automation.Claims.Claims_Checks_Cleared_RunTest"/>
  <testcase name="Run_Claims_Checks_Cleared" time="4.487" classname="Automation.Claims.Claims_Checks_Cleared_RunTest"/>
  <testcase name="Run_Claims_Checks_Cleared" time="4.533" classname="Automation.Claims.Claims_Checks_Cleared_RunTest"/>
  <testcase name="Run_Claims_Checks_Cleared" time="4.493" classname="Automation.Claims.Claims_Checks_Cleared_RunTest"/>
  <testcase name="Run_Claims_Checks_Cleared" time="4.601" classname="Automation.Claims.Claims_Checks_Cleared_RunTest"/>
  <testcase name="Run_Claims_Checks_Cleared" time="4.537" classname="Automation.Claims.Claims_Checks_Cleared_RunTest"/>
  <testcase name="Run_Claims_Checks_Cleared" time="4.342" classname="Automation.Claims.Claims_Checks_Cleared_RunTest"/>
  <testcase name="Run_Claims_Checks_Cleared" time="4.526" classname="Automation.Claims.Claims_Checks_Cleared_RunTest"/>
  <testcase name="Run_Claims_Checks_Cleared" time="4.846" classname="Automation.Claims.Claims_Checks_Cleared_RunTest"/>
  <testcase name="Run_Claims_Checks_Cleared" time="5.337" classname="Automation.Claims.Claims_Checks_Cleared_RunTest"/>
  <testcase name="Run_Claims_Checks_Cleared" time="4.474" classname="Automation.Claims.Claims_Checks_Cleared_RunTest"/>
  <testcase name="Run_Claims_Checks_Cleared" time="4.242" classname="Automation.Claims.Claims_Checks_Cleared_RunTest"/>
  <testcase name="Run_Claims_Checks_Cleared" time="4.649" classname="Automation.Claims.Claims_Checks_Cleared_RunTest"/>
  <testcase name="Run_Claims_Checks_Cleared" time="5.277" classname="Automation.Claims.Claims_Checks_Cleared_RunTest"/>
  <testcase name="Run_Claims_Checks_Cleared" time="4.668" classname="Automation.Claims.Claims_Checks_Cleared_RunTest"/>
  <testcase name="Run_Claims_Checks_Cleared" time="4.734" classname="Automation.Claims.Claims_Checks_Cleared_RunTest"/>
  <testcase name="Run_Claims_Checks_Cleared" time="4.905" classname="Automation.Claims.Claims_Checks_Cleared_RunTest"/>
  <testcase name="Run_Claims_Checks_Cleared" time="4.471" classname="Automation.Claims.Claims_Checks_Cleared_RunTest"/>
  <testcase name="Run_Claims_Checks_Cleared" time="4.619" classname="Automation.Claims.Claims_Checks_Cleared_RunTest"/>
  <testcase name="Run_Claims_Checks_Cleared" time="4.525" classname="Automation.Claims.Claims_Checks_Cleared_RunTest"/>
  <testcase name="Run_Claims_Checks_Cleared" time="4.583" classname="Automation.Claims.Claims_Checks_Cleared_RunTest"/>
  <testcase name="Run_Claims_Checks_Cleared" time="4.373" classname="Automation.Claims.Claims_Checks_Cleared_RunTest"/>
  <testcase name="Run_Claims_Checks_Cleared" time="4.526" classname="Automation.Claims.Claims_Checks_Cleared_RunTest"/>
  <testcase name="Run_Claims_Checks_Cleared" time="4.239" classname="Automation.Claims.Claims_Checks_Cleared_RunTest"/>
  <testcase name="Run_Claims_Checks_Cleared" time="4.902" classname="Automation.Claims.Claims_Checks_Cleared_RunTest"/>
  <testcase name="Run_Claims_Checks_Cleared" time="4.529" classname="Automation.Claims.Claims_Checks_Cleared_RunTest"/>
  <testcase name="Run_Claims_Checks_Cleared" time="4.654" classname="Automation.Claims.Claims_Checks_Cleared_RunTest"/>
  <testcase name="Run_Claims_Checks_Cleared" time="4.843" classname="Automation.Claims.Claims_Checks_Cleared_RunTest"/>
  <testcase name="Run_Claims_Checks_Cleared" time="4.698" classname="Automation.Claims.Claims_Checks_Cleared_RunTest"/>
  <testcase name="Run_Claims_Checks_Cleared" time="4.336" classname="Automation.Claims.Claims_Checks_Cleared_RunTest"/>
  <testcase name="Run_Claims_Checks_Cleared" time="4.674" classname="Automation.Claims.Claims_Checks_Cleared_RunTest"/>
  <testcase name="Run_Claims_Checks_Cleared" time="4.365" classname="Automation.Claims.Claims_Checks_Cleared_RunTest"/>
  <testcase name="Run_Claims_Checks_Cleared" time="4.136" classname="Automation.Claims.Claims_Checks_Cleared_RunTest"/>
  <testcase name="Run_Claims_Checks_Cleared" time="4.670" classname="Automation.Claims.Claims_Checks_Cleared_RunTest"/>
  <testcase name="Run_Claims_Checks_Cleared" time="4.504" classname="Automation.Claims.Claims_Checks_Cleared_RunTest"/>
  <testcase name="Run_Claims_Checks_Cleared" time="4.199" classname="Automation.Claims.Claims_Checks_Cleared_RunTest"/>
  <testcase name="Run_Claims_Checks_Cleared" time="6.982" classname="Automation.Claims.Claims_Checks_Cleared_RunTest"/>
  <testcase name="Run_Claims_Checks_Cleared" time="4.583" classname="Automation.Claims.Claims_Checks_Cleared_RunTest"/>
  <testcase name="Run_Claims_Checks_Cleared" time="5.534" classname="Automation.Claims.Claims_Checks_Cleared_RunTest"/>
  <testcase name="Run_Claims_Checks_Cleared" time="4.314" classname="Automation.Claims.Claims_Checks_Cleared_RunTest"/>
  <testcase name="Run_Claims_Checks_Cleared" time="4.564" classname="Automation.Claims.Claims_Checks_Cleared_RunTest"/>
  <testcase name="Run_Claims_Checks_Cleared" time="5.325" classname="Automation.Claims.Claims_Checks_Cleared_RunTest"/>
  <testcase name="Run_Claims_Checks_Cleared" time="4.442" classname="Automation.Claims.Claims_Checks_Cleared_RunTest"/>
  <testcase name="Run_Claims_Checks_Cleared" time="4.467" classname="Automation.Claims.Claims_Checks_Cleared_RunTest"/>
  <testcase name="Run_Claims_Checks_Cleared" time="4.447" classname="Automation.Claims.Claims_Checks_Cleared_RunTest"/>
  <testcase name="Run_Claims_Checks_Cleared" time="4.535" classname="Automation.Claims.Claims_Checks_Cleared_RunTest"/>
  <testcase name="Run_Claims_Checks_Cleared" time="4.387" classname="Automation.Claims.Claims_Checks_Cleared_RunTest"/>
  <testcase name="Run_Claims_Checks_Cleared" time="4.211" classname="Automation.Claims.Claims_Checks_Cleared_RunTest"/>
  <testcase name="Run_Claims_Checks_Cleared" time="4.839" classname="Automation.Claims.Claims_Checks_Cleared_RunTest"/>
  <testcase name="Run_Claims_Checks_Cleared" time="4.249" classname="Automation.Claims.Claims_Checks_Cleared_RunTest"/>
  <testcase name="Run_Claims_Checks_Cleared" time="4.578" classname="Automation.Claims.Claims_Checks_Cleared_RunTest"/>
  <testcase name="Run_Claims_Checks_Cleared" time="4.825" classname="Automation.Claims.Claims_Checks_Cleared_RunTest"/>
  <testcase name="Run_Claims_Checks_Cleared" time="5.269" classname="Automation.Claims.Claims_Checks_Cleared_RunTest"/>
  <testcase name="Run_Claims_Checks_Cleared" time="4.585" classname="Automation.Claims.Claims_Checks_Cleared_RunTest"/>
  <testcase name="Run_Claims_Checks_Cleared" time="5.618" classname="Automation.Claims.Claims_Checks_Cleared_RunTest"/>
  <testcase name="Run_Claims_Checks_Cleared" time="7.586" classname="Automation.Claims.Claims_Checks_Cleared_RunTest"/>
  <testcase name="Run_Claims_Checks_Cleared" time="4.792" classname="Automation.Claims.Claims_Checks_Cleared_RunTest"/>
  <testcase name="Run_Claims_Checks_Cleared" time="5.277" classname="Automation.Claims.Claims_Checks_Cleared_RunTest"/>
  <testcase name="Run_Claims_Checks_Cleared" time="5.373" classname="Automation.Claims.Claims_Checks_Cleared_RunTest"/>
  <testcase name="Run_Claims_Checks_Cleared" time="4.474" classname="Automation.Claims.Claims_Checks_Cleared_RunTest"/>
  <testcase name="Run_Claims_Checks_Cleared" time="4.675" classname="Automation.Claims.Claims_Checks_Cleared_RunTest"/>
  <testcase name="Run_Claims_Checks_Cleared" time="4.438" classname="Automation.Claims.Claims_Checks_Cleared_RunTest"/>
  <testcase name="Run_Claims_Checks_Cleared" time="4.582" classname="Automation.Claims.Claims_Checks_Cleared_RunTest"/>
  <testcase name="Run_Claims_Checks_Cleared" time="5.636" classname="Automation.Claims.Claims_Checks_Cleared_RunTest"/>
  <testcase name="Run_Claims_Checks_Cleared" time="4.429" classname="Automation.Claims.Claims_Checks_Cleared_RunTest"/>
  <testcase name="Run_Claims_Checks_Cleared" time="4.652" classname="Automation.Claims.Claims_Checks_Cleared_RunTest"/>
  <testcase name="Run_Claims_Checks_Cleared" time="4.177" classname="Automation.Claims.Claims_Checks_Cleared_RunTest"/>
  <testcase name="Run_Claims_Checks_Cleared" time="5.076" classname="Automation.Claims.Claims_Checks_Cleared_RunTest"/>
  <testcase name="Run_Claims_Checks_Cleared" time="4.455" classname="Automation.Claims.Claims_Checks_Cleared_RunTest"/>
  <testcase name="Run_Claims_Checks_Cleared" time="4.162" classname="Automation.Claims.Claims_Checks_Cleared_RunTest"/>
  <testcase name="Run_Claims_Checks_Cleared" time="4.162" classname="Automation.Claims.Claims_Checks_Cleared_RunTest"/>
  <testcase name="Run_Claims_Checks_Cleared" time="4.643" classname="Automation.Claims.Claims_Checks_Cleared_RunTest"/>
  <testcase name="Run_Claims_Checks_Cleared" time="4.782" classname="Automation.Claims.Claims_Checks_Cleared_RunTest"/>
  <testcase name="Run_Claims_Checks_Cleared" time="4.704" classname="Automation.Claims.Claims_Checks_Cleared_RunTest"/>
  <testcase name="Run_Claims_Checks_Cleared" time="4.517" classname="Automation.Claims.Claims_Checks_Cleared_RunTest"/>
  <testcase name="Run_Claims_Checks_Cleared" time="4.296" classname="Automation.Claims.Claims_Checks_Cleared_RunTest"/>
  <testcase name="Run_Claims_Checks_Cleared" time="4.954" classname="Automation.Claims.Claims_Checks_Cleared_RunTest"/>
  <testcase name="Run_Claims_Checks_Cleared" time="4.909" classname="Automation.Claims.Claims_Checks_Cleared_RunTest"/>
  <testcase name="Run_Claims_Checks_Cleared" time="5.773" classname="Automation.Claims.Claims_Checks_Cleared_RunTest"/>
  <testcase name="Run_Claims_Checks_Cleared" time="5.700" classname="Automation.Claims.Claims_Checks_Cleared_RunTest"/>
  <testcase name="Run_Claims_Checks_Cleared" time="4.616" classname="Automation.Claims.Claims_Checks_Cleared_RunTest"/>
  <testcase name="Run_Claims_Checks_Cleared" time="4.484" classname="Automation.Claims.Claims_Checks_Cleared_RunTest"/>
  <testcase name="Run_Claims_Checks_Cleared" time="5.189" classname="Automation.Claims.Claims_Checks_Cleared_RunTest"/>
  <testcase name="Run_Claims_Checks_Cleared" time="4.800" classname="Automation.Claims.Claims_Checks_Cleared_RunTest"/>
  <testcase name="Run_Claims_Checks_Cleared" time="4.556" classname="Automation.Claims.Claims_Checks_Cleared_RunTest"/>
  <testcase name="Run_Claims_Checks_Cleared" time="4.908" classname="Automation.Claims.Claims_Checks_Cleared_RunTest"/>
  <testcase name="Run_Claims_Checks_Cleared" time="4.465" classname="Automation.Claims.Claims_Checks_Cleared_RunTest"/>
  <testcase name="Run_Claims_Checks_Cleared" time="4.584" classname="Automation.Claims.Claims_Checks_Cleared_RunTest"/>
  <testcase name="Run_Claims_Checks_Cleared" time="4.421" classname="Automation.Claims.Claims_Checks_Cleared_RunTest"/>
  <testcase name="Run_Claims_Checks_Cleared" time="4.466" classname="Automation.Claims.Claims_Checks_Cleared_RunTest"/>
  <testcase name="Run_Claims_Checks_Cleared" time="4.340" classname="Automation.Claims.Claims_Checks_Cleared_RunTest"/>
  <testcase name="Run_Claims_Checks_Cleared" time="5.187" classname="Automation.Claims.Claims_Checks_Cleared_RunTest"/>
  <testcase name="Run_Claims_Checks_Cleared" time="4.526" classname="Automation.Claims.Claims_Checks_Cleared_RunTest"/>
  <testcase name="Run_Claims_Checks_Cleared" time="4.974" classname="Automation.Claims.Claims_Checks_Cleared_RunTest"/>
  <testcase name="Run_Claims_Checks_Cleared" time="4.896" classname="Automation.Claims.Claims_Checks_Cleared_RunTest"/>
  <testcase name="Run_Claims_Checks_Cleared" time="4.639" classname="Automation.Claims.Claims_Checks_Cleared_RunTest"/>
  <testcase name="Run_Claims_Checks_Cleared" time="4.362" classname="Automation.Claims.Claims_Checks_Cleared_RunTest"/>
  <testcase name="Run_Claims_Checks_Cleared" time="4.771" classname="Automation.Claims.Claims_Checks_Cleared_RunTest"/>
  <testcase name="Run_Claims_Checks_Cleared" time="4.387" classname="Automation.Claims.Claims_Checks_Cleared_RunTest"/>
  <testcase name="Run_Claims_Checks_Cleared" time="4.435" classname="Automation.Claims.Claims_Checks_Cleared_RunTest"/>
  <testcase name="Run_Claims_Checks_Cleared" time="4.499" classname="Automation.Claims.Claims_Checks_Cleared_RunTest"/>
  <testcase name="Run_Claims_Checks_Cleared" time="5.232" classname="Automation.Claims.Claims_Checks_Cleared_RunTest"/>
  <testcase name="Run_Claims_Checks_Cleared" time="5.847" classname="Automation.Claims.Claims_Checks_Cleared_RunTest"/>
  <testcase name="Run_Claims_Checks_Cleared" time="4.511" classname="Automation.Claims.Claims_Checks_Cleared_RunTest"/>
  <testcase name="Run_Claims_Checks_Cleared" time="5.039" classname="Automation.Claims.Claims_Checks_Cleared_RunTest"/>
  <testcase name="Run_Claims_Checks_Cleared" time="4.738" classname="Automation.Claims.Claims_Checks_Cleared_RunTest"/>
  <testcase name="Run_Claims_Checks_Cleared" time="4.827" classname="Automation.Claims.Claims_Checks_Cleared_RunTest"/>
  <testcase name="Run_Claims_Checks_Cleared" time="4.635" classname="Automation.Claims.Claims_Checks_Cleared_RunTest"/>
  <testcase name="Run_Claims_Checks_Cleared" time="4.323" classname="Automation.Claims.Claims_Checks_Cleared_RunTest"/>
  <testcase name="Run_Claims_Checks_Cleared" time="4.416" classname="Automation.Claims.Claims_Checks_Cleared_RunTest"/>
  <testcase name="Run_Claims_Checks_Cleared" time="4.805" classname="Automation.Claims.Claims_Checks_Cleared_RunTest"/>
  <testcase name="Run_Claims_Checks_Cleared" time="4.580" classname="Automation.Claims.Claims_Checks_Cleared_RunTest"/>
  <testcase name="Run_Claims_Checks_Cleared" time="5.039" classname="Automation.Claims.Claims_Checks_Cleared_RunTest"/>
  <testcase name="Run_Claims_Checks_Cleared" time="4.484" classname="Automation.Claims.Claims_Checks_Cleared_RunTest"/>
  <testcase name="Run_Claims_Checks_Cleared" time="4.812" classname="Automation.Claims.Claims_Checks_Cleared_RunTest"/>
  <testcase name="Run_Claims_Checks_Cleared" time="4.589" classname="Automation.Claims.Claims_Checks_Cleared_RunTest"/>
  <testcase name="Run_Claims_Checks_Cleared" time="4.697" classname="Automation.Claims.Claims_Checks_Cleared_RunTest"/>
  <testcase name="Run_Claims_Checks_Cleared" time="5.232" classname="Automation.Claims.Claims_Checks_Cleared_RunTest"/>
  <testcase name="Run_Claims_Checks_Cleared" time="4.677" classname="Automation.Claims.Claims_Checks_Cleared_RunTest"/>
  <testcase name="Run_Claims_Checks_Cleared" time="5.553" classname="Automation.Claims.Claims_Checks_Cleared_RunTest"/>
  <testcase name="Run_Claims_Checks_Cleared" time="4.610" classname="Automation.Claims.Claims_Checks_Cleared_RunTest"/>
  <testcase name="Run_Claims_Checks_Cleared" time="4.387" classname="Automation.Claims.Claims_Checks_Cleared_RunTest"/>
  <testcase name="Run_Claims_Checks_Cleared" time="4.781" classname="Automation.Claims.Claims_Checks_Cleared_RunTest"/>
  <testcase name="Run_Claims_Checks_Cleared" time="4.408" classname="Automation.Claims.Claims_Checks_Cleared_RunTest"/>
  <testcase name="Run_Claims_Checks_Cleared" time="4.438" classname="Automation.Claims.Claims_Checks_Cleared_RunTest"/>
  <testcase name="Run_Claims_Checks_Cleared" time="4.253" classname="Automation.Claims.Claims_Checks_Cleared_RunTest"/>
  <testcase name="Run_Claims_Checks_Cleared" time="4.665" classname="Automation.Claims.Claims_Checks_Cleared_RunTest"/>
  <testcase name="Run_Claims_Checks_Cleared" time="4.741" classname="Automation.Claims.Claims_Checks_Cleared_RunTest"/>
  <testcase name="Run_Claims_Checks_Cleared" time="4.291" classname="Automation.Claims.Claims_Checks_Cleared_RunTest"/>
  <testcase name="Run_Claims_Checks_Cleared" time="4.139" classname="Automation.Claims.Claims_Checks_Cleared_RunTest"/>
  <testcase name="Run_Claims_Checks_Cleared" time="6.050" classname="Automation.Claims.Claims_Checks_Cleared_RunTest"/>
  <testcase name="Run_Claims_Checks_Cleared" time="5.980" classname="Automation.Claims.Claims_Checks_Cleared_RunTest"/>
  <testcase name="Run_Claims_Checks_Cleared" time="5.936" classname="Automation.Claims.Claims_Checks_Cleared_RunTest"/>
  <testcase name="Run_Claims_Checks_Cleared" time="4.333" classname="Automation.Claims.Claims_Checks_Cleared_RunTest"/>
  <testcase name="Run_Claims_Checks_Cleared" time="4.716" classname="Automation.Claims.Claims_Checks_Cleared_RunTest"/>
  <testcase name="Run_Claims_Checks_Cleared" time="4.741" classname="Automation.Claims.Claims_Checks_Cleared_RunTest"/>
  <testcase name="Run_Claims_Checks_Cleared" time="5.016" classname="Automation.Claims.Claims_Checks_Cleared_RunTest"/>
  <testcase name="Run_Claims_Checks_Cleared" time="4.256" classname="Automation.Claims.Claims_Checks_Cleared_RunTest"/>
  <testcase name="Run_Claims_Checks_Cleared" time="4.360" classname="Automation.Claims.Claims_Checks_Cleared_RunTest"/>
  <testcase name="Run_Claims_Checks_Cleared" time="5.277" classname="Automation.Claims.Claims_Checks_Cleared_RunTest"/>
  <testcase name="Run_Claims_Checks_Cleared" time="4.820" classname="Automation.Claims.Claims_Checks_Cleared_RunTest"/>
  <testcase name="Run_Claims_Checks_Cleared" time="4.341" classname="Automation.Claims.Claims_Checks_Cleared_RunTest"/>
  <testcase name="Run_Claims_Checks_Cleared" time="4.484" classname="Automation.Claims.Claims_Checks_Cleared_RunTest"/>
  <testcase name="Run_Claims_Checks_Cleared" time="4.203" classname="Automation.Claims.Claims_Checks_Cleared_RunTest"/>
  <testcase name="Run_Claims_Checks_Cleared" time="5.646" classname="Automation.Claims.Claims_Checks_Cleared_RunTest"/>
  <testcase name="Run_Claims_Checks_Cleared" time="4.453" classname="Automation.Claims.Claims_Checks_Cleared_RunTest"/>
  <testcase name="Run_Claims_Checks_Cleared" time="5.071" classname="Automation.Claims.Claims_Checks_Cleared_RunTest"/>
  <testcase name="Run_Claims_Checks_Cleared" time="5.036" classname="Automation.Claims.Claims_Checks_Cleared_RunTest"/>
  <testcase name="Run_Claims_Checks_Cleared" time="4.788" classname="Automation.Claims.Claims_Checks_Cleared_RunTest"/>
  <testcase name="Run_Claims_Checks_Cleared" time="4.700" classname="Automation.Claims.Claims_Checks_Cleared_RunTest"/>
  <testcase name="Run_Claims_Checks_Cleared" time="4.573" classname="Automation.Claims.Claims_Checks_Cleared_RunTest"/>
  <testcase name="Run_Claims_Checks_Cleared" time="4.425" classname="Automation.Claims.Claims_Checks_Cleared_RunTest"/>
  <testcase name="Run_Claims_Checks_Cleared" time="5.483" classname="Automation.Claims.Claims_Checks_Cleared_RunTest"/>
  <testcase name="Run_Claims_Checks_Cleared" time="4.825" classname="Automation.Claims.Claims_Checks_Cleared_RunTest"/>
  <testcase name="Run_Claims_Checks_Cleared" time="4.569" classname="Automation.Claims.Claims_Checks_Cleared_RunTest"/>
  <testcase name="Run_Claims_Checks_Cleared" time="4.412" classname="Automation.Claims.Claims_Checks_Cleared_RunTest"/>
  <testcase name="Run_Claims_Checks_Cleared" time="4.429" classname="Automation.Claims.Claims_Checks_Cleared_RunTest"/>
  <testcase name="Run_Claims_Checks_Cleared" time="4.319" classname="Automation.Claims.Claims_Checks_Cleared_RunTest"/>
  <testcase name="Run_Claims_Checks_Cleared" time="4.736" classname="Automation.Claims.Claims_Checks_Cleared_RunTest"/>
  <testcase name="Run_Claims_Checks_Cleared" time="5.255" classname="Automation.Claims.Claims_Checks_Cleared_RunTest"/>
  <testcase name="Run_Claims_Checks_Cleared" time="4.455" classname="Automation.Claims.Claims_Checks_Cleared_RunTest"/>
  <testcase name="Run_Claims_Checks_Cleared" time="5.342" classname="Automation.Claims.Claims_Checks_Cleared_RunTest"/>
  <testcase name="Run_Claims_Checks_Cleared" time="4.604" classname="Automation.Claims.Claims_Checks_Cleared_RunTest"/>
  <testcase name="Run_Claims_Checks_Cleared" time="5.750" classname="Automation.Claims.Claims_Checks_Cleared_RunTest"/>
  <testcase name="Run_Claims_Checks_Cleared" time="4.433" classname="Automation.Claims.Claims_Checks_Cleared_RunTest"/>
  <testcase name="Run_Claims_Checks_Cleared" time="4.892" classname="Automation.Claims.Claims_Checks_Cleared_RunTest"/>
  <testcase name="Run_Claims_Checks_Cleared" time="4.524" classname="Automation.Claims.Claims_Checks_Cleared_RunTest"/>
  <testcase name="Run_Claims_Checks_Cleared" time="5.084" classname="Automation.Claims.Claims_Checks_Cleared_RunTest"/>
  <testcase name="Run_Claims_Checks_Cleared" time="5.811" classname="Automation.Claims.Claims_Checks_Cleared_RunTest"/>
  <testcase name="Run_Claims_Checks_Cleared" time="4.598" classname="Automation.Claims.Claims_Checks_Cleared_RunTest"/>
  <testcase name="Run_Claims_Checks_Cleared" time="4.750" classname="Automation.Claims.Claims_Checks_Cleared_RunTest"/>
  <testcase name="Run_Claims_Checks_Cleared" time="4.641" classname="Automation.Claims.Claims_Checks_Cleared_RunTest"/>
  <testcase name="Run_Claims_Checks_Cleared" time="4.325" classname="Automation.Claims.Claims_Checks_Cleared_RunTest"/>
  <testcase name="Run_Claims_Checks_Cleared" time="4.158" classname="Automation.Claims.Claims_Checks_Cleared_RunTest"/>
  <testcase name="Run_Claims_Checks_Cleared" time="4.908" classname="Automation.Claims.Claims_Checks_Cleared_RunTest"/>
  <testcase name="Run_Claims_Checks_Cleared" time="5.035" classname="Automation.Claims.Claims_Checks_Cleared_RunTest"/>
  <testcase name="Run_Claims_Checks_Cleared" time="4.466" classname="Automation.Claims.Claims_Checks_Cleared_RunTest"/>
  <testcase name="Run_Claims_Checks_Cleared" time="4.622" classname="Automation.Claims.Claims_Checks_Cleared_RunTest"/>
  <testcase name="Run_Claims_Checks_Cleared" time="5.441" classname="Automation.Claims.Claims_Checks_Cleared_RunTest"/>
  <testcase name="Run_Claims_Checks_Cleared" time="4.683" classname="Automation.Claims.Claims_Checks_Cleared_RunTest"/>
  <testcase name="Run_Claims_Checks_Cleared" time="5.190" classname="Automation.Claims.Claims_Checks_Cleared_RunTest"/>
  <testcase name="Run_Claims_Checks_Cleared" time="4.836" classname="Automation.Claims.Claims_Checks_Cleared_RunTest"/>
  <testcase name="Run_Claims_Checks_Cleared" time="4.637" classname="Automation.Claims.Claims_Checks_Cleared_RunTest"/>
  <testcase name="Run_Claims_Checks_Cleared" time="4.604" classname="Automation.Claims.Claims_Checks_Cleared_RunTest"/>
  <testcase name="Run_Claims_Checks_Cleared" time="5.588" classname="Automation.Claims.Claims_Checks_Cleared_RunTest"/>
  <testcase name="Run_Claims_Checks_Cleared" time="4.611" classname="Automation.Claims.Claims_Checks_Cleared_RunTest"/>
  <testcase name="Run_Claims_Checks_Cleared" time="4.746" classname="Automation.Claims.Claims_Checks_Cleared_RunTest"/>
  <testcase name="Run_Claims_Checks_Cleared" time="4.371" classname="Automation.Claims.Claims_Checks_Cleared_RunTest"/>
  <testcase name="Run_Claims_Checks_Cleared" time="4.649" classname="Automation.Claims.Claims_Checks_Cleared_RunTest"/>
  <testcase name="Run_Claims_Checks_Cleared" time="4.155" classname="Automation.Claims.Claims_Checks_Cleared_RunTest"/>
  <testcase name="Run_Claims_Checks_Cleared" time="4.759" classname="Automation.Claims.Claims_Checks_Cleared_RunTest"/>
  <testcase name="Run_Claims_Checks_Cleared" time="5.162" classname="Automation.Claims.Claims_Checks_Cleared_RunTest"/>
  <testcase name="Run_Claims_Checks_Cleared" time="4.711" classname="Automation.Claims.Claims_Checks_Cleared_RunTest"/>
  <testcase name="Run_Claims_Checks_Cleared" time="4.835" classname="Automation.Claims.Claims_Checks_Cleared_RunTest"/>
  <testcase name="Run_Claims_Checks_Cleared" time="4.054" classname="Automation.Claims.Claims_Checks_Cleared_RunTest"/>
  <testcase name="Run_Claims_Checks_Cleared" time="4.399" classname="Automation.Claims.Claims_Checks_Cleared_RunTest"/>
  <testcase name="Run_Claims_Checks_Cleared" time="5.901" classname="Automation.Claims.Claims_Checks_Cleared_RunTest"/>
  <testcase name="Run_Claims_Checks_Cleared" time="4.995" classname="Automation.Claims.Claims_Checks_Cleared_RunTest"/>
  <testcase name="Run_Claims_Checks_Cleared" time="4.372" classname="Automation.Claims.Claims_Checks_Cleared_RunTest"/>
  <testcase name="Run_Claims_Checks_Cleared" time="4.601" classname="Automation.Claims.Claims_Checks_Cleared_RunTest"/>
  <testcase name="Run_Claims_Checks_Cleared" time="4.512" classname="Automation.Claims.Claims_Checks_Cleared_RunTest"/>
  <testcase name="Run_Claims_Checks_Cleared" time="4.727" classname="Automation.Claims.Claims_Checks_Cleared_RunTest"/>
  <testcase name="Run_Claims_Checks_Cleared" time="4.180" classname="Automation.Claims.Claims_Checks_Cleared_RunTest"/>
  <testcase name="Run_Claims_Checks_Cleared" time="4.813" classname="Automation.Claims.Claims_Checks_Cleared_RunTest"/>
  <testcase name="Run_Claims_Checks_Cleared" time="6.099" classname="Automation.Claims.Claims_Checks_Cleared_RunTest"/>
  <testcase name="Run_Claims_Checks_Cleared" time="5.671" classname="Automation.Claims.Claims_Checks_Cleared_RunTest"/>
  <testcase name="Run_Claims_Checks_Cleared" time="4.951" classname="Automation.Claims.Claims_Checks_Cleared_RunTest"/>
  <testcase name="Run_Claims_Checks_Cleared" time="5.181" classname="Automation.Claims.Claims_Checks_Cleared_RunTest"/>
  <testcase name="Run_Claims_Checks_Cleared" time="3.957" classname="Automation.Claims.Claims_Checks_Cleared_RunTest"/>
  <testcase name="Run_Claims_Checks_Cleared" time="4.684" classname="Automation.Claims.Claims_Checks_Cleared_RunTest"/>
  <testcase name="Run_Claims_Checks_Cleared" time="5.288" classname="Automation.Claims.Claims_Checks_Cleared_RunTest"/>
  <testcase name="Run_Claims_Checks_Cleared" time="4.791" classname="Automation.Claims.Claims_Checks_Cleared_RunTest"/>
  <testcase name="Run_Claims_Checks_Cleared" time="4.581" classname="Automation.Claims.Claims_Checks_Cleared_RunTest"/>
  <testcase name="Run_Claims_Checks_Cleared" time="4.429" classname="Automation.Claims.Claims_Checks_Cleared_RunTest"/>
  <testcase name="Run_Claims_Checks_Cleared" time="4.752" classname="Automation.Claims.Claims_Checks_Cleared_RunTest"/>
  <testcase name="Run_Claims_Checks_Cleared" time="4.969" classname="Automation.Claims.Claims_Checks_Cleared_RunTest"/>
  <testcase name="Run_Claims_Checks_Cleared" time="4.626" classname="Automation.Claims.Claims_Checks_Cleared_RunTest"/>
  <testcase name="Run_Claims_Checks_Cleared" time="4.335" classname="Automation.Claims.Claims_Checks_Cleared_RunTest"/>
  <testcase name="Run_Claims_Checks_Cleared" time="4.186" classname="Automation.Claims.Claims_Checks_Cleared_RunTest"/>
  <testcase name="Run_Claims_Checks_Cleared" time="4.407" classname="Automation.Claims.Claims_Checks_Cleared_RunTest"/>
  <testcase name="Run_Claims_Checks_Cleared" time="4.315" classname="Automation.Claims.Claims_Checks_Cleared_RunTest"/>
  <testcase name="Run_Claims_Checks_Cleared" time="4.133" classname="Automation.Claims.Claims_Checks_Cleared_RunTest"/>
  <testcase name="Run_Claims_Checks_Cleared" time="4.645" classname="Automation.Claims.Claims_Checks_Cleared_RunTest"/>
  <testcase name="Run_Claims_Checks_Cleared" time="4.438" classname="Automation.Claims.Claims_Checks_Cleared_RunTest"/>
  <testcase name="Run_Claims_Checks_Cleared" time="4.528" classname="Automation.Claims.Claims_Checks_Cleared_RunTest"/>
  <testcase name="Run_Claims_Checks_Cleared" time="5.315" classname="Automation.Claims.Claims_Checks_Cleared_RunTest"/>
  <testcase name="Run_Claims_Checks_Cleared" time="4.783" classname="Automation.Claims.Claims_Checks_Cleared_RunTest"/>
  <testcase name="Run_Claims_Checks_Cleared" time="4.492" classname="Automation.Claims.Claims_Checks_Cleared_RunTest"/>
  <testcase name="Run_Claims_Checks_Cleared" time="5.658" classname="Automation.Claims.Claims_Checks_Cleared_RunTest"/>
  <testcase name="Run_Claims_Checks_Cleared" time="4.329" classname="Automation.Claims.Claims_Checks_Cleared_RunTest"/>
  <testcase name="Run_Claims_Checks_Cleared" time="4.581" classname="Automation.Claims.Claims_Checks_Cleared_RunTest"/>
  <testcase name="Run_Claims_Checks_Cleared" time="4.490" classname="Automation.Claims.Claims_Checks_Cleared_RunTest"/>
  <testcase name="Run_Claims_Checks_Cleared" time="4.219" classname="Automation.Claims.Claims_Checks_Cleared_RunTest"/>
  <testcase name="Run_Claims_Checks_Cleared" time="6.365" classname="Automation.Claims.Claims_Checks_Cleared_RunTest"/>
  <testcase name="Run_Claims_Checks_Cleared" time="4.440" classname="Automation.Claims.Claims_Checks_Cleared_RunTest"/>
  <testcase name="Run_Claims_Checks_Cleared" time="4.739" classname="Automation.Claims.Claims_Checks_Cleared_RunTest"/>
  <testcase name="Run_Claims_Checks_Cleared" time="4.653" classname="Automation.Claims.Claims_Checks_Cleared_RunTest"/>
  <testcase name="Run_Claims_Checks_Cleared" time="5.964" classname="Automation.Claims.Claims_Checks_Cleared_RunTest"/>
  <testcase name="Run_Claims_Checks_Cleared" time="4.726" classname="Automation.Claims.Claims_Checks_Cleared_RunTest"/>
  <testcase name="Run_Claims_Checks_Cleared" time="4.532" classname="Automation.Claims.Claims_Checks_Cleared_RunTest"/>
  <testcase name="Run_Claims_Checks_Cleared" time="4.402" classname="Automation.Claims.Claims_Checks_Cleared_RunTest"/>
  <testcase name="Run_Claims_Checks_Cleared" time="5.336" classname="Automation.Claims.Claims_Checks_Cleared_RunTest"/>
  <testcase name="Run_Claims_Checks_Cleared" time="4.727" classname="Automation.Claims.Claims_Checks_Cleared_RunTest"/>
  <testcase name="Run_Claims_Checks_Cleared" time="4.368" classname="Automation.Claims.Claims_Checks_Cleared_RunTest"/>
  <testcase name="Run_Claims_Checks_Cleared" time="4.507" classname="Automation.Claims.Claims_Checks_Cleared_RunTest"/>
  <testcase name="Run_Claims_Checks_Cleared" time="4.808" classname="Automation.Claims.Claims_Checks_Cleared_RunTest"/>
  <testcase name="Run_Claims_Checks_Cleared" time="4.478" classname="Automation.Claims.Claims_Checks_Cleared_RunTest"/>
  <testcase name="Run_Claims_Checks_Cleared" time="4.429" classname="Automation.Claims.Claims_Checks_Cleared_RunTest"/>
  <testcase name="Run_Claims_Checks_Cleared" time="4.523" classname="Automation.Claims.Claims_Checks_Cleared_RunTest"/>
  <testcase name="Run_Claims_Checks_Cleared" time="4.670" classname="Automation.Claims.Claims_Checks_Cleared_RunTest"/>
  <testcase name="Run_Claims_Checks_Cleared" time="4.538" classname="Automation.Claims.Claims_Checks_Cleared_RunTest"/>
  <testcase name="Run_Claims_Checks_Cleared" time="4.464" classname="Automation.Claims.Claims_Checks_Cleared_RunTest"/>
  <testcase name="Run_Claims_Checks_Cleared" time="4.913" classname="Automation.Claims.Claims_Checks_Cleared_RunTest"/>
  <testcase name="Run_Claims_Checks_Cleared" time="5.134" classname="Automation.Claims.Claims_Checks_Cleared_RunTest"/>
  <testcase name="Run_Claims_Checks_Cleared" time="5.619" classname="Automation.Claims.Claims_Checks_Cleared_RunTest"/>
  <testcase name="Run_Claims_Checks_Cleared" time="4.404" classname="Automation.Claims.Claims_Checks_Cleared_RunTest"/>
  <testcase name="Run_Claims_Checks_Cleared" time="4.325" classname="Automation.Claims.Claims_Checks_Cleared_RunTest"/>
  <testcase name="Run_Claims_Checks_Cleared" time="4.795" classname="Automation.Claims.Claims_Checks_Cleared_RunTest"/>
  <testcase name="Run_Claims_Checks_Cleared" time="5.284" classname="Automation.Claims.Claims_Checks_Cleared_RunTest"/>
  <testcase name="Run_Claims_Checks_Cleared" time="4.774" classname="Automation.Claims.Claims_Checks_Cleared_RunTest"/>
  <testcase name="Run_Claims_Checks_Cleared" time="4.618" classname="Automation.Claims.Claims_Checks_Cleared_RunTest"/>
  <testcase name="Run_Claims_Checks_Cleared" time="4.662" classname="Automation.Claims.Claims_Checks_Cleared_RunTest"/>
  <testcase name="Run_Claims_Checks_Cleared" time="4.557" classname="Automation.Claims.Claims_Checks_Cleared_RunTest"/>
  <testcase name="Run_Claims_Checks_Cleared" time="4.836" classname="Automation.Claims.Claims_Checks_Cleared_RunTest"/>
  <testcase name="Run_Claims_Checks_Cleared" time="4.276" classname="Automation.Claims.Claims_Checks_Cleared_RunTest"/>
  <testcase name="Run_Claims_Checks_Cleared" time="5.488" classname="Automation.Claims.Claims_Checks_Cleared_RunTest"/>
  <testcase name="Run_Claims_Checks_Cleared" time="4.480" classname="Automation.Claims.Claims_Checks_Cleared_RunTest"/>
  <testcase name="Run_Claims_Checks_Cleared" time="4.808" classname="Automation.Claims.Claims_Checks_Cleared_RunTest"/>
  <testcase name="Run_Claims_Checks_Cleared" time="4.852" classname="Automation.Claims.Claims_Checks_Cleared_RunTest"/>
  <testcase name="Run_Claims_Checks_Cleared" time="4.689" classname="Automation.Claims.Claims_Checks_Cleared_RunTest"/>
  <testcase name="Run_Claims_Checks_Cleared" time="4.626" classname="Automation.Claims.Claims_Checks_Cleared_RunTest"/>
  <testcase name="Run_Claims_Checks_Cleared" time="4.356" classname="Automation.Claims.Claims_Checks_Cleared_RunTest"/>
  <testcase name="Run_Claims_Checks_Cleared" time="4.576" classname="Automation.Claims.Claims_Checks_Cleared_RunTest"/>
  <testcase name="Run_Claims_Checks_Cleared" time="4.841" classname="Automation.Claims.Claims_Checks_Cleared_RunTest"/>
  <testcase name="Run_Claims_Checks_Cleared" time="4.875" classname="Automation.Claims.Claims_Checks_Cleared_RunTest"/>
  <testcase name="Run_Claims_Checks_Cleared" time="4.806" classname="Automation.Claims.Claims_Checks_Cleared_RunTest"/>
  <testcase name="Run_Claims_Checks_Cleared" time="4.957" classname="Automation.Claims.Claims_Checks_Cleared_RunTest"/>
  <testcase name="Run_Claims_Checks_Cleared" time="4.722" classname="Automation.Claims.Claims_Checks_Cleared_RunTest"/>
  <testcase name="Run_Claims_Checks_Cleared" time="4.769" classname="Automation.Claims.Claims_Checks_Cleared_RunTest"/>
  <testcase name="Run_Claims_Checks_Cleared" time="4.542" classname="Automation.Claims.Claims_Checks_Cleared_RunTest"/>
  <testcase name="Run_Claims_Checks_Cleared" time="4.900" classname="Automation.Claims.Claims_Checks_Cleared_RunTest"/>
  <testcase name="Run_Claims_Checks_Cleared" time="4.702" classname="Automation.Claims.Claims_Checks_Cleared_RunTest"/>
  <testcase name="Run_Claims_Checks_Cleared" time="4.732" classname="Automation.Claims.Claims_Checks_Cleared_RunTest"/>
  <testcase name="Run_Claims_Checks_Cleared" time="4.129" classname="Automation.Claims.Claims_Checks_Cleared_RunTest"/>
  <testcase name="Run_Claims_Checks_Cleared" time="4.587" classname="Automation.Claims.Claims_Checks_Cleared_RunTest"/>
  <testcase name="Run_Claims_Checks_Cleared" time="4.692" classname="Automation.Claims.Claims_Checks_Cleared_RunTest"/>
  <testcase name="Run_Claims_Checks_Cleared" time="5.675" classname="Automation.Claims.Claims_Checks_Cleared_RunTest"/>
  <testcase name="Run_Claims_Checks_Cleared" time="4.507" classname="Automation.Claims.Claims_Checks_Cleared_RunTest"/>
  <testcase name="Run_Claims_Checks_Cleared" time="4.421" classname="Automation.Claims.Claims_Checks_Cleared_RunTest"/>
  <testcase name="Run_Claims_Checks_Cleared" time="4.576" classname="Automation.Claims.Claims_Checks_Cleared_RunTest"/>
  <testcase name="Run_Claims_Checks_Cleared" time="5.599" classname="Automation.Claims.Claims_Checks_Cleared_RunTest"/>
  <testcase name="Run_Claims_Checks_Cleared" time="4.559" classname="Automation.Claims.Claims_Checks_Cleared_RunTest"/>
  <testcase name="Run_Claims_Checks_Cleared" time="4.163" classname="Automation.Claims.Claims_Checks_Cleared_RunTest"/>
  <testcase name="Run_Claims_Checks_Cleared" time="4.621" classname="Automation.Claims.Claims_Checks_Cleared_RunTest"/>
  <testcase name="Run_Claims_Checks_Cleared" time="4.375" classname="Automation.Claims.Claims_Checks_Cleared_RunTest"/>
  <testcase name="Run_Claims_Checks_Cleared" time="4.156" classname="Automation.Claims.Claims_Checks_Cleared_RunTest"/>
  <testcase name="Run_Claims_Checks_Cleared" time="4.795" classname="Automation.Claims.Claims_Checks_Cleared_RunTest"/>
  <testcase name="Run_Claims_Checks_Cleared" time="4.613" classname="Automation.Claims.Claims_Checks_Cleared_RunTest"/>
  <testcase name="Run_Claims_Checks_Cleared" time="4.957" classname="Automation.Claims.Claims_Checks_Cleared_RunTest"/>
  <testcase name="Run_Claims_Checks_Cleared" time="4.708" classname="Automation.Claims.Claims_Checks_Cleared_RunTest"/>
  <testcase name="Run_Claims_Checks_Cleared" time="4.658" classname="Automation.Claims.Claims_Checks_Cleared_RunTest"/>
  <testcase name="Run_Claims_Checks_Cleared" time="4.947" classname="Automation.Claims.Claims_Checks_Cleared_RunTest"/>
  <testcase name="Run_Claims_Checks_Cleared" time="5.244" classname="Automation.Claims.Claims_Checks_Cleared_RunTest"/>
  <testcase name="Run_Claims_Checks_Cleared" time="4.351" classname="Automation.Claims.Claims_Checks_Cleared_RunTest"/>
  <testcase name="Run_Claims_Checks_Cleared" time="4.980" classname="Automation.Claims.Claims_Checks_Cleared_RunTest"/>
  <testcase name="Run_Claims_Checks_Cleared" time="4.834" classname="Automation.Claims.Claims_Checks_Cleared_RunTest"/>
  <testcase name="Run_Claims_Checks_Cleared" time="4.159" classname="Automation.Claims.Claims_Checks_Cleared_RunTest"/>
  <testcase name="Run_Claims_Checks_Cleared" time="4.472" classname="Automation.Claims.Claims_Checks_Cleared_RunTest"/>
  <testcase name="Run_Claims_Checks_Cleared" time="4.130" classname="Automation.Claims.Claims_Checks_Cleared_RunTest"/>
  <testcase name="Run_Claims_Checks_Cleared" time="4.334" classname="Automation.Claims.Claims_Checks_Cleared_RunTest"/>
  <testcase name="Run_Claims_Checks_Cleared" time="4.411" classname="Automation.Claims.Claims_Checks_Cleared_RunTest"/>
  <testcase name="Run_Claims_Checks_Cleared" time="4.195" classname="Automation.Claims.Claims_Checks_Cleared_RunTest"/>
  <testcase name="Run_Claims_Checks_Cleared" time="6.354" classname="Automation.Claims.Claims_Checks_Cleared_RunTest"/>
  <testcase name="Run_Claims_Checks_Cleared" time="4.500" classname="Automation.Claims.Claims_Checks_Cleared_RunTest"/>
  <testcase name="Run_Claims_Checks_Cleared" time="4.433" classname="Automation.Claims.Claims_Checks_Cleared_RunTest"/>
  <testcase name="Run_Claims_Checks_Cleared" time="4.288" classname="Automation.Claims.Claims_Checks_Cleared_RunTest"/>
  <testcase name="Run_Claims_Checks_Cleared" time="4.669" classname="Automation.Claims.Claims_Checks_Cleared_RunTest"/>
  <testcase name="Run_Claims_Checks_Cleared" time="5.629" classname="Automation.Claims.Claims_Checks_Cleared_RunTest"/>
  <testcase name="Run_Claims_Checks_Cleared" time="4.410" classname="Automation.Claims.Claims_Checks_Cleared_RunTest"/>
  <testcase name="Run_Claims_Checks_Cleared" time="4.534" classname="Automation.Claims.Claims_Checks_Cleared_RunTest"/>
  <testcase name="Run_Claims_Checks_Cleared" time="4.867" classname="Automation.Claims.Claims_Checks_Cleared_RunTest"/>
  <testcase name="Run_Claims_Checks_Cleared" time="5.804" classname="Automation.Claims.Claims_Checks_Cleared_RunTest"/>
  <testcase name="Run_Claims_Checks_Cleared" time="4.423" classname="Automation.Claims.Claims_Checks_Cleared_RunTest"/>
  <testcase name="Run_Claims_Checks_Cleared" time="5.011" classname="Automation.Claims.Claims_Checks_Cleared_RunTest"/>
  <testcase name="Run_Claims_Checks_Cleared" time="4.486" classname="Automation.Claims.Claims_Checks_Cleared_RunTest"/>
  <testcase name="Run_Claims_Checks_Cleared" time="4.378" classname="Automation.Claims.Claims_Checks_Cleared_RunTest"/>
  <testcase name="Run_Claims_Checks_Cleared" time="4.720" classname="Automation.Claims.Claims_Checks_Cleared_RunTest"/>
  <testcase name="Run_Claims_Checks_Cleared" time="5.480" classname="Automation.Claims.Claims_Checks_Cleared_RunTest"/>
  <testcase name="Run_Claims_Checks_Cleared" time="5.297" classname="Automation.Claims.Claims_Checks_Cleared_RunTest"/>
  <testcase name="Run_Claims_Checks_Cleared" time="4.321" classname="Automation.Claims.Claims_Checks_Cleared_RunTest"/>
  <testcase name="Run_Claims_Checks_Cleared" time="5.151" classname="Automation.Claims.Claims_Checks_Cleared_RunTest"/>
  <testcase name="Run_Claims_Checks_Cleared" time="4.511" classname="Automation.Claims.Claims_Checks_Cleared_RunTest"/>
  <testcase name="Run_Claims_Checks_Cleared" time="4.722" classname="Automation.Claims.Claims_Checks_Cleared_RunTest"/>
  <testcase name="Run_Claims_Checks_Cleared" time="4.923" classname="Automation.Claims.Claims_Checks_Cleared_RunTest"/>
  <testcase name="Run_Claims_Checks_Cleared" time="4.689" classname="Automation.Claims.Claims_Checks_Cleared_RunTest"/>
  <testcase name="Run_Claims_Checks_Cleared" time="4.186" classname="Automation.Claims.Claims_Checks_Cleared_RunTest"/>
  <testcase name="Run_Claims_Checks_Cleared" time="4.610" classname="Automation.Claims.Claims_Checks_Cleared_RunTest"/>
  <testcase name="Run_Claims_Checks_Cleared" time="4.385" classname="Automation.Claims.Claims_Checks_Cleared_RunTest"/>
  <testcase name="Run_Claims_Checks_Cleared" time="5.128" classname="Automation.Claims.Claims_Checks_Cleared_RunTest"/>
  <testcase name="Run_Claims_Checks_Cleared" time="4.640" classname="Automation.Claims.Claims_Checks_Cleared_RunTest"/>
  <testcase name="Run_Claims_Checks_Cleared" time="4.491" classname="Automation.Claims.Claims_Checks_Cleared_RunTest"/>
  <testcase name="Run_Claims_Checks_Cleared" time="4.383" classname="Automation.Claims.Claims_Checks_Cleared_RunTest"/>
  <testcase name="Run_Claims_Checks_Cleared" time="4.661" classname="Automation.Claims.Claims_Checks_Cleared_RunTest"/>
  <testcase name="Run_Claims_Checks_Cleared" time="4.430" classname="Automation.Claims.Claims_Checks_Cleared_RunTest"/>
  <testcase name="Run_Claims_Checks_Cleared" time="5.743" classname="Automation.Claims.Claims_Checks_Cleared_RunTest"/>
  <testcase name="Run_Claims_Checks_Cleared" time="5.690" classname="Automation.Claims.Claims_Checks_Cleared_RunTest"/>
  <testcase name="Run_Claims_Checks_Cleared" time="4.655" classname="Automation.Claims.Claims_Checks_Cleared_RunTest"/>
  <testcase name="Run_Claims_Checks_Cleared" time="4.826" classname="Automation.Claims.Claims_Checks_Cleared_RunTest"/>
  <testcase name="Run_Claims_Checks_Cleared" time="4.537" classname="Automation.Claims.Claims_Checks_Cleared_RunTest"/>
  <testcase name="Run_Claims_Checks_Cleared" time="4.762" classname="Automation.Claims.Claims_Checks_Cleared_RunTest"/>
  <testcase name="Run_Claims_Checks_Cleared" time="4.602" classname="Automation.Claims.Claims_Checks_Cleared_RunTest"/>
  <testcase name="Run_Claims_Checks_Cleared" time="4.421" classname="Automation.Claims.Claims_Checks_Cleared_RunTest"/>
  <testcase name="Run_Claims_Checks_Cleared" time="5.873" classname="Automation.Claims.Claims_Checks_Cleared_RunTest"/>
  <testcase name="Run_Claims_Checks_Cleared" time="4.549" classname="Automation.Claims.Claims_Checks_Cleared_RunTest"/>
  <testcase name="Run_Claims_Checks_Cleared" time="4.620" classname="Automation.Claims.Claims_Checks_Cleared_RunTest"/>
  <testcase name="Run_Claims_Checks_Cleared" time="5.099" classname="Automation.Claims.Claims_Checks_Cleared_RunTest"/>
  <testcase name="Run_Claims_Checks_Cleared" time="4.463" classname="Automation.Claims.Claims_Checks_Cleared_RunTest"/>
  <testcase name="Run_Claims_Checks_Cleared" time="4.663" classname="Automation.Claims.Claims_Checks_Cleared_RunTest"/>
  <testcase name="Run_Claims_Checks_Cleared" time="4.734" classname="Automation.Claims.Claims_Checks_Cleared_RunTest"/>
  <testcase name="Run_Claims_Checks_Cleared" time="4.497" classname="Automation.Claims.Claims_Checks_Cleared_RunTest"/>
  <testcase name="Run_Claims_Checks_Cleared" time="4.609" classname="Automation.Claims.Claims_Checks_Cleared_RunTest"/>
  <testcase name="Run_Claims_Checks_Cleared" time="4.552" classname="Automation.Claims.Claims_Checks_Cleared_RunTest"/>
  <testcase name="Run_Claims_Checks_Cleared" time="4.340" classname="Automation.Claims.Claims_Checks_Cleared_RunTest"/>
  <testcase name="Run_Claims_Checks_Cleared" time="4.870" classname="Automation.Claims.Claims_Checks_Cleared_RunTest"/>
  <testcase name="Run_Claims_Checks_Cleared" time="4.617" classname="Automation.Claims.Claims_Checks_Cleared_RunTest"/>
  <testcase name="Run_Claims_Checks_Cleared" time="4.381" classname="Automation.Claims.Claims_Checks_Cleared_RunTest"/>
  <testcase name="Run_Claims_Checks_Cleared" time="4.224" classname="Automation.Claims.Claims_Checks_Cleared_RunTest"/>
  <testcase name="Run_Claims_Checks_Cleared" time="4.390" classname="Automation.Claims.Claims_Checks_Cleared_RunTest"/>
  <testcase name="Run_Claims_Checks_Cleared" time="4.567" classname="Automation.Claims.Claims_Checks_Cleared_RunTest"/>
  <testcase name="Run_Claims_Checks_Cleared" time="4.628" classname="Automation.Claims.Claims_Checks_Cleared_RunTest"/>
  <testcase name="Run_Claims_Checks_Cleared" time="4.842" classname="Automation.Claims.Claims_Checks_Cleared_RunTest"/>
  <testcase name="Run_Claims_Checks_Cleared" time="5.420" classname="Automation.Claims.Claims_Checks_Cleared_RunTest"/>
  <testcase name="Run_Claims_Checks_Cleared" time="3.813" classname="Automation.Claims.Claims_Checks_Cleared_RunTest"/>
  <testcase name="Run_Claims_Checks_Cleared" time="5.467" classname="Automation.Claims.Claims_Checks_Cleared_RunTest"/>
  <testcase name="Run_Claims_Checks_Cleared" time="4.585" classname="Automation.Claims.Claims_Checks_Cleared_RunTest"/>
  <testcase name="Run_Claims_Checks_Cleared" time="4.373" classname="Automation.Claims.Claims_Checks_Cleared_RunTest"/>
  <testcase name="Run_Claims_Checks_Cleared" time="5.425" classname="Automation.Claims.Claims_Checks_Cleared_RunTest"/>
  <testcase name="Run_Claims_Checks_Cleared" time="4.387" classname="Automation.Claims.Claims_Checks_Cleared_RunTest"/>
  <testcase name="Run_Claims_Checks_Cleared" time="4.234" classname="Automation.Claims.Claims_Checks_Cleared_RunTest"/>
  <testcase name="Run_Claims_Checks_Cleared" time="4.218" classname="Automation.Claims.Claims_Checks_Cleared_RunTest"/>
  <testcase name="Run_Claims_Checks_Cleared" time="4.624" classname="Automation.Claims.Claims_Checks_Cleared_RunTest"/>
  <testcase name="Run_Claims_Checks_Cleared" time="4.166" classname="Automation.Claims.Claims_Checks_Cleared_RunTest"/>
  <testcase name="Run_Claims_Checks_Cleared" time="5.357" classname="Automation.Claims.Claims_Checks_Cleared_RunTest"/>
  <testcase name="Run_Claims_Checks_Cleared" time="5.737" classname="Automation.Claims.Claims_Checks_Cleared_RunTest"/>
  <testcase name="Run_Claims_Checks_Cleared" time="4.652" classname="Automation.Claims.Claims_Checks_Cleared_RunTest"/>
  <testcase name="Run_Claims_Checks_Cleared" time="4.455" classname="Automation.Claims.Claims_Checks_Cleared_RunTest"/>
  <testcase name="Run_Claims_Checks_Cleared" time="4.376" classname="Automation.Claims.Claims_Checks_Cleared_RunTest"/>
  <testcase name="Run_Claims_Checks_Cleared" time="4.482" classname="Automation.Claims.Claims_Checks_Cleared_RunTest"/>
  <testcase name="Run_Claims_Checks_Cleared" time="4.658" classname="Automation.Claims.Claims_Checks_Cleared_RunTest"/>
  <testcase name="Run_Claims_Checks_Cleared" time="4.873" classname="Automation.Claims.Claims_Checks_Cleared_RunTest"/>
  <testcase name="Run_Claims_Checks_Cleared" time="5.523" classname="Automation.Claims.Claims_Checks_Cleared_RunTest"/>
  <testcase name="Run_Claims_Checks_Cleared" time="4.485" classname="Automation.Claims.Claims_Checks_Cleared_RunTest"/>
  <testcase name="Run_Claims_Checks_Cleared" time="5.555" classname="Automation.Claims.Claims_Checks_Cleared_RunTest"/>
  <testcase name="Run_Claims_Checks_Cleared" time="4.523" classname="Automation.Claims.Claims_Checks_Cleared_RunTest"/>
  <testcase name="Run_Claims_Checks_Cleared" time="4.403" classname="Automation.Claims.Claims_Checks_Cleared_RunTest"/>
  <testcase name="Run_Claims_Checks_Cleared" time="4.604" classname="Automation.Claims.Claims_Checks_Cleared_RunTest"/>
  <testcase name="Run_Claims_Checks_Cleared" time="4.806" classname="Automation.Claims.Claims_Checks_Cleared_RunTest"/>
  <testcase name="Run_Claims_Checks_Cleared" time="4.581" classname="Automation.Claims.Claims_Checks_Cleared_RunTest"/>
  <testcase name="Run_Claims_Checks_Cleared" time="4.757" classname="Automation.Claims.Claims_Checks_Cleared_RunTest"/>
  <testcase name="Run_Claims_Checks_Cleared" time="5.691" classname="Automation.Claims.Claims_Checks_Cleared_RunTest"/>
  <testcase name="Run_Claims_Checks_Cleared" time="4.398" classname="Automation.Claims.Claims_Checks_Cleared_RunTest"/>
  <testcase name="Run_Claims_Checks_Cleared" time="4.730" classname="Automation.Claims.Claims_Checks_Cleared_RunTest"/>
  <testcase name="Run_Claims_Checks_Cleared" time="4.881" classname="Automation.Claims.Claims_Checks_Cleared_RunTest"/>
  <testcase name="Run_Claims_Checks_Cleared" time="5.059" classname="Automation.Claims.Claims_Checks_Cleared_RunTest"/>
  <testcase name="Run_Claims_Checks_Cleared" time="4.904" classname="Automation.Claims.Claims_Checks_Cleared_RunTest"/>
  <testcase name="Run_Claims_Checks_Cleared" time="4.672" classname="Automation.Claims.Claims_Checks_Cleared_RunTest"/>
  <testcase name="Run_Claims_Checks_Cleared" time="4.342" classname="Automation.Claims.Claims_Checks_Cleared_RunTest"/>
  <testcase name="Run_Claims_Checks_Cleared" time="4.146" classname="Automation.Claims.Claims_Checks_Cleared_RunTest"/>
  <testcase name="Run_Claims_Checks_Cleared" time="4.979" classname="Automation.Claims.Claims_Checks_Cleared_RunTest"/>
  <testcase name="Run_Claims_Checks_Cleared" time="4.575" classname="Automation.Claims.Claims_Checks_Cleared_RunTest"/>
  <testcase name="Run_Claims_Checks_Cleared" time="4.616" classname="Automation.Claims.Claims_Checks_Cleared_RunTest"/>
  <testcase name="Run_Claims_Checks_Cleared" time="4.548" classname="Automation.Claims.Claims_Checks_Cleared_RunTest"/>
  <testcase name="Run_Claims_Checks_Cleared" time="4.565" classname="Automation.Claims.Claims_Checks_Cleared_RunTest"/>
  <testcase name="Run_Claims_Checks_Cleared" time="4.235" classname="Automation.Claims.Claims_Checks_Cleared_RunTest"/>
  <testcase name="Run_Claims_Checks_Cleared" time="4.486" classname="Automation.Claims.Claims_Checks_Cleared_RunTest"/>
  <testcase name="Run_Claims_Checks_Cleared" time="4.724" classname="Automation.Claims.Claims_Checks_Cleared_RunTest"/>
  <testcase name="Run_Claims_Checks_Cleared" time="4.657" classname="Automation.Claims.Claims_Checks_Cleared_RunTest"/>
  <testcase name="Run_Claims_Checks_Cleared" time="4.805" classname="Automation.Claims.Claims_Checks_Cleared_RunTest"/>
  <testcase name="Run_Claims_Checks_Cleared" time="6.925" classname="Automation.Claims.Claims_Checks_Cleared_RunTest"/>
  <testcase name="Run_Claims_Checks_Cleared" time="4.919" classname="Automation.Claims.Claims_Checks_Cleared_RunTest"/>
  <testcase name="Run_Claims_Checks_Cleared" time="6.238" classname="Automation.Claims.Claims_Checks_Cleared_RunTest"/>
  <testcase name="Run_Claims_Checks_Cleared" time="4.796" classname="Automation.Claims.Claims_Checks_Cleared_RunTest"/>
  <testcase name="Run_Claims_Checks_Cleared" time="4.990" classname="Automation.Claims.Claims_Checks_Cleared_RunTest"/>
  <testcase name="Run_Claims_Checks_Cleared" time="4.970" classname="Automation.Claims.Claims_Checks_Cleared_RunTest"/>
  <testcase name="Run_Claims_Checks_Cleared" time="4.120" classname="Automation.Claims.Claims_Checks_Cleared_RunTest"/>
  <testcase name="Run_Claims_Checks_Cleared" time="4.428" classname="Automation.Claims.Claims_Checks_Cleared_RunTest"/>
  <testcase name="Run_Claims_Checks_Cleared" time="5.265" classname="Automation.Claims.Claims_Checks_Cleared_RunTest"/>
  <testcase name="Run_Claims_Checks_Cleared" time="4.751" classname="Automation.Claims.Claims_Checks_Cleared_RunTest"/>
  <testcase name="Run_Claims_Checks_Cleared" time="5.447" classname="Automation.Claims.Claims_Checks_Cleared_RunTest"/>
  <testcase name="Run_Claims_Checks_Cleared" time="4.240" classname="Automation.Claims.Claims_Checks_Cleared_RunTest"/>
  <testcase name="Run_Claims_Checks_Cleared" time="5.615" classname="Automation.Claims.Claims_Checks_Cleared_RunTest"/>
  <testcase name="Run_Claims_Checks_Cleared" time="4.237" classname="Automation.Claims.Claims_Checks_Cleared_RunTest"/>
  <testcase name="Run_Claims_Checks_Cleared" time="4.677" classname="Automation.Claims.Claims_Checks_Cleared_RunTest"/>
  <testcase name="Run_Claims_Checks_Cleared" time="4.453" classname="Automation.Claims.Claims_Checks_Cleared_RunTest"/>
  <testcase name="Run_Claims_Checks_Cleared" time="4.743" classname="Automation.Claims.Claims_Checks_Cleared_RunTest"/>
  <testcase name="Run_Claims_Checks_Cleared" time="5.302" classname="Automation.Claims.Claims_Checks_Cleared_RunTest"/>
  <testcase name="Run_Claims_Checks_Cleared" time="6.067" classname="Automation.Claims.Claims_Checks_Cleared_RunTest"/>
  <testcase name="Run_Claims_Checks_Cleared" time="4.318" classname="Automation.Claims.Claims_Checks_Cleared_RunTest"/>
  <testcase name="Run_Claims_Checks_Cleared" time="4.430" classname="Automation.Claims.Claims_Checks_Cleared_RunTest"/>
  <testcase name="Run_Claims_Checks_Cleared" time="4.748" classname="Automation.Claims.Claims_Checks_Cleared_RunTest"/>
  <testcase name="Run_Claims_Checks_Cleared" time="4.551" classname="Automation.Claims.Claims_Checks_Cleared_RunTest"/>
  <testcase name="Run_Claims_Checks_Cleared" time="4.675" classname="Automation.Claims.Claims_Checks_Cleared_RunTest"/>
  <testcase name="Run_Claims_Checks_Cleared" time="5.491" classname="Automation.Claims.Claims_Checks_Cleared_RunTest"/>
  <testcase name="Run_Claims_Checks_Cleared" time="4.828" classname="Automation.Claims.Claims_Checks_Cleared_RunTest"/>
  <testcase name="Run_Claims_Checks_Cleared" time="4.679" classname="Automation.Claims.Claims_Checks_Cleared_RunTest"/>
  <testcase name="Run_Claims_Checks_Cleared" time="4.242" classname="Automation.Claims.Claims_Checks_Cleared_RunTest"/>
  <testcase name="Run_Claims_Checks_Cleared" time="4.438" classname="Automation.Claims.Claims_Checks_Cleared_RunTest"/>
  <testcase name="Run_Claims_Checks_Cleared" time="4.662" classname="Automation.Claims.Claims_Checks_Cleared_RunTest"/>
  <testcase name="Run_Claims_Checks_Cleared" time="4.977" classname="Automation.Claims.Claims_Checks_Cleared_RunTest"/>
  <testcase name="Run_Claims_Checks_Cleared" time="5.009" classname="Automation.Claims.Claims_Checks_Cleared_RunTest"/>
  <testcase name="Run_Claims_Checks_Cleared" time="4.506" classname="Automation.Claims.Claims_Checks_Cleared_RunTest"/>
  <testcase name="Run_Claims_Checks_Cleared" time="4.321" classname="Automation.Claims.Claims_Checks_Cleared_RunTest"/>
  <testcase name="Run_Claims_Checks_Cleared" time="4.333" classname="Automation.Claims.Claims_Checks_Cleared_RunTest"/>
  <testcase name="Run_Claims_Checks_Cleared" time="4.721" classname="Automation.Claims.Claims_Checks_Cleared_RunTest"/>
  <testcase name="Run_Claims_Checks_Cleared" time="4.695" classname="Automation.Claims.Claims_Checks_Cleared_RunTest"/>
  <testcase name="Run_Claims_Checks_Cleared" time="4.905" classname="Automation.Claims.Claims_Checks_Cleared_RunTest"/>
  <testcase name="Run_Claims_Checks_Cleared" time="4.293" classname="Automation.Claims.Claims_Checks_Cleared_RunTest"/>
  <testcase name="Run_Claims_Checks_Cleared" time="5.231" classname="Automation.Claims.Claims_Checks_Cleared_RunTest"/>
  <testcase name="Run_Claims_Checks_Cleared" time="4.458" classname="Automation.Claims.Claims_Checks_Cleared_RunTest"/>
  <testcase name="Run_Claims_Checks_Cleared" time="5.128" classname="Automation.Claims.Claims_Checks_Cleared_RunTest"/>
  <testcase name="Run_Claims_Checks_Cleared" time="4.320" classname="Automation.Claims.Claims_Checks_Cleared_RunTest"/>
  <testcase name="Run_Claims_Checks_Cleared" time="5.871" classname="Automation.Claims.Claims_Checks_Cleared_RunTest"/>
  <testcase name="Run_Claims_Checks_Cleared" time="4.455" classname="Automation.Claims.Claims_Checks_Cleared_RunTest"/>
  <testcase name="Run_Claims_Checks_Cleared" time="5.865" classname="Automation.Claims.Claims_Checks_Cleared_RunTest"/>
  <testcase name="Run_Claims_Checks_Cleared" time="4.306" classname="Automation.Claims.Claims_Checks_Cleared_RunTest"/>
  <testcase name="Run_Claims_Checks_Cleared" time="4.466" classname="Automation.Claims.Claims_Checks_Cleared_RunTest"/>
  <testcase name="Run_Claims_Checks_Cleared" time="4.559" classname="Automation.Claims.Claims_Checks_Cleared_RunTest"/>
  <testcase name="Run_Claims_Checks_Cleared" time="5.143" classname="Automation.Claims.Claims_Checks_Cleared_RunTest"/>
  <testcase name="Run_Claims_Checks_Cleared" time="4.772" classname="Automation.Claims.Claims_Checks_Cleared_RunTest"/>
  <testcase name="Run_Claims_Checks_Cleared" time="4.675" classname="Automation.Claims.Claims_Checks_Cleared_RunTest"/>
  <testcase name="Run_Claims_Checks_Cleared" time="4.444" classname="Automation.Claims.Claims_Checks_Cleared_RunTest"/>
  <testcase name="Run_Claims_Checks_Cleared" time="5.040" classname="Automation.Claims.Claims_Checks_Cleared_RunTest"/>
  <testcase name="Run_Claims_Checks_Cleared" time="4.506" classname="Automation.Claims.Claims_Checks_Cleared_RunTest"/>
  <testcase name="Run_Claims_Checks_Cleared" time="4.743" classname="Automation.Claims.Claims_Checks_Cleared_RunTest"/>
  <testcase name="Run_Claims_Checks_Cleared" time="4.481" classname="Automation.Claims.Claims_Checks_Cleared_RunTest"/>
  <testcase name="Run_Claims_Checks_Cleared" time="5.221" classname="Automation.Claims.Claims_Checks_Cleared_RunTest"/>
  <testcase name="Run_Claims_Checks_Cleared" time="5.041" classname="Automation.Claims.Claims_Checks_Cleared_RunTest"/>
  <testcase name="Run_Claims_Checks_Cleared" time="4.646" classname="Automation.Claims.Claims_Checks_Cleared_RunTest"/>
  <testcase name="Run_Claims_Checks_Cleared" time="5.029" classname="Automation.Claims.Claims_Checks_Cleared_RunTest"/>
  <testcase name="Run_Claims_Checks_Cleared" time="4.851" classname="Automation.Claims.Claims_Checks_Cleared_RunTest"/>
  <testcase name="Run_Claims_Checks_Cleared" time="4.848" classname="Automation.Claims.Claims_Checks_Cleared_RunTest"/>
  <testcase name="Run_Claims_Checks_Cleared" time="4.431" classname="Automation.Claims.Claims_Checks_Cleared_RunTest"/>
  <testcase name="Run_Claims_Checks_Cleared" time="5.332" classname="Automation.Claims.Claims_Checks_Cleared_RunTest"/>
  <testcase name="Run_Claims_Checks_Cleared" time="4.673" classname="Automation.Claims.Claims_Checks_Cleared_RunTest"/>
  <testcase name="Run_Claims_Checks_Cleared" time="4.191" classname="Automation.Claims.Claims_Checks_Cleared_RunTest"/>
  <testcase name="Run_Claims_Checks_Cleared" time="5.338" classname="Automation.Claims.Claims_Checks_Cleared_RunTest"/>
  <testcase name="Run_Claims_Checks_Cleared" time="5.790" classname="Automation.Claims.Claims_Checks_Cleared_RunTest"/>
  <testcase name="Run_Claims_Checks_Cleared" time="4.171" classname="Automation.Claims.Claims_Checks_Cleared_RunTest"/>
  <testcase name="Run_Claims_Checks_Cleared" time="4.703" classname="Automation.Claims.Claims_Checks_Cleared_RunTest"/>
  <testcase name="Run_Claims_Checks_Cleared" time="3.929" classname="Automation.Claims.Claims_Checks_Cleared_RunTest"/>
  <testcase name="Run_Claims_Checks_Cleared" time="5.460" classname="Automation.Claims.Claims_Checks_Cleared_RunTest"/>
  <testcase name="Run_Claims_Checks_Cleared" time="4.557" classname="Automation.Claims.Claims_Checks_Cleared_RunTest"/>
  <testcase name="Run_Claims_Checks_Cleared" time="4.684" classname="Automation.Claims.Claims_Checks_Cleared_RunTest"/>
  <testcase name="Run_Claims_Checks_Cleared" time="4.605" classname="Automation.Claims.Claims_Checks_Cleared_RunTest"/>
  <testcase name="Run_Claims_Checks_Cleared" time="6.119" classname="Automation.Claims.Claims_Checks_Cleared_RunTest"/>
  <testcase name="Run_Claims_Checks_Cleared" time="4.829" classname="Automation.Claims.Claims_Checks_Cleared_RunTest"/>
  <testcase name="Run_Claims_Checks_Cleared" time="5.670" classname="Automation.Claims.Claims_Checks_Cleared_RunTest"/>
  <testcase name="Run_Claims_Checks_Cleared" time="4.366" classname="Automation.Claims.Claims_Checks_Cleared_RunTest"/>
  <testcase name="Run_Claims_Checks_Cleared" time="4.307" classname="Automation.Claims.Claims_Checks_Cleared_RunTest"/>
  <testcase name="Run_Claims_Checks_Cleared" time="6.082" classname="Automation.Claims.Claims_Checks_Cleared_RunTest"/>
  <testcase name="Run_Claims_Checks_Cleared" time="4.391" classname="Automation.Claims.Claims_Checks_Cleared_RunTest"/>
  <testcase name="Run_Claims_Checks_Cleared" time="5.507" classname="Automation.Claims.Claims_Checks_Cleared_RunTest"/>
  <testcase name="Run_Claims_Checks_Cleared" time="4.334" classname="Automation.Claims.Claims_Checks_Cleared_RunTest"/>
  <testcase name="Run_Claims_Checks_Cleared" time="4.521" classname="Automation.Claims.Claims_Checks_Cleared_RunTest"/>
  <testcase name="Run_Claims_Checks_Cleared" time="4.293" classname="Automation.Claims.Claims_Checks_Cleared_RunTest"/>
  <testcase name="Run_Claims_Checks_Cleared" time="4.320" classname="Automation.Claims.Claims_Checks_Cleared_RunTest"/>
  <testcase name="Run_Claims_Checks_Cleared" time="4.643" classname="Automation.Claims.Claims_Checks_Cleared_RunTest"/>
  <testcase name="Run_Claims_Checks_Cleared" time="4.614" classname="Automation.Claims.Claims_Checks_Cleared_RunTest"/>
  <testcase name="Run_Claims_Checks_Cleared" time="4.517" classname="Automation.Claims.Claims_Checks_Cleared_RunTest"/>
  <testcase name="Run_Claims_Checks_Cleared" time="4.342" classname="Automation.Claims.Claims_Checks_Cleared_RunTest"/>
  <testcase name="Run_Claims_Checks_Cleared" time="4.091" classname="Automation.Claims.Claims_Checks_Cleared_RunTest"/>
  <testcase name="Run_Claims_Checks_Cleared" time="4.665" classname="Automation.Claims.Claims_Checks_Cleared_RunTest"/>
  <testcase name="Run_Claims_Checks_Cleared" time="5.171" classname="Automation.Claims.Claims_Checks_Cleared_RunTest"/>
  <testcase name="Run_Claims_Checks_Cleared" time="4.755" classname="Automation.Claims.Claims_Checks_Cleared_RunTest"/>
  <testcase name="Run_Claims_Checks_Cleared" time="4.673" classname="Automation.Claims.Claims_Checks_Cleared_RunTest"/>
  <testcase name="Run_Claims_Checks_Cleared" time="5.715" classname="Automation.Claims.Claims_Checks_Cleared_RunTest"/>
  <testcase name="Run_Claims_Checks_Cleared" time="4.763" classname="Automation.Claims.Claims_Checks_Cleared_RunTest"/>
  <testcase name="Run_Claims_Checks_Cleared" time="4.810" classname="Automation.Claims.Claims_Checks_Cleared_RunTest"/>
  <testcase name="Run_Claims_Checks_Cleared" time="4.392" classname="Automation.Claims.Claims_Checks_Cleared_RunTest"/>
  <testcase name="Run_Claims_Checks_Cleared" time="4.479" classname="Automation.Claims.Claims_Checks_Cleared_RunTest"/>
  <testcase name="Run_Claims_Checks_Cleared" time="5.026" classname="Automation.Claims.Claims_Checks_Cleared_RunTest"/>
  <testcase name="Run_Claims_Checks_Cleared" time="5.717" classname="Automation.Claims.Claims_Checks_Cleared_RunTest"/>
  <testcase name="Run_Claims_Checks_Cleared" time="4.700" classname="Automation.Claims.Claims_Checks_Cleared_RunTest"/>
  <testcase name="Run_Claims_Checks_Cleared" time="4.662" classname="Automation.Claims.Claims_Checks_Cleared_RunTest"/>
  <testcase name="Run_Claims_Checks_Cleared" time="4.402" classname="Automation.Claims.Claims_Checks_Cleared_RunTest"/>
  <testcase name="Run_Claims_Checks_Cleared" time="4.671" classname="Automation.Claims.Claims_Checks_Cleared_RunTest"/>
  <testcase name="Run_Claims_Checks_Cleared" time="4.532" classname="Automation.Claims.Claims_Checks_Cleared_RunTest"/>
  <testcase name="Run_Claims_Checks_Cleared" time="4.770" classname="Automation.Claims.Claims_Checks_Cleared_RunTest"/>
  <testcase name="Run_Claims_Checks_Cleared" time="4.404" classname="Automation.Claims.Claims_Checks_Cleared_RunTest"/>
  <testcase name="Run_Claims_Checks_Cleared" time="4.389" classname="Automation.Claims.Claims_Checks_Cleared_RunTest"/>
  <testcase name="Run_Claims_Checks_Cleared" time="4.828" classname="Automation.Claims.Claims_Checks_Cleared_RunTest"/>
  <testcase name="Run_Claims_Checks_Cleared" time="5.366" classname="Automation.Claims.Claims_Checks_Cleared_RunTest"/>
  <testcase name="Run_Claims_Checks_Cleared" time="4.762" classname="Automation.Claims.Claims_Checks_Cleared_RunTest"/>
  <testcase name="Run_Claims_Checks_Cleared" time="4.385" classname="Automation.Claims.Claims_Checks_Cleared_RunTest"/>
  <testcase name="Run_Claims_Checks_Cleared" time="4.544" classname="Automation.Claims.Claims_Checks_Cleared_RunTest"/>
  <testcase name="Run_Claims_Checks_Cleared" time="4.467" classname="Automation.Claims.Claims_Checks_Cleared_RunTest"/>
  <testcase name="Run_Claims_Checks_Cleared" time="4.718" classname="Automation.Claims.Claims_Checks_Cleared_RunTest"/>
  <testcase name="Run_Claims_Checks_Cleared" time="4.704" classname="Automation.Claims.Claims_Checks_Cleared_RunTest"/>
  <testcase name="Run_Claims_Checks_Cleared" time="4.519" classname="Automation.Claims.Claims_Checks_Cleared_RunTest"/>
  <testcase name="Run_Claims_Checks_Cleared" time="4.767" classname="Automation.Claims.Claims_Checks_Cleared_RunTest"/>
  <testcase name="Run_Claims_Checks_Cleared" time="5.448" classname="Automation.Claims.Claims_Checks_Cleared_RunTest"/>
  <testcase name="Run_Claims_Checks_Cleared" time="4.436" classname="Automation.Claims.Claims_Checks_Cleared_RunTest"/>
  <testcase name="Run_Claims_Checks_Cleared" time="4.466" classname="Automation.Claims.Claims_Checks_Cleared_RunTest"/>
  <testcase name="Run_Claims_Checks_Cleared" time="4.641" classname="Automation.Claims.Claims_Checks_Cleared_RunTest"/>
  <testcase name="Run_Claims_Checks_Cleared" time="4.393" classname="Automation.Claims.Claims_Checks_Cleared_RunTest"/>
  <testcase name="Run_Claims_Checks_Cleared" time="4.470" classname="Automation.Claims.Claims_Checks_Cleared_RunTest"/>
  <testcase name="Run_Claims_Checks_Cleared" time="4.450" classname="Automation.Claims.Claims_Checks_Cleared_RunTest"/>
  <testcase name="Run_Claims_Checks_Cleared" time="4.606" classname="Automation.Claims.Claims_Checks_Cleared_RunTest"/>
  <testcase name="Run_Claims_Checks_Cleared" time="4.855" classname="Automation.Claims.Claims_Checks_Cleared_RunTest"/>
  <testcase name="Run_Claims_Checks_Cleared" time="4.984" classname="Automation.Claims.Claims_Checks_Cleared_RunTest"/>
  <testcase name="Run_Claims_Checks_Cleared" time="4.359" classname="Automation.Claims.Claims_Checks_Cleared_RunTest"/>
  <testcase name="Run_Claims_Checks_Cleared" time="5.083" classname="Automation.Claims.Claims_Checks_Cleared_RunTest"/>
  <testcase name="Run_Claims_Checks_Cleared" time="4.515" classname="Automation.Claims.Claims_Checks_Cleared_RunTest"/>
  <testcase name="Run_Claims_Checks_Cleared" time="4.383" classname="Automation.Claims.Claims_Checks_Cleared_RunTest"/>
  <testcase name="Run_Claims_Checks_Cleared" time="4.455" classname="Automation.Claims.Claims_Checks_Cleared_RunTest"/>
  <testcase name="Run_Claims_Checks_Cleared" time="4.796" classname="Automation.Claims.Claims_Checks_Cleared_RunTest"/>
  <testcase name="Run_Claims_Checks_Cleared" time="4.418" classname="Automation.Claims.Claims_Checks_Cleared_RunTest"/>
  <testcase name="Run_Claims_Checks_Cleared" time="4.761" classname="Automation.Claims.Claims_Checks_Cleared_RunTest"/>
  <testcase name="Run_Claims_Checks_Cleared" time="4.484" classname="Automation.Claims.Claims_Checks_Cleared_RunTest"/>
  <testcase name="Run_Claims_Checks_Cleared" time="5.269" classname="Automation.Claims.Claims_Checks_Cleared_RunTest"/>
  <testcase name="Run_Claims_Checks_Cleared" time="5.931" classname="Automation.Claims.Claims_Checks_Cleared_RunTest"/>
  <testcase name="Run_Claims_Checks_Cleared" time="4.818" classname="Automation.Claims.Claims_Checks_Cleared_RunTest"/>
  <testcase name="Run_Claims_Checks_Cleared" time="5.515" classname="Automation.Claims.Claims_Checks_Cleared_RunTest"/>
  <testcase name="Run_Claims_Checks_Cleared" time="4.535" classname="Automation.Claims.Claims_Checks_Cleared_RunTest"/>
  <testcase name="Run_Claims_Checks_Cleared" time="4.560" classname="Automation.Claims.Claims_Checks_Cleared_RunTest"/>
  <testcase name="Run_Claims_Checks_Cleared" time="5.524" classname="Automation.Claims.Claims_Checks_Cleared_RunTest"/>
  <testcase name="Run_Claims_Checks_Cleared" time="4.187" classname="Automation.Claims.Claims_Checks_Cleared_RunTest"/>
  <testcase name="Run_Claims_Checks_Cleared" time="4.458" classname="Automation.Claims.Claims_Checks_Cleared_RunTest"/>
  <testcase name="Run_Claims_Checks_Cleared" time="5.145" classname="Automation.Claims.Claims_Checks_Cleared_RunTest"/>
  <testcase name="Run_Claims_Checks_Cleared" time="4.692" classname="Automation.Claims.Claims_Checks_Cleared_RunTest"/>
  <testcase name="Run_Claims_Checks_Cleared" time="4.863" classname="Automation.Claims.Claims_Checks_Cleared_RunTest"/>
  <testcase name="Run_Claims_Checks_Cleared" time="4.692" classname="Automation.Claims.Claims_Checks_Cleared_RunTest"/>
  <testcase name="Run_Claims_Checks_Cleared" time="4.529" classname="Automation.Claims.Claims_Checks_Cleared_RunTest"/>
  <testcase name="Run_Claims_Checks_Cleared" time="4.435" classname="Automation.Claims.Claims_Checks_Cleared_RunTest"/>
  <testcase name="Run_Claims_Checks_Cleared" time="4.385" classname="Automation.Claims.Claims_Checks_Cleared_RunTest"/>
  <testcase name="Run_Claims_Checks_Cleared" time="4.685" classname="Automation.Claims.Claims_Checks_Cleared_RunTest"/>
  <testcase name="Run_Claims_Checks_Cleared" time="3.978" classname="Automation.Claims.Claims_Checks_Cleared_RunTest"/>
  <testcase name="Run_Claims_Checks_Cleared" time="4.678" classname="Automation.Claims.Claims_Checks_Cleared_RunTest"/>
  <testcase name="Run_Claims_Checks_Cleared" time="4.757" classname="Automation.Claims.Claims_Checks_Cleared_RunTest"/>
  <testcase name="Run_Claims_Checks_Cleared" time="5.208" classname="Automation.Claims.Claims_Checks_Cleared_RunTest"/>
  <testcase name="Run_Claims_Checks_Cleared" time="5.331" classname="Automation.Claims.Claims_Checks_Cleared_RunTest"/>
  <testcase name="Run_Claims_Checks_Cleared" time="4.760" classname="Automation.Claims.Claims_Checks_Cleared_RunTest"/>
  <testcase name="Run_Claims_Checks_Cleared" time="4.700" classname="Automation.Claims.Claims_Checks_Cleared_RunTest"/>
  <testcase name="Run_Claims_Checks_Cleared" time="5.515" classname="Automation.Claims.Claims_Checks_Cleared_RunTest"/>
  <testcase name="Run_Claims_Checks_Cleared" time="4.539" classname="Automation.Claims.Claims_Checks_Cleared_RunTest"/>
  <testcase name="Run_Claims_Checks_Cleared" time="5.605" classname="Automation.Claims.Claims_Checks_Cleared_RunTest"/>
  <testcase name="Run_Claims_Checks_Cleared" time="4.499" classname="Automation.Claims.Claims_Checks_Cleared_RunTest"/>
  <testcase name="Run_Claims_Checks_Cleared" time="4.592" classname="Automation.Claims.Claims_Checks_Cleared_RunTest"/>
  <testcase name="Run_Claims_Checks_Cleared" time="4.445" classname="Automation.Claims.Claims_Checks_Cleared_RunTest"/>
  <testcase name="Run_Claims_Checks_Cleared" time="5.482" classname="Automation.Claims.Claims_Checks_Cleared_RunTest"/>
  <testcase name="Run_Claims_Checks_Cleared" time="4.492" classname="Automation.Claims.Claims_Checks_Cleared_RunTest"/>
  <testcase name="Run_Claims_Checks_Cleared" time="4.358" classname="Automation.Claims.Claims_Checks_Cleared_RunTest"/>
  <testcase name="Run_Claims_Checks_Cleared" time="5.649" classname="Automation.Claims.Claims_Checks_Cleared_RunTest"/>
  <testcase name="Run_Claims_Checks_Cleared" time="4.367" classname="Automation.Claims.Claims_Checks_Cleared_RunTest"/>
  <testcase name="Run_Claims_Checks_Cleared" time="4.395" classname="Automation.Claims.Claims_Checks_Cleared_RunTest"/>
  <testcase name="Run_Claims_Checks_Cleared" time="4.378" classname="Automation.Claims.Claims_Checks_Cleared_RunTest"/>
  <testcase name="Run_Claims_Checks_Cleared" time="4.606" classname="Automation.Claims.Claims_Checks_Cleared_RunTest"/>
  <testcase name="Run_Claims_Checks_Cleared" time="4.374" classname="Automation.Claims.Claims_Checks_Cleared_RunTest"/>
  <testcase name="Run_Claims_Checks_Cleared" time="4.891" classname="Automation.Claims.Claims_Checks_Cleared_RunTest"/>
  <testcase name="Run_Claims_Checks_Cleared" time="4.400" classname="Automation.Claims.Claims_Checks_Cleared_RunTest"/>
  <testcase name="Run_Claims_Checks_Cleared" time="5.809" classname="Automation.Claims.Claims_Checks_Cleared_RunTest"/>
  <testcase name="Run_Claims_Checks_Cleared" time="4.182" classname="Automation.Claims.Claims_Checks_Cleared_RunTest"/>
  <testcase name="Run_Claims_Checks_Cleared" time="4.455" classname="Automation.Claims.Claims_Checks_Cleared_RunTest"/>
  <testcase name="Run_Claims_Checks_Cleared" time="4.625" classname="Automation.Claims.Claims_Checks_Cleared_RunTest"/>
  <testcase name="Run_Claims_Checks_Cleared" time="4.707" classname="Automation.Claims.Claims_Checks_Cleared_RunTest"/>
  <testcase name="Run_Claims_Checks_Cleared" time="4.504" classname="Automation.Claims.Claims_Checks_Cleared_RunTest"/>
  <testcase name="Run_Claims_Checks_Cleared" time="4.691" classname="Automation.Claims.Claims_Checks_Cleared_RunTest"/>
  <testcase name="Run_Claims_Checks_Cleared" time="4.696" classname="Automation.Claims.Claims_Checks_Cleared_RunTest"/>
  <testcase name="Run_Claims_Checks_Cleared" time="4.551" classname="Automation.Claims.Claims_Checks_Cleared_RunTest"/>
  <testcase name="Run_Claims_Checks_Cleared" time="4.431" classname="Automation.Claims.Claims_Checks_Cleared_RunTest"/>
  <testcase name="Run_Claims_Checks_Cleared" time="4.526" classname="Automation.Claims.Claims_Checks_Cleared_RunTest"/>
  <testcase name="Run_Claims_Checks_Cleared" time="4.998" classname="Automation.Claims.Claims_Checks_Cleared_RunTest"/>
  <testcase name="Run_Claims_Checks_Cleared" time="4.563" classname="Automation.Claims.Claims_Checks_Cleared_RunTest"/>
  <testcase name="Run_Claims_Checks_Cleared" time="5.243" classname="Automation.Claims.Claims_Checks_Cleared_RunTest"/>
  <testcase name="Run_Claims_Checks_Cleared" time="5.290" classname="Automation.Claims.Claims_Checks_Cleared_RunTest"/>
  <testcase name="Run_Claims_Checks_Cleared" time="5.059" classname="Automation.Claims.Claims_Checks_Cleared_RunTest"/>
  <testcase name="Run_Claims_Checks_Cleared" time="4.452" classname="Automation.Claims.Claims_Checks_Cleared_RunTest"/>
  <testcase name="Run_Claims_Checks_Cleared" time="4.585" classname="Automation.Claims.Claims_Checks_Cleared_RunTest"/>
  <testcase name="Run_Claims_Checks_Cleared" time="4.889" classname="Automation.Claims.Claims_Checks_Cleared_RunTest"/>
  <testcase name="Run_Claims_Checks_Cleared" time="4.533" classname="Automation.Claims.Claims_Checks_Cleared_RunTest"/>
  <testcase name="Run_Claims_Checks_Cleared" time="4.637" classname="Automation.Claims.Claims_Checks_Cleared_RunTest"/>
  <testcase name="Run_Claims_Checks_Cleared" time="4.461" classname="Automation.Claims.Claims_Checks_Cleared_RunTest"/>
  <testcase name="Run_Claims_Checks_Cleared" time="5.857" classname="Automation.Claims.Claims_Checks_Cleared_RunTest"/>
  <testcase name="Run_Claims_Checks_Cleared" time="4.379" classname="Automation.Claims.Claims_Checks_Cleared_RunTest"/>
  <testcase name="Run_Claims_Checks_Cleared" time="4.652" classname="Automation.Claims.Claims_Checks_Cleared_RunTest"/>
  <testcase name="Run_Claims_Checks_Cleared" time="4.242" classname="Automation.Claims.Claims_Checks_Cleared_RunTest"/>
  <testcase name="Run_Claims_Checks_Cleared" time="4.518" classname="Automation.Claims.Claims_Checks_Cleared_RunTest"/>
  <testcase name="Run_Claims_Checks_Cleared" time="4.836" classname="Automation.Claims.Claims_Checks_Cleared_RunTest"/>
  <testcase name="Run_Claims_Checks_Cleared" time="4.301" classname="Automation.Claims.Claims_Checks_Cleared_RunTest"/>
  <testcase name="Run_Claims_Checks_Cleared" time="5.212" classname="Automation.Claims.Claims_Checks_Cleared_RunTest"/>
  <testcase name="Run_Claims_Checks_Cleared" time="4.533" classname="Automation.Claims.Claims_Checks_Cleared_RunTest"/>
  <testcase name="Run_Claims_Checks_Cleared" time="4.535" classname="Automation.Claims.Claims_Checks_Cleared_RunTest"/>
  <testcase name="Run_Claims_Checks_Cleared" time="5.494" classname="Automation.Claims.Claims_Checks_Cleared_RunTest"/>
  <testcase name="Run_Claims_Checks_Cleared" time="5.253" classname="Automation.Claims.Claims_Checks_Cleared_RunTest"/>
  <testcase name="Run_Claims_Checks_Cleared" time="5.588" classname="Automation.Claims.Claims_Checks_Cleared_RunTest"/>
  <testcase name="Run_Claims_Checks_Cleared" time="4.448" classname="Automation.Claims.Claims_Checks_Cleared_RunTest"/>
  <testcase name="Run_Claims_Checks_Cleared" time="4.225" classname="Automation.Claims.Claims_Checks_Cleared_RunTest"/>
  <testcase name="Run_Claims_Checks_Cleared" time="4.708" classname="Automation.Claims.Claims_Checks_Cleared_RunTest"/>
  <testcase name="Run_Claims_Checks_Cleared" time="5.039" classname="Automation.Claims.Claims_Checks_Cleared_RunTest"/>
  <testcase name="Run_Claims_Checks_Cleared" time="4.908" classname="Automation.Claims.Claims_Checks_Cleared_RunTest"/>
  <testcase name="Run_Claims_Checks_Cleared" time="4.481" classname="Automation.Claims.Claims_Checks_Cleared_RunTest"/>
  <testcase name="Run_Claims_Checks_Cleared" time="4.320" classname="Automation.Claims.Claims_Checks_Cleared_RunTest"/>
  <testcase name="Run_Claims_Checks_Cleared" time="4.475" classname="Automation.Claims.Claims_Checks_Cleared_RunTest"/>
  <testcase name="Run_Claims_Checks_Cleared" time="4.467" classname="Automation.Claims.Claims_Checks_Cleared_RunTest"/>
  <testcase name="Run_Claims_Checks_Cleared" time="4.421" classname="Automation.Claims.Claims_Checks_Cleared_RunTest"/>
  <testcase name="Run_Claims_Checks_Cleared" time="4.796" classname="Automation.Claims.Claims_Checks_Cleared_RunTest"/>
  <testcase name="Run_Claims_Checks_Cleared" time="4.448" classname="Automation.Claims.Claims_Checks_Cleared_RunTest"/>
  <testcase name="Run_Claims_Checks_Cleared" time="4.767" classname="Automation.Claims.Claims_Checks_Cleared_RunTest"/>
  <testcase name="Run_Claims_Checks_Cleared" time="4.824" classname="Automation.Claims.Claims_Checks_Cleared_RunTest"/>
  <testcase name="Run_Claims_Checks_Cleared" time="4.641" classname="Automation.Claims.Claims_Checks_Cleared_RunTest"/>
  <testcase name="Run_Claims_Checks_Cleared" time="6.004" classname="Automation.Claims.Claims_Checks_Cleared_RunTest"/>
  <testcase name="Run_Claims_Checks_Cleared" time="5.371" classname="Automation.Claims.Claims_Checks_Cleared_RunTest"/>
  <testcase name="Run_Claims_Checks_Cleared" time="4.256" classname="Automation.Claims.Claims_Checks_Cleared_RunTest"/>
  <testcase name="Run_Claims_Checks_Cleared" time="5.087" classname="Automation.Claims.Claims_Checks_Cleared_RunTest"/>
  <testcase name="Run_Claims_Checks_Cleared" time="4.695" classname="Automation.Claims.Claims_Checks_Cleared_RunTest"/>
  <testcase name="Run_Claims_Checks_Cleared" time="5.833" classname="Automation.Claims.Claims_Checks_Cleared_RunTest"/>
  <testcase name="Run_Claims_Checks_Cleared" time="5.301" classname="Automation.Claims.Claims_Checks_Cleared_RunTest"/>
  <testcase name="Run_Claims_Checks_Cleared" time="4.518" classname="Automation.Claims.Claims_Checks_Cleared_RunTest"/>
  <testcase name="Run_Claims_Checks_Cleared" time="4.546" classname="Automation.Claims.Claims_Checks_Cleared_RunTest"/>
  <testcase name="Run_Claims_Checks_Cleared" time="4.669" classname="Automation.Claims.Claims_Checks_Cleared_RunTest"/>
  <testcase name="Run_Claims_Checks_Cleared" time="4.729" classname="Automation.Claims.Claims_Checks_Cleared_RunTest"/>
  <testcase name="Run_Claims_Checks_Cleared" time="4.513" classname="Automation.Claims.Claims_Checks_Cleared_RunTest"/>
  <testcase name="Run_Claims_Checks_Cleared" time="4.606" classname="Automation.Claims.Claims_Checks_Cleared_RunTest"/>
  <testcase name="Run_Claims_Checks_Cleared" time="4.978" classname="Automation.Claims.Claims_Checks_Cleared_RunTest"/>
  <testcase name="Run_Claims_Checks_Cleared" time="5.290" classname="Automation.Claims.Claims_Checks_Cleared_RunTest"/>
  <testcase name="Run_Claims_Checks_Cleared" time="4.447" classname="Automation.Claims.Claims_Checks_Cleared_RunTest"/>
  <testcase name="Run_Claims_Checks_Cleared" time="4.564" classname="Automation.Claims.Claims_Checks_Cleared_RunTest"/>
  <testcase name="Run_Claims_Checks_Cleared" time="4.369" classname="Automation.Claims.Claims_Checks_Cleared_RunTest"/>
  <testcase name="Run_Claims_Checks_Cleared" time="4.671" classname="Automation.Claims.Claims_Checks_Cleared_RunTest"/>
  <testcase name="Run_Claims_Checks_Cleared" time="4.465" classname="Automation.Claims.Claims_Checks_Cleared_RunTest"/>
  <testcase name="Run_Claims_Checks_Cleared" time="4.831" classname="Automation.Claims.Claims_Checks_Cleared_RunTest"/>
  <testcase name="Run_Claims_Checks_Cleared" time="4.411" classname="Automation.Claims.Claims_Checks_Cleared_RunTest"/>
  <testcase name="Run_Claims_Checks_Cleared" time="4.608" classname="Automation.Claims.Claims_Checks_Cleared_RunTest"/>
  <testcase name="Run_Claims_Checks_Cleared" time="5.304" classname="Automation.Claims.Claims_Checks_Cleared_RunTest"/>
  <testcase name="Run_Claims_Checks_Cleared" time="4.867" classname="Automation.Claims.Claims_Checks_Cleared_RunTest"/>
  <testcase name="Run_Claims_Checks_Cleared" time="4.419" classname="Automation.Claims.Claims_Checks_Cleared_RunTest"/>
  <testcase name="Run_Claims_Checks_Cleared" time="4.383" classname="Automation.Claims.Claims_Checks_Cleared_RunTest"/>
  <testcase name="Run_Claims_Checks_Cleared" time="5.826" classname="Automation.Claims.Claims_Checks_Cleared_RunTest"/>
  <testcase name="Run_Claims_Checks_Cleared" time="4.640" classname="Automation.Claims.Claims_Checks_Cleared_RunTest"/>
  <testcase name="Run_Claims_Checks_Cleared" time="4.634" classname="Automation.Claims.Claims_Checks_Cleared_RunTest"/>
  <testcase name="Run_Claims_Checks_Cleared" time="4.240" classname="Automation.Claims.Claims_Checks_Cleared_RunTest"/>
  <testcase name="Run_Claims_Checks_Cleared" time="4.727" classname="Automation.Claims.Claims_Checks_Cleared_RunTest"/>
  <testcase name="Run_Claims_Checks_Cleared" time="4.920" classname="Automation.Claims.Claims_Checks_Cleared_RunTest"/>
  <testcase name="Run_Claims_Checks_Cleared" time="4.154" classname="Automation.Claims.Claims_Checks_Cleared_RunTest"/>
  <testcase name="Run_Claims_Checks_Cleared" time="4.498" classname="Automation.Claims.Claims_Checks_Cleared_RunTest"/>
  <testcase name="Run_Claims_Checks_Cleared" time="4.558" classname="Automation.Claims.Claims_Checks_Cleared_RunTest"/>
  <testcase name="Run_Claims_Checks_Cleared" time="4.526" classname="Automation.Claims.Claims_Checks_Cleared_RunTest"/>
  <testcase name="Run_Claims_Checks_Cleared" time="4.641" classname="Automation.Claims.Claims_Checks_Cleared_RunTest"/>
  <testcase name="Run_Claims_Checks_Cleared" time="5.651" classname="Automation.Claims.Claims_Checks_Cleared_RunTest"/>
  <testcase name="Run_Claims_Checks_Cleared" time="5.297" classname="Automation.Claims.Claims_Checks_Cleared_RunTest"/>
  <testcase name="Run_Claims_Checks_Cleared" time="4.510" classname="Automation.Claims.Claims_Checks_Cleared_RunTest"/>
  <testcase name="Run_Claims_Checks_Cleared" time="4.893" classname="Automation.Claims.Claims_Checks_Cleared_RunTest"/>
  <testcase name="Run_Claims_Checks_Cleared" time="4.652" classname="Automation.Claims.Claims_Checks_Cleared_RunTest"/>
  <testcase name="Run_Claims_Checks_Cleared" time="4.597" classname="Automation.Claims.Claims_Checks_Cleared_RunTest"/>
  <testcase name="Run_Claims_Checks_Cleared" time="4.318" classname="Automation.Claims.Claims_Checks_Cleared_RunTest"/>
  <testcase name="Run_Claims_Checks_Cleared" time="4.515" classname="Automation.Claims.Claims_Checks_Cleared_RunTest"/>
  <testcase name="Run_Claims_Checks_Cleared" time="5.185" classname="Automation.Claims.Claims_Checks_Cleared_RunTest"/>
  <testcase name="Run_Claims_Checks_Cleared" time="4.411" classname="Automation.Claims.Claims_Checks_Cleared_RunTest"/>
  <testcase name="Run_Claims_Checks_Cleared" time="4.517" classname="Automation.Claims.Claims_Checks_Cleared_RunTest"/>
  <testcase name="Run_Claims_Checks_Cleared" time="4.562" classname="Automation.Claims.Claims_Checks_Cleared_RunTest"/>
  <testcase name="Run_Claims_Checks_Cleared" time="4.835" classname="Automation.Claims.Claims_Checks_Cleared_RunTest"/>
  <testcase name="Run_Claims_Checks_Cleared" time="4.312" classname="Automation.Claims.Claims_Checks_Cleared_RunTest"/>
  <testcase name="Run_Claims_Checks_Cleared" time="4.789" classname="Automation.Claims.Claims_Checks_Cleared_RunTest"/>
  <testcase name="Run_Claims_Checks_Cleared" time="4.871" classname="Automation.Claims.Claims_Checks_Cleared_RunTest"/>
  <testcase name="Run_Claims_Checks_Cleared" time="4.667" classname="Automation.Claims.Claims_Checks_Cleared_RunTest"/>
  <testcase name="Run_Claims_Checks_Cleared" time="4.509" classname="Automation.Claims.Claims_Checks_Cleared_RunTest"/>
  <testcase name="Run_Claims_Checks_Cleared" time="4.086" classname="Automation.Claims.Claims_Checks_Cleared_RunTest"/>
  <testcase name="Run_Claims_Checks_Cleared" time="4.623" classname="Automation.Claims.Claims_Checks_Cleared_RunTest"/>
  <testcase name="Run_Claims_Checks_Cleared" time="4.300" classname="Automation.Claims.Claims_Checks_Cleared_RunTest"/>
  <testcase name="Run_Claims_Checks_Cleared" time="4.582" classname="Automation.Claims.Claims_Checks_Cleared_RunTest"/>
  <testcase name="Run_Claims_Checks_Cleared" time="4.413" classname="Automation.Claims.Claims_Checks_Cleared_RunTest"/>
  <testcase name="Run_Claims_Checks_Cleared" time="4.766" classname="Automation.Claims.Claims_Checks_Cleared_RunTest"/>
  <testcase name="Run_Claims_Checks_Cleared" time="4.860" classname="Automation.Claims.Claims_Checks_Cleared_RunTest"/>
  <testcase name="Run_Claims_Checks_Cleared" time="4.670" classname="Automation.Claims.Claims_Checks_Cleared_RunTest"/>
  <testcase name="Run_Claims_Checks_Cleared" time="4.715" classname="Automation.Claims.Claims_Checks_Cleared_RunTest"/>
  <testcase name="Run_Claims_Checks_Cleared" time="4.840" classname="Automation.Claims.Claims_Checks_Cleared_RunTest"/>
  <testcase name="Run_Claims_Checks_Cleared" time="5.083" classname="Automation.Claims.Claims_Checks_Cleared_RunTest"/>
  <testcase name="Run_Claims_Checks_Cleared" time="4.843" classname="Automation.Claims.Claims_Checks_Cleared_RunTest"/>
  <testcase name="Run_Claims_Checks_Cleared" time="4.385" classname="Automation.Claims.Claims_Checks_Cleared_RunTest"/>
  <testcase name="Run_Claims_Checks_Cleared" time="4.378" classname="Automation.Claims.Claims_Checks_Cleared_RunTest"/>
  <testcase name="Run_Claims_Checks_Cleared" time="4.958" classname="Automation.Claims.Claims_Checks_Cleared_RunTest"/>
  <testcase name="Run_Claims_Checks_Cleared" time="4.185" classname="Automation.Claims.Claims_Checks_Cleared_RunTest"/>
  <testcase name="Run_Claims_Checks_Cleared" time="5.626" classname="Automation.Claims.Claims_Checks_Cleared_RunTest"/>
  <testcase name="Run_Claims_Checks_Cleared" time="4.590" classname="Automation.Claims.Claims_Checks_Cleared_RunTest"/>
  <testcase name="Run_Claims_Checks_Cleared" time="4.517" classname="Automation.Claims.Claims_Checks_Cleared_RunTest"/>
  <testcase name="Run_Claims_Checks_Cleared" time="4.184" classname="Automation.Claims.Claims_Checks_Cleared_RunTest"/>
  <testcase name="Run_Claims_Checks_Cleared" time="4.329" classname="Automation.Claims.Claims_Checks_Cleared_RunTest"/>
  <testcase name="Run_Claims_Checks_Cleared" time="4.432" classname="Automation.Claims.Claims_Checks_Cleared_RunTest"/>
  <testcase name="Run_Claims_Checks_Cleared" time="4.586" classname="Automation.Claims.Claims_Checks_Cleared_RunTest"/>
  <testcase name="Run_Claims_Checks_Cleared" time="4.730" classname="Automation.Claims.Claims_Checks_Cleared_RunTest"/>
  <testcase name="Run_Claims_Checks_Cleared" time="4.576" classname="Automation.Claims.Claims_Checks_Cleared_RunTest"/>
  <testcase name="Run_Claims_Checks_Cleared" time="4.666" classname="Automation.Claims.Claims_Checks_Cleared_RunTest"/>
  <testcase name="Run_Claims_Checks_Cleared" time="4.536" classname="Automation.Claims.Claims_Checks_Cleared_RunTest"/>
  <testcase name="Run_Claims_Checks_Cleared" time="4.180" classname="Automation.Claims.Claims_Checks_Cleared_RunTest"/>
  <testcase name="Run_Claims_Checks_Cleared" time="5.048" classname="Automation.Claims.Claims_Checks_Cleared_RunTest"/>
  <testcase name="Run_Claims_Checks_Cleared" time="5.224" classname="Automation.Claims.Claims_Checks_Cleared_RunTest"/>
  <testcase name="Run_Claims_Checks_Cleared" time="4.451" classname="Automation.Claims.Claims_Checks_Cleared_RunTest"/>
  <testcase name="Run_Claims_Checks_Cleared" time="4.412" classname="Automation.Claims.Claims_Checks_Cleared_RunTest"/>
  <testcase name="Run_Claims_Checks_Cleared" time="5.157" classname="Automation.Claims.Claims_Checks_Cleared_RunTest"/>
  <testcase name="Run_Claims_Checks_Cleared" time="4.145" classname="Automation.Claims.Claims_Checks_Cleared_RunTest"/>
  <testcase name="Run_Claims_Checks_Cleared" time="4.341" classname="Automation.Claims.Claims_Checks_Cleared_RunTest"/>
  <testcase name="Run_Claims_Checks_Cleared" time="4.445" classname="Automation.Claims.Claims_Checks_Cleared_RunTest"/>
  <testcase name="Run_Claims_Checks_Cleared" time="4.615" classname="Automation.Claims.Claims_Checks_Cleared_RunTest"/>
  <testcase name="Run_Claims_Checks_Cleared" time="4.646" classname="Automation.Claims.Claims_Checks_Cleared_RunTest"/>
  <testcase name="Run_Claims_Checks_Cleared" time="4.380" classname="Automation.Claims.Claims_Checks_Cleared_RunTest"/>
  <testcase name="Run_Claims_Checks_Cleared" time="4.639" classname="Automation.Claims.Claims_Checks_Cleared_RunTest"/>
  <testcase name="Run_Claims_Checks_Cleared" time="4.402" classname="Automation.Claims.Claims_Checks_Cleared_RunTest"/>
  <testcase name="Run_Claims_Checks_Cleared" time="4.600" classname="Automation.Claims.Claims_Checks_Cleared_RunTest"/>
  <testcase name="Run_Claims_Checks_Cleared" time="4.783" classname="Automation.Claims.Claims_Checks_Cleared_RunTest"/>
  <testcase name="Run_Claims_Checks_Cleared" time="4.940" classname="Automation.Claims.Claims_Checks_Cleared_RunTest"/>
  <testcase name="Run_Claims_Checks_Cleared" time="4.714" classname="Automation.Claims.Claims_Checks_Cleared_RunTest"/>
  <testcase name="Run_Claims_Checks_Cleared" time="4.773" classname="Automation.Claims.Claims_Checks_Cleared_RunTest"/>
  <testcase name="Run_Claims_Checks_Cleared" time="4.504" classname="Automation.Claims.Claims_Checks_Cleared_RunTest"/>
  <testcase name="Run_Claims_Checks_Cleared" time="5.033" classname="Automation.Claims.Claims_Checks_Cleared_RunTest"/>
  <testcase name="Run_Claims_Checks_Cleared" time="5.962" classname="Automation.Claims.Claims_Checks_Cleared_RunTest"/>
  <testcase name="Run_Claims_Checks_Cleared" time="5.501" classname="Automation.Claims.Claims_Checks_Cleared_RunTest"/>
  <testcase name="Run_Claims_Checks_Cleared" time="4.612" classname="Automation.Claims.Claims_Checks_Cleared_RunTest"/>
  <testcase name="Run_Claims_Checks_Cleared" time="4.681" classname="Automation.Claims.Claims_Checks_Cleared_RunTest"/>
  <testcase name="Run_Claims_Checks_Cleared" time="4.436" classname="Automation.Claims.Claims_Checks_Cleared_RunTest"/>
  <testcase name="Run_Claims_Checks_Cleared" time="4.419" classname="Automation.Claims.Claims_Checks_Cleared_RunTest"/>
  <testcase name="Run_Claims_Checks_Cleared" time="4.321" classname="Automation.Claims.Claims_Checks_Cleared_RunTest"/>
  <testcase name="Run_Claims_Checks_Cleared" time="4.641" classname="Automation.Claims.Claims_Checks_Cleared_RunTest"/>
  <testcase name="Run_Claims_Checks_Cleared" time="4.584" classname="Automation.Claims.Claims_Checks_Cleared_RunTest"/>
  <testcase name="Run_Claims_Checks_Cleared" time="4.671" classname="Automation.Claims.Claims_Checks_Cleared_RunTest"/>
  <testcase name="Run_Claims_Checks_Cleared" time="4.292" classname="Automation.Claims.Claims_Checks_Cleared_RunTest"/>
  <testcase name="Run_Claims_Checks_Cleared" time="4.345" classname="Automation.Claims.Claims_Checks_Cleared_RunTest"/>
  <testcase name="Run_Claims_Checks_Cleared" time="4.812" classname="Automation.Claims.Claims_Checks_Cleared_RunTest"/>
  <testcase name="Run_Claims_Checks_Cleared" time="4.497" classname="Automation.Claims.Claims_Checks_Cleared_RunTest"/>
  <testcase name="Run_Claims_Checks_Cleared" time="5.730" classname="Automation.Claims.Claims_Checks_Cleared_RunTest"/>
  <testcase name="Run_Claims_Checks_Cleared" time="4.616" classname="Automation.Claims.Claims_Checks_Cleared_RunTest"/>
  <testcase name="Run_Claims_Checks_Cleared" time="4.976" classname="Automation.Claims.Claims_Checks_Cleared_RunTest"/>
  <testcase name="Run_Claims_Checks_Cleared" time="4.666" classname="Automation.Claims.Claims_Checks_Cleared_RunTest"/>
  <testcase name="Run_Claims_Checks_Cleared" time="4.485" classname="Automation.Claims.Claims_Checks_Cleared_RunTest"/>
  <testcase name="Run_Claims_Checks_Cleared" time="4.434" classname="Automation.Claims.Claims_Checks_Cleared_RunTest"/>
  <testcase name="Run_Claims_Checks_Cleared" time="4.590" classname="Automation.Claims.Claims_Checks_Cleared_RunTest"/>
  <testcase name="Run_Claims_Checks_Cleared" time="4.478" classname="Automation.Claims.Claims_Checks_Cleared_RunTest"/>
  <testcase name="Run_Claims_Checks_Cleared" time="5.070" classname="Automation.Claims.Claims_Checks_Cleared_RunTest"/>
  <testcase name="Run_Claims_Checks_Cleared" time="4.408" classname="Automation.Claims.Claims_Checks_Cleared_RunTest"/>
  <testcase name="Run_Claims_Checks_Cleared" time="4.317" classname="Automation.Claims.Claims_Checks_Cleared_RunTest"/>
  <testcase name="Run_Claims_Checks_Cleared" time="4.398" classname="Automation.Claims.Claims_Checks_Cleared_RunTest"/>
  <testcase name="Run_Claims_Checks_Cleared" time="4.580" classname="Automation.Claims.Claims_Checks_Cleared_RunTest"/>
  <testcase name="Run_Claims_Checks_Cleared" time="4.509" classname="Automation.Claims.Claims_Checks_Cleared_RunTest"/>
  <testcase name="Run_Claims_Checks_Cleared" time="4.407" classname="Automation.Claims.Claims_Checks_Cleared_RunTest"/>
  <testcase name="Run_Claims_Checks_Cleared" time="4.827" classname="Automation.Claims.Claims_Checks_Cleared_RunTest"/>
  <testcase name="Run_Claims_Checks_Cleared" time="4.585" classname="Automation.Claims.Claims_Checks_Cleared_RunTest"/>
  <testcase name="Run_Claims_Checks_Cleared" time="4.897" classname="Automation.Claims.Claims_Checks_Cleared_RunTest"/>
  <testcase name="Run_Claims_Checks_Cleared" time="4.518" classname="Automation.Claims.Claims_Checks_Cleared_RunTest"/>
  <testcase name="Run_Claims_Checks_Cleared" time="4.591" classname="Automation.Claims.Claims_Checks_Cleared_RunTest"/>
  <testcase name="Run_Claims_Checks_Cleared" time="4.420" classname="Automation.Claims.Claims_Checks_Cleared_RunTest"/>
  <testcase name="Run_Claims_Checks_Cleared" time="6.105" classname="Automation.Claims.Claims_Checks_Cleared_RunTest"/>
  <testcase name="Run_Claims_Checks_Cleared" time="4.662" classname="Automation.Claims.Claims_Checks_Cleared_RunTest"/>
  <testcase name="Run_Claims_Checks_Cleared" time="4.690" classname="Automation.Claims.Claims_Checks_Cleared_RunTest"/>
  <testcase name="Run_Claims_Checks_Cleared" time="4.392" classname="Automation.Claims.Claims_Checks_Cleared_RunTest"/>
  <testcase name="Run_Claims_Checks_Cleared" time="4.350" classname="Automation.Claims.Claims_Checks_Cleared_RunTest"/>
  <testcase name="Run_Claims_Checks_Cleared" time="4.522" classname="Automation.Claims.Claims_Checks_Cleared_RunTest"/>
  <testcase name="Run_Claims_Checks_Cleared" time="4.568" classname="Automation.Claims.Claims_Checks_Cleared_RunTest"/>
  <testcase name="Run_Claims_Checks_Cleared" time="6.112" classname="Automation.Claims.Claims_Checks_Cleared_RunTest"/>
  <testcase name="Run_Claims_Checks_Cleared" time="4.722" classname="Automation.Claims.Claims_Checks_Cleared_RunTest"/>
  <testcase name="Run_Claims_Checks_Cleared" time="4.435" classname="Automation.Claims.Claims_Checks_Cleared_RunTest"/>
  <testcase name="Run_Claims_Checks_Cleared" time="4.373" classname="Automation.Claims.Claims_Checks_Cleared_RunTest"/>
  <testcase name="Run_Claims_Checks_Cleared" time="4.992" classname="Automation.Claims.Claims_Checks_Cleared_RunTest"/>
  <testcase name="Run_Claims_Checks_Cleared" time="5.636" classname="Automation.Claims.Claims_Checks_Cleared_RunTest"/>
  <testcase name="Run_Claims_Checks_Cleared" time="4.494" classname="Automation.Claims.Claims_Checks_Cleared_RunTest"/>
  <testcase name="Run_Claims_Checks_Cleared" time="4.558" classname="Automation.Claims.Claims_Checks_Cleared_RunTest"/>
  <testcase name="Run_Claims_Checks_Cleared" time="4.430" classname="Automation.Claims.Claims_Checks_Cleared_RunTest"/>
  <testcase name="Run_Claims_Checks_Cleared" time="4.567" classname="Automation.Claims.Claims_Checks_Cleared_RunTest"/>
  <testcase name="Run_Claims_Checks_Cleared" time="4.120" classname="Automation.Claims.Claims_Checks_Cleared_RunTest"/>
  <testcase name="Run_Claims_Checks_Cleared" time="5.247" classname="Automation.Claims.Claims_Checks_Cleared_RunTest"/>
  <testcase name="Run_Claims_Checks_Cleared" time="4.860" classname="Automation.Claims.Claims_Checks_Cleared_RunTest"/>
  <testcase name="Run_Claims_Checks_Cleared" time="5.210" classname="Automation.Claims.Claims_Checks_Cleared_RunTest"/>
  <testcase name="Run_Claims_Checks_Cleared" time="4.127" classname="Automation.Claims.Claims_Checks_Cleared_RunTest"/>
  <testcase name="Run_Claims_Checks_Cleared" time="4.798" classname="Automation.Claims.Claims_Checks_Cleared_RunTest"/>
  <testcase name="Run_Claims_Checks_Cleared" time="4.328" classname="Automation.Claims.Claims_Checks_Cleared_RunTest"/>
  <testcase name="Run_Claims_Checks_Cleared" time="4.439" classname="Automation.Claims.Claims_Checks_Cleared_RunTest"/>
  <testcase name="Run_Claims_Checks_Cleared" time="4.490" classname="Automation.Claims.Claims_Checks_Cleared_RunTest"/>
  <testcase name="Run_Claims_Checks_Cleared" time="4.174" classname="Automation.Claims.Claims_Checks_Cleared_RunTest"/>
  <testcase name="Run_Claims_Checks_Cleared" time="4.654" classname="Automation.Claims.Claims_Checks_Cleared_RunTest"/>
  <testcase name="Run_Claims_Checks_Cleared" time="4.397" classname="Automation.Claims.Claims_Checks_Cleared_RunTest"/>
  <testcase name="Run_Claims_Checks_Cleared" time="4.779" classname="Automation.Claims.Claims_Checks_Cleared_RunTest"/>
  <testcase name="Run_Claims_Checks_Cleared" time="4.803" classname="Automation.Claims.Claims_Checks_Cleared_RunTest"/>
  <testcase name="Run_Claims_Checks_Cleared" time="4.649" classname="Automation.Claims.Claims_Checks_Cleared_RunTest"/>
  <testcase name="Run_Claims_Checks_Cleared" time="5.499" classname="Automation.Claims.Claims_Checks_Cleared_RunTest"/>
  <testcase name="Run_Claims_Checks_Cleared" time="5.949" classname="Automation.Claims.Claims_Checks_Cleared_RunTest"/>
  <testcase name="Run_Claims_Checks_Cleared" time="5.164" classname="Automation.Claims.Claims_Checks_Cleared_RunTest"/>
  <testcase name="Run_Claims_Checks_Cleared" time="4.361" classname="Automation.Claims.Claims_Checks_Cleared_RunTest"/>
  <testcase name="Run_Claims_Checks_Cleared" time="4.768" classname="Automation.Claims.Claims_Checks_Cleared_RunTest"/>
  <testcase name="Run_Claims_Checks_Cleared" time="4.894" classname="Automation.Claims.Claims_Checks_Cleared_RunTest"/>
  <testcase name="Run_Claims_Checks_Cleared" time="4.494" classname="Automation.Claims.Claims_Checks_Cleared_RunTest"/>
  <testcase name="Run_Claims_Checks_Cleared" time="5.113" classname="Automation.Claims.Claims_Checks_Cleared_RunTest"/>
  <testcase name="Run_Claims_Checks_Cleared" time="4.588" classname="Automation.Claims.Claims_Checks_Cleared_RunTest"/>
  <testcase name="Run_Claims_Checks_Cleared" time="4.323" classname="Automation.Claims.Claims_Checks_Cleared_RunTest"/>
  <testcase name="Run_Claims_Checks_Cleared" time="4.999" classname="Automation.Claims.Claims_Checks_Cleared_RunTest"/>
  <testcase name="Run_Claims_Checks_Cleared" time="5.125" classname="Automation.Claims.Claims_Checks_Cleared_RunTest"/>
  <testcase name="Run_Claims_Checks_Cleared" time="4.439" classname="Automation.Claims.Claims_Checks_Cleared_RunTest"/>
  <testcase name="Run_Claims_Checks_Cleared" time="4.521" classname="Automation.Claims.Claims_Checks_Cleared_RunTest"/>
  <testcase name="Run_Claims_Checks_Cleared" time="4.425" classname="Automation.Claims.Claims_Checks_Cleared_RunTest"/>
  <testcase name="Run_Claims_Checks_Cleared" time="4.464" classname="Automation.Claims.Claims_Checks_Cleared_RunTest"/>
  <testcase name="Run_Claims_Checks_Cleared" time="4.302" classname="Automation.Claims.Claims_Checks_Cleared_RunTest"/>
  <testcase name="Run_Claims_Checks_Cleared" time="4.551" classname="Automation.Claims.Claims_Checks_Cleared_RunTest"/>
  <testcase name="Run_Claims_Checks_Cleared" time="4.129" classname="Automation.Claims.Claims_Checks_Cleared_RunTest"/>
  <testcase name="Run_Claims_Checks_Cleared" time="5.325" classname="Automation.Claims.Claims_Checks_Cleared_RunTest"/>
  <testcase name="Run_Claims_Checks_Cleared" time="4.615" classname="Automation.Claims.Claims_Checks_Cleared_RunTest"/>
  <testcase name="Run_Claims_Checks_Cleared" time="4.560" classname="Automation.Claims.Claims_Checks_Cleared_RunTest"/>
  <testcase name="Run_Claims_Checks_Cleared" time="5.529" classname="Automation.Claims.Claims_Checks_Cleared_RunTest"/>
  <testcase name="Run_Claims_Checks_Cleared" time="4.668" classname="Automation.Claims.Claims_Checks_Cleared_RunTest"/>
  <testcase name="Run_Claims_Checks_Cleared" time="4.830" classname="Automation.Claims.Claims_Checks_Cleared_RunTest"/>
  <testcase name="Run_Claims_Checks_Cleared" time="4.607" classname="Automation.Claims.Claims_Checks_Cleared_RunTest"/>
  <testcase name="Run_Claims_Checks_Cleared" time="4.612" classname="Automation.Claims.Claims_Checks_Cleared_RunTest"/>
  <testcase name="Run_Claims_Checks_Cleared" time="4.677" classname="Automation.Claims.Claims_Checks_Cleared_RunTest"/>
  <testcase name="Run_Claims_Checks_Cleared" time="4.510" classname="Automation.Claims.Claims_Checks_Cleared_RunTest"/>
  <testcase name="Run_Claims_Checks_Cleared" time="5.013" classname="Automation.Claims.Claims_Checks_Cleared_RunTest"/>
  <testcase name="Run_Claims_Checks_Cleared" time="4.421" classname="Automation.Claims.Claims_Checks_Cleared_RunTest"/>
  <testcase name="Run_Claims_Checks_Cleared" time="4.813" classname="Automation.Claims.Claims_Checks_Cleared_RunTest"/>
  <testcase name="Run_Claims_Checks_Cleared" time="5.427" classname="Automation.Claims.Claims_Checks_Cleared_RunTest"/>
  <testcase name="Run_Claims_Checks_Cleared" time="4.505" classname="Automation.Claims.Claims_Checks_Cleared_RunTest"/>
  <testcase name="Run_Claims_Checks_Cleared" time="4.850" classname="Automation.Claims.Claims_Checks_Cleared_RunTest"/>
  <testcase name="Run_Claims_Checks_Cleared" time="4.376" classname="Automation.Claims.Claims_Checks_Cleared_RunTest"/>
  <testcase name="Run_Claims_Checks_Cleared" time="4.335" classname="Automation.Claims.Claims_Checks_Cleared_RunTest"/>
  <testcase name="Run_Claims_Checks_Cleared" time="4.920" classname="Automation.Claims.Claims_Checks_Cleared_RunTest"/>
  <testcase name="Run_Claims_Checks_Cleared" time="4.429" classname="Automation.Claims.Claims_Checks_Cleared_RunTest"/>
  <testcase name="Run_Claims_Checks_Cleared" time="5.575" classname="Automation.Claims.Claims_Checks_Cleared_RunTest"/>
  <testcase name="Run_Claims_Checks_Cleared" time="4.603" classname="Automation.Claims.Claims_Checks_Cleared_RunTest"/>
  <testcase name="Run_Claims_Checks_Cleared" time="4.549" classname="Automation.Claims.Claims_Checks_Cleared_RunTest"/>
  <testcase name="Run_Claims_Checks_Cleared" time="4.730" classname="Automation.Claims.Claims_Checks_Cleared_RunTest"/>
  <testcase name="Run_Claims_Checks_Cleared" time="4.576" classname="Automation.Claims.Claims_Checks_Cleared_RunTest"/>
  <testcase name="Run_Claims_Checks_Cleared" time="5.606" classname="Automation.Claims.Claims_Checks_Cleared_RunTest"/>
  <testcase name="Run_Claims_Checks_Cleared" time="4.556" classname="Automation.Claims.Claims_Checks_Cleared_RunTest"/>
  <testcase name="Run_Claims_Checks_Cleared" time="4.325" classname="Automation.Claims.Claims_Checks_Cleared_RunTest"/>
  <testcase name="Run_Claims_Checks_Cleared" time="4.573" classname="Automation.Claims.Claims_Checks_Cleared_RunTest"/>
  <testcase name="Run_Claims_Checks_Cleared" time="4.209" classname="Automation.Claims.Claims_Checks_Cleared_RunTest"/>
  <testcase name="Run_Claims_Checks_Cleared" time="4.759" classname="Automation.Claims.Claims_Checks_Cleared_RunTest"/>
  <testcase name="Run_Claims_Checks_Cleared" time="4.807" classname="Automation.Claims.Claims_Checks_Cleared_RunTest"/>
  <testcase name="Run_Claims_Checks_Cleared" time="4.756" classname="Automation.Claims.Claims_Checks_Cleared_RunTest"/>
  <testcase name="Run_Claims_Checks_Cleared" time="4.919" classname="Automation.Claims.Claims_Checks_Cleared_RunTest"/>
  <testcase name="Run_Claims_Checks_Cleared" time="4.671" classname="Automation.Claims.Claims_Checks_Cleared_RunTest"/>
  <testcase name="Run_Claims_Checks_Cleared" time="7.385" classname="Automation.Claims.Claims_Checks_Cleared_RunTest"/>
  <testcase name="Run_Claims_Checks_Cleared" time="4.354" classname="Automation.Claims.Claims_Checks_Cleared_RunTest"/>
  <testcase name="Run_Claims_Checks_Cleared" time="5.320" classname="Automation.Claims.Claims_Checks_Cleared_RunTest"/>
  <testcase name="Run_Claims_Checks_Cleared" time="4.485" classname="Automation.Claims.Claims_Checks_Cleared_RunTest"/>
  <testcase name="Run_Claims_Checks_Cleared" time="4.707" classname="Automation.Claims.Claims_Checks_Cleared_RunTest"/>
  <testcase name="Run_Claims_Checks_Cleared" time="4.641" classname="Automation.Claims.Claims_Checks_Cleared_RunTest"/>
  <testcase name="Run_Claims_Checks_Cleared" time="4.588" classname="Automation.Claims.Claims_Checks_Cleared_RunTest"/>
  <testcase name="Run_Claims_Checks_Cleared" time="4.323" classname="Automation.Claims.Claims_Checks_Cleared_RunTest"/>
  <testcase name="Run_Claims_Checks_Cleared" time="4.228" classname="Automation.Claims.Claims_Checks_Cleared_RunTest"/>
  <testcase name="Run_Claims_Checks_Cleared" time="4.443" classname="Automation.Claims.Claims_Checks_Cleared_RunTest"/>
  <testcase name="Run_Claims_Checks_Cleared" time="4.634" classname="Automation.Claims.Claims_Checks_Cleared_RunTest"/>
  <testcase name="Run_Claims_Checks_Cleared" time="4.533" classname="Automation.Claims.Claims_Checks_Cleared_RunTest"/>
  <testcase name="Run_Claims_Checks_Cleared" time="4.891" classname="Automation.Claims.Claims_Checks_Cleared_RunTest"/>
  <testcase name="Run_Claims_Checks_Cleared" time="4.693" classname="Automation.Claims.Claims_Checks_Cleared_RunTest"/>
  <testcase name="Run_Claims_Checks_Cleared" time="4.738" classname="Automation.Claims.Claims_Checks_Cleared_RunTest"/>
  <testcase name="Run_Claims_Checks_Cleared" time="4.276" classname="Automation.Claims.Claims_Checks_Cleared_RunTest"/>
  <testcase name="Run_Claims_Checks_Cleared" time="4.299" classname="Automation.Claims.Claims_Checks_Cleared_RunTest"/>
  <testcase name="Run_Claims_Checks_Cleared" time="5.621" classname="Automation.Claims.Claims_Checks_Cleared_RunTest"/>
  <testcase name="Run_Claims_Checks_Cleared" time="4.835" classname="Automation.Claims.Claims_Checks_Cleared_RunTest"/>
  <testcase name="Run_Claims_Checks_Cleared" time="4.457" classname="Automation.Claims.Claims_Checks_Cleared_RunTest"/>
  <testcase name="Run_Claims_Checks_Cleared" time="4.280" classname="Automation.Claims.Claims_Checks_Cleared_RunTest"/>
  <testcase name="Run_Claims_Checks_Cleared" time="4.247" classname="Automation.Claims.Claims_Checks_Cleared_RunTest"/>
  <testcase name="Run_Claims_Checks_Cleared" time="4.878" classname="Automation.Claims.Claims_Checks_Cleared_RunTest"/>
  <testcase name="Run_Claims_Checks_Cleared" time="4.575" classname="Automation.Claims.Claims_Checks_Cleared_RunTest"/>
  <testcase name="Run_Claims_Checks_Cleared" time="4.588" classname="Automation.Claims.Claims_Checks_Cleared_RunTest"/>
  <testcase name="Run_Claims_Checks_Cleared" time="4.693" classname="Automation.Claims.Claims_Checks_Cleared_RunTest"/>
  <testcase name="Run_Claims_Checks_Cleared" time="4.619" classname="Automation.Claims.Claims_Checks_Cleared_RunTest"/>
  <testcase name="Run_Claims_Checks_Cleared" time="4.814" classname="Automation.Claims.Claims_Checks_Cleared_RunTest"/>
  <testcase name="Run_Claims_Checks_Cleared" time="4.249" classname="Automation.Claims.Claims_Checks_Cleared_RunTest"/>
  <testcase name="Run_Claims_Checks_Cleared" time="4.661" classname="Automation.Claims.Claims_Checks_Cleared_RunTest"/>
  <testcase name="Run_Claims_Checks_Cleared" time="5.210" classname="Automation.Claims.Claims_Checks_Cleared_RunTest"/>
  <testcase name="Run_Claims_Checks_Cleared" time="5.450" classname="Automation.Claims.Claims_Checks_Cleared_RunTest"/>
  <testcase name="Run_Claims_Checks_Cleared" time="4.418" classname="Automation.Claims.Claims_Checks_Cleared_RunTest"/>
  <testcase name="Run_Claims_Checks_Cleared" time="4.550" classname="Automation.Claims.Claims_Checks_Cleared_RunTest"/>
  <testcase name="Run_Claims_Checks_Cleared" time="4.473" classname="Automation.Claims.Claims_Checks_Cleared_RunTest"/>
  <testcase name="Run_Claims_Checks_Cleared" time="4.437" classname="Automation.Claims.Claims_Checks_Cleared_RunTest"/>
  <testcase name="Run_Claims_Checks_Cleared" time="4.629" classname="Automation.Claims.Claims_Checks_Cleared_RunTest"/>
  <testcase name="Run_Claims_Checks_Cleared" time="4.779" classname="Automation.Claims.Claims_Checks_Cleared_RunTest"/>
  <testcase name="Run_Claims_Checks_Cleared" time="4.502" classname="Automation.Claims.Claims_Checks_Cleared_RunTest"/>
  <testcase name="Run_Claims_Checks_Cleared" time="4.496" classname="Automation.Claims.Claims_Checks_Cleared_RunTest"/>
  <testcase name="Run_Claims_Checks_Cleared" time="3.964" classname="Automation.Claims.Claims_Checks_Cleared_RunTest"/>
  <testcase name="Run_Claims_Checks_Cleared" time="5.433" classname="Automation.Claims.Claims_Checks_Cleared_RunTest"/>
  <testcase name="Run_Claims_Checks_Cleared" time="3.908" classname="Automation.Claims.Claims_Checks_Cleared_RunTest"/>
  <testcase name="Run_Claims_Checks_Cleared" time="4.445" classname="Automation.Claims.Claims_Checks_Cleared_RunTest"/>
  <testcase name="Run_Claims_Checks_Cleared" time="4.574" classname="Automation.Claims.Claims_Checks_Cleared_RunTest"/>
  <testcase name="Run_Claims_Checks_Cleared" time="4.998" classname="Automation.Claims.Claims_Checks_Cleared_RunTest"/>
  <testcase name="Run_Claims_Checks_Cleared" time="4.389" classname="Automation.Claims.Claims_Checks_Cleared_RunTest"/>
  <testcase name="Run_Claims_Checks_Cleared" time="4.661" classname="Automation.Claims.Claims_Checks_Cleared_RunTest"/>
  <testcase name="Run_Claims_Checks_Cleared" time="4.487" classname="Automation.Claims.Claims_Checks_Cleared_RunTest"/>
  <testcase name="Run_Claims_Checks_Cleared" time="4.664" classname="Automation.Claims.Claims_Checks_Cleared_RunTest"/>
  <testcase name="Run_Claims_Checks_Cleared" time="4.649" classname="Automation.Claims.Claims_Checks_Cleared_RunTest"/>
  <testcase name="Run_Claims_Checks_Cleared" time="5.314" classname="Automation.Claims.Claims_Checks_Cleared_RunTest"/>
  <testcase name="Run_Claims_Checks_Cleared" time="4.698" classname="Automation.Claims.Claims_Checks_Cleared_RunTest"/>
  <testcase name="Run_Claims_Checks_Cleared" time="4.620" classname="Automation.Claims.Claims_Checks_Cleared_RunTest"/>
  <testcase name="Run_Claims_Checks_Cleared" time="4.620" classname="Automation.Claims.Claims_Checks_Cleared_RunTest"/>
  <testcase name="Run_Claims_Checks_Cleared" time="4.194" classname="Automation.Claims.Claims_Checks_Cleared_RunTest"/>
  <testcase name="Run_Claims_Checks_Cleared" time="4.377" classname="Automation.Claims.Claims_Checks_Cleared_RunTest"/>
  <testcase name="Run_Claims_Checks_Cleared" time="4.374" classname="Automation.Claims.Claims_Checks_Cleared_RunTest"/>
  <testcase name="Run_Claims_Checks_Cleared" time="4.555" classname="Automation.Claims.Claims_Checks_Cleared_RunTest"/>
  <testcase name="Run_Claims_Checks_Cleared" time="4.572" classname="Automation.Claims.Claims_Checks_Cleared_RunTest"/>
  <testcase name="Run_Claims_Checks_Cleared" time="4.713" classname="Automation.Claims.Claims_Checks_Cleared_RunTest"/>
  <testcase name="Run_Claims_Checks_Cleared" time="4.552" classname="Automation.Claims.Claims_Checks_Cleared_RunTest"/>
  <testcase name="Run_Claims_Checks_Cleared" time="5.473" classname="Automation.Claims.Claims_Checks_Cleared_RunTest"/>
  <testcase name="Run_Claims_Checks_Cleared" time="4.219" classname="Automation.Claims.Claims_Checks_Cleared_RunTest"/>
  <testcase name="Run_Claims_Checks_Cleared" time="4.807" classname="Automation.Claims.Claims_Checks_Cleared_RunTest"/>
  <testcase name="Run_Claims_Checks_Cleared" time="4.441" classname="Automation.Claims.Claims_Checks_Cleared_RunTest"/>
  <testcase name="Run_Claims_Checks_Cleared" time="4.371" classname="Automation.Claims.Claims_Checks_Cleared_RunTest"/>
  <testcase name="Run_Claims_Checks_Cleared" time="5.398" classname="Automation.Claims.Claims_Checks_Cleared_RunTest"/>
  <testcase name="Run_Claims_Checks_Cleared" time="4.427" classname="Automation.Claims.Claims_Checks_Cleared_RunTest"/>
  <testcase name="Run_Claims_Checks_Cleared" time="4.860" classname="Automation.Claims.Claims_Checks_Cleared_RunTest"/>
  <testcase name="Run_Claims_Checks_Cleared" time="4.247" classname="Automation.Claims.Claims_Checks_Cleared_RunTest"/>
  <testcase name="Run_Claims_Checks_Cleared" time="4.460" classname="Automation.Claims.Claims_Checks_Cleared_RunTest"/>
  <testcase name="Run_Claims_Checks_Cleared" time="4.437" classname="Automation.Claims.Claims_Checks_Cleared_RunTest"/>
  <testcase name="Run_Claims_Checks_Cleared" time="6.123" classname="Automation.Claims.Claims_Checks_Cleared_RunTest"/>
  <testcase name="Run_Claims_Checks_Cleared" time="4.493" classname="Automation.Claims.Claims_Checks_Cleared_RunTest"/>
  <testcase name="Run_Claims_Checks_Cleared" time="4.205" classname="Automation.Claims.Claims_Checks_Cleared_RunTest"/>
  <testcase name="Run_Claims_Checks_Cleared" time="5.383" classname="Automation.Claims.Claims_Checks_Cleared_RunTest"/>
  <testcase name="Run_Claims_Checks_Cleared" time="4.905" classname="Automation.Claims.Claims_Checks_Cleared_RunTest"/>
  <testcase name="Run_Claims_Checks_Cleared" time="4.137" classname="Automation.Claims.Claims_Checks_Cleared_RunTest"/>
  <testcase name="Run_Claims_Checks_Cleared" time="4.849" classname="Automation.Claims.Claims_Checks_Cleared_RunTest"/>
  <testcase name="Run_Claims_Checks_Cleared" time="5.877" classname="Automation.Claims.Claims_Checks_Cleared_RunTest"/>
  <testcase name="Run_Claims_Checks_Cleared" time="4.923" classname="Automation.Claims.Claims_Checks_Cleared_RunTest"/>
  <testcase name="Run_Claims_Checks_Cleared" time="4.355" classname="Automation.Claims.Claims_Checks_Cleared_RunTest"/>
  <testcase name="Run_Claims_Checks_Cleared" time="4.766" classname="Automation.Claims.Claims_Checks_Cleared_RunTest"/>
  <testcase name="Run_Claims_Checks_Cleared" time="6.314" classname="Automation.Claims.Claims_Checks_Cleared_RunTest"/>
  <testcase name="Run_Claims_Checks_Cleared" time="4.954" classname="Automation.Claims.Claims_Checks_Cleared_RunTest"/>
  <testcase name="Run_Claims_Checks_Cleared" time="4.062" classname="Automation.Claims.Claims_Checks_Cleared_RunTest"/>
  <testcase name="Run_Claims_Checks_Cleared" time="4.590" classname="Automation.Claims.Claims_Checks_Cleared_RunTest"/>
  <testcase name="Run_Claims_Checks_Cleared" time="4.545" classname="Automation.Claims.Claims_Checks_Cleared_RunTest"/>
  <testcase name="Run_Claims_Checks_Cleared" time="4.467" classname="Automation.Claims.Claims_Checks_Cleared_RunTest"/>
  <testcase name="Run_Claims_Checks_Cleared" time="4.504" classname="Automation.Claims.Claims_Checks_Cleared_RunTest"/>
  <testcase name="Run_Claims_Checks_Cleared" time="4.595" classname="Automation.Claims.Claims_Checks_Cleared_RunTest"/>
  <testcase name="Run_Claims_Checks_Cleared" time="4.644" classname="Automation.Claims.Claims_Checks_Cleared_RunTest"/>
  <testcase name="Run_Claims_Checks_Cleared" time="4.415" classname="Automation.Claims.Claims_Checks_Cleared_RunTest"/>
  <testcase name="Run_Claims_Checks_Cleared" time="4.817" classname="Automation.Claims.Claims_Checks_Cleared_RunTest"/>
  <testcase name="Run_Claims_Checks_Cleared" time="5.491" classname="Automation.Claims.Claims_Checks_Cleared_RunTest"/>
  <testcase name="Run_Claims_Checks_Cleared" time="4.874" classname="Automation.Claims.Claims_Checks_Cleared_RunTest"/>
  <testcase name="Run_Claims_Checks_Cleared" time="4.786" classname="Automation.Claims.Claims_Checks_Cleared_RunTest"/>
  <testcase name="Run_Claims_Checks_Cleared" time="4.573" classname="Automation.Claims.Claims_Checks_Cleared_RunTest"/>
  <testcase name="Run_Claims_Checks_Cleared" time="5.869" classname="Automation.Claims.Claims_Checks_Cleared_RunTest"/>
  <testcase name="Run_Claims_Checks_Cleared" time="4.630" classname="Automation.Claims.Claims_Checks_Cleared_RunTest"/>
  <testcase name="Run_Claims_Checks_Cleared" time="4.577" classname="Automation.Claims.Claims_Checks_Cleared_RunTest"/>
  <testcase name="Run_Claims_Checks_Cleared" time="4.284" classname="Automation.Claims.Claims_Checks_Cleared_RunTest"/>
  <testcase name="Run_Claims_Checks_Cleared" time="4.984" classname="Automation.Claims.Claims_Checks_Cleared_RunTest"/>
  <testcase name="Run_Claims_Checks_Cleared" time="4.461" classname="Automation.Claims.Claims_Checks_Cleared_RunTest"/>
  <testcase name="Run_Claims_Checks_Cleared" time="3.962" classname="Automation.Claims.Claims_Checks_Cleared_RunTest"/>
  <testcase name="Run_Claims_Checks_Cleared" time="5.614" classname="Automation.Claims.Claims_Checks_Cleared_RunTest"/>
  <testcase name="Run_Claims_Checks_Cleared" time="4.304" classname="Automation.Claims.Claims_Checks_Cleared_RunTest"/>
  <testcase name="Run_Claims_Checks_Cleared" time="6.019" classname="Automation.Claims.Claims_Checks_Cleared_RunTest"/>
  <testcase name="Run_Claims_Checks_Cleared" time="4.514" classname="Automation.Claims.Claims_Checks_Cleared_RunTest"/>
  <testcase name="Run_Claims_Checks_Cleared" time="4.542" classname="Automation.Claims.Claims_Checks_Cleared_RunTest"/>
  <testcase name="Run_Claims_Checks_Cleared" time="4.547" classname="Automation.Claims.Claims_Checks_Cleared_RunTest"/>
  <testcase name="Run_Claims_Checks_Cleared" time="4.780" classname="Automation.Claims.Claims_Checks_Cleared_RunTest"/>
  <testcase name="Run_Claims_Checks_Cleared" time="5.155" classname="Automation.Claims.Claims_Checks_Cleared_RunTest"/>
  <testcase name="Run_Claims_Checks_Cleared" time="4.363" classname="Automation.Claims.Claims_Checks_Cleared_RunTest"/>
  <testcase name="Run_Claims_Checks_Cleared" time="4.599" classname="Automation.Claims.Claims_Checks_Cleared_RunTest"/>
  <testcase name="Run_Claims_Checks_Cleared" time="4.129" classname="Automation.Claims.Claims_Checks_Cleared_RunTest"/>
  <testcase name="Run_Claims_Checks_Cleared" time="5.737" classname="Automation.Claims.Claims_Checks_Cleared_RunTest"/>
  <testcase name="Run_Claims_Checks_Cleared" time="4.194" classname="Automation.Claims.Claims_Checks_Cleared_RunTest"/>
  <testcase name="Run_Claims_Checks_Cleared" time="5.068" classname="Automation.Claims.Claims_Checks_Cleared_RunTest"/>
  <testcase name="Run_Claims_Checks_Cleared" time="4.743" classname="Automation.Claims.Claims_Checks_Cleared_RunTest"/>
  <testcase name="Run_Claims_Checks_Cleared" time="4.463" classname="Automation.Claims.Claims_Checks_Cleared_RunTest"/>
  <testcase name="Run_Claims_Checks_Cleared" time="4.682" classname="Automation.Claims.Claims_Checks_Cleared_RunTest"/>
  <testcase name="Run_Claims_Checks_Cleared" time="5.333" classname="Automation.Claims.Claims_Checks_Cleared_RunTest"/>
  <testcase name="Run_Claims_Checks_Cleared" time="4.501" classname="Automation.Claims.Claims_Checks_Cleared_RunTest"/>
  <testcase name="Run_Claims_Checks_Cleared" time="4.431" classname="Automation.Claims.Claims_Checks_Cleared_RunTest"/>
  <testcase name="Run_Claims_Checks_Cleared" time="4.193" classname="Automation.Claims.Claims_Checks_Cleared_RunTest"/>
  <testcase name="Run_Claims_Checks_Cleared" time="4.376" classname="Automation.Claims.Claims_Checks_Cleared_RunTest"/>
  <testcase name="Run_Claims_Checks_Cleared" time="5.279" classname="Automation.Claims.Claims_Checks_Cleared_RunTest"/>
  <testcase name="Run_Claims_Checks_Cleared" time="4.409" classname="Automation.Claims.Claims_Checks_Cleared_RunTest"/>
  <testcase name="Run_Claims_Checks_Cleared" time="4.511" classname="Automation.Claims.Claims_Checks_Cleared_RunTest"/>
  <testcase name="Run_Claims_Checks_Cleared" time="4.136" classname="Automation.Claims.Claims_Checks_Cleared_RunTest"/>
  <testcase name="Run_Claims_Checks_Cleared" time="4.347" classname="Automation.Claims.Claims_Checks_Cleared_RunTest"/>
  <testcase name="Run_Claims_Checks_Cleared" time="4.899" classname="Automation.Claims.Claims_Checks_Cleared_RunTest"/>
  <testcase name="Run_Claims_Checks_Cleared" time="4.600" classname="Automation.Claims.Claims_Checks_Cleared_RunTest"/>
  <testcase name="Run_Claims_Checks_Cleared" time="5.921" classname="Automation.Claims.Claims_Checks_Cleared_RunTest"/>
  <testcase name="Run_Claims_Checks_Cleared" time="6.673" classname="Automation.Claims.Claims_Checks_Cleared_RunTest"/>
  <testcase name="Run_Claims_Checks_Cleared" time="4.664" classname="Automation.Claims.Claims_Checks_Cleared_RunTest"/>
  <testcase name="Run_Claims_Checks_Cleared" time="5.310" classname="Automation.Claims.Claims_Checks_Cleared_RunTest"/>
  <testcase name="Run_Claims_Checks_Cleared" time="5.522" classname="Automation.Claims.Claims_Checks_Cleared_RunTest"/>
  <testcase name="Run_Claims_Checks_Cleared" time="4.696" classname="Automation.Claims.Claims_Checks_Cleared_RunTest"/>
  <testcase name="Run_Claims_Checks_Cleared" time="4.451" classname="Automation.Claims.Claims_Checks_Cleared_RunTest"/>
  <testcase name="Run_Claims_Checks_Cleared" time="4.440" classname="Automation.Claims.Claims_Checks_Cleared_RunTest"/>
  <testcase name="Run_Claims_Checks_Cleared" time="4.881" classname="Automation.Claims.Claims_Checks_Cleared_RunTest"/>
  <testcase name="Run_Claims_Checks_Cleared" time="4.584" classname="Automation.Claims.Claims_Checks_Cleared_RunTest"/>
  <testcase name="Run_Claims_Checks_Cleared" time="4.340" classname="Automation.Claims.Claims_Checks_Cleared_RunTest"/>
  <testcase name="Run_Claims_Checks_Cleared" time="4.567" classname="Automation.Claims.Claims_Checks_Cleared_RunTest"/>
  <testcase name="Run_Claims_Checks_Cleared" time="4.219" classname="Automation.Claims.Claims_Checks_Cleared_RunTest"/>
  <testcase name="Run_Claims_Checks_Cleared" time="4.261" classname="Automation.Claims.Claims_Checks_Cleared_RunTest"/>
  <testcase name="Run_Claims_Checks_Cleared" time="4.838" classname="Automation.Claims.Claims_Checks_Cleared_RunTest"/>
  <testcase name="Run_Claims_Checks_Cleared" time="4.448" classname="Automation.Claims.Claims_Checks_Cleared_RunTest"/>
  <testcase name="Run_Claims_Checks_Cleared" time="4.720" classname="Automation.Claims.Claims_Checks_Cleared_RunTest"/>
  <testcase name="Run_Claims_Checks_Cleared" time="4.941" classname="Automation.Claims.Claims_Checks_Cleared_RunTest"/>
  <testcase name="Run_Claims_Checks_Cleared" time="4.516" classname="Automation.Claims.Claims_Checks_Cleared_RunTest"/>
  <testcase name="Run_Claims_Checks_Cleared" time="4.339" classname="Automation.Claims.Claims_Checks_Cleared_RunTest"/>
  <testcase name="Run_Claims_Checks_Cleared" time="4.379" classname="Automation.Claims.Claims_Checks_Cleared_RunTest"/>
  <testcase name="Run_Claims_Checks_Cleared" time="4.760" classname="Automation.Claims.Claims_Checks_Cleared_RunTest"/>
  <testcase name="Run_Claims_Checks_Cleared" time="4.553" classname="Automation.Claims.Claims_Checks_Cleared_RunTest"/>
  <testcase name="Run_Claims_Checks_Cleared" time="4.782" classname="Automation.Claims.Claims_Checks_Cleared_RunTest"/>
  <testcase name="Run_Claims_Checks_Cleared" time="4.476" classname="Automation.Claims.Claims_Checks_Cleared_RunTest"/>
  <testcase name="Run_Claims_Checks_Cleared" time="4.379" classname="Automation.Claims.Claims_Checks_Cleared_RunTest"/>
  <testcase name="Run_Claims_Checks_Cleared" time="4.869" classname="Automation.Claims.Claims_Checks_Cleared_RunTest"/>
  <testcase name="Run_Claims_Checks_Cleared" time="4.532" classname="Automation.Claims.Claims_Checks_Cleared_RunTest"/>
  <testcase name="Run_Claims_Checks_Cleared" time="5.914" classname="Automation.Claims.Claims_Checks_Cleared_RunTest"/>
  <testcase name="Run_Claims_Checks_Cleared" time="4.544" classname="Automation.Claims.Claims_Checks_Cleared_RunTest"/>
  <testcase name="Run_Claims_Checks_Cleared" time="4.607" classname="Automation.Claims.Claims_Checks_Cleared_RunTest"/>
  <testcase name="Run_Claims_Checks_Cleared" time="4.655" classname="Automation.Claims.Claims_Checks_Cleared_RunTest"/>
  <testcase name="Run_Claims_Checks_Cleared" time="4.393" classname="Automation.Claims.Claims_Checks_Cleared_RunTest"/>
  <testcase name="Run_Claims_Checks_Cleared" time="4.394" classname="Automation.Claims.Claims_Checks_Cleared_RunTest"/>
  <testcase name="Run_Claims_Checks_Cleared" time="4.435" classname="Automation.Claims.Claims_Checks_Cleared_RunTest"/>
  <testcase name="Run_Claims_Checks_Cleared" time="4.640" classname="Automation.Claims.Claims_Checks_Cleared_RunTest"/>
  <testcase name="Run_Claims_Checks_Cleared" time="4.702" classname="Automation.Claims.Claims_Checks_Cleared_RunTest"/>
  <testcase name="Run_Claims_Checks_Cleared" time="4.548" classname="Automation.Claims.Claims_Checks_Cleared_RunTest"/>
  <testcase name="Run_Claims_Checks_Cleared" time="4.741" classname="Automation.Claims.Claims_Checks_Cleared_RunTest"/>
  <testcase name="Run_Claims_Checks_Cleared" time="4.871" classname="Automation.Claims.Claims_Checks_Cleared_RunTest"/>
  <testcase name="Run_Claims_Checks_Cleared" time="6.357" classname="Automation.Claims.Claims_Checks_Cleared_RunTest"/>
  <testcase name="Run_Claims_Checks_Cleared" time="4.928" classname="Automation.Claims.Claims_Checks_Cleared_RunTest"/>
  <testcase name="Run_Claims_Checks_Cleared" time="4.740" classname="Automation.Claims.Claims_Checks_Cleared_RunTest"/>
  <testcase name="Run_Claims_Checks_Cleared" time="4.479" classname="Automation.Claims.Claims_Checks_Cleared_RunTest"/>
  <testcase name="Run_Claims_Checks_Cleared" time="4.713" classname="Automation.Claims.Claims_Checks_Cleared_RunTest"/>
  <testcase name="Run_Claims_Checks_Cleared" time="4.173" classname="Automation.Claims.Claims_Checks_Cleared_RunTest"/>
  <testcase name="Run_Claims_Checks_Cleared" time="4.014" classname="Automation.Claims.Claims_Checks_Cleared_RunTest"/>
  <testcase name="Run_Claims_Checks_Cleared" time="4.305" classname="Automation.Claims.Claims_Checks_Cleared_RunTest"/>
  <testcase name="Run_Claims_Checks_Cleared" time="5.119" classname="Automation.Claims.Claims_Checks_Cleared_RunTest"/>
  <testcase name="Run_Claims_Checks_Cleared" time="4.533" classname="Automation.Claims.Claims_Checks_Cleared_RunTest"/>
  <testcase name="Run_Claims_Checks_Cleared" time="4.531" classname="Automation.Claims.Claims_Checks_Cleared_RunTest"/>
  <testcase name="Run_Claims_Checks_Cleared" time="4.350" classname="Automation.Claims.Claims_Checks_Cleared_RunTest"/>
  <testcase name="Run_Claims_Checks_Cleared" time="4.555" classname="Automation.Claims.Claims_Checks_Cleared_RunTest"/>
  <testcase name="Run_Claims_Checks_Cleared" time="5.265" classname="Automation.Claims.Claims_Checks_Cleared_RunTest"/>
  <testcase name="Run_Claims_Checks_Cleared" time="4.513" classname="Automation.Claims.Claims_Checks_Cleared_RunTest"/>
  <testcase name="Run_Claims_Checks_Cleared" time="4.825" classname="Automation.Claims.Claims_Checks_Cleared_RunTest"/>
  <testcase name="Run_Claims_Checks_Cleared" time="4.838" classname="Automation.Claims.Claims_Checks_Cleared_RunTest"/>
  <testcase name="Run_Claims_Checks_Cleared" time="5.271" classname="Automation.Claims.Claims_Checks_Cleared_RunTest"/>
  <testcase name="Run_Claims_Checks_Cleared" time="5.421" classname="Automation.Claims.Claims_Checks_Cleared_RunTest"/>
  <testcase name="Run_Claims_Checks_Cleared" time="4.773" classname="Automation.Claims.Claims_Checks_Cleared_RunTest"/>
  <testcase name="Run_Claims_Checks_Cleared" time="4.519" classname="Automation.Claims.Claims_Checks_Cleared_RunTest"/>
  <testcase name="Run_Claims_Checks_Cleared" time="4.765" classname="Automation.Claims.Claims_Checks_Cleared_RunTest"/>
  <testcase name="Run_Claims_Checks_Cleared" time="4.588" classname="Automation.Claims.Claims_Checks_Cleared_RunTest"/>
  <testcase name="Run_Claims_Checks_Cleared" time="4.220" classname="Automation.Claims.Claims_Checks_Cleared_RunTest"/>
  <testcase name="Run_Claims_Checks_Cleared" time="4.627" classname="Automation.Claims.Claims_Checks_Cleared_RunTest"/>
  <testcase name="Run_Claims_Checks_Cleared" time="4.661" classname="Automation.Claims.Claims_Checks_Cleared_RunTest"/>
  <testcase name="Run_Claims_Checks_Cleared" time="4.356" classname="Automation.Claims.Claims_Checks_Cleared_RunTest"/>
  <testcase name="Run_Claims_Checks_Cleared" time="5.634" classname="Automation.Claims.Claims_Checks_Cleared_RunTest"/>
  <testcase name="Run_Claims_Checks_Cleared" time="5.017" classname="Automation.Claims.Claims_Checks_Cleared_RunTest"/>
  <testcase name="Run_Claims_Checks_Cleared" time="4.730" classname="Automation.Claims.Claims_Checks_Cleared_RunTest"/>
  <testcase name="Run_Claims_Checks_Cleared" time="4.874" classname="Automation.Claims.Claims_Checks_Cleared_RunTest"/>
  <testcase name="Run_Claims_Checks_Cleared" time="4.605" classname="Automation.Claims.Claims_Checks_Cleared_RunTest"/>
  <testcase name="Run_Claims_Checks_Cleared" time="4.989" classname="Automation.Claims.Claims_Checks_Cleared_RunTest"/>
  <testcase name="Run_Claims_Checks_Cleared" time="5.628" classname="Automation.Claims.Claims_Checks_Cleared_RunTest"/>
  <testcase name="Run_Claims_Checks_Cleared" time="4.315" classname="Automation.Claims.Claims_Checks_Cleared_RunTest"/>
  <testcase name="Run_Claims_Checks_Cleared" time="4.560" classname="Automation.Claims.Claims_Checks_Cleared_RunTest"/>
  <testcase name="Run_Claims_Checks_Cleared" time="4.603" classname="Automation.Claims.Claims_Checks_Cleared_RunTest"/>
  <testcase name="Run_Claims_Checks_Cleared" time="4.639" classname="Automation.Claims.Claims_Checks_Cleared_RunTest"/>
  <testcase name="Run_Claims_Checks_Cleared" time="4.584" classname="Automation.Claims.Claims_Checks_Cleared_RunTest"/>
  <testcase name="Run_Claims_Checks_Cleared" time="4.636" classname="Automation.Claims.Claims_Checks_Cleared_RunTest"/>
  <testcase name="Run_Claims_Checks_Cleared" time="4.354" classname="Automation.Claims.Claims_Checks_Cleared_RunTest"/>
  <testcase name="Run_Claims_Checks_Cleared" time="4.652" classname="Automation.Claims.Claims_Checks_Cleared_RunTest"/>
  <testcase name="Run_Claims_Checks_Cleared" time="4.349" classname="Automation.Claims.Claims_Checks_Cleared_RunTest"/>
  <testcase name="Run_Claims_Checks_Cleared" time="4.678" classname="Automation.Claims.Claims_Checks_Cleared_RunTest"/>
  <testcase name="Run_Claims_Checks_Cleared" time="5.685" classname="Automation.Claims.Claims_Checks_Cleared_RunTest"/>
  <testcase name="Run_Claims_Checks_Cleared" time="5.398" classname="Automation.Claims.Claims_Checks_Cleared_RunTest"/>
  <testcase name="Run_Claims_Checks_Cleared" time="5.584" classname="Automation.Claims.Claims_Checks_Cleared_RunTest"/>
  <testcase name="Run_Claims_Checks_Cleared" time="4.607" classname="Automation.Claims.Claims_Checks_Cleared_RunTest"/>
  <testcase name="Run_Claims_Checks_Cleared" time="4.904" classname="Automation.Claims.Claims_Checks_Cleared_RunTest"/>
  <testcase name="Run_Claims_Checks_Cleared" time="4.521" classname="Automation.Claims.Claims_Checks_Cleared_RunTest"/>
  <testcase name="Run_Claims_Checks_Cleared" time="4.737" classname="Automation.Claims.Claims_Checks_Cleared_RunTest"/>
  <testcase name="Run_Claims_Checks_Cleared" time="4.385" classname="Automation.Claims.Claims_Checks_Cleared_RunTest"/>
  <testcase name="Run_Claims_Checks_Cleared" time="4.726" classname="Automation.Claims.Claims_Checks_Cleared_RunTest"/>
  <testcase name="Run_Claims_Checks_Cleared" time="4.153" classname="Automation.Claims.Claims_Checks_Cleared_RunTest"/>
  <testcase name="Run_Claims_Checks_Cleared" time="4.896" classname="Automation.Claims.Claims_Checks_Cleared_RunTest"/>
  <testcase name="Run_Claims_Checks_Cleared" time="4.451" classname="Automation.Claims.Claims_Checks_Cleared_RunTest"/>
  <testcase name="Run_Claims_Checks_Cleared" time="4.514" classname="Automation.Claims.Claims_Checks_Cleared_RunTest"/>
  <testcase name="Run_Claims_Checks_Cleared" time="4.554" classname="Automation.Claims.Claims_Checks_Cleared_RunTest"/>
  <testcase name="Run_Claims_Checks_Cleared" time="4.474" classname="Automation.Claims.Claims_Checks_Cleared_RunTest"/>
  <testcase name="Run_Claims_Checks_Cleared" time="4.348" classname="Automation.Claims.Claims_Checks_Cleared_RunTest"/>
  <testcase name="Run_Claims_Checks_Cleared" time="5.768" classname="Automation.Claims.Claims_Checks_Cleared_RunTest"/>
  <testcase name="Run_Claims_Checks_Cleared" time="4.635" classname="Automation.Claims.Claims_Checks_Cleared_RunTest"/>
  <testcase name="Run_Claims_Checks_Cleared" time="4.463" classname="Automation.Claims.Claims_Checks_Cleared_RunTest"/>
  <testcase name="Run_Claims_Checks_Cleared" time="4.399" classname="Automation.Claims.Claims_Checks_Cleared_RunTest"/>
  <testcase name="Run_Claims_Checks_Cleared" time="4.272" classname="Automation.Claims.Claims_Checks_Cleared_RunTest"/>
  <testcase name="Run_Claims_Checks_Cleared" time="6.271" classname="Automation.Claims.Claims_Checks_Cleared_RunTest"/>
  <testcase name="Run_Claims_Checks_Cleared" time="4.525" classname="Automation.Claims.Claims_Checks_Cleared_RunTest"/>
  <testcase name="Run_Claims_Checks_Cleared" time="4.647" classname="Automation.Claims.Claims_Checks_Cleared_RunTest"/>
  <testcase name="Run_Claims_Checks_Cleared" time="4.669" classname="Automation.Claims.Claims_Checks_Cleared_RunTest"/>
  <testcase name="Run_Claims_Checks_Cleared" time="4.854" classname="Automation.Claims.Claims_Checks_Cleared_RunTest"/>
  <testcase name="Run_Claims_Checks_Cleared" time="4.248" classname="Automation.Claims.Claims_Checks_Cleared_RunTest"/>
  <testcase name="Run_Claims_Checks_Cleared" time="6.069" classname="Automation.Claims.Claims_Checks_Cleared_RunTest"/>
  <testcase name="Run_Claims_Checks_Cleared" time="4.586" classname="Automation.Claims.Claims_Checks_Cleared_RunTest"/>
  <testcase name="Run_Claims_Checks_Cleared" time="4.229" classname="Automation.Claims.Claims_Checks_Cleared_RunTest"/>
  <testcase name="Run_Claims_Checks_Cleared" time="4.444" classname="Automation.Claims.Claims_Checks_Cleared_RunTest"/>
  <testcase name="Run_Claims_Checks_Cleared" time="4.613" classname="Automation.Claims.Claims_Checks_Cleared_RunTest"/>
  <testcase name="Run_Claims_Checks_Cleared" time="4.457" classname="Automation.Claims.Claims_Checks_Cleared_RunTest"/>
  <testcase name="Run_Claims_Checks_Cleared" time="4.644" classname="Automation.Claims.Claims_Checks_Cleared_RunTest"/>
  <testcase name="Run_Claims_Checks_Cleared" time="4.532" classname="Automation.Claims.Claims_Checks_Cleared_RunTest"/>
  <testcase name="Run_Claims_Checks_Cleared" time="5.002" classname="Automation.Claims.Claims_Checks_Cleared_RunTest"/>
  <testcase name="Run_Claims_Checks_Cleared" time="4.639" classname="Automation.Claims.Claims_Checks_Cleared_RunTest"/>
  <testcase name="Run_Claims_Checks_Cleared" time="5.199" classname="Automation.Claims.Claims_Checks_Cleared_RunTest"/>
  <testcase name="Run_Claims_Checks_Cleared" time="4.240" classname="Automation.Claims.Claims_Checks_Cleared_RunTest"/>
  <testcase name="Run_Claims_Checks_Cleared" time="5.240" classname="Automation.Claims.Claims_Checks_Cleared_RunTest"/>
  <testcase name="Run_Claims_Checks_Cleared" time="4.654" classname="Automation.Claims.Claims_Checks_Cleared_RunTest"/>
  <testcase name="Run_Claims_Checks_Cleared" time="4.709" classname="Automation.Claims.Claims_Checks_Cleared_RunTest"/>
  <testcase name="Run_Claims_Checks_Cleared" time="4.453" classname="Automation.Claims.Claims_Checks_Cleared_RunTest"/>
  <testcase name="Run_Claims_Checks_Cleared" time="5.232" classname="Automation.Claims.Claims_Checks_Cleared_RunTest"/>
  <testcase name="Run_Claims_Checks_Cleared" time="4.588" classname="Automation.Claims.Claims_Checks_Cleared_RunTest"/>
  <testcase name="Run_Claims_Checks_Cleared" time="4.819" classname="Automation.Claims.Claims_Checks_Cleared_RunTest"/>
  <testcase name="Run_Claims_Checks_Cleared" time="4.818" classname="Automation.Claims.Claims_Checks_Cleared_RunTest"/>
  <testcase name="Run_Claims_Checks_Cleared" time="4.384" classname="Automation.Claims.Claims_Checks_Cleared_RunTest"/>
  <testcase name="Run_Claims_Checks_Cleared" time="4.242" classname="Automation.Claims.Claims_Checks_Cleared_RunTest"/>
  <testcase name="Run_Claims_Checks_Cleared" time="4.356" classname="Automation.Claims.Claims_Checks_Cleared_RunTest"/>
  <testcase name="Run_Claims_Checks_Cleared" time="4.660" classname="Automation.Claims.Claims_Checks_Cleared_RunTest"/>
  <testcase name="Run_Claims_Checks_Cleared" time="4.442" classname="Automation.Claims.Claims_Checks_Cleared_RunTest"/>
  <testcase name="Run_Claims_Checks_Cleared" time="4.754" classname="Automation.Claims.Claims_Checks_Cleared_RunTest"/>
  <testcase name="Run_Claims_Checks_Cleared" time="4.138" classname="Automation.Claims.Claims_Checks_Cleared_RunTest"/>
  <testcase name="Run_Claims_Checks_Cleared" time="4.195" classname="Automation.Claims.Claims_Checks_Cleared_RunTest"/>
  <testcase name="Run_Claims_Checks_Cleared" time="4.705" classname="Automation.Claims.Claims_Checks_Cleared_RunTest"/>
  <testcase name="Run_Claims_Checks_Cleared" time="4.552" classname="Automation.Claims.Claims_Checks_Cleared_RunTest"/>
  <testcase name="Run_Claims_Checks_Cleared" time="4.430" classname="Automation.Claims.Claims_Checks_Cleared_RunTest"/>
  <testcase name="Run_Claims_Checks_Cleared" time="5.244" classname="Automation.Claims.Claims_Checks_Cleared_RunTest"/>
  <testcase name="Run_Claims_Checks_Cleared" time="4.627" classname="Automation.Claims.Claims_Checks_Cleared_RunTest"/>
  <testcase name="Run_Claims_Checks_Cleared" time="4.557" classname="Automation.Claims.Claims_Checks_Cleared_RunTest"/>
  <testcase name="Run_Claims_Checks_Cleared" time="4.493" classname="Automation.Claims.Claims_Checks_Cleared_RunTest"/>
  <testcase name="Run_Claims_Checks_Cleared" time="4.395" classname="Automation.Claims.Claims_Checks_Cleared_RunTest"/>
  <testcase name="Run_Claims_Checks_Cleared" time="4.170" classname="Automation.Claims.Claims_Checks_Cleared_RunTest"/>
  <testcase name="Run_Claims_Checks_Cleared" time="4.312" classname="Automation.Claims.Claims_Checks_Cleared_RunTest"/>
  <testcase name="Run_Claims_Checks_Cleared" time="4.505" classname="Automation.Claims.Claims_Checks_Cleared_RunTest"/>
  <testcase name="Run_Claims_Checks_Cleared" time="5.621" classname="Automation.Claims.Claims_Checks_Cleared_RunTest"/>
  <testcase name="Run_Claims_Checks_Cleared" time="4.570" classname="Automation.Claims.Claims_Checks_Cleared_RunTest"/>
  <testcase name="Run_Claims_Checks_Cleared" time="4.833" classname="Automation.Claims.Claims_Checks_Cleared_RunTest"/>
  <testcase name="Run_Claims_Checks_Cleared" time="4.330" classname="Automation.Claims.Claims_Checks_Cleared_RunTest"/>
  <testcase name="Run_Claims_Checks_Cleared" time="4.489" classname="Automation.Claims.Claims_Checks_Cleared_RunTest"/>
  <testcase name="Run_Claims_Checks_Cleared" time="4.609" classname="Automation.Claims.Claims_Checks_Cleared_RunTest"/>
  <testcase name="Run_Claims_Checks_Cleared" time="3.856" classname="Automation.Claims.Claims_Checks_Cleared_RunTest"/>
  <testcase name="Run_Claims_Checks_Cleared" time="4.236" classname="Automation.Claims.Claims_Checks_Cleared_RunTest"/>
  <testcase name="Run_Claims_Checks_Cleared" time="5.016" classname="Automation.Claims.Claims_Checks_Cleared_RunTest"/>
  <testcase name="Run_Claims_Checks_Cleared" time="4.556" classname="Automation.Claims.Claims_Checks_Cleared_RunTest"/>
  <testcase name="Run_Claims_Checks_Cleared" time="4.749" classname="Automation.Claims.Claims_Checks_Cleared_RunTest"/>
  <testcase name="Run_Claims_Checks_Cleared" time="5.639" classname="Automation.Claims.Claims_Checks_Cleared_RunTest"/>
  <testcase name="Run_Claims_Checks_Cleared" time="4.492" classname="Automation.Claims.Claims_Checks_Cleared_RunTest"/>
  <testcase name="Run_Claims_Checks_Cleared" time="4.381" classname="Automation.Claims.Claims_Checks_Cleared_RunTest"/>
  <testcase name="Run_Claims_Checks_Cleared" time="4.391" classname="Automation.Claims.Claims_Checks_Cleared_RunTest"/>
  <testcase name="Run_Claims_Checks_Cleared" time="5.081" classname="Automation.Claims.Claims_Checks_Cleared_RunTest"/>
  <testcase name="Run_Claims_Checks_Cleared" time="4.628" classname="Automation.Claims.Claims_Checks_Cleared_RunTest"/>
  <testcase name="Run_Claims_Checks_Cleared" time="4.632" classname="Automation.Claims.Claims_Checks_Cleared_RunTest"/>
  <testcase name="Run_Claims_Checks_Cleared" time="4.856" classname="Automation.Claims.Claims_Checks_Cleared_RunTest"/>
  <testcase name="Run_Claims_Checks_Cleared" time="4.320" classname="Automation.Claims.Claims_Checks_Cleared_RunTest"/>
  <testcase name="Run_Claims_Checks_Cleared" time="4.403" classname="Automation.Claims.Claims_Checks_Cleared_RunTest"/>
  <testcase name="Run_Claims_Checks_Cleared" time="5.386" classname="Automation.Claims.Claims_Checks_Cleared_RunTest"/>
  <testcase name="Run_Claims_Checks_Cleared" time="4.589" classname="Automation.Claims.Claims_Checks_Cleared_RunTest"/>
  <testcase name="Run_Claims_Checks_Cleared" time="4.440" classname="Automation.Claims.Claims_Checks_Cleared_RunTest"/>
  <testcase name="Run_Claims_Checks_Cleared" time="4.426" classname="Automation.Claims.Claims_Checks_Cleared_RunTest"/>
  <testcase name="Run_Claims_Checks_Cleared" time="4.849" classname="Automation.Claims.Claims_Checks_Cleared_RunTest"/>
  <testcase name="Run_Claims_Checks_Cleared" time="5.320" classname="Automation.Claims.Claims_Checks_Cleared_RunTest"/>
  <testcase name="Run_Claims_Checks_Cleared" time="4.364" classname="Automation.Claims.Claims_Checks_Cleared_RunTest"/>
  <testcase name="Run_Claims_Checks_Cleared" time="4.709" classname="Automation.Claims.Claims_Checks_Cleared_RunTest"/>
  <testcase name="Run_Claims_Checks_Cleared" time="4.510" classname="Automation.Claims.Claims_Checks_Cleared_RunTest"/>
  <testcase name="Run_Claims_Checks_Cleared" time="4.514" classname="Automation.Claims.Claims_Checks_Cleared_RunTest"/>
  <testcase name="Run_Claims_Checks_Cleared" time="4.827" classname="Automation.Claims.Claims_Checks_Cleared_RunTest"/>
  <testcase name="Run_Claims_Checks_Cleared" time="5.754" classname="Automation.Claims.Claims_Checks_Cleared_RunTest"/>
  <testcase name="Run_Claims_Checks_Cleared" time="5.561" classname="Automation.Claims.Claims_Checks_Cleared_RunTest"/>
  <testcase name="Run_Claims_Checks_Cleared" time="4.325" classname="Automation.Claims.Claims_Checks_Cleared_RunTest"/>
  <testcase name="Run_Claims_Checks_Cleared" time="4.667" classname="Automation.Claims.Claims_Checks_Cleared_RunTest"/>
  <testcase name="Run_Claims_Checks_Cleared" time="4.368" classname="Automation.Claims.Claims_Checks_Cleared_RunTest"/>
  <testcase name="Run_Claims_Checks_Cleared" time="4.465" classname="Automation.Claims.Claims_Checks_Cleared_RunTest"/>
  <testcase name="Run_Claims_Checks_Cleared" time="4.478" classname="Automation.Claims.Claims_Checks_Cleared_RunTest"/>
  <testcase name="Run_Claims_Checks_Cleared" time="4.789" classname="Automation.Claims.Claims_Checks_Cleared_RunTest"/>
  <testcase name="Run_Claims_Checks_Cleared" time="4.702" classname="Automation.Claims.Claims_Checks_Cleared_RunTest"/>
  <testcase name="Run_Claims_Checks_Cleared" time="4.153" classname="Automation.Claims.Claims_Checks_Cleared_RunTest"/>
  <testcase name="Run_Claims_Checks_Cleared" time="5.184" classname="Automation.Claims.Claims_Checks_Cleared_RunTest"/>
  <testcase name="Run_Claims_Checks_Cleared" time="4.397" classname="Automation.Claims.Claims_Checks_Cleared_RunTest"/>
  <testcase name="Run_Claims_Checks_Cleared" time="4.964" classname="Automation.Claims.Claims_Checks_Cleared_RunTest"/>
  <testcase name="Run_Claims_Checks_Cleared" time="4.724" classname="Automation.Claims.Claims_Checks_Cleared_RunTest"/>
  <testcase name="Run_Claims_Checks_Cleared" time="4.416" classname="Automation.Claims.Claims_Checks_Cleared_RunTest"/>
  <testcase name="Run_Claims_Checks_Cleared" time="4.644" classname="Automation.Claims.Claims_Checks_Cleared_RunTest"/>
  <testcase name="Run_Claims_Checks_Cleared" time="4.548" classname="Automation.Claims.Claims_Checks_Cleared_RunTest"/>
  <testcase name="Run_Claims_Checks_Cleared" time="5.081" classname="Automation.Claims.Claims_Checks_Cleared_RunTest"/>
  <testcase name="Run_Claims_Checks_Cleared" time="4.646" classname="Automation.Claims.Claims_Checks_Cleared_RunTest"/>
  <testcase name="Run_Claims_Checks_Cleared" time="4.641" classname="Automation.Claims.Claims_Checks_Cleared_RunTest"/>
  <testcase name="Run_Claims_Checks_Cleared" time="4.273" classname="Automation.Claims.Claims_Checks_Cleared_RunTest"/>
  <testcase name="Run_Claims_Checks_Cleared" time="4.722" classname="Automation.Claims.Claims_Checks_Cleared_RunTest"/>
  <testcase name="Run_Claims_Checks_Cleared" time="4.944" classname="Automation.Claims.Claims_Checks_Cleared_RunTest"/>
  <testcase name="Run_Claims_Checks_Cleared" time="4.443" classname="Automation.Claims.Claims_Checks_Cleared_RunTest"/>
  <testcase name="Run_Claims_Checks_Cleared" time="4.738" classname="Automation.Claims.Claims_Checks_Cleared_RunTest"/>
  <testcase name="Run_Claims_Checks_Cleared" time="4.459" classname="Automation.Claims.Claims_Checks_Cleared_RunTest"/>
  <testcase name="Run_Claims_Checks_Cleared" time="4.597" classname="Automation.Claims.Claims_Checks_Cleared_RunTest"/>
  <testcase name="Run_Claims_Checks_Cleared" time="4.589" classname="Automation.Claims.Claims_Checks_Cleared_RunTest"/>
  <testcase name="Run_Claims_Checks_Cleared" time="4.309" classname="Automation.Claims.Claims_Checks_Cleared_RunTest"/>
  <testcase name="Run_Claims_Checks_Cleared" time="5.735" classname="Automation.Claims.Claims_Checks_Cleared_RunTest"/>
  <testcase name="Run_Claims_Checks_Cleared" time="4.833" classname="Automation.Claims.Claims_Checks_Cleared_RunTest"/>
  <testcase name="Run_Claims_Checks_Cleared" time="4.603" classname="Automation.Claims.Claims_Checks_Cleared_RunTest"/>
  <testcase name="Run_Claims_Checks_Cleared" time="4.840" classname="Automation.Claims.Claims_Checks_Cleared_RunTest"/>
  <testcase name="Run_Claims_Checks_Cleared" time="5.290" classname="Automation.Claims.Claims_Checks_Cleared_RunTest"/>
  <testcase name="Run_Claims_Checks_Cleared" time="4.999" classname="Automation.Claims.Claims_Checks_Cleared_RunTest"/>
  <testcase name="Run_Claims_Checks_Cleared" time="4.420" classname="Automation.Claims.Claims_Checks_Cleared_RunTest"/>
  <testcase name="Run_Claims_Checks_Cleared" time="4.535" classname="Automation.Claims.Claims_Checks_Cleared_RunTest"/>
  <testcase name="Run_Claims_Checks_Cleared" time="5.649" classname="Automation.Claims.Claims_Checks_Cleared_RunTest"/>
  <testcase name="Run_Claims_Checks_Cleared" time="4.729" classname="Automation.Claims.Claims_Checks_Cleared_RunTest"/>
  <testcase name="Run_Claims_Checks_Cleared" time="6.217" classname="Automation.Claims.Claims_Checks_Cleared_RunTest"/>
  <testcase name="Run_Claims_Checks_Cleared" time="4.778" classname="Automation.Claims.Claims_Checks_Cleared_RunTest"/>
  <testcase name="Run_Claims_Checks_Cleared" time="5.251" classname="Automation.Claims.Claims_Checks_Cleared_RunTest"/>
  <testcase name="Run_Claims_Checks_Cleared" time="4.834" classname="Automation.Claims.Claims_Checks_Cleared_RunTest"/>
  <testcase name="Run_Claims_Checks_Cleared" time="5.588" classname="Automation.Claims.Claims_Checks_Cleared_RunTest"/>
  <testcase name="Run_Claims_Checks_Cleared" time="4.525" classname="Automation.Claims.Claims_Checks_Cleared_RunTest"/>
  <testcase name="Run_Claims_Checks_Cleared" time="4.743" classname="Automation.Claims.Claims_Checks_Cleared_RunTest"/>
  <testcase name="Run_Claims_Checks_Cleared" time="5.109" classname="Automation.Claims.Claims_Checks_Cleared_RunTest"/>
  <testcase name="Run_Claims_Checks_Cleared" time="5.179" classname="Automation.Claims.Claims_Checks_Cleared_RunTest"/>
  <testcase name="Run_Claims_Checks_Cleared" time="4.902" classname="Automation.Claims.Claims_Checks_Cleared_RunTest"/>
  <testcase name="Run_Claims_Checks_Cleared" time="4.382" classname="Automation.Claims.Claims_Checks_Cleared_RunTest"/>
  <testcase name="Run_Claims_Checks_Cleared" time="4.678" classname="Automation.Claims.Claims_Checks_Cleared_RunTest"/>
  <testcase name="Run_Claims_Checks_Cleared" time="4.633" classname="Automation.Claims.Claims_Checks_Cleared_RunTest"/>
  <testcase name="Run_Claims_Checks_Cleared" time="4.563" classname="Automation.Claims.Claims_Checks_Cleared_RunTest"/>
  <testcase name="Run_Claims_Checks_Cleared" time="4.451" classname="Automation.Claims.Claims_Checks_Cleared_RunTest"/>
  <testcase name="Run_Claims_Checks_Cleared" time="5.137" classname="Automation.Claims.Claims_Checks_Cleared_RunTest"/>
  <testcase name="Run_Claims_Checks_Cleared" time="6.031" classname="Automation.Claims.Claims_Checks_Cleared_RunTest"/>
  <testcase name="Run_Claims_Checks_Cleared" time="4.661" classname="Automation.Claims.Claims_Checks_Cleared_RunTest"/>
  <testcase name="Run_Claims_Checks_Cleared" time="4.557" classname="Automation.Claims.Claims_Checks_Cleared_RunTest"/>
  <testcase name="Run_Claims_Checks_Cleared" time="4.553" classname="Automation.Claims.Claims_Checks_Cleared_RunTest"/>
  <testcase name="Run_Claims_Checks_Cleared" time="5.158" classname="Automation.Claims.Claims_Checks_Cleared_RunTest"/>
  <testcase name="Run_Claims_Checks_Cleared" time="4.344" classname="Automation.Claims.Claims_Checks_Cleared_RunTest"/>
  <testcase name="Run_Claims_Checks_Cleared" time="4.275" classname="Automation.Claims.Claims_Checks_Cleared_RunTest"/>
  <testcase name="Run_Claims_Checks_Cleared" time="4.385" classname="Automation.Claims.Claims_Checks_Cleared_RunTest"/>
  <testcase name="Run_Claims_Checks_Cleared" time="4.788" classname="Automation.Claims.Claims_Checks_Cleared_RunTest"/>
  <testcase name="Run_Claims_Checks_Cleared" time="4.376" classname="Automation.Claims.Claims_Checks_Cleared_RunTest"/>
  <testcase name="Run_Claims_Checks_Cleared" time="4.768" classname="Automation.Claims.Claims_Checks_Cleared_RunTest"/>
  <testcase name="Run_Claims_Checks_Cleared" time="5.181" classname="Automation.Claims.Claims_Checks_Cleared_RunTest"/>
  <testcase name="Run_Claims_Checks_Cleared" time="4.844" classname="Automation.Claims.Claims_Checks_Cleared_RunTest"/>
  <testcase name="Run_Claims_Checks_Cleared" time="5.146" classname="Automation.Claims.Claims_Checks_Cleared_RunTest"/>
  <testcase name="Run_Claims_Checks_Cleared" time="4.927" classname="Automation.Claims.Claims_Checks_Cleared_RunTest"/>
  <testcase name="Run_Claims_Checks_Cleared" time="4.553" classname="Automation.Claims.Claims_Checks_Cleared_RunTest"/>
  <testcase name="Run_Claims_Checks_Cleared" time="4.576" classname="Automation.Claims.Claims_Checks_Cleared_RunTest"/>
  <testcase name="Run_Claims_Checks_Cleared" time="4.546" classname="Automation.Claims.Claims_Checks_Cleared_RunTest"/>
  <testcase name="Run_Claims_Checks_Cleared" time="4.651" classname="Automation.Claims.Claims_Checks_Cleared_RunTest"/>
  <testcase name="Run_Claims_Checks_Cleared" time="4.638" classname="Automation.Claims.Claims_Checks_Cleared_RunTest"/>
  <testcase name="Run_Claims_Checks_Cleared" time="4.702" classname="Automation.Claims.Claims_Checks_Cleared_RunTest"/>
  <testcase name="Run_Claims_Checks_Cleared" time="4.731" classname="Automation.Claims.Claims_Checks_Cleared_RunTest"/>
  <testcase name="Run_Claims_Checks_Cleared" time="4.689" classname="Automation.Claims.Claims_Checks_Cleared_RunTest"/>
  <testcase name="Run_Claims_Checks_Cleared" time="4.671" classname="Automation.Claims.Claims_Checks_Cleared_RunTest"/>
  <testcase name="Run_Claims_Checks_Cleared" time="4.405" classname="Automation.Claims.Claims_Checks_Cleared_RunTest"/>
  <testcase name="Run_Claims_Checks_Cleared" time="4.403" classname="Automation.Claims.Claims_Checks_Cleared_RunTest"/>
  <testcase name="Run_Claims_Checks_Cleared" time="4.584" classname="Automation.Claims.Claims_Checks_Cleared_RunTest"/>
  <testcase name="Run_Claims_Checks_Cleared" time="4.528" classname="Automation.Claims.Claims_Checks_Cleared_RunTest"/>
  <testcase name="Run_Claims_Checks_Cleared" time="4.700" classname="Automation.Claims.Claims_Checks_Cleared_RunTest"/>
  <testcase name="Run_Claims_Checks_Cleared" time="4.372" classname="Automation.Claims.Claims_Checks_Cleared_RunTest"/>
  <testcase name="Run_Claims_Checks_Cleared" time="4.562" classname="Automation.Claims.Claims_Checks_Cleared_RunTest"/>
  <testcase name="Run_Claims_Checks_Cleared" time="4.574" classname="Automation.Claims.Claims_Checks_Cleared_RunTest"/>
  <testcase name="Run_Claims_Checks_Cleared" time="4.750" classname="Automation.Claims.Claims_Checks_Cleared_RunTest"/>
  <testcase name="Run_Claims_Checks_Cleared" time="4.340" classname="Automation.Claims.Claims_Checks_Cleared_RunTest"/>
  <testcase name="Run_Claims_Checks_Cleared" time="4.193" classname="Automation.Claims.Claims_Checks_Cleared_RunTest"/>
  <testcase name="Run_Claims_Checks_Cleared" time="4.657" classname="Automation.Claims.Claims_Checks_Cleared_RunTest"/>
  <testcase name="Run_Claims_Checks_Cleared" time="4.558" classname="Automation.Claims.Claims_Checks_Cleared_RunTest"/>
  <testcase name="Run_Claims_Checks_Cleared" time="4.530" classname="Automation.Claims.Claims_Checks_Cleared_RunTest"/>
  <testcase name="Run_Claims_Checks_Cleared" time="4.901" classname="Automation.Claims.Claims_Checks_Cleared_RunTest"/>
  <testcase name="Run_Claims_Checks_Cleared" time="4.187" classname="Automation.Claims.Claims_Checks_Cleared_RunTest"/>
  <testcase name="Run_Claims_Checks_Cleared" time="4.655" classname="Automation.Claims.Claims_Checks_Cleared_RunTest"/>
  <testcase name="Run_Claims_Checks_Cleared" time="4.696" classname="Automation.Claims.Claims_Checks_Cleared_RunTest"/>
  <testcase name="Run_Claims_Checks_Cleared" time="4.739" classname="Automation.Claims.Claims_Checks_Cleared_RunTest"/>
  <testcase name="Run_Claims_Checks_Cleared" time="4.573" classname="Automation.Claims.Claims_Checks_Cleared_RunTest"/>
  <testcase name="Run_Claims_Checks_Cleared" time="4.527" classname="Automation.Claims.Claims_Checks_Cleared_RunTest"/>
  <testcase name="Run_Claims_Checks_Cleared" time="5.676" classname="Automation.Claims.Claims_Checks_Cleared_RunTest"/>
  <testcase name="Run_Claims_Checks_Cleared" time="4.230" classname="Automation.Claims.Claims_Checks_Cleared_RunTest"/>
  <testcase name="Run_Claims_Checks_Cleared" time="5.486" classname="Automation.Claims.Claims_Checks_Cleared_RunTest"/>
  <testcase name="Run_Claims_Checks_Cleared" time="4.838" classname="Automation.Claims.Claims_Checks_Cleared_RunTest"/>
  <testcase name="Run_Claims_Checks_Cleared" time="4.866" classname="Automation.Claims.Claims_Checks_Cleared_RunTest"/>
  <testcase name="Run_Claims_Checks_Cleared" time="4.302" classname="Automation.Claims.Claims_Checks_Cleared_RunTest"/>
  <testcase name="Run_Claims_Checks_Cleared" time="4.219" classname="Automation.Claims.Claims_Checks_Cleared_RunTest"/>
  <testcase name="Run_Claims_Checks_Cleared" time="4.167" classname="Automation.Claims.Claims_Checks_Cleared_RunTest"/>
  <testcase name="Run_Claims_Checks_Cleared" time="5.333" classname="Automation.Claims.Claims_Checks_Cleared_RunTest"/>
  <testcase name="Run_Claims_Checks_Cleared" time="5.423" classname="Automation.Claims.Claims_Checks_Cleared_RunTest"/>
  <testcase name="Run_Claims_Checks_Cleared" time="4.794" classname="Automation.Claims.Claims_Checks_Cleared_RunTest"/>
  <testcase name="Run_Claims_Checks_Cleared" time="4.174" classname="Automation.Claims.Claims_Checks_Cleared_RunTest"/>
  <testcase name="Run_Claims_Checks_Cleared" time="4.258" classname="Automation.Claims.Claims_Checks_Cleared_RunTest"/>
  <testcase name="Run_Claims_Checks_Cleared" time="6.008" classname="Automation.Claims.Claims_Checks_Cleared_RunTest"/>
  <testcase name="Run_Claims_Checks_Cleared" time="4.577" classname="Automation.Claims.Claims_Checks_Cleared_RunTest"/>
  <testcase name="Run_Claims_Checks_Cleared" time="4.470" classname="Automation.Claims.Claims_Checks_Cleared_RunTest"/>
  <testcase name="Run_Claims_Checks_Cleared" time="4.593" classname="Automation.Claims.Claims_Checks_Cleared_RunTest"/>
  <testcase name="Run_Claims_Checks_Cleared" time="4.411" classname="Automation.Claims.Claims_Checks_Cleared_RunTest"/>
  <testcase name="Run_Claims_Checks_Cleared" time="5.689" classname="Automation.Claims.Claims_Checks_Cleared_RunTest"/>
  <testcase name="Run_Claims_Checks_Cleared" time="4.552" classname="Automation.Claims.Claims_Checks_Cleared_RunTest"/>
  <testcase name="Run_Claims_Checks_Cleared" time="4.446" classname="Automation.Claims.Claims_Checks_Cleared_RunTest"/>
  <testcase name="Run_Claims_Checks_Cleared" time="4.651" classname="Automation.Claims.Claims_Checks_Cleared_RunTest"/>
  <testcase name="Run_Claims_Checks_Cleared" time="4.505" classname="Automation.Claims.Claims_Checks_Cleared_RunTest"/>
  <testcase name="Run_Claims_Checks_Cleared" time="4.911" classname="Automation.Claims.Claims_Checks_Cleared_RunTest"/>
  <testcase name="Run_Claims_Checks_Cleared" time="5.444" classname="Automation.Claims.Claims_Checks_Cleared_RunTest"/>
  <testcase name="Run_Claims_Checks_Cleared" time="4.402" classname="Automation.Claims.Claims_Checks_Cleared_RunTest"/>
  <testcase name="Run_Claims_Checks_Cleared" time="4.610" classname="Automation.Claims.Claims_Checks_Cleared_RunTest"/>
  <testcase name="Run_Claims_Checks_Cleared" time="4.171" classname="Automation.Claims.Claims_Checks_Cleared_RunTest"/>
  <testcase name="Run_Claims_Checks_Cleared" time="4.506" classname="Automation.Claims.Claims_Checks_Cleared_RunTest"/>
  <testcase name="Run_Claims_Checks_Cleared" time="5.969" classname="Automation.Claims.Claims_Checks_Cleared_RunTest"/>
  <testcase name="Run_Claims_Checks_Cleared" time="5.013" classname="Automation.Claims.Claims_Checks_Cleared_RunTest"/>
  <testcase name="Run_Claims_Checks_Cleared" time="4.998" classname="Automation.Claims.Claims_Checks_Cleared_RunTest"/>
  <testcase name="Run_Claims_Checks_Cleared" time="5.821" classname="Automation.Claims.Claims_Checks_Cleared_RunTest"/>
  <testcase name="Run_Claims_Checks_Cleared" time="4.676" classname="Automation.Claims.Claims_Checks_Cleared_RunTest"/>
  <testcase name="Run_Claims_Checks_Cleared" time="4.500" classname="Automation.Claims.Claims_Checks_Cleared_RunTest"/>
  <testcase name="Run_Claims_Checks_Cleared" time="7.341" classname="Automation.Claims.Claims_Checks_Cleared_RunTest"/>
  <testcase name="Run_Claims_Checks_Cleared" time="4.334" classname="Automation.Claims.Claims_Checks_Cleared_RunTest"/>
  <testcase name="Run_Claims_Checks_Cleared" time="4.417" classname="Automation.Claims.Claims_Checks_Cleared_RunTest"/>
  <testcase name="Run_Claims_Checks_Cleared" time="4.603" classname="Automation.Claims.Claims_Checks_Cleared_RunTest"/>
  <testcase name="Run_Claims_Checks_Cleared" time="4.391" classname="Automation.Claims.Claims_Checks_Cleared_RunTest"/>
  <testcase name="Run_Claims_Checks_Cleared" time="5.204" classname="Automation.Claims.Claims_Checks_Cleared_RunTest"/>
  <testcase name="Run_Claims_Checks_Cleared" time="4.855" classname="Automation.Claims.Claims_Checks_Cleared_RunTest"/>
  <testcase name="Run_Claims_Checks_Cleared" time="5.629" classname="Automation.Claims.Claims_Checks_Cleared_RunTest"/>
  <testcase name="Run_Claims_Checks_Cleared" time="5.144" classname="Automation.Claims.Claims_Checks_Cleared_RunTest"/>
  <testcase name="Run_Claims_Checks_Cleared" time="4.679" classname="Automation.Claims.Claims_Checks_Cleared_RunTest"/>
  <testcase name="Run_Claims_Checks_Cleared" time="4.345" classname="Automation.Claims.Claims_Checks_Cleared_RunTest"/>
  <testcase name="Run_Claims_Checks_Cleared" time="4.813" classname="Automation.Claims.Claims_Checks_Cleared_RunTest"/>
  <testcase name="Run_Claims_Checks_Cleared" time="4.469" classname="Automation.Claims.Claims_Checks_Cleared_RunTest"/>
  <testcase name="Run_Claims_Checks_Cleared" time="4.616" classname="Automation.Claims.Claims_Checks_Cleared_RunTest"/>
  <testcase name="Run_Claims_Checks_Cleared" time="4.597" classname="Automation.Claims.Claims_Checks_Cleared_RunTest"/>
  <testcase name="Run_Claims_Checks_Cleared" time="4.566" classname="Automation.Claims.Claims_Checks_Cleared_RunTest"/>
  <testcase name="Run_Claims_Checks_Cleared" time="6.396" classname="Automation.Claims.Claims_Checks_Cleared_RunTest"/>
  <testcase name="Run_Claims_Checks_Cleared" time="5.134" classname="Automation.Claims.Claims_Checks_Cleared_RunTest"/>
  <testcase name="Run_Claims_Checks_Cleared" time="4.328" classname="Automation.Claims.Claims_Checks_Cleared_RunTest"/>
  <testcase name="Run_Claims_Checks_Cleared" time="4.647" classname="Automation.Claims.Claims_Checks_Cleared_RunTest"/>
  <testcase name="Run_Claims_Checks_Cleared" time="5.128" classname="Automation.Claims.Claims_Checks_Cleared_RunTest"/>
  <testcase name="Run_Claims_Checks_Cleared" time="4.853" classname="Automation.Claims.Claims_Checks_Cleared_RunTest"/>
  <testcase name="Run_Claims_Checks_Cleared" time="4.557" classname="Automation.Claims.Claims_Checks_Cleared_RunTest"/>
  <testcase name="Run_Claims_Checks_Cleared" time="4.625" classname="Automation.Claims.Claims_Checks_Cleared_RunTest"/>
  <testcase name="Run_Claims_Checks_Cleared" time="5.119" classname="Automation.Claims.Claims_Checks_Cleared_RunTest"/>
  <testcase name="Run_Claims_Checks_Cleared" time="5.520" classname="Automation.Claims.Claims_Checks_Cleared_RunTest"/>
  <testcase name="Run_Claims_Checks_Cleared" time="4.321" classname="Automation.Claims.Claims_Checks_Cleared_RunTest"/>
  <testcase name="Run_Claims_Checks_Cleared" time="4.892" classname="Automation.Claims.Claims_Checks_Cleared_RunTest"/>
  <testcase name="Run_Claims_Checks_Cleared" time="4.668" classname="Automation.Claims.Claims_Checks_Cleared_RunTest"/>
  <testcase name="Run_Claims_Checks_Cleared" time="4.455" classname="Automation.Claims.Claims_Checks_Cleared_RunTest"/>
  <testcase name="Run_Claims_Checks_Cleared" time="4.648" classname="Automation.Claims.Claims_Checks_Cleared_RunTest"/>
  <testcase name="Run_Claims_Checks_Cleared" time="4.651" classname="Automation.Claims.Claims_Checks_Cleared_RunTest"/>
  <testcase name="Run_Claims_Checks_Cleared" time="4.198" classname="Automation.Claims.Claims_Checks_Cleared_RunTest"/>
  <testcase name="Run_Claims_Checks_Cleared" time="4.859" classname="Automation.Claims.Claims_Checks_Cleared_RunTest"/>
  <testcase name="Run_Claims_Checks_Cleared" time="4.594" classname="Automation.Claims.Claims_Checks_Cleared_RunTest"/>
  <testcase name="Run_Claims_Checks_Cleared" time="4.501" classname="Automation.Claims.Claims_Checks_Cleared_RunTest"/>
  <testcase name="Run_Claims_Checks_Cleared" time="4.320" classname="Automation.Claims.Claims_Checks_Cleared_RunTest"/>
  <testcase name="Run_Claims_Checks_Cleared" time="5.139" classname="Automation.Claims.Claims_Checks_Cleared_RunTest"/>
  <testcase name="Run_Claims_Checks_Cleared" time="4.181" classname="Automation.Claims.Claims_Checks_Cleared_RunTest"/>
  <testcase name="Run_Claims_Checks_Cleared" time="5.932" classname="Automation.Claims.Claims_Checks_Cleared_RunTest"/>
  <testcase name="Run_Claims_Checks_Cleared" time="5.348" classname="Automation.Claims.Claims_Checks_Cleared_RunTest"/>
  <testcase name="Run_Claims_Checks_Cleared" time="4.343" classname="Automation.Claims.Claims_Checks_Cleared_RunTest"/>
  <testcase name="Run_Claims_Checks_Cleared" time="4.754" classname="Automation.Claims.Claims_Checks_Cleared_RunTest"/>
  <testcase name="Run_Claims_Checks_Cleared" time="4.186" classname="Automation.Claims.Claims_Checks_Cleared_RunTest"/>
  <testcase name="Run_Claims_Checks_Cleared" time="4.948" classname="Automation.Claims.Claims_Checks_Cleared_RunTest"/>
  <testcase name="Run_Claims_Checks_Cleared" time="6.478" classname="Automation.Claims.Claims_Checks_Cleared_RunTest"/>
  <testcase name="Run_Claims_Checks_Cleared" time="4.471" classname="Automation.Claims.Claims_Checks_Cleared_RunTest"/>
  <testcase name="Run_Claims_Checks_Cleared" time="4.709" classname="Automation.Claims.Claims_Checks_Cleared_RunTest"/>
  <testcase name="Run_Claims_Checks_Cleared" time="4.453" classname="Automation.Claims.Claims_Checks_Cleared_RunTest"/>
  <testcase name="Run_Claims_Checks_Cleared" time="4.622" classname="Automation.Claims.Claims_Checks_Cleared_RunTest"/>
  <testcase name="Run_Claims_Checks_Cleared" time="4.621" classname="Automation.Claims.Claims_Checks_Cleared_RunTest"/>
  <testcase name="Run_Claims_Checks_Cleared" time="5.951" classname="Automation.Claims.Claims_Checks_Cleared_RunTest"/>
  <testcase name="Run_Claims_Checks_Cleared" time="4.577" classname="Automation.Claims.Claims_Checks_Cleared_RunTest"/>
  <testcase name="Run_Claims_Checks_Cleared" time="4.713" classname="Automation.Claims.Claims_Checks_Cleared_RunTest"/>
  <testcase name="Run_Claims_Checks_Cleared" time="4.705" classname="Automation.Claims.Claims_Checks_Cleared_RunTest"/>
  <testcase name="Run_Claims_Checks_Cleared" time="4.314" classname="Automation.Claims.Claims_Checks_Cleared_RunTest"/>
  <testcase name="Run_Claims_Checks_Cleared" time="4.798" classname="Automation.Claims.Claims_Checks_Cleared_RunTest"/>
  <testcase name="Run_Claims_Checks_Cleared" time="4.788" classname="Automation.Claims.Claims_Checks_Cleared_RunTest"/>
  <testcase name="Run_Claims_Checks_Cleared" time="4.734" classname="Automation.Claims.Claims_Checks_Cleared_RunTest"/>
  <testcase name="Run_Claims_Checks_Cleared" time="4.417" classname="Automation.Claims.Claims_Checks_Cleared_RunTest"/>
  <testcase name="Run_Claims_Checks_Cleared" time="4.391" classname="Automation.Claims.Claims_Checks_Cleared_RunTest"/>
  <testcase name="Run_Claims_Checks_Cleared" time="4.713" classname="Automation.Claims.Claims_Checks_Cleared_RunTest"/>
  <testcase name="Run_Claims_Checks_Cleared" time="4.363" classname="Automation.Claims.Claims_Checks_Cleared_RunTest"/>
  <testcase name="Run_Claims_Checks_Cleared" time="4.177" classname="Automation.Claims.Claims_Checks_Cleared_RunTest"/>
  <testcase name="Run_Claims_Checks_Cleared" time="4.242" classname="Automation.Claims.Claims_Checks_Cleared_RunTest"/>
  <testcase name="Run_Claims_Checks_Cleared" time="5.285" classname="Automation.Claims.Claims_Checks_Cleared_RunTest"/>
  <testcase name="Run_Claims_Checks_Cleared" time="4.437" classname="Automation.Claims.Claims_Checks_Cleared_RunTest"/>
  <testcase name="Run_Claims_Checks_Cleared" time="4.506" classname="Automation.Claims.Claims_Checks_Cleared_RunTest"/>
  <testcase name="Run_Claims_Checks_Cleared" time="4.964" classname="Automation.Claims.Claims_Checks_Cleared_RunTest"/>
  <testcase name="Run_Claims_Checks_Cleared" time="5.209" classname="Automation.Claims.Claims_Checks_Cleared_RunTest"/>
  <testcase name="Run_Claims_Checks_Cleared" time="5.377" classname="Automation.Claims.Claims_Checks_Cleared_RunTest"/>
  <testcase name="Run_Claims_Checks_Cleared" time="4.777" classname="Automation.Claims.Claims_Checks_Cleared_RunTest"/>
  <testcase name="Run_Claims_Checks_Cleared" time="4.450" classname="Automation.Claims.Claims_Checks_Cleared_RunTest"/>
  <testcase name="Run_Claims_Checks_Cleared" time="4.656" classname="Automation.Claims.Claims_Checks_Cleared_RunTest"/>
  <testcase name="Run_Claims_Checks_Cleared" time="4.413" classname="Automation.Claims.Claims_Checks_Cleared_RunTest"/>
  <testcase name="Run_Claims_Checks_Cleared" time="4.721" classname="Automation.Claims.Claims_Checks_Cleared_RunTest"/>
  <testcase name="Run_Claims_Checks_Cleared" time="4.939" classname="Automation.Claims.Claims_Checks_Cleared_RunTest"/>
  <testcase name="Run_Claims_Checks_Cleared" time="4.494" classname="Automation.Claims.Claims_Checks_Cleared_RunTest"/>
  <testcase name="Run_Claims_Checks_Cleared" time="5.530" classname="Automation.Claims.Claims_Checks_Cleared_RunTest"/>
  <testcase name="Run_Claims_Checks_Cleared" time="4.449" classname="Automation.Claims.Claims_Checks_Cleared_RunTest"/>
  <testcase name="Run_Claims_Checks_Cleared" time="4.761" classname="Automation.Claims.Claims_Checks_Cleared_RunTest"/>
  <testcase name="Run_Claims_Checks_Cleared" time="4.546" classname="Automation.Claims.Claims_Checks_Cleared_RunTest"/>
  <testcase name="Run_Claims_Checks_Cleared" time="4.298" classname="Automation.Claims.Claims_Checks_Cleared_RunTest"/>
  <testcase name="Run_Claims_Checks_Cleared" time="4.608" classname="Automation.Claims.Claims_Checks_Cleared_RunTest"/>
  <testcase name="Run_Claims_Checks_Cleared" time="4.684" classname="Automation.Claims.Claims_Checks_Cleared_RunTest"/>
  <testcase name="Run_Claims_Checks_Cleared" time="4.723" classname="Automation.Claims.Claims_Checks_Cleared_RunTest"/>
  <testcase name="Run_Claims_Checks_Cleared" time="5.792" classname="Automation.Claims.Claims_Checks_Cleared_RunTest"/>
  <testcase name="Run_Claims_Checks_Cleared" time="4.582" classname="Automation.Claims.Claims_Checks_Cleared_RunTest"/>
  <testcase name="Run_Claims_Checks_Cleared" time="4.847" classname="Automation.Claims.Claims_Checks_Cleared_RunTest"/>
  <testcase name="Run_Claims_Checks_Cleared" time="4.434" classname="Automation.Claims.Claims_Checks_Cleared_RunTest"/>
  <testcase name="Run_Claims_Checks_Cleared" time="4.403" classname="Automation.Claims.Claims_Checks_Cleared_RunTest"/>
  <testcase name="Run_Claims_Checks_Cleared" time="5.657" classname="Automation.Claims.Claims_Checks_Cleared_RunTest"/>
  <testcase name="Run_Claims_Checks_Cleared" time="6.202" classname="Automation.Claims.Claims_Checks_Cleared_RunTest"/>
  <testcase name="Run_Claims_Checks_Cleared" time="4.487" classname="Automation.Claims.Claims_Checks_Cleared_RunTest"/>
  <testcase name="Run_Claims_Checks_Cleared" time="4.267" classname="Automation.Claims.Claims_Checks_Cleared_RunTest"/>
  <testcase name="Run_Claims_Checks_Cleared" time="4.441" classname="Automation.Claims.Claims_Checks_Cleared_RunTest"/>
  <testcase name="Run_Claims_Checks_Cleared" time="4.393" classname="Automation.Claims.Claims_Checks_Cleared_RunTest"/>
  <testcase name="Run_Claims_Checks_Cleared" time="4.301" classname="Automation.Claims.Claims_Checks_Cleared_RunTest"/>
  <testcase name="Run_Claims_Checks_Cleared" time="4.390" classname="Automation.Claims.Claims_Checks_Cleared_RunTest"/>
  <testcase name="Run_Claims_Checks_Cleared" time="4.817" classname="Automation.Claims.Claims_Checks_Cleared_RunTest"/>
  <testcase name="Run_Claims_Checks_Cleared" time="5.950" classname="Automation.Claims.Claims_Checks_Cleared_RunTest"/>
  <testcase name="Run_Claims_Checks_Cleared" time="4.582" classname="Automation.Claims.Claims_Checks_Cleared_RunTest"/>
  <testcase name="Run_Claims_Checks_Cleared" time="4.806" classname="Automation.Claims.Claims_Checks_Cleared_RunTest"/>
  <testcase name="Run_Claims_Checks_Cleared" time="4.932" classname="Automation.Claims.Claims_Checks_Cleared_RunTest"/>
  <testcase name="Run_Claims_Checks_Cleared" time="4.549" classname="Automation.Claims.Claims_Checks_Cleared_RunTest"/>
  <testcase name="Run_Claims_Checks_Cleared" time="4.909" classname="Automation.Claims.Claims_Checks_Cleared_RunTest"/>
  <testcase name="Run_Claims_Checks_Cleared" time="4.292" classname="Automation.Claims.Claims_Checks_Cleared_RunTest"/>
  <testcase name="Run_Claims_Checks_Cleared" time="4.784" classname="Automation.Claims.Claims_Checks_Cleared_RunTest"/>
  <testcase name="Run_Claims_Checks_Cleared" time="5.795" classname="Automation.Claims.Claims_Checks_Cleared_RunTest"/>
  <testcase name="Run_Claims_Checks_Cleared" time="4.670" classname="Automation.Claims.Claims_Checks_Cleared_RunTest"/>
  <testcase name="Run_Claims_Checks_Cleared" time="5.218" classname="Automation.Claims.Claims_Checks_Cleared_RunTest"/>
  <testcase name="Run_Claims_Checks_Cleared" time="4.826" classname="Automation.Claims.Claims_Checks_Cleared_RunTest"/>
  <testcase name="Run_Claims_Checks_Cleared" time="4.833" classname="Automation.Claims.Claims_Checks_Cleared_RunTest"/>
  <testcase name="Run_Claims_Checks_Cleared" time="4.725" classname="Automation.Claims.Claims_Checks_Cleared_RunTest"/>
  <testcase name="Run_Claims_Checks_Cleared" time="4.498" classname="Automation.Claims.Claims_Checks_Cleared_RunTest"/>
  <testcase name="Run_Claims_Checks_Cleared" time="4.898" classname="Automation.Claims.Claims_Checks_Cleared_RunTest"/>
  <testcase name="Run_Claims_Checks_Cleared" time="4.690" classname="Automation.Claims.Claims_Checks_Cleared_RunTest"/>
  <testcase name="Run_Claims_Checks_Cleared" time="3.804" classname="Automation.Claims.Claims_Checks_Cleared_RunTest"/>
  <testcase name="Run_Claims_Checks_Cleared" time="4.526" classname="Automation.Claims.Claims_Checks_Cleared_RunTest"/>
  <testcase name="Run_Claims_Checks_Cleared" time="4.328" classname="Automation.Claims.Claims_Checks_Cleared_RunTest"/>
  <testcase name="Run_Claims_Checks_Cleared" time="5.174" classname="Automation.Claims.Claims_Checks_Cleared_RunTest"/>
  <testcase name="Run_Claims_Checks_Cleared" time="4.397" classname="Automation.Claims.Claims_Checks_Cleared_RunTest"/>
  <testcase name="Run_Claims_Checks_Cleared" time="4.855" classname="Automation.Claims.Claims_Checks_Cleared_RunTest"/>
  <testcase name="Run_Claims_Checks_Cleared" time="4.771" classname="Automation.Claims.Claims_Checks_Cleared_RunTest"/>
  <testcase name="Run_Claims_Checks_Cleared" time="4.560" classname="Automation.Claims.Claims_Checks_Cleared_RunTest"/>
  <testcase name="Run_Claims_Checks_Cleared" time="4.927" classname="Automation.Claims.Claims_Checks_Cleared_RunTest"/>
  <testcase name="Run_Claims_Checks_Cleared" time="4.557" classname="Automation.Claims.Claims_Checks_Cleared_RunTest"/>
  <testcase name="Run_Claims_Checks_Cleared" time="4.616" classname="Automation.Claims.Claims_Checks_Cleared_RunTest"/>
  <testcase name="Run_Claims_Checks_Cleared" time="4.660" classname="Automation.Claims.Claims_Checks_Cleared_RunTest"/>
  <testcase name="Run_Claims_Checks_Cleared" time="4.354" classname="Automation.Claims.Claims_Checks_Cleared_RunTest"/>
  <testcase name="Run_Claims_Checks_Cleared" time="4.247" classname="Automation.Claims.Claims_Checks_Cleared_RunTest"/>
  <testcase name="Run_Claims_Checks_Cleared" time="4.875" classname="Automation.Claims.Claims_Checks_Cleared_RunTest"/>
  <testcase name="Run_Claims_Checks_Cleared" time="4.185" classname="Automation.Claims.Claims_Checks_Cleared_RunTest"/>
  <testcase name="Run_Claims_Checks_Cleared" time="4.597" classname="Automation.Claims.Claims_Checks_Cleared_RunTest"/>
  <testcase name="Run_Claims_Checks_Cleared" time="4.520" classname="Automation.Claims.Claims_Checks_Cleared_RunTest"/>
  <testcase name="Run_Claims_Checks_Cleared" time="4.733" classname="Automation.Claims.Claims_Checks_Cleared_RunTest"/>
  <testcase name="Run_Claims_Checks_Cleared" time="4.292" classname="Automation.Claims.Claims_Checks_Cleared_RunTest"/>
  <testcase name="Run_Claims_Checks_Cleared" time="5.409" classname="Automation.Claims.Claims_Checks_Cleared_RunTest"/>
  <testcase name="Run_Claims_Checks_Cleared" time="4.411" classname="Automation.Claims.Claims_Checks_Cleared_RunTest"/>
  <testcase name="Run_Claims_Checks_Cleared" time="5.047" classname="Automation.Claims.Claims_Checks_Cleared_RunTest"/>
  <testcase name="Run_Claims_Checks_Cleared" time="5.650" classname="Automation.Claims.Claims_Checks_Cleared_RunTest"/>
  <testcase name="Run_Claims_Checks_Cleared" time="4.593" classname="Automation.Claims.Claims_Checks_Cleared_RunTest"/>
  <testcase name="Run_Claims_Checks_Cleared" time="4.977" classname="Automation.Claims.Claims_Checks_Cleared_RunTest"/>
  <testcase name="Run_Claims_Checks_Cleared" time="4.284" classname="Automation.Claims.Claims_Checks_Cleared_RunTest"/>
  <testcase name="Run_Claims_Checks_Cleared" time="4.518" classname="Automation.Claims.Claims_Checks_Cleared_RunTest"/>
  <testcase name="Run_Claims_Checks_Cleared" time="4.278" classname="Automation.Claims.Claims_Checks_Cleared_RunTest"/>
  <testcase name="Run_Claims_Checks_Cleared" time="5.245" classname="Automation.Claims.Claims_Checks_Cleared_RunTest"/>
  <testcase name="Run_Claims_Checks_Cleared" time="4.150" classname="Automation.Claims.Claims_Checks_Cleared_RunTest"/>
  <testcase name="Run_Claims_Checks_Cleared" time="5.542" classname="Automation.Claims.Claims_Checks_Cleared_RunTest"/>
  <testcase name="Run_Claims_Checks_Cleared" time="6.081" classname="Automation.Claims.Claims_Checks_Cleared_RunTest"/>
  <testcase name="Run_Claims_Checks_Cleared" time="4.729" classname="Automation.Claims.Claims_Checks_Cleared_RunTest"/>
  <testcase name="Run_Claims_Checks_Cleared" time="4.608" classname="Automation.Claims.Claims_Checks_Cleared_RunTest"/>
  <testcase name="Run_Claims_Checks_Cleared" time="4.702" classname="Automation.Claims.Claims_Checks_Cleared_RunTest"/>
  <testcase name="Run_Claims_Checks_Cleared" time="4.307" classname="Automation.Claims.Claims_Checks_Cleared_RunTest"/>
  <testcase name="Run_Claims_Checks_Cleared" time="5.060" classname="Automation.Claims.Claims_Checks_Cleared_RunTest"/>
  <testcase name="Run_Claims_Checks_Cleared" time="4.670" classname="Automation.Claims.Claims_Checks_Cleared_RunTest"/>
  <testcase name="Run_Claims_Checks_Cleared" time="5.288" classname="Automation.Claims.Claims_Checks_Cleared_RunTest"/>
  <testcase name="Run_Claims_Checks_Cleared" time="4.405" classname="Automation.Claims.Claims_Checks_Cleared_RunTest"/>
  <testcase name="Run_Claims_Checks_Cleared" time="4.470" classname="Automation.Claims.Claims_Checks_Cleared_RunTest"/>
  <testcase name="Run_Claims_Checks_Cleared" time="5.956" classname="Automation.Claims.Claims_Checks_Cleared_RunTest"/>
  <testcase name="Run_Claims_Checks_Cleared" time="4.301" classname="Automation.Claims.Claims_Checks_Cleared_RunTest"/>
  <testcase name="Run_Claims_Checks_Cleared" time="4.261" classname="Automation.Claims.Claims_Checks_Cleared_RunTest"/>
  <testcase name="Run_Claims_Checks_Cleared" time="5.970" classname="Automation.Claims.Claims_Checks_Cleared_RunTest"/>
  <testcase name="Run_Claims_Checks_Cleared" time="5.142" classname="Automation.Claims.Claims_Checks_Cleared_RunTest"/>
  <testcase name="Run_Claims_Checks_Cleared" time="4.447" classname="Automation.Claims.Claims_Checks_Cleared_RunTest"/>
  <testcase name="Run_Claims_Checks_Cleared" time="4.480" classname="Automation.Claims.Claims_Checks_Cleared_RunTest"/>
  <testcase name="Run_Claims_Checks_Cleared" time="4.940" classname="Automation.Claims.Claims_Checks_Cleared_RunTest"/>
  <testcase name="Run_Claims_Checks_Cleared" time="4.104" classname="Automation.Claims.Claims_Checks_Cleared_RunTest"/>
  <testcase name="Run_Claims_Checks_Cleared" time="4.463" classname="Automation.Claims.Claims_Checks_Cleared_RunTest"/>
  <testcase name="Run_Claims_Checks_Cleared" time="4.509" classname="Automation.Claims.Claims_Checks_Cleared_RunTest"/>
  <testcase name="Run_Claims_Checks_Cleared" time="5.259" classname="Automation.Claims.Claims_Checks_Cleared_RunTest"/>
  <testcase name="Run_Claims_Checks_Cleared" time="5.056" classname="Automation.Claims.Claims_Checks_Cleared_RunTest"/>
  <testcase name="Run_Claims_Checks_Cleared" time="5.803" classname="Automation.Claims.Claims_Checks_Cleared_RunTest"/>
  <testcase name="Run_Claims_Checks_Cleared" time="4.339" classname="Automation.Claims.Claims_Checks_Cleared_RunTest"/>
  <testcase name="Run_Claims_Checks_Cleared" time="4.969" classname="Automation.Claims.Claims_Checks_Cleared_RunTest"/>
  <testcase name="Run_Claims_Checks_Cleared" time="5.438" classname="Automation.Claims.Claims_Checks_Cleared_RunTest"/>
  <testcase name="Run_Claims_Checks_Cleared" time="4.526" classname="Automation.Claims.Claims_Checks_Cleared_RunTest"/>
  <testcase name="Run_Claims_Checks_Cleared" time="4.592" classname="Automation.Claims.Claims_Checks_Cleared_RunTest"/>
  <testcase name="Run_Claims_Checks_Cleared" time="4.626" classname="Automation.Claims.Claims_Checks_Cleared_RunTest"/>
  <testcase name="Run_Claims_Checks_Cleared" time="4.798" classname="Automation.Claims.Claims_Checks_Cleared_RunTest"/>
  <testcase name="Run_Claims_Checks_Cleared" time="4.452" classname="Automation.Claims.Claims_Checks_Cleared_RunTest"/>
  <testcase name="Run_Claims_Checks_Cleared" time="5.396" classname="Automation.Claims.Claims_Checks_Cleared_RunTest"/>
  <testcase name="Run_Claims_Checks_Cleared" time="4.197" classname="Automation.Claims.Claims_Checks_Cleared_RunTest"/>
  <testcase name="Run_Claims_Checks_Cleared" time="5.033" classname="Automation.Claims.Claims_Checks_Cleared_RunTest"/>
  <testcase name="Run_Claims_Checks_Cleared" time="4.665" classname="Automation.Claims.Claims_Checks_Cleared_RunTest"/>
  <testcase name="Run_Claims_Checks_Cleared" time="4.356" classname="Automation.Claims.Claims_Checks_Cleared_RunTest"/>
  <testcase name="Run_Claims_Checks_Cleared" time="4.485" classname="Automation.Claims.Claims_Checks_Cleared_RunTest"/>
  <testcase name="Run_Claims_Checks_Cleared" time="4.535" classname="Automation.Claims.Claims_Checks_Cleared_RunTest"/>
  <testcase name="Run_Claims_Checks_Cleared" time="4.617" classname="Automation.Claims.Claims_Checks_Cleared_RunTest"/>
  <testcase name="Run_Claims_Checks_Cleared" time="5.144" classname="Automation.Claims.Claims_Checks_Cleared_RunTest"/>
  <testcase name="Run_Claims_Checks_Cleared" time="4.460" classname="Automation.Claims.Claims_Checks_Cleared_RunTest"/>
  <testcase name="Run_Claims_Checks_Cleared" time="4.633" classname="Automation.Claims.Claims_Checks_Cleared_RunTest"/>
  <testcase name="Run_Claims_Checks_Cleared" time="4.808" classname="Automation.Claims.Claims_Checks_Cleared_RunTest"/>
  <testcase name="Run_Claims_Checks_Cleared" time="4.396" classname="Automation.Claims.Claims_Checks_Cleared_RunTest"/>
  <testcase name="Run_Claims_Checks_Cleared" time="4.629" classname="Automation.Claims.Claims_Checks_Cleared_RunTest"/>
  <testcase name="Run_Claims_Checks_Cleared" time="4.340" classname="Automation.Claims.Claims_Checks_Cleared_RunTest"/>
  <testcase name="Run_Claims_Checks_Cleared" time="4.825" classname="Automation.Claims.Claims_Checks_Cleared_RunTest"/>
  <testcase name="Run_Claims_Checks_Cleared" time="5.568" classname="Automation.Claims.Claims_Checks_Cleared_RunTest"/>
  <testcase name="Run_Claims_Checks_Cleared" time="4.933" classname="Automation.Claims.Claims_Checks_Cleared_RunTest"/>
  <testcase name="Run_Claims_Checks_Cleared" time="4.633" classname="Automation.Claims.Claims_Checks_Cleared_RunTest"/>
  <testcase name="Run_Claims_Checks_Cleared" time="4.590" classname="Automation.Claims.Claims_Checks_Cleared_RunTest"/>
  <testcase name="Run_Claims_Checks_Cleared" time="4.721" classname="Automation.Claims.Claims_Checks_Cleared_RunTest"/>
  <testcase name="Run_Claims_Checks_Cleared" time="4.718" classname="Automation.Claims.Claims_Checks_Cleared_RunTest"/>
  <testcase name="Run_Claims_Checks_Cleared" time="4.235" classname="Automation.Claims.Claims_Checks_Cleared_RunTest"/>
  <testcase name="Run_Claims_Checks_Cleared" time="4.790" classname="Automation.Claims.Claims_Checks_Cleared_RunTest"/>
  <testcase name="Run_Claims_Checks_Cleared" time="4.490" classname="Automation.Claims.Claims_Checks_Cleared_RunTest"/>
  <testcase name="Run_Claims_Checks_Cleared" time="4.675" classname="Automation.Claims.Claims_Checks_Cleared_RunTest"/>
  <testcase name="Run_Claims_Checks_Cleared" time="4.735" classname="Automation.Claims.Claims_Checks_Cleared_RunTest"/>
  <testcase name="Run_Claims_Checks_Cleared" time="4.769" classname="Automation.Claims.Claims_Checks_Cleared_RunTest"/>
  <testcase name="Run_Claims_Checks_Cleared" time="4.509" classname="Automation.Claims.Claims_Checks_Cleared_RunTest"/>
  <testcase name="Run_Claims_Checks_Cleared" time="4.827" classname="Automation.Claims.Claims_Checks_Cleared_RunTest"/>
  <testcase name="Run_Claims_Checks_Cleared" time="4.660" classname="Automation.Claims.Claims_Checks_Cleared_RunTest"/>
  <testcase name="Run_Claims_Checks_Cleared" time="4.221" classname="Automation.Claims.Claims_Checks_Cleared_RunTest"/>
  <testcase name="Run_Claims_Checks_Cleared" time="4.491" classname="Automation.Claims.Claims_Checks_Cleared_RunTest"/>
  <testcase name="Run_Claims_Checks_Cleared" time="4.559" classname="Automation.Claims.Claims_Checks_Cleared_RunTest"/>
  <testcase name="Run_Claims_Checks_Cleared" time="4.469" classname="Automation.Claims.Claims_Checks_Cleared_RunTest"/>
  <testcase name="Run_Claims_Checks_Cleared" time="4.832" classname="Automation.Claims.Claims_Checks_Cleared_RunTest"/>
  <testcase name="Run_Claims_Checks_Cleared" time="4.720" classname="Automation.Claims.Claims_Checks_Cleared_RunTest"/>
  <testcase name="Run_Claims_Checks_Cleared" time="4.833" classname="Automation.Claims.Claims_Checks_Cleared_RunTest"/>
  <testcase name="Run_Claims_Checks_Cleared" time="4.556" classname="Automation.Claims.Claims_Checks_Cleared_RunTest"/>
  <testcase name="Run_Claims_Checks_Cleared" time="4.605" classname="Automation.Claims.Claims_Checks_Cleared_RunTest"/>
  <testcase name="Run_Claims_Checks_Cleared" time="4.043" classname="Automation.Claims.Claims_Checks_Cleared_RunTest"/>
  <testcase name="Run_Claims_Checks_Cleared" time="4.576" classname="Automation.Claims.Claims_Checks_Cleared_RunTest"/>
  <testcase name="Run_Claims_Checks_Cleared" time="4.779" classname="Automation.Claims.Claims_Checks_Cleared_RunTest"/>
  <testcase name="Run_Claims_Checks_Cleared" time="4.698" classname="Automation.Claims.Claims_Checks_Cleared_RunTest"/>
  <testcase name="Run_Claims_Checks_Cleared" time="4.478" classname="Automation.Claims.Claims_Checks_Cleared_RunTest"/>
  <testcase name="Run_Claims_Checks_Cleared" time="5.548" classname="Automation.Claims.Claims_Checks_Cleared_RunTest"/>
  <testcase name="Run_Claims_Checks_Cleared" time="4.425" classname="Automation.Claims.Claims_Checks_Cleared_RunTest"/>
  <testcase name="Run_Claims_Checks_Cleared" time="4.383" classname="Automation.Claims.Claims_Checks_Cleared_RunTest"/>
  <testcase name="Run_Claims_Checks_Cleared" time="4.872" classname="Automation.Claims.Claims_Checks_Cleared_RunTest"/>
  <testcase name="Run_Claims_Checks_Cleared" time="4.430" classname="Automation.Claims.Claims_Checks_Cleared_RunTest"/>
  <testcase name="Run_Claims_Checks_Cleared" time="4.728" classname="Automation.Claims.Claims_Checks_Cleared_RunTest"/>
  <testcase name="Run_Claims_Checks_Cleared" time="5.383" classname="Automation.Claims.Claims_Checks_Cleared_RunTest"/>
  <testcase name="Run_Claims_Checks_Cleared" time="4.928" classname="Automation.Claims.Claims_Checks_Cleared_RunTest"/>
  <testcase name="Run_Claims_Checks_Cleared" time="4.402" classname="Automation.Claims.Claims_Checks_Cleared_RunTest"/>
  <testcase name="Run_Claims_Checks_Cleared" time="4.630" classname="Automation.Claims.Claims_Checks_Cleared_RunTest"/>
  <testcase name="Run_Claims_Checks_Cleared" time="4.403" classname="Automation.Claims.Claims_Checks_Cleared_RunTest"/>
  <testcase name="Run_Claims_Checks_Cleared" time="4.618" classname="Automation.Claims.Claims_Checks_Cleared_RunTest"/>
  <testcase name="Run_Claims_Checks_Cleared" time="4.394" classname="Automation.Claims.Claims_Checks_Cleared_RunTest"/>
  <testcase name="Run_Claims_Checks_Cleared" time="4.330" classname="Automation.Claims.Claims_Checks_Cleared_RunTest"/>
  <testcase name="Run_Claims_Checks_Cleared" time="6.254" classname="Automation.Claims.Claims_Checks_Cleared_RunTest"/>
  <testcase name="Run_Claims_Checks_Cleared" time="4.395" classname="Automation.Claims.Claims_Checks_Cleared_RunTest"/>
  <testcase name="Run_Claims_Checks_Cleared" time="4.466" classname="Automation.Claims.Claims_Checks_Cleared_RunTest"/>
  <testcase name="Run_Claims_Checks_Cleared" time="4.777" classname="Automation.Claims.Claims_Checks_Cleared_RunTest"/>
  <testcase name="Run_Claims_Checks_Cleared" time="4.414" classname="Automation.Claims.Claims_Checks_Cleared_RunTest"/>
  <testcase name="Run_Claims_Checks_Cleared" time="4.393" classname="Automation.Claims.Claims_Checks_Cleared_RunTest"/>
  <testcase name="Run_Claims_Checks_Cleared" time="4.515" classname="Automation.Claims.Claims_Checks_Cleared_RunTest"/>
  <testcase name="Run_Claims_Checks_Cleared" time="4.856" classname="Automation.Claims.Claims_Checks_Cleared_RunTest"/>
  <testcase name="Run_Claims_Checks_Cleared" time="4.284" classname="Automation.Claims.Claims_Checks_Cleared_RunTest"/>
  <testcase name="Run_Claims_Checks_Cleared" time="4.925" classname="Automation.Claims.Claims_Checks_Cleared_RunTest"/>
  <testcase name="Run_Claims_Checks_Cleared" time="4.089" classname="Automation.Claims.Claims_Checks_Cleared_RunTest"/>
  <testcase name="Run_Claims_Checks_Cleared" time="4.828" classname="Automation.Claims.Claims_Checks_Cleared_RunTest"/>
  <testcase name="Run_Claims_Checks_Cleared" time="4.581" classname="Automation.Claims.Claims_Checks_Cleared_RunTest"/>
  <testcase name="Run_Claims_Checks_Cleared" time="5.751" classname="Automation.Claims.Claims_Checks_Cleared_RunTest"/>
  <testcase name="Run_Claims_Checks_Cleared" time="5.264" classname="Automation.Claims.Claims_Checks_Cleared_RunTest"/>
  <testcase name="Run_Claims_Checks_Cleared" time="4.373" classname="Automation.Claims.Claims_Checks_Cleared_RunTest"/>
  <testcase name="Run_Claims_Checks_Cleared" time="4.881" classname="Automation.Claims.Claims_Checks_Cleared_RunTest"/>
  <testcase name="Run_Claims_Checks_Cleared" time="4.571" classname="Automation.Claims.Claims_Checks_Cleared_RunTest"/>
  <testcase name="Run_Claims_Checks_Cleared" time="5.165" classname="Automation.Claims.Claims_Checks_Cleared_RunTest"/>
  <testcase name="Run_Claims_Checks_Cleared" time="4.185" classname="Automation.Claims.Claims_Checks_Cleared_RunTest"/>
  <testcase name="Run_Claims_Checks_Cleared" time="4.555" classname="Automation.Claims.Claims_Checks_Cleared_RunTest"/>
  <testcase name="Run_Claims_Checks_Cleared" time="4.173" classname="Automation.Claims.Claims_Checks_Cleared_RunTest"/>
  <testcase name="Run_Claims_Checks_Cleared" time="4.541" classname="Automation.Claims.Claims_Checks_Cleared_RunTest"/>
  <testcase name="Run_Claims_Checks_Cleared" time="4.391" classname="Automation.Claims.Claims_Checks_Cleared_RunTest"/>
  <testcase name="Run_Claims_Checks_Cleared" time="4.548" classname="Automation.Claims.Claims_Checks_Cleared_RunTest"/>
  <testcase name="Run_Claims_Checks_Cleared" time="5.347" classname="Automation.Claims.Claims_Checks_Cleared_RunTest"/>
  <testcase name="Run_Claims_Checks_Cleared" time="5.376" classname="Automation.Claims.Claims_Checks_Cleared_RunTest"/>
  <testcase name="Run_Claims_Checks_Cleared" time="4.423" classname="Automation.Claims.Claims_Checks_Cleared_RunTest"/>
  <testcase name="Run_Claims_Checks_Cleared" time="5.324" classname="Automation.Claims.Claims_Checks_Cleared_RunTest"/>
  <testcase name="Run_Claims_Checks_Cleared" time="4.722" classname="Automation.Claims.Claims_Checks_Cleared_RunTest"/>
  <testcase name="Run_Claims_Checks_Cleared" time="4.470" classname="Automation.Claims.Claims_Checks_Cleared_RunTest"/>
  <testcase name="Run_Claims_Checks_Cleared" time="4.801" classname="Automation.Claims.Claims_Checks_Cleared_RunTest"/>
  <testcase name="Run_Claims_Checks_Cleared" time="4.772" classname="Automation.Claims.Claims_Checks_Cleared_RunTest"/>
  <testcase name="Run_Claims_Checks_Cleared" time="4.662" classname="Automation.Claims.Claims_Checks_Cleared_RunTest"/>
  <testcase name="Run_Claims_Checks_Cleared" time="4.858" classname="Automation.Claims.Claims_Checks_Cleared_RunTest"/>
  <testcase name="Run_Claims_Checks_Cleared" time="4.664" classname="Automation.Claims.Claims_Checks_Cleared_RunTest"/>
  <testcase name="Run_Claims_Checks_Cleared" time="4.623" classname="Automation.Claims.Claims_Checks_Cleared_RunTest"/>
  <testcase name="Run_Claims_Checks_Cleared" time="4.581" classname="Automation.Claims.Claims_Checks_Cleared_RunTest"/>
  <testcase name="Run_Claims_Checks_Cleared" time="4.161" classname="Automation.Claims.Claims_Checks_Cleared_RunTest"/>
  <testcase name="Run_Claims_Checks_Cleared" time="4.869" classname="Automation.Claims.Claims_Checks_Cleared_RunTest"/>
  <testcase name="Run_Claims_Checks_Cleared" time="5.447" classname="Automation.Claims.Claims_Checks_Cleared_RunTest"/>
  <testcase name="Run_Claims_Checks_Cleared" time="4.566" classname="Automation.Claims.Claims_Checks_Cleared_RunTest"/>
  <testcase name="Run_Claims_Checks_Cleared" time="4.509" classname="Automation.Claims.Claims_Checks_Cleared_RunTest"/>
  <testcase name="Run_Claims_Checks_Cleared" time="4.470" classname="Automation.Claims.Claims_Checks_Cleared_RunTest"/>
  <testcase name="Run_Claims_Checks_Cleared" time="4.913" classname="Automation.Claims.Claims_Checks_Cleared_RunTest"/>
  <testcase name="Run_Claims_Checks_Cleared" time="4.411" classname="Automation.Claims.Claims_Checks_Cleared_RunTest"/>
  <testcase name="Run_Claims_Checks_Cleared" time="4.374" classname="Automation.Claims.Claims_Checks_Cleared_RunTest"/>
  <testcase name="Run_Claims_Checks_Cleared" time="5.692" classname="Automation.Claims.Claims_Checks_Cleared_RunTest"/>
  <testcase name="Run_Claims_Checks_Cleared" time="4.656" classname="Automation.Claims.Claims_Checks_Cleared_RunTest"/>
  <testcase name="Run_Claims_Checks_Cleared" time="4.812" classname="Automation.Claims.Claims_Checks_Cleared_RunTest"/>
  <testcase name="Run_Claims_Checks_Cleared" time="4.245" classname="Automation.Claims.Claims_Checks_Cleared_RunTest"/>
  <testcase name="Run_Claims_Checks_Cleared" time="4.761" classname="Automation.Claims.Claims_Checks_Cleared_RunTest"/>
  <testcase name="Run_Claims_Checks_Cleared" time="4.646" classname="Automation.Claims.Claims_Checks_Cleared_RunTest"/>
  <testcase name="Run_Claims_Checks_Cleared" time="4.408" classname="Automation.Claims.Claims_Checks_Cleared_RunTest"/>
  <testcase name="Run_Claims_Checks_Cleared" time="4.455" classname="Automation.Claims.Claims_Checks_Cleared_RunTest"/>
  <testcase name="Run_Claims_Checks_Cleared" time="4.758" classname="Automation.Claims.Claims_Checks_Cleared_RunTest"/>
  <testcase name="Run_Claims_Checks_Cleared" time="4.487" classname="Automation.Claims.Claims_Checks_Cleared_RunTest"/>
  <testcase name="Run_Claims_Checks_Cleared" time="4.443" classname="Automation.Claims.Claims_Checks_Cleared_RunTest"/>
  <testcase name="Run_Claims_Checks_Cleared" time="4.588" classname="Automation.Claims.Claims_Checks_Cleared_RunTest"/>
  <testcase name="Run_Claims_Checks_Cleared" time="4.299" classname="Automation.Claims.Claims_Checks_Cleared_RunTest"/>
  <testcase name="Run_Claims_Checks_Cleared" time="4.631" classname="Automation.Claims.Claims_Checks_Cleared_RunTest"/>
  <testcase name="Run_Claims_Checks_Cleared" time="4.461" classname="Automation.Claims.Claims_Checks_Cleared_RunTest"/>
  <testcase name="Run_Claims_Checks_Cleared" time="4.605" classname="Automation.Claims.Claims_Checks_Cleared_RunTest"/>
  <testcase name="Run_Claims_Checks_Cleared" time="5.084" classname="Automation.Claims.Claims_Checks_Cleared_RunTest"/>
  <testcase name="Run_Claims_Checks_Cleared" time="4.415" classname="Automation.Claims.Claims_Checks_Cleared_RunTest"/>
  <testcase name="Run_Claims_Checks_Cleared" time="5.431" classname="Automation.Claims.Claims_Checks_Cleared_RunTest"/>
  <testcase name="Run_Claims_Checks_Cleared" time="4.456" classname="Automation.Claims.Claims_Checks_Cleared_RunTest"/>
  <testcase name="Run_Claims_Checks_Cleared" time="4.475" classname="Automation.Claims.Claims_Checks_Cleared_RunTest"/>
  <testcase name="Run_Claims_Checks_Cleared" time="4.366" classname="Automation.Claims.Claims_Checks_Cleared_RunTest"/>
  <testcase name="Run_Claims_Checks_Cleared" time="4.511" classname="Automation.Claims.Claims_Checks_Cleared_RunTest"/>
  <testcase name="Run_Claims_Checks_Cleared" time="4.735" classname="Automation.Claims.Claims_Checks_Cleared_RunTest"/>
  <testcase name="Run_Claims_Checks_Cleared" time="4.481" classname="Automation.Claims.Claims_Checks_Cleared_RunTest"/>
  <testcase name="Run_Claims_Checks_Cleared" time="4.674" classname="Automation.Claims.Claims_Checks_Cleared_RunTest"/>
  <testcase name="Run_Claims_Checks_Cleared" time="4.838" classname="Automation.Claims.Claims_Checks_Cleared_RunTest"/>
  <testcase name="Run_Claims_Checks_Cleared" time="5.027" classname="Automation.Claims.Claims_Checks_Cleared_RunTest"/>
  <testcase name="Run_Claims_Checks_Cleared" time="4.610" classname="Automation.Claims.Claims_Checks_Cleared_RunTest"/>
  <testcase name="Run_Claims_Checks_Cleared" time="4.842" classname="Automation.Claims.Claims_Checks_Cleared_RunTest"/>
  <testcase name="Run_Claims_Checks_Cleared" time="3.880" classname="Automation.Claims.Claims_Checks_Cleared_RunTest"/>
  <testcase name="Run_Claims_Checks_Cleared" time="4.747" classname="Automation.Claims.Claims_Checks_Cleared_RunTest"/>
  <testcase name="Run_Claims_Checks_Cleared" time="4.584" classname="Automation.Claims.Claims_Checks_Cleared_RunTest"/>
  <testcase name="Run_Claims_Checks_Cleared" time="4.800" classname="Automation.Claims.Claims_Checks_Cleared_RunTest"/>
  <testcase name="Run_Claims_Checks_Cleared" time="4.408" classname="Automation.Claims.Claims_Checks_Cleared_RunTest"/>
  <testcase name="Run_Claims_Checks_Cleared" time="4.879" classname="Automation.Claims.Claims_Checks_Cleared_RunTest"/>
  <testcase name="Run_Claims_Checks_Cleared" time="4.697" classname="Automation.Claims.Claims_Checks_Cleared_RunTest"/>
  <testcase name="Run_Claims_Checks_Cleared" time="4.586" classname="Automation.Claims.Claims_Checks_Cleared_RunTest"/>
  <testcase name="Run_Claims_Checks_Cleared" time="4.403" classname="Automation.Claims.Claims_Checks_Cleared_RunTest"/>
  <testcase name="Run_Claims_Checks_Cleared" time="4.673" classname="Automation.Claims.Claims_Checks_Cleared_RunTest"/>
  <testcase name="Run_Claims_Checks_Cleared" time="5.734" classname="Automation.Claims.Claims_Checks_Cleared_RunTest"/>
  <testcase name="Run_Claims_Checks_Cleared" time="4.326" classname="Automation.Claims.Claims_Checks_Cleared_RunTest"/>
  <testcase name="Run_Claims_Checks_Cleared" time="4.555" classname="Automation.Claims.Claims_Checks_Cleared_RunTest"/>
  <testcase name="Run_Claims_Checks_Cleared" time="4.239" classname="Automation.Claims.Claims_Checks_Cleared_RunTest"/>
  <testcase name="Run_Claims_Checks_Cleared" time="4.548" classname="Automation.Claims.Claims_Checks_Cleared_RunTest"/>
  <testcase name="Run_Claims_Checks_Cleared" time="4.202" classname="Automation.Claims.Claims_Checks_Cleared_RunTest"/>
  <testcase name="Run_Claims_Checks_Cleared" time="4.589" classname="Automation.Claims.Claims_Checks_Cleared_RunTest"/>
  <testcase name="Run_Claims_Checks_Cleared" time="4.274" classname="Automation.Claims.Claims_Checks_Cleared_RunTest"/>
  <testcase name="Run_Claims_Checks_Cleared" time="4.615" classname="Automation.Claims.Claims_Checks_Cleared_RunTest"/>
  <testcase name="Run_Claims_Checks_Cleared" time="4.480" classname="Automation.Claims.Claims_Checks_Cleared_RunTest"/>
  <testcase name="Run_Claims_Checks_Cleared" time="5.001" classname="Automation.Claims.Claims_Checks_Cleared_RunTest"/>
  <testcase name="Run_Claims_Checks_Cleared" time="4.437" classname="Automation.Claims.Claims_Checks_Cleared_RunTest"/>
  <testcase name="Run_Claims_Checks_Cleared" time="4.724" classname="Automation.Claims.Claims_Checks_Cleared_RunTest"/>
  <testcase name="Run_Claims_Checks_Cleared" time="4.223" classname="Automation.Claims.Claims_Checks_Cleared_RunTest"/>
  <testcase name="Run_Claims_Checks_Cleared" time="4.570" classname="Automation.Claims.Claims_Checks_Cleared_RunTest"/>
  <testcase name="Run_Claims_Checks_Cleared" time="4.426" classname="Automation.Claims.Claims_Checks_Cleared_RunTest"/>
  <testcase name="Run_Claims_Checks_Cleared" time="4.469" classname="Automation.Claims.Claims_Checks_Cleared_RunTest"/>
  <testcase name="Run_Claims_Checks_Cleared" time="4.979" classname="Automation.Claims.Claims_Checks_Cleared_RunTest"/>
  <testcase name="Run_Claims_Checks_Cleared" time="4.446" classname="Automation.Claims.Claims_Checks_Cleared_RunTest"/>
  <testcase name="Run_Claims_Checks_Cleared" time="4.375" classname="Automation.Claims.Claims_Checks_Cleared_RunTest"/>
  <testcase name="Run_Claims_Checks_Cleared" time="4.590" classname="Automation.Claims.Claims_Checks_Cleared_RunTest"/>
  <testcase name="Run_Claims_Checks_Cleared" time="4.393" classname="Automation.Claims.Claims_Checks_Cleared_RunTest"/>
  <testcase name="Run_Claims_Checks_Cleared" time="4.459" classname="Automation.Claims.Claims_Checks_Cleared_RunTest"/>
  <testcase name="Run_Claims_Checks_Cleared" time="5.084" classname="Automation.Claims.Claims_Checks_Cleared_RunTest"/>
  <testcase name="Run_Claims_Checks_Cleared" time="4.313" classname="Automation.Claims.Claims_Checks_Cleared_RunTest"/>
  <testcase name="Run_Claims_Checks_Cleared" time="7.435" classname="Automation.Claims.Claims_Checks_Cleared_RunTest"/>
  <testcase name="Run_Claims_Checks_Cleared" time="5.471" classname="Automation.Claims.Claims_Checks_Cleared_RunTest"/>
  <testcase name="Run_Claims_Checks_Cleared" time="5.063" classname="Automation.Claims.Claims_Checks_Cleared_RunTest"/>
  <testcase name="Run_Claims_Checks_Cleared" time="4.721" classname="Automation.Claims.Claims_Checks_Cleared_RunTest"/>
  <testcase name="Run_Claims_Checks_Cleared" time="5.017" classname="Automation.Claims.Claims_Checks_Cleared_RunTest"/>
  <testcase name="Run_Claims_Checks_Cleared" time="4.409" classname="Automation.Claims.Claims_Checks_Cleared_RunTest"/>
  <testcase name="Run_Claims_Checks_Cleared" time="4.360" classname="Automation.Claims.Claims_Checks_Cleared_RunTest"/>
  <testcase name="Run_Claims_Checks_Cleared" time="4.471" classname="Automation.Claims.Claims_Checks_Cleared_RunTest"/>
  <testcase name="Run_Claims_Checks_Cleared" time="5.035" classname="Automation.Claims.Claims_Checks_Cleared_RunTest"/>
  <testcase name="Run_Claims_Checks_Cleared" time="4.633" classname="Automation.Claims.Claims_Checks_Cleared_RunTest"/>
  <testcase name="Run_Claims_Checks_Cleared" time="5.084" classname="Automation.Claims.Claims_Checks_Cleared_RunTest"/>
  <testcase name="Run_Claims_Checks_Cleared" time="4.468" classname="Automation.Claims.Claims_Checks_Cleared_RunTest"/>
  <testcase name="Run_Claims_Checks_Cleared" time="4.253" classname="Automation.Claims.Claims_Checks_Cleared_RunTest"/>
  <testcase name="Run_Claims_Checks_Cleared" time="4.765" classname="Automation.Claims.Claims_Checks_Cleared_RunTest"/>
  <testcase name="Run_Claims_Checks_Cleared" time="4.418" classname="Automation.Claims.Claims_Checks_Cleared_RunTest"/>
  <testcase name="Run_Claims_Checks_Cleared" time="4.824" classname="Automation.Claims.Claims_Checks_Cleared_RunTest"/>
  <testcase name="Run_Claims_Checks_Cleared" time="4.311" classname="Automation.Claims.Claims_Checks_Cleared_RunTest"/>
  <testcase name="Run_Claims_Checks_Cleared" time="4.765" classname="Automation.Claims.Claims_Checks_Cleared_RunTest"/>
  <testcase name="Run_Claims_Checks_Cleared" time="5.005" classname="Automation.Claims.Claims_Checks_Cleared_RunTest"/>
  <testcase name="Run_Claims_Checks_Cleared" time="5.943" classname="Automation.Claims.Claims_Checks_Cleared_RunTest"/>
  <testcase name="Run_Claims_Checks_Cleared" time="4.899" classname="Automation.Claims.Claims_Checks_Cleared_RunTest"/>
  <testcase name="Run_Claims_Checks_Cleared" time="5.064" classname="Automation.Claims.Claims_Checks_Cleared_RunTest"/>
  <testcase name="Run_Claims_Checks_Cleared" time="5.835" classname="Automation.Claims.Claims_Checks_Cleared_RunTest"/>
  <testcase name="Run_Claims_Checks_Cleared" time="5.653" classname="Automation.Claims.Claims_Checks_Cleared_RunTest"/>
  <testcase name="Run_Claims_Checks_Cleared" time="4.493" classname="Automation.Claims.Claims_Checks_Cleared_RunTest"/>
  <testcase name="Run_Claims_Checks_Cleared" time="5.846" classname="Automation.Claims.Claims_Checks_Cleared_RunTest"/>
  <testcase name="Run_Claims_Checks_Cleared" time="4.478" classname="Automation.Claims.Claims_Checks_Cleared_RunTest"/>
  <testcase name="Run_Claims_Checks_Cleared" time="4.481" classname="Automation.Claims.Claims_Checks_Cleared_RunTest"/>
  <testcase name="Run_Claims_Checks_Cleared" time="4.524" classname="Automation.Claims.Claims_Checks_Cleared_RunTest"/>
  <testcase name="Run_Claims_Checks_Cleared" time="4.354" classname="Automation.Claims.Claims_Checks_Cleared_RunTest"/>
  <testcase name="Run_Claims_Checks_Cleared" time="4.711" classname="Automation.Claims.Claims_Checks_Cleared_RunTest"/>
  <testcase name="Run_Claims_Checks_Cleared" time="4.490" classname="Automation.Claims.Claims_Checks_Cleared_RunTest"/>
  <testcase name="Run_Claims_Checks_Cleared" time="4.388" classname="Automation.Claims.Claims_Checks_Cleared_RunTest"/>
  <testcase name="Run_Claims_Checks_Cleared" time="4.568" classname="Automation.Claims.Claims_Checks_Cleared_RunTest"/>
  <testcase name="Run_Claims_Checks_Cleared" time="4.510" classname="Automation.Claims.Claims_Checks_Cleared_RunTest"/>
  <testcase name="Run_Claims_Checks_Cleared" time="5.273" classname="Automation.Claims.Claims_Checks_Cleared_RunTest"/>
  <testcase name="Run_Claims_Checks_Cleared" time="4.404" classname="Automation.Claims.Claims_Checks_Cleared_RunTest"/>
  <testcase name="Run_Claims_Checks_Cleared" time="4.450" classname="Automation.Claims.Claims_Checks_Cleared_RunTest"/>
  <testcase name="Run_Claims_Checks_Cleared" time="5.251" classname="Automation.Claims.Claims_Checks_Cleared_RunTest"/>
  <testcase name="Run_Claims_Checks_Cleared" time="4.790" classname="Automation.Claims.Claims_Checks_Cleared_RunTest"/>
  <testcase name="Run_Claims_Checks_Cleared" time="4.168" classname="Automation.Claims.Claims_Checks_Cleared_RunTest"/>
  <testcase name="Run_Claims_Checks_Cleared" time="4.642" classname="Automation.Claims.Claims_Checks_Cleared_RunTest"/>
  <testcase name="Run_Claims_Checks_Cleared" time="4.421" classname="Automation.Claims.Claims_Checks_Cleared_RunTest"/>
  <testcase name="Run_Claims_Checks_Cleared" time="4.380" classname="Automation.Claims.Claims_Checks_Cleared_RunTest"/>
  <testcase name="Run_Claims_Checks_Cleared" time="4.631" classname="Automation.Claims.Claims_Checks_Cleared_RunTest"/>
  <testcase name="Run_Claims_Checks_Cleared" time="4.133" classname="Automation.Claims.Claims_Checks_Cleared_RunTest"/>
  <testcase name="Run_Claims_Checks_Cleared" time="4.516" classname="Automation.Claims.Claims_Checks_Cleared_RunTest"/>
  <testcase name="Run_Claims_Checks_Cleared" time="4.575" classname="Automation.Claims.Claims_Checks_Cleared_RunTest"/>
  <testcase name="Run_Claims_Checks_Cleared" time="4.278" classname="Automation.Claims.Claims_Checks_Cleared_RunTest"/>
  <testcase name="Run_Claims_Checks_Cleared" time="4.748" classname="Automation.Claims.Claims_Checks_Cleared_RunTest"/>
  <testcase name="Run_Claims_Checks_Cleared" time="5.467" classname="Automation.Claims.Claims_Checks_Cleared_RunTest"/>
  <testcase name="Run_Claims_Checks_Cleared" time="4.626" classname="Automation.Claims.Claims_Checks_Cleared_RunTest"/>
  <testcase name="Run_Claims_Checks_Cleared" time="4.959" classname="Automation.Claims.Claims_Checks_Cleared_RunTest"/>
  <testcase name="Run_Claims_Checks_Cleared" time="5.372" classname="Automation.Claims.Claims_Checks_Cleared_RunTest"/>
  <testcase name="Run_Claims_Checks_Cleared" time="4.457" classname="Automation.Claims.Claims_Checks_Cleared_RunTest"/>
  <testcase name="Run_Claims_Checks_Cleared" time="4.501" classname="Automation.Claims.Claims_Checks_Cleared_RunTest"/>
  <testcase name="Run_Claims_Checks_Cleared" time="5.430" classname="Automation.Claims.Claims_Checks_Cleared_RunTest"/>
  <testcase name="Run_Claims_Checks_Cleared" time="5.613" classname="Automation.Claims.Claims_Checks_Cleared_RunTest"/>
  <testcase name="Run_Claims_Checks_Cleared" time="4.722" classname="Automation.Claims.Claims_Checks_Cleared_RunTest"/>
  <testcase name="Run_Claims_Checks_Cleared" time="4.476" classname="Automation.Claims.Claims_Checks_Cleared_RunTest"/>
  <testcase name="Run_Claims_Checks_Cleared" time="5.769" classname="Automation.Claims.Claims_Checks_Cleared_RunTest"/>
  <testcase name="Run_Claims_Checks_Cleared" time="4.710" classname="Automation.Claims.Claims_Checks_Cleared_RunTest"/>
  <testcase name="Run_Claims_Checks_Cleared" time="4.392" classname="Automation.Claims.Claims_Checks_Cleared_RunTest"/>
  <testcase name="Run_Claims_Checks_Cleared" time="4.630" classname="Automation.Claims.Claims_Checks_Cleared_RunTest"/>
  <testcase name="Run_Claims_Checks_Cleared" time="4.607" classname="Automation.Claims.Claims_Checks_Cleared_RunTest"/>
  <testcase name="Run_Claims_Checks_Cleared" time="5.145" classname="Automation.Claims.Claims_Checks_Cleared_RunTest"/>
  <testcase name="Run_Claims_Checks_Cleared" time="4.519" classname="Automation.Claims.Claims_Checks_Cleared_RunTest"/>
  <testcase name="Run_Claims_Checks_Cleared" time="6.036" classname="Automation.Claims.Claims_Checks_Cleared_RunTest"/>
  <testcase name="Run_Claims_Checks_Cleared" time="4.599" classname="Automation.Claims.Claims_Checks_Cleared_RunTest"/>
  <testcase name="Run_Claims_Checks_Cleared" time="4.326" classname="Automation.Claims.Claims_Checks_Cleared_RunTest"/>
  <testcase name="Run_Claims_Checks_Cleared" time="5.276" classname="Automation.Claims.Claims_Checks_Cleared_RunTest"/>
  <testcase name="Run_Claims_Checks_Cleared" time="4.855" classname="Automation.Claims.Claims_Checks_Cleared_RunTest"/>
  <testcase name="Run_Claims_Checks_Cleared" time="5.580" classname="Automation.Claims.Claims_Checks_Cleared_RunTest"/>
  <testcase name="Run_Claims_Checks_Cleared" time="4.351" classname="Automation.Claims.Claims_Checks_Cleared_RunTest"/>
  <testcase name="Run_Claims_Checks_Cleared" time="4.366" classname="Automation.Claims.Claims_Checks_Cleared_RunTest"/>
  <testcase name="Run_Claims_Checks_Cleared" time="4.527" classname="Automation.Claims.Claims_Checks_Cleared_RunTest"/>
  <testcase name="Run_Claims_Checks_Cleared" time="4.312" classname="Automation.Claims.Claims_Checks_Cleared_RunTest"/>
  <testcase name="Run_Claims_Checks_Cleared" time="4.484" classname="Automation.Claims.Claims_Checks_Cleared_RunTest"/>
  <testcase name="Run_Claims_Checks_Cleared" time="5.586" classname="Automation.Claims.Claims_Checks_Cleared_RunTest"/>
  <testcase name="Run_Claims_Checks_Cleared" time="4.776" classname="Automation.Claims.Claims_Checks_Cleared_RunTest"/>
  <testcase name="Run_Claims_Checks_Cleared" time="4.164" classname="Automation.Claims.Claims_Checks_Cleared_RunTest"/>
  <testcase name="Run_Claims_Checks_Cleared" time="5.142" classname="Automation.Claims.Claims_Checks_Cleared_RunTest"/>
  <testcase name="Run_Claims_Checks_Cleared" time="4.502" classname="Automation.Claims.Claims_Checks_Cleared_RunTest"/>
  <testcase name="Run_Claims_Checks_Cleared" time="4.712" classname="Automation.Claims.Claims_Checks_Cleared_RunTest"/>
  <testcase name="Run_Claims_Checks_Cleared" time="4.348" classname="Automation.Claims.Claims_Checks_Cleared_RunTest"/>
  <testcase name="Run_Claims_Checks_Cleared" time="4.663" classname="Automation.Claims.Claims_Checks_Cleared_RunTest"/>
  <testcase name="Run_Claims_Checks_Cleared" time="4.264" classname="Automation.Claims.Claims_Checks_Cleared_RunTest"/>
  <testcase name="Run_Claims_Checks_Cleared" time="4.787" classname="Automation.Claims.Claims_Checks_Cleared_RunTest"/>
  <testcase name="Run_Claims_Checks_Cleared" time="4.314" classname="Automation.Claims.Claims_Checks_Cleared_RunTest"/>
  <testcase name="Run_Claims_Checks_Cleared" time="4.587" classname="Automation.Claims.Claims_Checks_Cleared_RunTest"/>
  <testcase name="Run_Claims_Checks_Cleared" time="4.622" classname="Automation.Claims.Claims_Checks_Cleared_RunTest"/>
  <testcase name="Run_Claims_Checks_Cleared" time="5.611" classname="Automation.Claims.Claims_Checks_Cleared_RunTest"/>
  <testcase name="Run_Claims_Checks_Cleared" time="4.579" classname="Automation.Claims.Claims_Checks_Cleared_RunTest"/>
</testsuite> <!-- Automation.Claims.Claims_Checks_Cleared_RunTest -->
