<?xml version="1.0" encoding="UTF-8"?>
<!-- Generated by org.testng.reporters.JUnitReportReporter -->
<testsuite hostname="BWCDPH2" failures="0" tests="30" name="Automation.Claims.Claim_Payment_Notes_Run" time="363.516" errors="0" timestamp="25 Apr 2018 17:02:19 GMT" skipped="0">
  <testcase classname="Automation.Claims.Claim_Payment_Notes_Run" name="Run_Claim_Payment_Notes" time="13.771"/>
  <testcase classname="Automation.Claims.Claim_Payment_Notes_Run" name="Run_Claim_Payment_Notes" time="7.583"/>
  <testcase classname="Automation.Claims.Claim_Payment_Notes_Run" name="Run_Claim_Payment_Notes" time="9.392"/>
  <testcase classname="Automation.Claims.Claim_Payment_Notes_Run" name="Run_Claim_Payment_Notes" time="7.686"/>
  <testcase classname="Automation.Claims.Claim_Payment_Notes_Run" name="Run_Claim_Payment_Notes" time="10.349"/>
  <testcase classname="Automation.Claims.Claim_Payment_Notes_Run" name="Run_Claim_Payment_Notes" time="13.131"/>
  <testcase classname="Automation.Claims.Claim_Payment_Notes_Run" name="Run_Claim_Payment_Notes" time="9.101"/>
  <testcase classname="Automation.Claims.Claim_Payment_Notes_Run" name="Run_Claim_Payment_Notes" time="9.914"/>
  <testcase classname="Automation.Claims.Claim_Payment_Notes_Run" name="Run_Claim_Payment_Notes" time="19.837"/>
  <testcase classname="Automation.Claims.Claim_Payment_Notes_Run" name="Run_Claim_Payment_Notes" time="8.582"/>
  <testcase classname="Automation.Claims.Claim_Payment_Notes_Run" name="Run_Claim_Payment_Notes" time="13.804"/>
  <testcase classname="Automation.Claims.Claim_Payment_Notes_Run" name="Run_Claim_Payment_Notes" time="9.629"/>
  <testcase classname="Automation.Claims.Claim_Payment_Notes_Run" name="Run_Claim_Payment_Notes" time="11.028"/>
  <testcase classname="Automation.Claims.Claim_Payment_Notes_Run" name="Run_Claim_Payment_Notes" time="11.520"/>
  <testcase classname="Automation.Claims.Claim_Payment_Notes_Run" name="Run_Claim_Payment_Notes" time="8.739"/>
  <testcase classname="Automation.Claims.Claim_Payment_Notes_Run" name="Run_Claim_Payment_Notes" time="8.411"/>
  <testcase classname="Automation.Claims.Claim_Payment_Notes_Run" name="Run_Claim_Payment_Notes" time="21.353"/>
  <testcase classname="Automation.Claims.Claim_Payment_Notes_Run" name="Run_Claim_Payment_Notes" time="12.533"/>
  <testcase classname="Automation.Claims.Claim_Payment_Notes_Run" name="Run_Claim_Payment_Notes" time="19.029"/>
  <testcase classname="Automation.Claims.Claim_Payment_Notes_Run" name="Run_Claim_Payment_Notes" time="8.033"/>
  <testcase classname="Automation.Claims.Claim_Payment_Notes_Run" name="Run_Claim_Payment_Notes" time="8.120"/>
  <testcase classname="Automation.Claims.Claim_Payment_Notes_Run" name="Run_Claim_Payment_Notes" time="23.867"/>
  <testcase classname="Automation.Claims.Claim_Payment_Notes_Run" name="Run_Claim_Payment_Notes" time="15.643"/>
  <testcase classname="Automation.Claims.Claim_Payment_Notes_Run" name="Run_Claim_Payment_Notes" time="7.707"/>
  <testcase classname="Automation.Claims.Claim_Payment_Notes_Run" name="Run_Claim_Payment_Notes" time="19.849"/>
  <testcase classname="Automation.Claims.Claim_Payment_Notes_Run" name="Run_Claim_Payment_Notes" time="8.625"/>
  <testcase classname="Automation.Claims.Claim_Payment_Notes_Run" name="Run_Claim_Payment_Notes" time="9.921"/>
  <testcase classname="Automation.Claims.Claim_Payment_Notes_Run" name="Run_Claim_Payment_Notes" time="18.408"/>
  <testcase classname="Automation.Claims.Claim_Payment_Notes_Run" name="Run_Claim_Payment_Notes" time="8.230"/>
  <testcase classname="Automation.Claims.Claim_Payment_Notes_Run" name="Run_Claim_Payment_Notes" time="9.721"/>
</testsuite> <!-- Automation.Claims.Claim_Payment_Notes_Run -->
