<?xml version="1.0" encoding="UTF-8"?>
<!-- Generated by org.testng.reporters.JUnitReportReporter -->
<testsuite hostname="BWCDPH2" failures="0" tests="1" name="Automation.Claims.Coverage_ValidationTest" time="10.508" errors="0" timestamp="06 Aug 2018 19:45:21 GMT" skipped="0">
  <testcase classname="Automation.Claims.Coverage_ValidationTest" name="Run_Coverage_Validation" time="10.508"/>
</testsuite> <!-- Automation.Claims.Coverage_ValidationTest -->
