<?xml version="1.0" encoding="UTF-8"?>
<!-- Generated by org.testng.reporters.JUnitReportReporter -->
<testsuite hostname="BWCDPH2" failures="0" tests="1" name="Automation.Claims.Claims_Run" time="15.405" errors="0" timestamp="17 Apr 2018 20:40:52 GMT" skipped="0">
  <testcase classname="Automation.Claims.Claims_Run" name="RunClaims" time="15.405"/>
</testsuite> <!-- Automation.Claims.Claims_Run -->
