<?xml version="1.0" encoding="UTF-8"?>
<!-- Generated by org.testng.reporters.JUnitReportReporter -->
<testsuite skipped="0" hostname="BWCDPH2" name="Automation.Claims.DummyTest" tests="1" failures="0" timestamp="13 Dec 2018 20:55:10 GMT" time="0.010" errors="0">
  <testcase name="Dummy" time="0.010" classname="Automation.Claims.DummyTest"/>
</testsuite> <!-- Automation.Claims.DummyTest -->
