<?xml version="1.0" encoding="UTF-8"?>
<!-- Generated by org.testng.reporters.JUnitReportReporter -->
<testsuite skipped="0" hostname="BWCDPH2" name="Automation.Claims.SerengetTest" tests="11" failures="0" timestamp="22 Mar 2019 12:33:22 GMT" time="359.211" errors="0">
  <testcase name="Run_Hancock_Data" time="33.663" classname="Automation.Claims.SerengetTest"/>
  <testcase name="Run_Hancock_Data" time="33.843" classname="Automation.Claims.SerengetTest"/>
  <testcase name="Run_Hancock_Data" time="32.160" classname="Automation.Claims.SerengetTest"/>
  <testcase name="Run_Hancock_Data" time="32.820" classname="Automation.Claims.SerengetTest"/>
  <testcase name="Run_Hancock_Data" time="31.188" classname="Automation.Claims.SerengetTest"/>
  <testcase name="Run_Hancock_Data" time="32.131" classname="Automation.Claims.SerengetTest"/>
  <testcase name="Run_Hancock_Data" time="33.402" classname="Automation.Claims.SerengetTest"/>
  <testcase name="Run_Hancock_Data" time="32.932" classname="Automation.Claims.SerengetTest"/>
  <testcase name="Run_Hancock_Data" time="32.193" classname="Automation.Claims.SerengetTest"/>
  <testcase name="Run_Hancock_Data" time="32.920" classname="Automation.Claims.SerengetTest"/>
  <testcase name="Run_Hancock_Data" time="31.959" classname="Automation.Claims.SerengetTest"/>
</testsuite> <!-- Automation.Claims.SerengetTest -->
