<?xml version="1.0" encoding="UTF-8"?>
<!-- Generated by org.testng.reporters.JUnitReportReporter -->
<testsuite hostname="BWCDPH2" failures="0" tests="97" name="Automation.Claims.Claims_AdjusterTest" time="2026.323" errors="0" timestamp="21 Sep 2018 12:55:21 GMT" skipped="0">
  <testcase classname="Automation.Claims.Claims_AdjusterTest" name="Run_Claim_Adjuster" time="21.149"/>
  <testcase classname="Automation.Claims.Claims_AdjusterTest" name="Run_Claim_Adjuster" time="21.657"/>
  <testcase classname="Automation.Claims.Claims_AdjusterTest" name="Run_Claim_Adjuster" time="21.446"/>
  <testcase classname="Automation.Claims.Claims_AdjusterTest" name="Run_Claim_Adjuster" time="22.286"/>
  <testcase classname="Automation.Claims.Claims_AdjusterTest" name="Run_Claim_Adjuster" time="21.506"/>
  <testcase classname="Automation.Claims.Claims_AdjusterTest" name="Run_Claim_Adjuster" time="20.063"/>
  <testcase classname="Automation.Claims.Claims_AdjusterTest" name="Run_Claim_Adjuster" time="21.052"/>
  <testcase classname="Automation.Claims.Claims_AdjusterTest" name="Run_Claim_Adjuster" time="21.904"/>
  <testcase classname="Automation.Claims.Claims_AdjusterTest" name="Run_Claim_Adjuster" time="23.937"/>
  <testcase classname="Automation.Claims.Claims_AdjusterTest" name="Run_Claim_Adjuster" time="20.839"/>
  <testcase classname="Automation.Claims.Claims_AdjusterTest" name="Run_Claim_Adjuster" time="21.072"/>
  <testcase classname="Automation.Claims.Claims_AdjusterTest" name="Run_Claim_Adjuster" time="21.145"/>
  <testcase classname="Automation.Claims.Claims_AdjusterTest" name="Run_Claim_Adjuster" time="21.391"/>
  <testcase classname="Automation.Claims.Claims_AdjusterTest" name="Run_Claim_Adjuster" time="22.045"/>
  <testcase classname="Automation.Claims.Claims_AdjusterTest" name="Run_Claim_Adjuster" time="22.589"/>
  <testcase classname="Automation.Claims.Claims_AdjusterTest" name="Run_Claim_Adjuster" time="20.583"/>
  <testcase classname="Automation.Claims.Claims_AdjusterTest" name="Run_Claim_Adjuster" time="21.527"/>
  <testcase classname="Automation.Claims.Claims_AdjusterTest" name="Run_Claim_Adjuster" time="23.416"/>
  <testcase classname="Automation.Claims.Claims_AdjusterTest" name="Run_Claim_Adjuster" time="20.899"/>
  <testcase classname="Automation.Claims.Claims_AdjusterTest" name="Run_Claim_Adjuster" time="21.045"/>
  <testcase classname="Automation.Claims.Claims_AdjusterTest" name="Run_Claim_Adjuster" time="22.649"/>
  <testcase classname="Automation.Claims.Claims_AdjusterTest" name="Run_Claim_Adjuster" time="20.583"/>
  <testcase classname="Automation.Claims.Claims_AdjusterTest" name="Run_Claim_Adjuster" time="19.936"/>
  <testcase classname="Automation.Claims.Claims_AdjusterTest" name="Run_Claim_Adjuster" time="22.159"/>
  <testcase classname="Automation.Claims.Claims_AdjusterTest" name="Run_Claim_Adjuster" time="20.799"/>
  <testcase classname="Automation.Claims.Claims_AdjusterTest" name="Run_Claim_Adjuster" time="22.393"/>
  <testcase classname="Automation.Claims.Claims_AdjusterTest" name="Run_Claim_Adjuster" time="22.098"/>
  <testcase classname="Automation.Claims.Claims_AdjusterTest" name="Run_Claim_Adjuster" time="20.889"/>
  <testcase classname="Automation.Claims.Claims_AdjusterTest" name="Run_Claim_Adjuster" time="20.902"/>
  <testcase classname="Automation.Claims.Claims_AdjusterTest" name="Run_Claim_Adjuster" time="21.567"/>
  <testcase classname="Automation.Claims.Claims_AdjusterTest" name="Run_Claim_Adjuster" time="21.433"/>
  <testcase classname="Automation.Claims.Claims_AdjusterTest" name="Run_Claim_Adjuster" time="9.136"/>
  <testcase classname="Automation.Claims.Claims_AdjusterTest" name="Run_Claim_Adjuster" time="21.678"/>
  <testcase classname="Automation.Claims.Claims_AdjusterTest" name="Run_Claim_Adjuster" time="21.335"/>
  <testcase classname="Automation.Claims.Claims_AdjusterTest" name="Run_Claim_Adjuster" time="21.116"/>
  <testcase classname="Automation.Claims.Claims_AdjusterTest" name="Run_Claim_Adjuster" time="20.418"/>
  <testcase classname="Automation.Claims.Claims_AdjusterTest" name="Run_Claim_Adjuster" time="22.311"/>
  <testcase classname="Automation.Claims.Claims_AdjusterTest" name="Run_Claim_Adjuster" time="21.333"/>
  <testcase classname="Automation.Claims.Claims_AdjusterTest" name="Run_Claim_Adjuster" time="22.308"/>
  <testcase classname="Automation.Claims.Claims_AdjusterTest" name="Run_Claim_Adjuster" time="10.929"/>
  <testcase classname="Automation.Claims.Claims_AdjusterTest" name="Run_Claim_Adjuster" time="20.778"/>
  <testcase classname="Automation.Claims.Claims_AdjusterTest" name="Run_Claim_Adjuster" time="22.729"/>
  <testcase classname="Automation.Claims.Claims_AdjusterTest" name="Run_Claim_Adjuster" time="20.800"/>
  <testcase classname="Automation.Claims.Claims_AdjusterTest" name="Run_Claim_Adjuster" time="21.825"/>
  <testcase classname="Automation.Claims.Claims_AdjusterTest" name="Run_Claim_Adjuster" time="20.613"/>
  <testcase classname="Automation.Claims.Claims_AdjusterTest" name="Run_Claim_Adjuster" time="20.991"/>
  <testcase classname="Automation.Claims.Claims_AdjusterTest" name="Run_Claim_Adjuster" time="20.713"/>
  <testcase classname="Automation.Claims.Claims_AdjusterTest" name="Run_Claim_Adjuster" time="22.542"/>
  <testcase classname="Automation.Claims.Claims_AdjusterTest" name="Run_Claim_Adjuster" time="21.291"/>
  <testcase classname="Automation.Claims.Claims_AdjusterTest" name="Run_Claim_Adjuster" time="21.490"/>
  <testcase classname="Automation.Claims.Claims_AdjusterTest" name="Run_Claim_Adjuster" time="20.855"/>
  <testcase classname="Automation.Claims.Claims_AdjusterTest" name="Run_Claim_Adjuster" time="21.518"/>
  <testcase classname="Automation.Claims.Claims_AdjusterTest" name="Run_Claim_Adjuster" time="21.827"/>
  <testcase classname="Automation.Claims.Claims_AdjusterTest" name="Run_Claim_Adjuster" time="22.112"/>
  <testcase classname="Automation.Claims.Claims_AdjusterTest" name="Run_Claim_Adjuster" time="21.708"/>
  <testcase classname="Automation.Claims.Claims_AdjusterTest" name="Run_Claim_Adjuster" time="20.755"/>
  <testcase classname="Automation.Claims.Claims_AdjusterTest" name="Run_Claim_Adjuster" time="21.252"/>
  <testcase classname="Automation.Claims.Claims_AdjusterTest" name="Run_Claim_Adjuster" time="21.925"/>
  <testcase classname="Automation.Claims.Claims_AdjusterTest" name="Run_Claim_Adjuster" time="21.463"/>
  <testcase classname="Automation.Claims.Claims_AdjusterTest" name="Run_Claim_Adjuster" time="21.285"/>
  <testcase classname="Automation.Claims.Claims_AdjusterTest" name="Run_Claim_Adjuster" time="9.955"/>
  <testcase classname="Automation.Claims.Claims_AdjusterTest" name="Run_Claim_Adjuster" time="21.240"/>
  <testcase classname="Automation.Claims.Claims_AdjusterTest" name="Run_Claim_Adjuster" time="21.880"/>
  <testcase classname="Automation.Claims.Claims_AdjusterTest" name="Run_Claim_Adjuster" time="21.146"/>
  <testcase classname="Automation.Claims.Claims_AdjusterTest" name="Run_Claim_Adjuster" time="21.021"/>
  <testcase classname="Automation.Claims.Claims_AdjusterTest" name="Run_Claim_Adjuster" time="22.365"/>
  <testcase classname="Automation.Claims.Claims_AdjusterTest" name="Run_Claim_Adjuster" time="21.464"/>
  <testcase classname="Automation.Claims.Claims_AdjusterTest" name="Run_Claim_Adjuster" time="21.484"/>
  <testcase classname="Automation.Claims.Claims_AdjusterTest" name="Run_Claim_Adjuster" time="21.455"/>
  <testcase classname="Automation.Claims.Claims_AdjusterTest" name="Run_Claim_Adjuster" time="21.018"/>
  <testcase classname="Automation.Claims.Claims_AdjusterTest" name="Run_Claim_Adjuster" time="22.154"/>
  <testcase classname="Automation.Claims.Claims_AdjusterTest" name="Run_Claim_Adjuster" time="22.723"/>
  <testcase classname="Automation.Claims.Claims_AdjusterTest" name="Run_Claim_Adjuster" time="21.764"/>
  <testcase classname="Automation.Claims.Claims_AdjusterTest" name="Run_Claim_Adjuster" time="20.716"/>
  <testcase classname="Automation.Claims.Claims_AdjusterTest" name="Run_Claim_Adjuster" time="20.934"/>
  <testcase classname="Automation.Claims.Claims_AdjusterTest" name="Run_Claim_Adjuster" time="21.973"/>
  <testcase classname="Automation.Claims.Claims_AdjusterTest" name="Run_Claim_Adjuster" time="22.131"/>
  <testcase classname="Automation.Claims.Claims_AdjusterTest" name="Run_Claim_Adjuster" time="10.851"/>
  <testcase classname="Automation.Claims.Claims_AdjusterTest" name="Run_Claim_Adjuster" time="21.400"/>
  <testcase classname="Automation.Claims.Claims_AdjusterTest" name="Run_Claim_Adjuster" time="23.492"/>
  <testcase classname="Automation.Claims.Claims_AdjusterTest" name="Run_Claim_Adjuster" time="21.247"/>
  <testcase classname="Automation.Claims.Claims_AdjusterTest" name="Run_Claim_Adjuster" time="10.197"/>
  <testcase classname="Automation.Claims.Claims_AdjusterTest" name="Run_Claim_Adjuster" time="21.021"/>
  <testcase classname="Automation.Claims.Claims_AdjusterTest" name="Run_Claim_Adjuster" time="21.005"/>
  <testcase classname="Automation.Claims.Claims_AdjusterTest" name="Run_Claim_Adjuster" time="21.270"/>
  <testcase classname="Automation.Claims.Claims_AdjusterTest" name="Run_Claim_Adjuster" time="21.754"/>
  <testcase classname="Automation.Claims.Claims_AdjusterTest" name="Run_Claim_Adjuster" time="26.207"/>
  <testcase classname="Automation.Claims.Claims_AdjusterTest" name="Run_Claim_Adjuster" time="21.821"/>
  <testcase classname="Automation.Claims.Claims_AdjusterTest" name="Run_Claim_Adjuster" time="23.788"/>
  <testcase classname="Automation.Claims.Claims_AdjusterTest" name="Run_Claim_Adjuster" time="9.230"/>
  <testcase classname="Automation.Claims.Claims_AdjusterTest" name="Run_Claim_Adjuster" time="20.705"/>
  <testcase classname="Automation.Claims.Claims_AdjusterTest" name="Run_Claim_Adjuster" time="20.900"/>
  <testcase classname="Automation.Claims.Claims_AdjusterTest" name="Run_Claim_Adjuster" time="20.856"/>
  <testcase classname="Automation.Claims.Claims_AdjusterTest" name="Run_Claim_Adjuster" time="22.143"/>
  <testcase classname="Automation.Claims.Claims_AdjusterTest" name="Run_Claim_Adjuster" time="21.222"/>
  <testcase classname="Automation.Claims.Claims_AdjusterTest" name="Run_Claim_Adjuster" time="21.480"/>
  <testcase classname="Automation.Claims.Claims_AdjusterTest" name="Run_Claim_Adjuster" time="24.316"/>
</testsuite> <!-- Automation.Claims.Claims_AdjusterTest -->
