<?xml version="1.0" encoding="UTF-8"?>
<!-- Generated by org.testng.reporters.JUnitReportReporter -->
<testsuite skipped="0" hostname="BWCDPH2" name="Automation.Claims.Claims_Notes_RunTest" tests="93" failures="0" timestamp="06 Feb 2019 21:10:56 GMT" time="869.760" errors="0">
  <testcase name="Run_Claim_Notes" time="9.327" classname="Automation.Claims.Claims_Notes_RunTest"/>
  <testcase name="Run_Claim_Notes" time="9.156" classname="Automation.Claims.Claims_Notes_RunTest"/>
  <testcase name="Run_Claim_Notes" time="10.107" classname="Automation.Claims.Claims_Notes_RunTest"/>
  <testcase name="Run_Claim_Notes" time="8.424" classname="Automation.Claims.Claims_Notes_RunTest"/>
  <testcase name="Run_Claim_Notes" time="9.073" classname="Automation.Claims.Claims_Notes_RunTest"/>
  <testcase name="Run_Claim_Notes" time="9.318" classname="Automation.Claims.Claims_Notes_RunTest"/>
  <testcase name="Run_Claim_Notes" time="9.721" classname="Automation.Claims.Claims_Notes_RunTest"/>
  <testcase name="Run_Claim_Notes" time="11.193" classname="Automation.Claims.Claims_Notes_RunTest"/>
  <testcase name="Run_Claim_Notes" time="9.762" classname="Automation.Claims.Claims_Notes_RunTest"/>
  <testcase name="Run_Claim_Notes" time="8.963" classname="Automation.Claims.Claims_Notes_RunTest"/>
  <testcase name="Run_Claim_Notes" time="8.480" classname="Automation.Claims.Claims_Notes_RunTest"/>
  <testcase name="Run_Claim_Notes" time="8.919" classname="Automation.Claims.Claims_Notes_RunTest"/>
  <testcase name="Run_Claim_Notes" time="9.547" classname="Automation.Claims.Claims_Notes_RunTest"/>
  <testcase name="Run_Claim_Notes" time="9.383" classname="Automation.Claims.Claims_Notes_RunTest"/>
  <testcase name="Run_Claim_Notes" time="11.679" classname="Automation.Claims.Claims_Notes_RunTest"/>
  <testcase name="Run_Claim_Notes" time="8.862" classname="Automation.Claims.Claims_Notes_RunTest"/>
  <testcase name="Run_Claim_Notes" time="9.043" classname="Automation.Claims.Claims_Notes_RunTest"/>
  <testcase name="Run_Claim_Notes" time="8.620" classname="Automation.Claims.Claims_Notes_RunTest"/>
  <testcase name="Run_Claim_Notes" time="11.586" classname="Automation.Claims.Claims_Notes_RunTest"/>
  <testcase name="Run_Claim_Notes" time="9.689" classname="Automation.Claims.Claims_Notes_RunTest"/>
  <testcase name="Run_Claim_Notes" time="8.197" classname="Automation.Claims.Claims_Notes_RunTest"/>
  <testcase name="Run_Claim_Notes" time="9.759" classname="Automation.Claims.Claims_Notes_RunTest"/>
  <testcase name="Run_Claim_Notes" time="8.767" classname="Automation.Claims.Claims_Notes_RunTest"/>
  <testcase name="Run_Claim_Notes" time="7.962" classname="Automation.Claims.Claims_Notes_RunTest"/>
  <testcase name="Run_Claim_Notes" time="9.782" classname="Automation.Claims.Claims_Notes_RunTest"/>
  <testcase name="Run_Claim_Notes" time="8.439" classname="Automation.Claims.Claims_Notes_RunTest"/>
  <testcase name="Run_Claim_Notes" time="8.330" classname="Automation.Claims.Claims_Notes_RunTest"/>
  <testcase name="Run_Claim_Notes" time="8.212" classname="Automation.Claims.Claims_Notes_RunTest"/>
  <testcase name="Run_Claim_Notes" time="8.917" classname="Automation.Claims.Claims_Notes_RunTest"/>
  <testcase name="Run_Claim_Notes" time="8.465" classname="Automation.Claims.Claims_Notes_RunTest"/>
  <testcase name="Run_Claim_Notes" time="9.666" classname="Automation.Claims.Claims_Notes_RunTest"/>
  <testcase name="Run_Claim_Notes" time="8.600" classname="Automation.Claims.Claims_Notes_RunTest"/>
  <testcase name="Run_Claim_Notes" time="10.138" classname="Automation.Claims.Claims_Notes_RunTest"/>
  <testcase name="Run_Claim_Notes" time="9.247" classname="Automation.Claims.Claims_Notes_RunTest"/>
  <testcase name="Run_Claim_Notes" time="10.939" classname="Automation.Claims.Claims_Notes_RunTest"/>
  <testcase name="Run_Claim_Notes" time="9.510" classname="Automation.Claims.Claims_Notes_RunTest"/>
  <testcase name="Run_Claim_Notes" time="9.954" classname="Automation.Claims.Claims_Notes_RunTest"/>
  <testcase name="Run_Claim_Notes" time="8.849" classname="Automation.Claims.Claims_Notes_RunTest"/>
  <testcase name="Run_Claim_Notes" time="10.326" classname="Automation.Claims.Claims_Notes_RunTest"/>
  <testcase name="Run_Claim_Notes" time="10.248" classname="Automation.Claims.Claims_Notes_RunTest"/>
  <testcase name="Run_Claim_Notes" time="8.810" classname="Automation.Claims.Claims_Notes_RunTest"/>
  <testcase name="Run_Claim_Notes" time="9.090" classname="Automation.Claims.Claims_Notes_RunTest"/>
  <testcase name="Run_Claim_Notes" time="8.577" classname="Automation.Claims.Claims_Notes_RunTest"/>
  <testcase name="Run_Claim_Notes" time="9.926" classname="Automation.Claims.Claims_Notes_RunTest"/>
  <testcase name="Run_Claim_Notes" time="9.727" classname="Automation.Claims.Claims_Notes_RunTest"/>
  <testcase name="Run_Claim_Notes" time="9.011" classname="Automation.Claims.Claims_Notes_RunTest"/>
  <testcase name="Run_Claim_Notes" time="9.064" classname="Automation.Claims.Claims_Notes_RunTest"/>
  <testcase name="Run_Claim_Notes" time="8.807" classname="Automation.Claims.Claims_Notes_RunTest"/>
  <testcase name="Run_Claim_Notes" time="9.396" classname="Automation.Claims.Claims_Notes_RunTest"/>
  <testcase name="Run_Claim_Notes" time="9.695" classname="Automation.Claims.Claims_Notes_RunTest"/>
  <testcase name="Run_Claim_Notes" time="9.349" classname="Automation.Claims.Claims_Notes_RunTest"/>
  <testcase name="Run_Claim_Notes" time="9.579" classname="Automation.Claims.Claims_Notes_RunTest"/>
  <testcase name="Run_Claim_Notes" time="9.855" classname="Automation.Claims.Claims_Notes_RunTest"/>
  <testcase name="Run_Claim_Notes" time="9.737" classname="Automation.Claims.Claims_Notes_RunTest"/>
  <testcase name="Run_Claim_Notes" time="8.183" classname="Automation.Claims.Claims_Notes_RunTest"/>
  <testcase name="Run_Claim_Notes" time="9.788" classname="Automation.Claims.Claims_Notes_RunTest"/>
  <testcase name="Run_Claim_Notes" time="8.732" classname="Automation.Claims.Claims_Notes_RunTest"/>
  <testcase name="Run_Claim_Notes" time="9.544" classname="Automation.Claims.Claims_Notes_RunTest"/>
  <testcase name="Run_Claim_Notes" time="10.028" classname="Automation.Claims.Claims_Notes_RunTest"/>
  <testcase name="Run_Claim_Notes" time="9.505" classname="Automation.Claims.Claims_Notes_RunTest"/>
  <testcase name="Run_Claim_Notes" time="11.833" classname="Automation.Claims.Claims_Notes_RunTest"/>
  <testcase name="Run_Claim_Notes" time="9.797" classname="Automation.Claims.Claims_Notes_RunTest"/>
  <testcase name="Run_Claim_Notes" time="8.985" classname="Automation.Claims.Claims_Notes_RunTest"/>
  <testcase name="Run_Claim_Notes" time="8.312" classname="Automation.Claims.Claims_Notes_RunTest"/>
  <testcase name="Run_Claim_Notes" time="10.920" classname="Automation.Claims.Claims_Notes_RunTest"/>
  <testcase name="Run_Claim_Notes" time="8.202" classname="Automation.Claims.Claims_Notes_RunTest"/>
  <testcase name="Run_Claim_Notes" time="9.295" classname="Automation.Claims.Claims_Notes_RunTest"/>
  <testcase name="Run_Claim_Notes" time="7.980" classname="Automation.Claims.Claims_Notes_RunTest"/>
  <testcase name="Run_Claim_Notes" time="9.614" classname="Automation.Claims.Claims_Notes_RunTest"/>
  <testcase name="Run_Claim_Notes" time="8.757" classname="Automation.Claims.Claims_Notes_RunTest"/>
  <testcase name="Run_Claim_Notes" time="9.514" classname="Automation.Claims.Claims_Notes_RunTest"/>
  <testcase name="Run_Claim_Notes" time="10.301" classname="Automation.Claims.Claims_Notes_RunTest"/>
  <testcase name="Run_Claim_Notes" time="8.620" classname="Automation.Claims.Claims_Notes_RunTest"/>
  <testcase name="Run_Claim_Notes" time="15.669" classname="Automation.Claims.Claims_Notes_RunTest"/>
  <testcase name="Run_Claim_Notes" time="9.081" classname="Automation.Claims.Claims_Notes_RunTest"/>
  <testcase name="Run_Claim_Notes" time="9.019" classname="Automation.Claims.Claims_Notes_RunTest"/>
  <testcase name="Run_Claim_Notes" time="7.951" classname="Automation.Claims.Claims_Notes_RunTest"/>
  <testcase name="Run_Claim_Notes" time="9.199" classname="Automation.Claims.Claims_Notes_RunTest"/>
  <testcase name="Run_Claim_Notes" time="9.412" classname="Automation.Claims.Claims_Notes_RunTest"/>
  <testcase name="Run_Claim_Notes" time="8.470" classname="Automation.Claims.Claims_Notes_RunTest"/>
  <testcase name="Run_Claim_Notes" time="9.835" classname="Automation.Claims.Claims_Notes_RunTest"/>
  <testcase name="Run_Claim_Notes" time="7.690" classname="Automation.Claims.Claims_Notes_RunTest"/>
  <testcase name="Run_Claim_Notes" time="8.617" classname="Automation.Claims.Claims_Notes_RunTest"/>
  <testcase name="Run_Claim_Notes" time="10.255" classname="Automation.Claims.Claims_Notes_RunTest"/>
  <testcase name="Run_Claim_Notes" time="9.565" classname="Automation.Claims.Claims_Notes_RunTest"/>
  <testcase name="Run_Claim_Notes" time="9.440" classname="Automation.Claims.Claims_Notes_RunTest"/>
  <testcase name="Run_Claim_Notes" time="9.321" classname="Automation.Claims.Claims_Notes_RunTest"/>
  <testcase name="Run_Claim_Notes" time="8.214" classname="Automation.Claims.Claims_Notes_RunTest"/>
  <testcase name="Run_Claim_Notes" time="9.267" classname="Automation.Claims.Claims_Notes_RunTest"/>
  <testcase name="Run_Claim_Notes" time="9.140" classname="Automation.Claims.Claims_Notes_RunTest"/>
  <testcase name="Run_Claim_Notes" time="8.053" classname="Automation.Claims.Claims_Notes_RunTest"/>
  <testcase name="Run_Claim_Notes" time="9.457" classname="Automation.Claims.Claims_Notes_RunTest"/>
  <testcase name="Run_Claim_Notes" time="8.413" classname="Automation.Claims.Claims_Notes_RunTest"/>
</testsuite> <!-- Automation.Claims.Claims_Notes_RunTest -->
