<?xml version="1.0" encoding="UTF-8"?>
<!-- Generated by org.testng.reporters.JUnitReportReporter -->
<testsuite skipped="0" hostname="BWCDPH2" name="Automation.Claims.Hancock_ClaimsTest" tests="32" failures="0" timestamp="22 Feb 2019 18:20:00 GMT" time="943.020" errors="0">
  <testcase name="Run_Hancock_Data" time="31.392" classname="Automation.Claims.Hancock_ClaimsTest"/>
  <testcase name="Run_Hancock_Data" time="31.839" classname="Automation.Claims.Hancock_ClaimsTest"/>
  <testcase name="Run_Hancock_Data" time="0.872" classname="Automation.Claims.Hancock_ClaimsTest"/>
  <testcase name="Run_Hancock_Data" time="31.890" classname="Automation.Claims.Hancock_ClaimsTest"/>
  <testcase name="Run_Hancock_Data" time="31.701" classname="Automation.Claims.Hancock_ClaimsTest"/>
  <testcase name="Run_Hancock_Data" time="31.518" classname="Automation.Claims.Hancock_ClaimsTest"/>
  <testcase name="Run_Hancock_Data" time="31.229" classname="Automation.Claims.Hancock_ClaimsTest"/>
  <testcase name="Run_Hancock_Data" time="31.389" classname="Automation.Claims.Hancock_ClaimsTest"/>
  <testcase name="Run_Hancock_Data" time="0.825" classname="Automation.Claims.Hancock_ClaimsTest"/>
  <testcase name="Run_Hancock_Data" time="35.770" classname="Automation.Claims.Hancock_ClaimsTest"/>
  <testcase name="Run_Hancock_Data" time="31.428" classname="Automation.Claims.Hancock_ClaimsTest"/>
  <testcase name="Run_Hancock_Data" time="32.003" classname="Automation.Claims.Hancock_ClaimsTest"/>
  <testcase name="Run_Hancock_Data" time="31.418" classname="Automation.Claims.Hancock_ClaimsTest"/>
  <testcase name="Run_Hancock_Data" time="31.792" classname="Automation.Claims.Hancock_ClaimsTest"/>
  <testcase name="Run_Hancock_Data" time="44.019" classname="Automation.Claims.Hancock_ClaimsTest"/>
  <testcase name="Run_Hancock_Data" time="0.812" classname="Automation.Claims.Hancock_ClaimsTest"/>
  <testcase name="Run_Hancock_Data" time="32.829" classname="Automation.Claims.Hancock_ClaimsTest"/>
  <testcase name="Run_Hancock_Data" time="32.131" classname="Automation.Claims.Hancock_ClaimsTest"/>
  <testcase name="Run_Hancock_Data" time="32.127" classname="Automation.Claims.Hancock_ClaimsTest"/>
  <testcase name="Run_Hancock_Data" time="33.393" classname="Automation.Claims.Hancock_ClaimsTest"/>
  <testcase name="Run_Hancock_Data" time="31.020" classname="Automation.Claims.Hancock_ClaimsTest"/>
  <testcase name="Run_Hancock_Data" time="30.905" classname="Automation.Claims.Hancock_ClaimsTest"/>
  <testcase name="Run_Hancock_Data" time="31.960" classname="Automation.Claims.Hancock_ClaimsTest"/>
  <testcase name="Run_Hancock_Data" time="33.134" classname="Automation.Claims.Hancock_ClaimsTest"/>
  <testcase name="Run_Hancock_Data" time="31.536" classname="Automation.Claims.Hancock_ClaimsTest"/>
  <testcase name="Run_Hancock_Data" time="32.544" classname="Automation.Claims.Hancock_ClaimsTest"/>
  <testcase name="Run_Hancock_Data" time="31.870" classname="Automation.Claims.Hancock_ClaimsTest"/>
  <testcase name="Run_Hancock_Data" time="33.543" classname="Automation.Claims.Hancock_ClaimsTest"/>
  <testcase name="Run_Hancock_Data" time="31.301" classname="Automation.Claims.Hancock_ClaimsTest"/>
  <testcase name="Run_Hancock_Data" time="31.613" classname="Automation.Claims.Hancock_ClaimsTest"/>
  <testcase name="Run_Hancock_Data" time="32.325" classname="Automation.Claims.Hancock_ClaimsTest"/>
  <testcase name="Run_Hancock_Data" time="30.892" classname="Automation.Claims.Hancock_ClaimsTest"/>
</testsuite> <!-- Automation.Claims.Hancock_ClaimsTest -->
