<?xml version="1.0" encoding="UTF-8"?>
<!-- Generated by org.testng.reporters.JUnitReportReporter -->
<testsuite skipped="0" hostname="BWCDPH2" name="Automation.Claims.JIRA_Test" tests="1" failures="0" timestamp="22 Feb 2019 21:21:33 GMT" time="33.246" errors="0">
  <testcase name="jiratest" time="33.246" classname="Automation.Claims.JIRA_Test"/>
</testsuite> <!-- Automation.Claims.JIRA_Test -->
