<?xml version="1.0" encoding="UTF-8"?>
<!-- Generated by org.testng.reporters.JUnitReportReporter -->
<testsuite hostname="BWCDPH2" failures="0" tests="257" name="Automation.Claims.Claims_Payment_Notes_RunTest" time="1963.813" errors="0" timestamp="06 Aug 2018 18:51:57 GMT" skipped="0">
  <testcase classname="Automation.Claims.Claims_Payment_Notes_RunTest" name="Run_Claim_Payment_Notes" time="7.668"/>
  <testcase classname="Automation.Claims.Claims_Payment_Notes_RunTest" name="Run_Claim_Payment_Notes" time="6.591"/>
  <testcase classname="Automation.Claims.Claims_Payment_Notes_RunTest" name="Run_Claim_Payment_Notes" time="7.325"/>
  <testcase classname="Automation.Claims.Claims_Payment_Notes_RunTest" name="Run_Claim_Payment_Notes" time="8.321"/>
  <testcase classname="Automation.Claims.Claims_Payment_Notes_RunTest" name="Run_Claim_Payment_Notes" time="8.262"/>
  <testcase classname="Automation.Claims.Claims_Payment_Notes_RunTest" name="Run_Claim_Payment_Notes" time="7.920"/>
  <testcase classname="Automation.Claims.Claims_Payment_Notes_RunTest" name="Run_Claim_Payment_Notes" time="7.403"/>
  <testcase classname="Automation.Claims.Claims_Payment_Notes_RunTest" name="Run_Claim_Payment_Notes" time="7.454"/>
  <testcase classname="Automation.Claims.Claims_Payment_Notes_RunTest" name="Run_Claim_Payment_Notes" time="7.387"/>
  <testcase classname="Automation.Claims.Claims_Payment_Notes_RunTest" name="Run_Claim_Payment_Notes" time="8.296"/>
  <testcase classname="Automation.Claims.Claims_Payment_Notes_RunTest" name="Run_Claim_Payment_Notes" time="7.521"/>
  <testcase classname="Automation.Claims.Claims_Payment_Notes_RunTest" name="Run_Claim_Payment_Notes" time="6.816"/>
  <testcase classname="Automation.Claims.Claims_Payment_Notes_RunTest" name="Run_Claim_Payment_Notes" time="7.043"/>
  <testcase classname="Automation.Claims.Claims_Payment_Notes_RunTest" name="Run_Claim_Payment_Notes" time="7.466"/>
  <testcase classname="Automation.Claims.Claims_Payment_Notes_RunTest" name="Run_Claim_Payment_Notes" time="7.439"/>
  <testcase classname="Automation.Claims.Claims_Payment_Notes_RunTest" name="Run_Claim_Payment_Notes" time="7.442"/>
  <testcase classname="Automation.Claims.Claims_Payment_Notes_RunTest" name="Run_Claim_Payment_Notes" time="7.211"/>
  <testcase classname="Automation.Claims.Claims_Payment_Notes_RunTest" name="Run_Claim_Payment_Notes" time="7.787"/>
  <testcase classname="Automation.Claims.Claims_Payment_Notes_RunTest" name="Run_Claim_Payment_Notes" time="7.420"/>
  <testcase classname="Automation.Claims.Claims_Payment_Notes_RunTest" name="Run_Claim_Payment_Notes" time="7.490"/>
  <testcase classname="Automation.Claims.Claims_Payment_Notes_RunTest" name="Run_Claim_Payment_Notes" time="7.029"/>
  <testcase classname="Automation.Claims.Claims_Payment_Notes_RunTest" name="Run_Claim_Payment_Notes" time="8.016"/>
  <testcase classname="Automation.Claims.Claims_Payment_Notes_RunTest" name="Run_Claim_Payment_Notes" time="8.056"/>
  <testcase classname="Automation.Claims.Claims_Payment_Notes_RunTest" name="Run_Claim_Payment_Notes" time="8.235"/>
  <testcase classname="Automation.Claims.Claims_Payment_Notes_RunTest" name="Run_Claim_Payment_Notes" time="7.762"/>
  <testcase classname="Automation.Claims.Claims_Payment_Notes_RunTest" name="Run_Claim_Payment_Notes" time="8.667"/>
  <testcase classname="Automation.Claims.Claims_Payment_Notes_RunTest" name="Run_Claim_Payment_Notes" time="7.210"/>
  <testcase classname="Automation.Claims.Claims_Payment_Notes_RunTest" name="Run_Claim_Payment_Notes" time="6.665"/>
  <testcase classname="Automation.Claims.Claims_Payment_Notes_RunTest" name="Run_Claim_Payment_Notes" time="7.196"/>
  <testcase classname="Automation.Claims.Claims_Payment_Notes_RunTest" name="Run_Claim_Payment_Notes" time="7.641"/>
  <testcase classname="Automation.Claims.Claims_Payment_Notes_RunTest" name="Run_Claim_Payment_Notes" time="7.554"/>
  <testcase classname="Automation.Claims.Claims_Payment_Notes_RunTest" name="Run_Claim_Payment_Notes" time="6.840"/>
  <testcase classname="Automation.Claims.Claims_Payment_Notes_RunTest" name="Run_Claim_Payment_Notes" time="8.365"/>
  <testcase classname="Automation.Claims.Claims_Payment_Notes_RunTest" name="Run_Claim_Payment_Notes" time="7.566"/>
  <testcase classname="Automation.Claims.Claims_Payment_Notes_RunTest" name="Run_Claim_Payment_Notes" time="8.724"/>
  <testcase classname="Automation.Claims.Claims_Payment_Notes_RunTest" name="Run_Claim_Payment_Notes" time="7.814"/>
  <testcase classname="Automation.Claims.Claims_Payment_Notes_RunTest" name="Run_Claim_Payment_Notes" time="7.634"/>
  <testcase classname="Automation.Claims.Claims_Payment_Notes_RunTest" name="Run_Claim_Payment_Notes" time="8.007"/>
  <testcase classname="Automation.Claims.Claims_Payment_Notes_RunTest" name="Run_Claim_Payment_Notes" time="6.519"/>
  <testcase classname="Automation.Claims.Claims_Payment_Notes_RunTest" name="Run_Claim_Payment_Notes" time="7.843"/>
  <testcase classname="Automation.Claims.Claims_Payment_Notes_RunTest" name="Run_Claim_Payment_Notes" time="7.423"/>
  <testcase classname="Automation.Claims.Claims_Payment_Notes_RunTest" name="Run_Claim_Payment_Notes" time="7.277"/>
  <testcase classname="Automation.Claims.Claims_Payment_Notes_RunTest" name="Run_Claim_Payment_Notes" time="7.681"/>
  <testcase classname="Automation.Claims.Claims_Payment_Notes_RunTest" name="Run_Claim_Payment_Notes" time="7.196"/>
  <testcase classname="Automation.Claims.Claims_Payment_Notes_RunTest" name="Run_Claim_Payment_Notes" time="7.736"/>
  <testcase classname="Automation.Claims.Claims_Payment_Notes_RunTest" name="Run_Claim_Payment_Notes" time="7.646"/>
  <testcase classname="Automation.Claims.Claims_Payment_Notes_RunTest" name="Run_Claim_Payment_Notes" time="7.380"/>
  <testcase classname="Automation.Claims.Claims_Payment_Notes_RunTest" name="Run_Claim_Payment_Notes" time="7.708"/>
  <testcase classname="Automation.Claims.Claims_Payment_Notes_RunTest" name="Run_Claim_Payment_Notes" time="7.947"/>
  <testcase classname="Automation.Claims.Claims_Payment_Notes_RunTest" name="Run_Claim_Payment_Notes" time="8.050"/>
  <testcase classname="Automation.Claims.Claims_Payment_Notes_RunTest" name="Run_Claim_Payment_Notes" time="7.562"/>
  <testcase classname="Automation.Claims.Claims_Payment_Notes_RunTest" name="Run_Claim_Payment_Notes" time="7.909"/>
  <testcase classname="Automation.Claims.Claims_Payment_Notes_RunTest" name="Run_Claim_Payment_Notes" time="8.013"/>
  <testcase classname="Automation.Claims.Claims_Payment_Notes_RunTest" name="Run_Claim_Payment_Notes" time="7.541"/>
  <testcase classname="Automation.Claims.Claims_Payment_Notes_RunTest" name="Run_Claim_Payment_Notes" time="8.534"/>
  <testcase classname="Automation.Claims.Claims_Payment_Notes_RunTest" name="Run_Claim_Payment_Notes" time="8.161"/>
  <testcase classname="Automation.Claims.Claims_Payment_Notes_RunTest" name="Run_Claim_Payment_Notes" time="7.678"/>
  <testcase classname="Automation.Claims.Claims_Payment_Notes_RunTest" name="Run_Claim_Payment_Notes" time="8.337"/>
  <testcase classname="Automation.Claims.Claims_Payment_Notes_RunTest" name="Run_Claim_Payment_Notes" time="6.977"/>
  <testcase classname="Automation.Claims.Claims_Payment_Notes_RunTest" name="Run_Claim_Payment_Notes" time="7.608"/>
  <testcase classname="Automation.Claims.Claims_Payment_Notes_RunTest" name="Run_Claim_Payment_Notes" time="8.011"/>
  <testcase classname="Automation.Claims.Claims_Payment_Notes_RunTest" name="Run_Claim_Payment_Notes" time="7.528"/>
  <testcase classname="Automation.Claims.Claims_Payment_Notes_RunTest" name="Run_Claim_Payment_Notes" time="6.629"/>
  <testcase classname="Automation.Claims.Claims_Payment_Notes_RunTest" name="Run_Claim_Payment_Notes" time="7.679"/>
  <testcase classname="Automation.Claims.Claims_Payment_Notes_RunTest" name="Run_Claim_Payment_Notes" time="7.889"/>
  <testcase classname="Automation.Claims.Claims_Payment_Notes_RunTest" name="Run_Claim_Payment_Notes" time="7.285"/>
  <testcase classname="Automation.Claims.Claims_Payment_Notes_RunTest" name="Run_Claim_Payment_Notes" time="7.929"/>
  <testcase classname="Automation.Claims.Claims_Payment_Notes_RunTest" name="Run_Claim_Payment_Notes" time="6.872"/>
  <testcase classname="Automation.Claims.Claims_Payment_Notes_RunTest" name="Run_Claim_Payment_Notes" time="7.827"/>
  <testcase classname="Automation.Claims.Claims_Payment_Notes_RunTest" name="Run_Claim_Payment_Notes" time="7.577"/>
  <testcase classname="Automation.Claims.Claims_Payment_Notes_RunTest" name="Run_Claim_Payment_Notes" time="7.118"/>
  <testcase classname="Automation.Claims.Claims_Payment_Notes_RunTest" name="Run_Claim_Payment_Notes" time="7.741"/>
  <testcase classname="Automation.Claims.Claims_Payment_Notes_RunTest" name="Run_Claim_Payment_Notes" time="7.720"/>
  <testcase classname="Automation.Claims.Claims_Payment_Notes_RunTest" name="Run_Claim_Payment_Notes" time="7.518"/>
  <testcase classname="Automation.Claims.Claims_Payment_Notes_RunTest" name="Run_Claim_Payment_Notes" time="7.631"/>
  <testcase classname="Automation.Claims.Claims_Payment_Notes_RunTest" name="Run_Claim_Payment_Notes" time="7.729"/>
  <testcase classname="Automation.Claims.Claims_Payment_Notes_RunTest" name="Run_Claim_Payment_Notes" time="7.451"/>
  <testcase classname="Automation.Claims.Claims_Payment_Notes_RunTest" name="Run_Claim_Payment_Notes" time="8.532"/>
  <testcase classname="Automation.Claims.Claims_Payment_Notes_RunTest" name="Run_Claim_Payment_Notes" time="6.884"/>
  <testcase classname="Automation.Claims.Claims_Payment_Notes_RunTest" name="Run_Claim_Payment_Notes" time="7.865"/>
  <testcase classname="Automation.Claims.Claims_Payment_Notes_RunTest" name="Run_Claim_Payment_Notes" time="7.338"/>
  <testcase classname="Automation.Claims.Claims_Payment_Notes_RunTest" name="Run_Claim_Payment_Notes" time="7.196"/>
  <testcase classname="Automation.Claims.Claims_Payment_Notes_RunTest" name="Run_Claim_Payment_Notes" time="7.710"/>
  <testcase classname="Automation.Claims.Claims_Payment_Notes_RunTest" name="Run_Claim_Payment_Notes" time="8.173"/>
  <testcase classname="Automation.Claims.Claims_Payment_Notes_RunTest" name="Run_Claim_Payment_Notes" time="7.947"/>
  <testcase classname="Automation.Claims.Claims_Payment_Notes_RunTest" name="Run_Claim_Payment_Notes" time="7.272"/>
  <testcase classname="Automation.Claims.Claims_Payment_Notes_RunTest" name="Run_Claim_Payment_Notes" time="7.081"/>
  <testcase classname="Automation.Claims.Claims_Payment_Notes_RunTest" name="Run_Claim_Payment_Notes" time="6.558"/>
  <testcase classname="Automation.Claims.Claims_Payment_Notes_RunTest" name="Run_Claim_Payment_Notes" time="7.481"/>
  <testcase classname="Automation.Claims.Claims_Payment_Notes_RunTest" name="Run_Claim_Payment_Notes" time="7.512"/>
  <testcase classname="Automation.Claims.Claims_Payment_Notes_RunTest" name="Run_Claim_Payment_Notes" time="7.198"/>
  <testcase classname="Automation.Claims.Claims_Payment_Notes_RunTest" name="Run_Claim_Payment_Notes" time="7.902"/>
  <testcase classname="Automation.Claims.Claims_Payment_Notes_RunTest" name="Run_Claim_Payment_Notes" time="7.686"/>
  <testcase classname="Automation.Claims.Claims_Payment_Notes_RunTest" name="Run_Claim_Payment_Notes" time="7.738"/>
  <testcase classname="Automation.Claims.Claims_Payment_Notes_RunTest" name="Run_Claim_Payment_Notes" time="7.856"/>
  <testcase classname="Automation.Claims.Claims_Payment_Notes_RunTest" name="Run_Claim_Payment_Notes" time="8.195"/>
  <testcase classname="Automation.Claims.Claims_Payment_Notes_RunTest" name="Run_Claim_Payment_Notes" time="7.889"/>
  <testcase classname="Automation.Claims.Claims_Payment_Notes_RunTest" name="Run_Claim_Payment_Notes" time="7.901"/>
  <testcase classname="Automation.Claims.Claims_Payment_Notes_RunTest" name="Run_Claim_Payment_Notes" time="8.771"/>
  <testcase classname="Automation.Claims.Claims_Payment_Notes_RunTest" name="Run_Claim_Payment_Notes" time="7.193"/>
  <testcase classname="Automation.Claims.Claims_Payment_Notes_RunTest" name="Run_Claim_Payment_Notes" time="7.718"/>
  <testcase classname="Automation.Claims.Claims_Payment_Notes_RunTest" name="Run_Claim_Payment_Notes" time="7.757"/>
  <testcase classname="Automation.Claims.Claims_Payment_Notes_RunTest" name="Run_Claim_Payment_Notes" time="7.325"/>
  <testcase classname="Automation.Claims.Claims_Payment_Notes_RunTest" name="Run_Claim_Payment_Notes" time="7.581"/>
  <testcase classname="Automation.Claims.Claims_Payment_Notes_RunTest" name="Run_Claim_Payment_Notes" time="7.842"/>
  <testcase classname="Automation.Claims.Claims_Payment_Notes_RunTest" name="Run_Claim_Payment_Notes" time="7.597"/>
  <testcase classname="Automation.Claims.Claims_Payment_Notes_RunTest" name="Run_Claim_Payment_Notes" time="8.325"/>
  <testcase classname="Automation.Claims.Claims_Payment_Notes_RunTest" name="Run_Claim_Payment_Notes" time="7.265"/>
  <testcase classname="Automation.Claims.Claims_Payment_Notes_RunTest" name="Run_Claim_Payment_Notes" time="8.092"/>
  <testcase classname="Automation.Claims.Claims_Payment_Notes_RunTest" name="Run_Claim_Payment_Notes" time="7.575"/>
  <testcase classname="Automation.Claims.Claims_Payment_Notes_RunTest" name="Run_Claim_Payment_Notes" time="8.388"/>
  <testcase classname="Automation.Claims.Claims_Payment_Notes_RunTest" name="Run_Claim_Payment_Notes" time="7.590"/>
  <testcase classname="Automation.Claims.Claims_Payment_Notes_RunTest" name="Run_Claim_Payment_Notes" time="7.694"/>
  <testcase classname="Automation.Claims.Claims_Payment_Notes_RunTest" name="Run_Claim_Payment_Notes" time="7.660"/>
  <testcase classname="Automation.Claims.Claims_Payment_Notes_RunTest" name="Run_Claim_Payment_Notes" time="7.343"/>
  <testcase classname="Automation.Claims.Claims_Payment_Notes_RunTest" name="Run_Claim_Payment_Notes" time="7.471"/>
  <testcase classname="Automation.Claims.Claims_Payment_Notes_RunTest" name="Run_Claim_Payment_Notes" time="8.172"/>
  <testcase classname="Automation.Claims.Claims_Payment_Notes_RunTest" name="Run_Claim_Payment_Notes" time="9.386"/>
  <testcase classname="Automation.Claims.Claims_Payment_Notes_RunTest" name="Run_Claim_Payment_Notes" time="8.011"/>
  <testcase classname="Automation.Claims.Claims_Payment_Notes_RunTest" name="Run_Claim_Payment_Notes" time="7.909"/>
  <testcase classname="Automation.Claims.Claims_Payment_Notes_RunTest" name="Run_Claim_Payment_Notes" time="8.527"/>
  <testcase classname="Automation.Claims.Claims_Payment_Notes_RunTest" name="Run_Claim_Payment_Notes" time="7.580"/>
  <testcase classname="Automation.Claims.Claims_Payment_Notes_RunTest" name="Run_Claim_Payment_Notes" time="8.314"/>
  <testcase classname="Automation.Claims.Claims_Payment_Notes_RunTest" name="Run_Claim_Payment_Notes" time="6.983"/>
  <testcase classname="Automation.Claims.Claims_Payment_Notes_RunTest" name="Run_Claim_Payment_Notes" time="7.663"/>
  <testcase classname="Automation.Claims.Claims_Payment_Notes_RunTest" name="Run_Claim_Payment_Notes" time="6.948"/>
  <testcase classname="Automation.Claims.Claims_Payment_Notes_RunTest" name="Run_Claim_Payment_Notes" time="7.540"/>
  <testcase classname="Automation.Claims.Claims_Payment_Notes_RunTest" name="Run_Claim_Payment_Notes" time="7.836"/>
  <testcase classname="Automation.Claims.Claims_Payment_Notes_RunTest" name="Run_Claim_Payment_Notes" time="7.917"/>
  <testcase classname="Automation.Claims.Claims_Payment_Notes_RunTest" name="Run_Claim_Payment_Notes" time="6.931"/>
  <testcase classname="Automation.Claims.Claims_Payment_Notes_RunTest" name="Run_Claim_Payment_Notes" time="7.992"/>
  <testcase classname="Automation.Claims.Claims_Payment_Notes_RunTest" name="Run_Claim_Payment_Notes" time="7.365"/>
  <testcase classname="Automation.Claims.Claims_Payment_Notes_RunTest" name="Run_Claim_Payment_Notes" time="7.670"/>
  <testcase classname="Automation.Claims.Claims_Payment_Notes_RunTest" name="Run_Claim_Payment_Notes" time="8.328"/>
  <testcase classname="Automation.Claims.Claims_Payment_Notes_RunTest" name="Run_Claim_Payment_Notes" time="6.652"/>
  <testcase classname="Automation.Claims.Claims_Payment_Notes_RunTest" name="Run_Claim_Payment_Notes" time="7.652"/>
  <testcase classname="Automation.Claims.Claims_Payment_Notes_RunTest" name="Run_Claim_Payment_Notes" time="6.957"/>
  <testcase classname="Automation.Claims.Claims_Payment_Notes_RunTest" name="Run_Claim_Payment_Notes" time="7.134"/>
  <testcase classname="Automation.Claims.Claims_Payment_Notes_RunTest" name="Run_Claim_Payment_Notes" time="7.558"/>
  <testcase classname="Automation.Claims.Claims_Payment_Notes_RunTest" name="Run_Claim_Payment_Notes" time="8.065"/>
  <testcase classname="Automation.Claims.Claims_Payment_Notes_RunTest" name="Run_Claim_Payment_Notes" time="7.794"/>
  <testcase classname="Automation.Claims.Claims_Payment_Notes_RunTest" name="Run_Claim_Payment_Notes" time="7.601"/>
  <testcase classname="Automation.Claims.Claims_Payment_Notes_RunTest" name="Run_Claim_Payment_Notes" time="8.125"/>
  <testcase classname="Automation.Claims.Claims_Payment_Notes_RunTest" name="Run_Claim_Payment_Notes" time="8.624"/>
  <testcase classname="Automation.Claims.Claims_Payment_Notes_RunTest" name="Run_Claim_Payment_Notes" time="7.819"/>
  <testcase classname="Automation.Claims.Claims_Payment_Notes_RunTest" name="Run_Claim_Payment_Notes" time="7.745"/>
  <testcase classname="Automation.Claims.Claims_Payment_Notes_RunTest" name="Run_Claim_Payment_Notes" time="6.952"/>
  <testcase classname="Automation.Claims.Claims_Payment_Notes_RunTest" name="Run_Claim_Payment_Notes" time="6.853"/>
  <testcase classname="Automation.Claims.Claims_Payment_Notes_RunTest" name="Run_Claim_Payment_Notes" time="7.165"/>
  <testcase classname="Automation.Claims.Claims_Payment_Notes_RunTest" name="Run_Claim_Payment_Notes" time="8.239"/>
  <testcase classname="Automation.Claims.Claims_Payment_Notes_RunTest" name="Run_Claim_Payment_Notes" time="7.117"/>
  <testcase classname="Automation.Claims.Claims_Payment_Notes_RunTest" name="Run_Claim_Payment_Notes" time="7.784"/>
  <testcase classname="Automation.Claims.Claims_Payment_Notes_RunTest" name="Run_Claim_Payment_Notes" time="7.194"/>
  <testcase classname="Automation.Claims.Claims_Payment_Notes_RunTest" name="Run_Claim_Payment_Notes" time="7.238"/>
  <testcase classname="Automation.Claims.Claims_Payment_Notes_RunTest" name="Run_Claim_Payment_Notes" time="7.003"/>
  <testcase classname="Automation.Claims.Claims_Payment_Notes_RunTest" name="Run_Claim_Payment_Notes" time="7.380"/>
  <testcase classname="Automation.Claims.Claims_Payment_Notes_RunTest" name="Run_Claim_Payment_Notes" time="7.416"/>
  <testcase classname="Automation.Claims.Claims_Payment_Notes_RunTest" name="Run_Claim_Payment_Notes" time="8.278"/>
  <testcase classname="Automation.Claims.Claims_Payment_Notes_RunTest" name="Run_Claim_Payment_Notes" time="8.068"/>
  <testcase classname="Automation.Claims.Claims_Payment_Notes_RunTest" name="Run_Claim_Payment_Notes" time="7.076"/>
  <testcase classname="Automation.Claims.Claims_Payment_Notes_RunTest" name="Run_Claim_Payment_Notes" time="7.613"/>
  <testcase classname="Automation.Claims.Claims_Payment_Notes_RunTest" name="Run_Claim_Payment_Notes" time="7.359"/>
  <testcase classname="Automation.Claims.Claims_Payment_Notes_RunTest" name="Run_Claim_Payment_Notes" time="7.814"/>
  <testcase classname="Automation.Claims.Claims_Payment_Notes_RunTest" name="Run_Claim_Payment_Notes" time="6.946"/>
  <testcase classname="Automation.Claims.Claims_Payment_Notes_RunTest" name="Run_Claim_Payment_Notes" time="7.554"/>
  <testcase classname="Automation.Claims.Claims_Payment_Notes_RunTest" name="Run_Claim_Payment_Notes" time="7.890"/>
  <testcase classname="Automation.Claims.Claims_Payment_Notes_RunTest" name="Run_Claim_Payment_Notes" time="8.521"/>
  <testcase classname="Automation.Claims.Claims_Payment_Notes_RunTest" name="Run_Claim_Payment_Notes" time="8.111"/>
  <testcase classname="Automation.Claims.Claims_Payment_Notes_RunTest" name="Run_Claim_Payment_Notes" time="9.037"/>
  <testcase classname="Automation.Claims.Claims_Payment_Notes_RunTest" name="Run_Claim_Payment_Notes" time="7.521"/>
  <testcase classname="Automation.Claims.Claims_Payment_Notes_RunTest" name="Run_Claim_Payment_Notes" time="7.199"/>
  <testcase classname="Automation.Claims.Claims_Payment_Notes_RunTest" name="Run_Claim_Payment_Notes" time="7.800"/>
  <testcase classname="Automation.Claims.Claims_Payment_Notes_RunTest" name="Run_Claim_Payment_Notes" time="7.508"/>
  <testcase classname="Automation.Claims.Claims_Payment_Notes_RunTest" name="Run_Claim_Payment_Notes" time="8.128"/>
  <testcase classname="Automation.Claims.Claims_Payment_Notes_RunTest" name="Run_Claim_Payment_Notes" time="8.268"/>
  <testcase classname="Automation.Claims.Claims_Payment_Notes_RunTest" name="Run_Claim_Payment_Notes" time="8.679"/>
  <testcase classname="Automation.Claims.Claims_Payment_Notes_RunTest" name="Run_Claim_Payment_Notes" time="7.748"/>
  <testcase classname="Automation.Claims.Claims_Payment_Notes_RunTest" name="Run_Claim_Payment_Notes" time="8.086"/>
  <testcase classname="Automation.Claims.Claims_Payment_Notes_RunTest" name="Run_Claim_Payment_Notes" time="7.275"/>
  <testcase classname="Automation.Claims.Claims_Payment_Notes_RunTest" name="Run_Claim_Payment_Notes" time="6.951"/>
  <testcase classname="Automation.Claims.Claims_Payment_Notes_RunTest" name="Run_Claim_Payment_Notes" time="7.384"/>
  <testcase classname="Automation.Claims.Claims_Payment_Notes_RunTest" name="Run_Claim_Payment_Notes" time="6.705"/>
  <testcase classname="Automation.Claims.Claims_Payment_Notes_RunTest" name="Run_Claim_Payment_Notes" time="7.608"/>
  <testcase classname="Automation.Claims.Claims_Payment_Notes_RunTest" name="Run_Claim_Payment_Notes" time="7.670"/>
  <testcase classname="Automation.Claims.Claims_Payment_Notes_RunTest" name="Run_Claim_Payment_Notes" time="7.262"/>
  <testcase classname="Automation.Claims.Claims_Payment_Notes_RunTest" name="Run_Claim_Payment_Notes" time="7.222"/>
  <testcase classname="Automation.Claims.Claims_Payment_Notes_RunTest" name="Run_Claim_Payment_Notes" time="7.829"/>
  <testcase classname="Automation.Claims.Claims_Payment_Notes_RunTest" name="Run_Claim_Payment_Notes" time="7.920"/>
  <testcase classname="Automation.Claims.Claims_Payment_Notes_RunTest" name="Run_Claim_Payment_Notes" time="7.740"/>
  <testcase classname="Automation.Claims.Claims_Payment_Notes_RunTest" name="Run_Claim_Payment_Notes" time="7.796"/>
  <testcase classname="Automation.Claims.Claims_Payment_Notes_RunTest" name="Run_Claim_Payment_Notes" time="8.443"/>
  <testcase classname="Automation.Claims.Claims_Payment_Notes_RunTest" name="Run_Claim_Payment_Notes" time="6.756"/>
  <testcase classname="Automation.Claims.Claims_Payment_Notes_RunTest" name="Run_Claim_Payment_Notes" time="7.666"/>
  <testcase classname="Automation.Claims.Claims_Payment_Notes_RunTest" name="Run_Claim_Payment_Notes" time="8.189"/>
  <testcase classname="Automation.Claims.Claims_Payment_Notes_RunTest" name="Run_Claim_Payment_Notes" time="7.396"/>
  <testcase classname="Automation.Claims.Claims_Payment_Notes_RunTest" name="Run_Claim_Payment_Notes" time="7.577"/>
  <testcase classname="Automation.Claims.Claims_Payment_Notes_RunTest" name="Run_Claim_Payment_Notes" time="7.183"/>
  <testcase classname="Automation.Claims.Claims_Payment_Notes_RunTest" name="Run_Claim_Payment_Notes" time="7.414"/>
  <testcase classname="Automation.Claims.Claims_Payment_Notes_RunTest" name="Run_Claim_Payment_Notes" time="6.639"/>
  <testcase classname="Automation.Claims.Claims_Payment_Notes_RunTest" name="Run_Claim_Payment_Notes" time="7.188"/>
  <testcase classname="Automation.Claims.Claims_Payment_Notes_RunTest" name="Run_Claim_Payment_Notes" time="7.234"/>
  <testcase classname="Automation.Claims.Claims_Payment_Notes_RunTest" name="Run_Claim_Payment_Notes" time="6.898"/>
  <testcase classname="Automation.Claims.Claims_Payment_Notes_RunTest" name="Run_Claim_Payment_Notes" time="7.772"/>
  <testcase classname="Automation.Claims.Claims_Payment_Notes_RunTest" name="Run_Claim_Payment_Notes" time="7.656"/>
  <testcase classname="Automation.Claims.Claims_Payment_Notes_RunTest" name="Run_Claim_Payment_Notes" time="7.479"/>
  <testcase classname="Automation.Claims.Claims_Payment_Notes_RunTest" name="Run_Claim_Payment_Notes" time="7.580"/>
  <testcase classname="Automation.Claims.Claims_Payment_Notes_RunTest" name="Run_Claim_Payment_Notes" time="7.707"/>
  <testcase classname="Automation.Claims.Claims_Payment_Notes_RunTest" name="Run_Claim_Payment_Notes" time="8.008"/>
  <testcase classname="Automation.Claims.Claims_Payment_Notes_RunTest" name="Run_Claim_Payment_Notes" time="7.828"/>
  <testcase classname="Automation.Claims.Claims_Payment_Notes_RunTest" name="Run_Claim_Payment_Notes" time="8.676"/>
  <testcase classname="Automation.Claims.Claims_Payment_Notes_RunTest" name="Run_Claim_Payment_Notes" time="6.920"/>
  <testcase classname="Automation.Claims.Claims_Payment_Notes_RunTest" name="Run_Claim_Payment_Notes" time="7.363"/>
  <testcase classname="Automation.Claims.Claims_Payment_Notes_RunTest" name="Run_Claim_Payment_Notes" time="7.503"/>
  <testcase classname="Automation.Claims.Claims_Payment_Notes_RunTest" name="Run_Claim_Payment_Notes" time="7.680"/>
  <testcase classname="Automation.Claims.Claims_Payment_Notes_RunTest" name="Run_Claim_Payment_Notes" time="8.384"/>
  <testcase classname="Automation.Claims.Claims_Payment_Notes_RunTest" name="Run_Claim_Payment_Notes" time="7.632"/>
  <testcase classname="Automation.Claims.Claims_Payment_Notes_RunTest" name="Run_Claim_Payment_Notes" time="8.338"/>
  <testcase classname="Automation.Claims.Claims_Payment_Notes_RunTest" name="Run_Claim_Payment_Notes" time="7.326"/>
  <testcase classname="Automation.Claims.Claims_Payment_Notes_RunTest" name="Run_Claim_Payment_Notes" time="7.807"/>
  <testcase classname="Automation.Claims.Claims_Payment_Notes_RunTest" name="Run_Claim_Payment_Notes" time="7.125"/>
  <testcase classname="Automation.Claims.Claims_Payment_Notes_RunTest" name="Run_Claim_Payment_Notes" time="7.594"/>
  <testcase classname="Automation.Claims.Claims_Payment_Notes_RunTest" name="Run_Claim_Payment_Notes" time="7.479"/>
  <testcase classname="Automation.Claims.Claims_Payment_Notes_RunTest" name="Run_Claim_Payment_Notes" time="8.301"/>
  <testcase classname="Automation.Claims.Claims_Payment_Notes_RunTest" name="Run_Claim_Payment_Notes" time="7.217"/>
  <testcase classname="Automation.Claims.Claims_Payment_Notes_RunTest" name="Run_Claim_Payment_Notes" time="7.497"/>
  <testcase classname="Automation.Claims.Claims_Payment_Notes_RunTest" name="Run_Claim_Payment_Notes" time="8.409"/>
  <testcase classname="Automation.Claims.Claims_Payment_Notes_RunTest" name="Run_Claim_Payment_Notes" time="7.424"/>
  <testcase classname="Automation.Claims.Claims_Payment_Notes_RunTest" name="Run_Claim_Payment_Notes" time="8.240"/>
  <testcase classname="Automation.Claims.Claims_Payment_Notes_RunTest" name="Run_Claim_Payment_Notes" time="7.382"/>
  <testcase classname="Automation.Claims.Claims_Payment_Notes_RunTest" name="Run_Claim_Payment_Notes" time="7.270"/>
  <testcase classname="Automation.Claims.Claims_Payment_Notes_RunTest" name="Run_Claim_Payment_Notes" time="7.611"/>
  <testcase classname="Automation.Claims.Claims_Payment_Notes_RunTest" name="Run_Claim_Payment_Notes" time="6.890"/>
  <testcase classname="Automation.Claims.Claims_Payment_Notes_RunTest" name="Run_Claim_Payment_Notes" time="7.495"/>
  <testcase classname="Automation.Claims.Claims_Payment_Notes_RunTest" name="Run_Claim_Payment_Notes" time="8.383"/>
  <testcase classname="Automation.Claims.Claims_Payment_Notes_RunTest" name="Run_Claim_Payment_Notes" time="7.683"/>
  <testcase classname="Automation.Claims.Claims_Payment_Notes_RunTest" name="Run_Claim_Payment_Notes" time="7.394"/>
  <testcase classname="Automation.Claims.Claims_Payment_Notes_RunTest" name="Run_Claim_Payment_Notes" time="8.127"/>
  <testcase classname="Automation.Claims.Claims_Payment_Notes_RunTest" name="Run_Claim_Payment_Notes" time="8.302"/>
  <testcase classname="Automation.Claims.Claims_Payment_Notes_RunTest" name="Run_Claim_Payment_Notes" time="7.690"/>
  <testcase classname="Automation.Claims.Claims_Payment_Notes_RunTest" name="Run_Claim_Payment_Notes" time="6.833"/>
  <testcase classname="Automation.Claims.Claims_Payment_Notes_RunTest" name="Run_Claim_Payment_Notes" time="7.077"/>
  <testcase classname="Automation.Claims.Claims_Payment_Notes_RunTest" name="Run_Claim_Payment_Notes" time="7.242"/>
  <testcase classname="Automation.Claims.Claims_Payment_Notes_RunTest" name="Run_Claim_Payment_Notes" time="7.482"/>
  <testcase classname="Automation.Claims.Claims_Payment_Notes_RunTest" name="Run_Claim_Payment_Notes" time="8.471"/>
  <testcase classname="Automation.Claims.Claims_Payment_Notes_RunTest" name="Run_Claim_Payment_Notes" time="8.170"/>
  <testcase classname="Automation.Claims.Claims_Payment_Notes_RunTest" name="Run_Claim_Payment_Notes" time="7.790"/>
  <testcase classname="Automation.Claims.Claims_Payment_Notes_RunTest" name="Run_Claim_Payment_Notes" time="7.574"/>
  <testcase classname="Automation.Claims.Claims_Payment_Notes_RunTest" name="Run_Claim_Payment_Notes" time="7.355"/>
  <testcase classname="Automation.Claims.Claims_Payment_Notes_RunTest" name="Run_Claim_Payment_Notes" time="8.176"/>
  <testcase classname="Automation.Claims.Claims_Payment_Notes_RunTest" name="Run_Claim_Payment_Notes" time="7.871"/>
  <testcase classname="Automation.Claims.Claims_Payment_Notes_RunTest" name="Run_Claim_Payment_Notes" time="8.144"/>
  <testcase classname="Automation.Claims.Claims_Payment_Notes_RunTest" name="Run_Claim_Payment_Notes" time="8.516"/>
  <testcase classname="Automation.Claims.Claims_Payment_Notes_RunTest" name="Run_Claim_Payment_Notes" time="7.165"/>
  <testcase classname="Automation.Claims.Claims_Payment_Notes_RunTest" name="Run_Claim_Payment_Notes" time="7.361"/>
  <testcase classname="Automation.Claims.Claims_Payment_Notes_RunTest" name="Run_Claim_Payment_Notes" time="7.510"/>
  <testcase classname="Automation.Claims.Claims_Payment_Notes_RunTest" name="Run_Claim_Payment_Notes" time="7.186"/>
  <testcase classname="Automation.Claims.Claims_Payment_Notes_RunTest" name="Run_Claim_Payment_Notes" time="7.226"/>
</testsuite> <!-- Automation.Claims.Claims_Payment_Notes_RunTest -->
